[0.837s] Invoking command in '/home/xtark/tarkbot/ros2_ws/build/xtlidar_ros': CMAKE_PREFIX_PATH=${CMAKE_PREFIX_PATH}:/opt/ros/foxy /usr/bin/cmake --build /home/xtark/tarkbot/ros2_ws/build/xtlidar_ros -- -j4 -l4
[1.298s] [100%] Built target xtlidar_driver2_node
[2.436s] Invoked command in '/home/xtark/tarkbot/ros2_ws/build/xtlidar_ros' returned '0': CMAKE_PREFIX_PATH=${CMAKE_PREFIX_PATH}:/opt/ros/foxy /usr/bin/cmake --build /home/xtark/tarkbot/ros2_ws/build/xtlidar_ros -- -j4 -l4
[5.449s] Invoking command in '/home/xtark/tarkbot/ros2_ws/build/xtlidar_ros': CMAKE_PREFIX_PATH=${CMAKE_PREFIX_PATH}:/opt/ros/foxy /usr/bin/cmake --install /home/xtark/tarkbot/ros2_ws/build/xtlidar_ros
[5.484s] -- Install configuration: ""
[5.485s] -- Up-to-date: /home/xtark/tarkbot/ros2_ws/install/xtlidar_ros/lib/xtlidar_ros/xtlidar_driver2_node
[5.487s] -- Up-to-date: /home/xtark/tarkbot/ros2_ws/install/xtlidar_ros/share/xtlidar_ros/launch
[5.488s] -- Up-to-date: /home/xtark/tarkbot/ros2_ws/install/xtlidar_ros/share/xtlidar_ros/launch/tarkbot_xtlidar_e300.launch.py
[5.489s] -- Up-to-date: /home/xtark/tarkbot/ros2_ws/install/xtlidar_ros/share/xtlidar_ros/params
[5.490s] -- Up-to-date: /home/xtark/tarkbot/ros2_ws/install/xtlidar_ros/share/xtlidar_ros/params/XTLIDAR_E300.yaml
[5.490s] -- Up-to-date: /home/xtark/tarkbot/ros2_ws/install/xtlidar_ros/share/ament_index/resource_index/package_run_dependencies/xtlidar_ros
[5.491s] -- Up-to-date: /home/xtark/tarkbot/ros2_ws/install/xtlidar_ros/share/ament_index/resource_index/parent_prefix_path/xtlidar_ros
[5.492s] -- Up-to-date: /home/xtark/tarkbot/ros2_ws/install/xtlidar_ros/share/xtlidar_ros/environment/ament_prefix_path.sh
[5.493s] -- Up-to-date: /home/xtark/tarkbot/ros2_ws/install/xtlidar_ros/share/xtlidar_ros/environment/ament_prefix_path.dsv
[5.494s] -- Up-to-date: /home/xtark/tarkbot/ros2_ws/install/xtlidar_ros/share/xtlidar_ros/environment/path.sh
[5.494s] -- Up-to-date: /home/xtark/tarkbot/ros2_ws/install/xtlidar_ros/share/xtlidar_ros/environment/path.dsv
[5.498s] -- Up-to-date: /home/xtark/tarkbot/ros2_ws/install/xtlidar_ros/share/xtlidar_ros/local_setup.bash
[5.499s] -- Up-to-date: /home/xtark/tarkbot/ros2_ws/install/xtlidar_ros/share/xtlidar_ros/local_setup.sh
[5.501s] -- Up-to-date: /home/xtark/tarkbot/ros2_ws/install/xtlidar_ros/share/xtlidar_ros/local_setup.zsh
[5.501s] -- Up-to-date: /home/xtark/tarkbot/ros2_ws/install/xtlidar_ros/share/xtlidar_ros/local_setup.dsv
[5.502s] -- Installing: /home/xtark/tarkbot/ros2_ws/install/xtlidar_ros/share/xtlidar_ros/package.dsv
[5.502s] -- Up-to-date: /home/xtark/tarkbot/ros2_ws/install/xtlidar_ros/share/ament_index/resource_index/packages/xtlidar_ros
[5.503s] -- Up-to-date: /home/xtark/tarkbot/ros2_ws/install/xtlidar_ros/share/xtlidar_ros/cmake/xtlidar_rosConfig.cmake
[5.503s] -- Up-to-date: /home/xtark/tarkbot/ros2_ws/install/xtlidar_ros/share/xtlidar_ros/cmake/xtlidar_rosConfig-version.cmake
[5.504s] -- Up-to-date: /home/xtark/tarkbot/ros2_ws/install/xtlidar_ros/share/xtlidar_ros/package.xml
[6.517s] Invoked command in '/home/xtark/tarkbot/ros2_ws/build/xtlidar_ros' returned '0': CMAKE_PREFIX_PATH=${CMAKE_PREFIX_PATH}:/opt/ros/foxy /usr/bin/cmake --install /home/xtark/tarkbot/ros2_ws/build/xtlidar_ros
