[2.355s] Invoking command in '/home/xtark/tarkbot/ros2_ws/build/m1ct_d2': CMAKE_PREFIX_PATH=${CMAKE_PREFIX_PATH}:/opt/ros/foxy /usr/bin/cmake --build /home/xtark/tarkbot/ros2_ws/build/m1ct_d2 -- -j4 -l4
[3.042s] [100%] Built target m1ct_d2
[3.117s] Invoked command in '/home/xtark/tarkbot/ros2_ws/build/m1ct_d2' returned '0': CMAKE_PREFIX_PATH=${CMAKE_PREFIX_PATH}:/opt/ros/foxy /usr/bin/cmake --build /home/xtark/tarkbot/ros2_ws/build/m1ct_d2 -- -j4 -l4
[7.155s] Invoking command in '/home/xtark/tarkbot/ros2_ws/build/m1ct_d2': CMAKE_PREFIX_PATH=${CMAKE_PREFIX_PATH}:/opt/ros/foxy /usr/bin/cmake --install /home/xtark/tarkbot/ros2_ws/build/m1ct_d2
[7.215s] -- Install configuration: "Release"
[7.216s] -- Execute custom install script
[7.222s] -- Up-to-date symlink: /home/xtark/tarkbot/ros2_ws/install/m1ct_d2/lib/m1ct_d2/m1ct_d2
[7.222s] -- Up-to-date symlink: /home/xtark/tarkbot/ros2_ws/install/m1ct_d2/share/m1ct_d2//launch/tarkbot_m1ct.launch.py
[7.223s] -- Up-to-date symlink: /home/xtark/tarkbot/ros2_ws/install/m1ct_d2/share/ament_index/resource_index/package_run_dependencies/m1ct_d2
[7.226s] -- Up-to-date symlink: /home/xtark/tarkbot/ros2_ws/install/m1ct_d2/share/ament_index/resource_index/parent_prefix_path/m1ct_d2
[7.227s] -- Up-to-date symlink: /home/xtark/tarkbot/ros2_ws/install/m1ct_d2/share/m1ct_d2/environment/ament_prefix_path.sh
[7.229s] -- Up-to-date symlink: /home/xtark/tarkbot/ros2_ws/install/m1ct_d2/share/m1ct_d2/environment/ament_prefix_path.dsv
[7.231s] -- Up-to-date symlink: /home/xtark/tarkbot/ros2_ws/install/m1ct_d2/share/m1ct_d2/environment/path.sh
[7.234s] -- Up-to-date symlink: /home/xtark/tarkbot/ros2_ws/install/m1ct_d2/share/m1ct_d2/environment/path.dsv
[7.234s] -- Up-to-date symlink: /home/xtark/tarkbot/ros2_ws/install/m1ct_d2/share/m1ct_d2/local_setup.bash
[7.236s] -- Up-to-date symlink: /home/xtark/tarkbot/ros2_ws/install/m1ct_d2/share/m1ct_d2/local_setup.sh
[7.238s] -- Up-to-date symlink: /home/xtark/tarkbot/ros2_ws/install/m1ct_d2/share/m1ct_d2/local_setup.zsh
[7.239s] -- Up-to-date symlink: /home/xtark/tarkbot/ros2_ws/install/m1ct_d2/share/m1ct_d2/local_setup.dsv
[7.241s] -- Symlinking: /home/xtark/tarkbot/ros2_ws/install/m1ct_d2/share/m1ct_d2/package.dsv
[7.291s] -- Up-to-date symlink: /home/xtark/tarkbot/ros2_ws/install/m1ct_d2/share/ament_index/resource_index/packages/m1ct_d2
[7.294s] -- Up-to-date symlink: /home/xtark/tarkbot/ros2_ws/install/m1ct_d2/share/m1ct_d2/cmake/m1ct_d2Config.cmake
[7.296s] -- Up-to-date symlink: /home/xtark/tarkbot/ros2_ws/install/m1ct_d2/share/m1ct_d2/cmake/m1ct_d2Config-version.cmake
[7.299s] -- Up-to-date symlink: /home/xtark/tarkbot/ros2_ws/install/m1ct_d2/share/m1ct_d2/package.xml
[11.776s] Invoked command in '/home/xtark/tarkbot/ros2_ws/build/m1ct_d2' returned '0': CMAKE_PREFIX_PATH=${CMAKE_PREFIX_PATH}:/opt/ros/foxy /usr/bin/cmake --install /home/xtark/tarkbot/ros2_ws/build/m1ct_d2
