[12.430s] Invoking command in '/home/xtark/tarkbot/ros2_ws/build/tarkbot_robot': CMAKE_PREFIX_PATH=${CMAKE_PREFIX_PATH}:/opt/ros/foxy /usr/bin/cmake --build /home/xtark/tarkbot/ros2_ws/build/tarkbot_robot -- -j4 -l4
[12.784s] [100%] Built target tarkbot_robot_node
[16.897s] Invoked command in '/home/xtark/tarkbot/ros2_ws/build/tarkbot_robot' returned '0': CMAKE_PREFIX_PATH=${CMAKE_PREFIX_PATH}:/opt/ros/foxy /usr/bin/cmake --build /home/xtark/tarkbot/ros2_ws/build/tarkbot_robot -- -j4 -l4
[17.141s] Invoking command in '/home/xtark/tarkbot/ros2_ws/build/tarkbot_robot': CMAKE_PREFIX_PATH=${CMAKE_PREFIX_PATH}:/opt/ros/foxy /usr/bin/cmake --install /home/xtark/tarkbot/ros2_ws/build/tarkbot_robot
[17.222s] -- Install configuration: "Release"
[17.226s] -- Execute custom install script
[17.254s] -- Up-to-date symlink: /home/xtark/tarkbot/ros2_ws/install/tarkbot_robot/lib/tarkbot_robot/tarkbot_robot_node
[17.260s] -- Up-to-date symlink: /home/xtark/tarkbot/ros2_ws/install/tarkbot_robot/share/tarkbot_robot/launch/__pycache__/robot.launch.cpython-38.pyc
[17.264s] -- Up-to-date symlink: /home/xtark/tarkbot/ros2_ws/install/tarkbot_robot/share/tarkbot_robot/launch/robot.launch test.py
[17.271s] -- Up-to-date symlink: /home/xtark/tarkbot/ros2_ws/install/tarkbot_robot/share/tarkbot_robot/launch/robot.launch.py
[17.279s] -- Up-to-date symlink: /home/xtark/tarkbot/ros2_ws/install/tarkbot_robot/share/tarkbot_robot/launch/robot2_lidar.launch test.py
[17.281s] -- Up-to-date symlink: /home/xtark/tarkbot/ros2_ws/install/tarkbot_robot/share/tarkbot_robot/launch/robot2_lidar.launch.py
[17.287s] -- Up-to-date symlink: /home/xtark/tarkbot/ros2_ws/install/tarkbot_robot/share/tarkbot_robot/config/tarkbot_config.yaml
[17.291s] -- Up-to-date symlink: /home/xtark/tarkbot/ros2_ws/install/tarkbot_robot/share/ament_index/resource_index/package_run_dependencies/tarkbot_robot
[17.295s] -- Up-to-date symlink: /home/xtark/tarkbot/ros2_ws/install/tarkbot_robot/share/ament_index/resource_index/parent_prefix_path/tarkbot_robot
[17.299s] -- Up-to-date symlink: /home/xtark/tarkbot/ros2_ws/install/tarkbot_robot/share/tarkbot_robot/environment/ament_prefix_path.sh
[17.303s] -- Up-to-date symlink: /home/xtark/tarkbot/ros2_ws/install/tarkbot_robot/share/tarkbot_robot/environment/ament_prefix_path.dsv
[17.306s] -- Up-to-date symlink: /home/xtark/tarkbot/ros2_ws/install/tarkbot_robot/share/tarkbot_robot/environment/path.sh
[17.316s] -- Up-to-date symlink: /home/xtark/tarkbot/ros2_ws/install/tarkbot_robot/share/tarkbot_robot/environment/path.dsv
[17.318s] -- Up-to-date symlink: /home/xtark/tarkbot/ros2_ws/install/tarkbot_robot/share/tarkbot_robot/local_setup.bash
[17.322s] -- Up-to-date symlink: /home/xtark/tarkbot/ros2_ws/install/tarkbot_robot/share/tarkbot_robot/local_setup.sh
[17.325s] -- Up-to-date symlink: /home/xtark/tarkbot/ros2_ws/install/tarkbot_robot/share/tarkbot_robot/local_setup.zsh
[17.329s] -- Up-to-date symlink: /home/xtark/tarkbot/ros2_ws/install/tarkbot_robot/share/tarkbot_robot/local_setup.dsv
[17.340s] -- Symlinking: /home/xtark/tarkbot/ros2_ws/install/tarkbot_robot/share/tarkbot_robot/package.dsv
[17.403s] -- Up-to-date symlink: /home/xtark/tarkbot/ros2_ws/install/tarkbot_robot/share/ament_index/resource_index/packages/tarkbot_robot
[17.404s] -- Up-to-date symlink: /home/xtark/tarkbot/ros2_ws/install/tarkbot_robot/share/tarkbot_robot/cmake/tarkbot_robotConfig.cmake
[17.404s] -- Up-to-date symlink: /home/xtark/tarkbot/ros2_ws/install/tarkbot_robot/share/tarkbot_robot/cmake/tarkbot_robotConfig-version.cmake
[17.404s] -- Up-to-date symlink: /home/xtark/tarkbot/ros2_ws/install/tarkbot_robot/share/tarkbot_robot/package.xml
[19.172s] Invoked command in '/home/xtark/tarkbot/ros2_ws/build/tarkbot_robot' returned '0': CMAKE_PREFIX_PATH=${CMAKE_PREFIX_PATH}:/opt/ros/foxy /usr/bin/cmake --install /home/xtark/tarkbot/ros2_ws/build/tarkbot_robot
