[2.346s] Invoking command in '/home/xtark/tarkbot/ros2_ws/build/lakibeam1': CMAKE_PREFIX_PATH=${CMAKE_PREFIX_PATH}:/opt/ros/foxy /usr/bin/cmake --build /home/xtark/tarkbot/ros2_ws/build/lakibeam1 -- -j4 -l4
[2.950s] [100%] Built target lakibeam1_scan_node
[3.094s] Invoked command in '/home/xtark/tarkbot/ros2_ws/build/lakibeam1' returned '0': CMAKE_PREFIX_PATH=${CMAKE_PREFIX_PATH}:/opt/ros/foxy /usr/bin/cmake --build /home/xtark/tarkbot/ros2_ws/build/lakibeam1 -- -j4 -l4
[3.360s] Invoking command in '/home/xtark/tarkbot/ros2_ws/build/lakibeam1': CMAKE_PREFIX_PATH=${CMAKE_PREFIX_PATH}:/opt/ros/foxy /usr/bin/cmake --install /home/xtark/tarkbot/ros2_ws/build/lakibeam1
[3.476s] -- Install configuration: ""
[3.483s] -- Up-to-date: /home/xtark/tarkbot/ros2_ws/install/lakibeam1/share/ament_index/resource_index/package_run_dependencies/lakibeam1
[3.492s] -- Up-to-date: /home/xtark/tarkbot/ros2_ws/install/lakibeam1/share/ament_index/resource_index/parent_prefix_path/lakibeam1
[3.495s] -- Up-to-date: /home/xtark/tarkbot/ros2_ws/install/lakibeam1/share/lakibeam1/environment/ament_prefix_path.sh
[3.496s] -- Up-to-date: /home/xtark/tarkbot/ros2_ws/install/lakibeam1/share/lakibeam1/environment/ament_prefix_path.dsv
[3.496s] -- Up-to-date: /home/xtark/tarkbot/ros2_ws/install/lakibeam1/share/lakibeam1/environment/path.sh
[3.497s] -- Up-to-date: /home/xtark/tarkbot/ros2_ws/install/lakibeam1/share/lakibeam1/environment/path.dsv
[3.498s] -- Up-to-date: /home/xtark/tarkbot/ros2_ws/install/lakibeam1/share/lakibeam1/local_setup.bash
[3.499s] -- Up-to-date: /home/xtark/tarkbot/ros2_ws/install/lakibeam1/share/lakibeam1/local_setup.sh
[3.517s] -- Up-to-date: /home/xtark/tarkbot/ros2_ws/install/lakibeam1/share/lakibeam1/local_setup.zsh
[3.517s] -- Up-to-date: /home/xtark/tarkbot/ros2_ws/install/lakibeam1/share/lakibeam1/local_setup.dsv
[3.523s] -- Installing: /home/xtark/tarkbot/ros2_ws/install/lakibeam1/share/lakibeam1/package.dsv
[3.528s] -- Up-to-date: /home/xtark/tarkbot/ros2_ws/install/lakibeam1/share/ament_index/resource_index/packages/lakibeam1
[3.537s] -- Up-to-date: /home/xtark/tarkbot/ros2_ws/install/lakibeam1/share/lakibeam1/cmake/lakibeam1Config.cmake
[3.542s] -- Up-to-date: /home/xtark/tarkbot/ros2_ws/install/lakibeam1/share/lakibeam1/cmake/lakibeam1Config-version.cmake
[3.558s] -- Up-to-date: /home/xtark/tarkbot/ros2_ws/install/lakibeam1/share/lakibeam1/package.xml
[3.558s] -- Up-to-date: /home/xtark/tarkbot/ros2_ws/install/lakibeam1/lib/lakibeam1/lakibeam1_scan_node
[3.559s] -- Up-to-date: /home/xtark/tarkbot/ros2_ws/install/lakibeam1/share/lakibeam1/launch
[3.560s] -- Up-to-date: /home/xtark/tarkbot/ros2_ws/install/lakibeam1/share/lakibeam1/launch/tarkbot_lakibeam1_scan.launch.py
[3.569s] -- Up-to-date: /home/xtark/tarkbot/ros2_ws/install/lakibeam1/share/lakibeam1/launch/lakibeam1_scan.launch.py
[3.571s] -- Up-to-date: /home/xtark/tarkbot/ros2_ws/install/lakibeam1/share/lakibeam1/launch/lakibeam1_scan_dual_lidar.launch.py
[3.573s] -- Up-to-date: /home/xtark/tarkbot/ros2_ws/install/lakibeam1/share/lakibeam1/launch/lakibeam1_scan_view.launch.py
[3.576s] -- Up-to-date: /home/xtark/tarkbot/ros2_ws/install/lakibeam1/share/lakibeam1/launch/lakibeam1_scan_dual_lidar_view.launch.py
[3.579s] -- Up-to-date: /home/xtark/tarkbot/ros2_ws/install/lakibeam1/share/lakibeam1/rviz
[3.581s] -- Up-to-date: /home/xtark/tarkbot/ros2_ws/install/lakibeam1/share/lakibeam1/rviz/rviz_scan.rviz
[3.583s] -- Up-to-date: /home/xtark/tarkbot/ros2_ws/install/lakibeam1/share/lakibeam1/rviz/lakibeam1_scan.rviz
[3.586s] -- Up-to-date: /home/xtark/tarkbot/ros2_ws/install/lakibeam1/share/lakibeam1/rviz/lakibeam1_scan_dual.rviz
[4.327s] Invoked command in '/home/xtark/tarkbot/ros2_ws/build/lakibeam1' returned '0': CMAKE_PREFIX_PATH=${CMAKE_PREFIX_PATH}:/opt/ros/foxy /usr/bin/cmake --install /home/xtark/tarkbot/ros2_ws/build/lakibeam1
