[3.085s] Invoking command in '/home/xtark/tarkbot/ros2_ws/build/orbbec_camera_msgs': CMAKE_PREFIX_PATH=${CMAKE_PREFIX_PATH}:/opt/ros/foxy /usr/bin/cmake --build /home/xtark/tarkbot/ros2_ws/build/orbbec_camera_msgs -- -j4 -l4
[3.531s] [  0%] Built target orbbec_camera_msgs__cpp
[3.572s] [ 12%] Built target orbbec_camera_msgs__rosidl_generator_c
[3.839s] [ 24%] Built target orbbec_camera_msgs__rosidl_typesupport_introspection_cpp
[3.901s] [ 36%] Built target orbbec_camera_msgs__rosidl_typesupport_cpp
[3.942s] [ 47%] Built target orbbec_camera_msgs__rosidl_typesupport_c
[3.965s] [ 58%] Built target orbbec_camera_msgs__rosidl_typesupport_fastrtps_cpp
[4.080s] [ 70%] Built target orbbec_camera_msgs__rosidl_typesupport_introspection_c
[4.204s] [ 82%] Built target orbbec_camera_msgs__rosidl_typesupport_fastrtps_c
[4.318s] [ 82%] Built target orbbec_camera_msgs
[4.457s] [ 83%] Built target orbbec_camera_msgs__py
[4.663s] [ 94%] Built target orbbec_camera_msgs__python
[4.880s] [ 96%] Built target orbbec_camera_msgs__rosidl_typesupport_introspection_c__pyext
[4.901s] [ 98%] Built target orbbec_camera_msgs__rosidl_typesupport_c__pyext
[4.924s] [100%] Built target orbbec_camera_msgs__rosidl_typesupport_fastrtps_c__pyext
[5.036s] Invoked command in '/home/xtark/tarkbot/ros2_ws/build/orbbec_camera_msgs' returned '0': CMAKE_PREFIX_PATH=${CMAKE_PREFIX_PATH}:/opt/ros/foxy /usr/bin/cmake --build /home/xtark/tarkbot/ros2_ws/build/orbbec_camera_msgs -- -j4 -l4
[8.187s] Invoking command in '/home/xtark/tarkbot/ros2_ws/build/orbbec_camera_msgs': CMAKE_PREFIX_PATH=${CMAKE_PREFIX_PATH}:/opt/ros/foxy /usr/bin/cmake --install /home/xtark/tarkbot/ros2_ws/build/orbbec_camera_msgs
[9.793s] -- Install configuration: ""
[9.794s] -- Up-to-date: /home/xtark/tarkbot/ros2_ws/install/orbbec_camera_msgs/share/ament_index/resource_index/rosidl_interfaces/orbbec_camera_msgs
[9.795s] -- Up-to-date: /home/xtark/tarkbot/ros2_ws/install/orbbec_camera_msgs/include/orbbec_camera_msgs
[9.795s] -- Up-to-date: /home/xtark/tarkbot/ros2_ws/install/orbbec_camera_msgs/include/orbbec_camera_msgs/msg
[9.796s] -- Up-to-date: /home/xtark/tarkbot/ros2_ws/install/orbbec_camera_msgs/include/orbbec_camera_msgs/msg/rosidl_generator_c__visibility_control.h
[9.796s] -- Up-to-date: /home/xtark/tarkbot/ros2_ws/install/orbbec_camera_msgs/include/orbbec_camera_msgs/msg/detail
[9.797s] -- Up-to-date: /home/xtark/tarkbot/ros2_ws/install/orbbec_camera_msgs/include/orbbec_camera_msgs/msg/detail/extrinsics__functions.h
[9.797s] -- Up-to-date: /home/xtark/tarkbot/ros2_ws/install/orbbec_camera_msgs/include/orbbec_camera_msgs/msg/detail/extrinsics__functions.c
[9.798s] -- Up-to-date: /home/xtark/tarkbot/ros2_ws/install/orbbec_camera_msgs/include/orbbec_camera_msgs/msg/detail/metadata__functions.c
[9.798s] -- Up-to-date: /home/xtark/tarkbot/ros2_ws/install/orbbec_camera_msgs/include/orbbec_camera_msgs/msg/detail/extrinsics__struct.h
[9.799s] -- Up-to-date: /home/xtark/tarkbot/ros2_ws/install/orbbec_camera_msgs/include/orbbec_camera_msgs/msg/detail/metadata__struct.h
[9.803s] -- Up-to-date: /home/xtark/tarkbot/ros2_ws/install/orbbec_camera_msgs/include/orbbec_camera_msgs/msg/detail/device_info__functions.h
[9.804s] -- Up-to-date: /home/xtark/tarkbot/ros2_ws/install/orbbec_camera_msgs/include/orbbec_camera_msgs/msg/detail/extrinsics__type_support.h
[9.804s] -- Up-to-date: /home/xtark/tarkbot/ros2_ws/install/orbbec_camera_msgs/include/orbbec_camera_msgs/msg/detail/metadata__functions.h
[9.805s] -- Up-to-date: /home/xtark/tarkbot/ros2_ws/install/orbbec_camera_msgs/include/orbbec_camera_msgs/msg/detail/metadata__type_support.h
[9.805s] -- Up-to-date: /home/xtark/tarkbot/ros2_ws/install/orbbec_camera_msgs/include/orbbec_camera_msgs/msg/detail/device_info__struct.h
[9.805s] -- Up-to-date: /home/xtark/tarkbot/ros2_ws/install/orbbec_camera_msgs/include/orbbec_camera_msgs/msg/detail/device_info__functions.c
[9.806s] -- Up-to-date: /home/xtark/tarkbot/ros2_ws/install/orbbec_camera_msgs/include/orbbec_camera_msgs/msg/detail/device_info__type_support.h
[9.806s] -- Up-to-date: /home/xtark/tarkbot/ros2_ws/install/orbbec_camera_msgs/include/orbbec_camera_msgs/msg/metadata.h
[9.806s] -- Up-to-date: /home/xtark/tarkbot/ros2_ws/install/orbbec_camera_msgs/include/orbbec_camera_msgs/msg/device_info.h
[9.807s] -- Up-to-date: /home/xtark/tarkbot/ros2_ws/install/orbbec_camera_msgs/include/orbbec_camera_msgs/msg/extrinsics.h
[9.807s] -- Up-to-date: /home/xtark/tarkbot/ros2_ws/install/orbbec_camera_msgs/include/orbbec_camera_msgs/srv
[9.807s] -- Up-to-date: /home/xtark/tarkbot/ros2_ws/install/orbbec_camera_msgs/include/orbbec_camera_msgs/srv/get_camera_info.h
[9.808s] -- Up-to-date: /home/xtark/tarkbot/ros2_ws/install/orbbec_camera_msgs/include/orbbec_camera_msgs/srv/get_int32.h
[9.808s] -- Up-to-date: /home/xtark/tarkbot/ros2_ws/install/orbbec_camera_msgs/include/orbbec_camera_msgs/srv/detail
[9.809s] -- Up-to-date: /home/xtark/tarkbot/ros2_ws/install/orbbec_camera_msgs/include/orbbec_camera_msgs/srv/detail/get_string__functions.h
[9.809s] -- Up-to-date: /home/xtark/tarkbot/ros2_ws/install/orbbec_camera_msgs/include/orbbec_camera_msgs/srv/detail/set_string__functions.h
[9.810s] -- Up-to-date: /home/xtark/tarkbot/ros2_ws/install/orbbec_camera_msgs/include/orbbec_camera_msgs/srv/detail/get_bool__struct.h
[9.810s] -- Up-to-date: /home/xtark/tarkbot/ros2_ws/install/orbbec_camera_msgs/include/orbbec_camera_msgs/srv/detail/get_string__struct.h
[9.810s] -- Up-to-date: /home/xtark/tarkbot/ros2_ws/install/orbbec_camera_msgs/include/orbbec_camera_msgs/srv/detail/get_bool__functions.c
[9.811s] -- Up-to-date: /home/xtark/tarkbot/ros2_ws/install/orbbec_camera_msgs/include/orbbec_camera_msgs/srv/detail/get_string__functions.c
[9.812s] -- Up-to-date: /home/xtark/tarkbot/ros2_ws/install/orbbec_camera_msgs/include/orbbec_camera_msgs/srv/detail/get_device_info__functions.c
[9.812s] -- Up-to-date: /home/xtark/tarkbot/ros2_ws/install/orbbec_camera_msgs/include/orbbec_camera_msgs/srv/detail/set_string__functions.c
[9.813s] -- Up-to-date: /home/xtark/tarkbot/ros2_ws/install/orbbec_camera_msgs/include/orbbec_camera_msgs/srv/detail/get_camera_info__type_support.h
[9.813s] -- Up-to-date: /home/xtark/tarkbot/ros2_ws/install/orbbec_camera_msgs/include/orbbec_camera_msgs/srv/detail/get_camera_info__functions.c
[9.820s] -- Up-to-date: /home/xtark/tarkbot/ros2_ws/install/orbbec_camera_msgs/include/orbbec_camera_msgs/srv/detail/get_camera_info__functions.h
[9.820s] -- Up-to-date: /home/xtark/tarkbot/ros2_ws/install/orbbec_camera_msgs/include/orbbec_camera_msgs/srv/detail/get_bool__functions.h
[9.821s] -- Up-to-date: /home/xtark/tarkbot/ros2_ws/install/orbbec_camera_msgs/include/orbbec_camera_msgs/srv/detail/set_string__struct.h
[9.821s] -- Up-to-date: /home/xtark/tarkbot/ros2_ws/install/orbbec_camera_msgs/include/orbbec_camera_msgs/srv/detail/get_bool__type_support.h
[9.823s] -- Up-to-date: /home/xtark/tarkbot/ros2_ws/install/orbbec_camera_msgs/include/orbbec_camera_msgs/srv/detail/get_device_info__struct.h
[9.823s] -- Up-to-date: /home/xtark/tarkbot/ros2_ws/install/orbbec_camera_msgs/include/orbbec_camera_msgs/srv/detail/get_camera_info__struct.h
[9.826s] -- Up-to-date: /home/xtark/tarkbot/ros2_ws/install/orbbec_camera_msgs/include/orbbec_camera_msgs/srv/detail/set_int32__struct.h
[9.828s] -- Up-to-date: /home/xtark/tarkbot/ros2_ws/install/orbbec_camera_msgs/include/orbbec_camera_msgs/srv/detail/get_int32__type_support.h
[9.829s] -- Up-to-date: /home/xtark/tarkbot/ros2_ws/install/orbbec_camera_msgs/include/orbbec_camera_msgs/srv/detail/get_string__type_support.h
[9.831s] -- Up-to-date: /home/xtark/tarkbot/ros2_ws/install/orbbec_camera_msgs/include/orbbec_camera_msgs/srv/detail/set_string__type_support.h
[9.834s] -- Up-to-date: /home/xtark/tarkbot/ros2_ws/install/orbbec_camera_msgs/include/orbbec_camera_msgs/srv/detail/get_device_info__type_support.h
[9.836s] -- Up-to-date: /home/xtark/tarkbot/ros2_ws/install/orbbec_camera_msgs/include/orbbec_camera_msgs/srv/detail/get_device_info__functions.h
[9.839s] -- Up-to-date: /home/xtark/tarkbot/ros2_ws/install/orbbec_camera_msgs/include/orbbec_camera_msgs/srv/detail/get_int32__functions.c
[9.841s] -- Up-to-date: /home/xtark/tarkbot/ros2_ws/install/orbbec_camera_msgs/include/orbbec_camera_msgs/srv/detail/set_int32__functions.c
[9.842s] -- Up-to-date: /home/xtark/tarkbot/ros2_ws/install/orbbec_camera_msgs/include/orbbec_camera_msgs/srv/detail/get_int32__struct.h
[9.844s] -- Up-to-date: /home/xtark/tarkbot/ros2_ws/install/orbbec_camera_msgs/include/orbbec_camera_msgs/srv/detail/set_int32__type_support.h
[9.847s] -- Up-to-date: /home/xtark/tarkbot/ros2_ws/install/orbbec_camera_msgs/include/orbbec_camera_msgs/srv/detail/get_int32__functions.h
[9.849s] -- Up-to-date: /home/xtark/tarkbot/ros2_ws/install/orbbec_camera_msgs/include/orbbec_camera_msgs/srv/detail/set_int32__functions.h
[9.852s] -- Up-to-date: /home/xtark/tarkbot/ros2_ws/install/orbbec_camera_msgs/include/orbbec_camera_msgs/srv/set_int32.h
[9.856s] -- Up-to-date: /home/xtark/tarkbot/ros2_ws/install/orbbec_camera_msgs/include/orbbec_camera_msgs/srv/set_string.h
[9.862s] -- Up-to-date: /home/xtark/tarkbot/ros2_ws/install/orbbec_camera_msgs/include/orbbec_camera_msgs/srv/get_device_info.h
[9.866s] -- Up-to-date: /home/xtark/tarkbot/ros2_ws/install/orbbec_camera_msgs/include/orbbec_camera_msgs/srv/get_string.h
[9.868s] -- Up-to-date: /home/xtark/tarkbot/ros2_ws/install/orbbec_camera_msgs/include/orbbec_camera_msgs/srv/get_bool.h
[9.870s] -- Up-to-date: /home/xtark/tarkbot/ros2_ws/install/orbbec_camera_msgs/share/orbbec_camera_msgs/environment/library_path.sh
[9.872s] -- Up-to-date: /home/xtark/tarkbot/ros2_ws/install/orbbec_camera_msgs/share/orbbec_camera_msgs/environment/library_path.dsv
[9.874s] -- Up-to-date: /home/xtark/tarkbot/ros2_ws/install/orbbec_camera_msgs/lib/liborbbec_camera_msgs__rosidl_generator_c.so
[9.876s] -- Up-to-date: /home/xtark/tarkbot/ros2_ws/install/orbbec_camera_msgs/include/orbbec_camera_msgs
[9.878s] -- Up-to-date: /home/xtark/tarkbot/ros2_ws/install/orbbec_camera_msgs/include/orbbec_camera_msgs/msg
[9.880s] -- Up-to-date: /home/xtark/tarkbot/ros2_ws/install/orbbec_camera_msgs/include/orbbec_camera_msgs/msg/detail
[9.883s] -- Up-to-date: /home/xtark/tarkbot/ros2_ws/install/orbbec_camera_msgs/include/orbbec_camera_msgs/msg/detail/extrinsics__rosidl_typesupport_fastrtps_c.h
[9.886s] -- Up-to-date: /home/xtark/tarkbot/ros2_ws/install/orbbec_camera_msgs/include/orbbec_camera_msgs/msg/detail/device_info__rosidl_typesupport_fastrtps_c.h
[9.889s] -- Up-to-date: /home/xtark/tarkbot/ros2_ws/install/orbbec_camera_msgs/include/orbbec_camera_msgs/msg/detail/metadata__rosidl_typesupport_fastrtps_c.h
[9.891s] -- Up-to-date: /home/xtark/tarkbot/ros2_ws/install/orbbec_camera_msgs/include/orbbec_camera_msgs/msg/rosidl_typesupport_fastrtps_c__visibility_control.h
[9.892s] -- Up-to-date: /home/xtark/tarkbot/ros2_ws/install/orbbec_camera_msgs/include/orbbec_camera_msgs/srv
[9.895s] -- Up-to-date: /home/xtark/tarkbot/ros2_ws/install/orbbec_camera_msgs/include/orbbec_camera_msgs/srv/detail
[9.897s] -- Up-to-date: /home/xtark/tarkbot/ros2_ws/install/orbbec_camera_msgs/include/orbbec_camera_msgs/srv/detail/get_device_info__rosidl_typesupport_fastrtps_c.h
[9.899s] -- Up-to-date: /home/xtark/tarkbot/ros2_ws/install/orbbec_camera_msgs/include/orbbec_camera_msgs/srv/detail/set_int32__rosidl_typesupport_fastrtps_c.h
[9.900s] -- Up-to-date: /home/xtark/tarkbot/ros2_ws/install/orbbec_camera_msgs/include/orbbec_camera_msgs/srv/detail/set_string__rosidl_typesupport_fastrtps_c.h
[9.900s] -- Up-to-date: /home/xtark/tarkbot/ros2_ws/install/orbbec_camera_msgs/include/orbbec_camera_msgs/srv/detail/get_camera_info__rosidl_typesupport_fastrtps_c.h
[9.901s] -- Up-to-date: /home/xtark/tarkbot/ros2_ws/install/orbbec_camera_msgs/include/orbbec_camera_msgs/srv/detail/get_string__rosidl_typesupport_fastrtps_c.h
[9.901s] -- Up-to-date: /home/xtark/tarkbot/ros2_ws/install/orbbec_camera_msgs/include/orbbec_camera_msgs/srv/detail/get_int32__rosidl_typesupport_fastrtps_c.h
[9.901s] -- Up-to-date: /home/xtark/tarkbot/ros2_ws/install/orbbec_camera_msgs/include/orbbec_camera_msgs/srv/detail/get_bool__rosidl_typesupport_fastrtps_c.h
[9.902s] -- Up-to-date: /home/xtark/tarkbot/ros2_ws/install/orbbec_camera_msgs/lib/liborbbec_camera_msgs__rosidl_typesupport_fastrtps_c.so
[9.902s] -- Up-to-date: /home/xtark/tarkbot/ros2_ws/install/orbbec_camera_msgs/include/orbbec_camera_msgs
[9.902s] -- Up-to-date: /home/xtark/tarkbot/ros2_ws/install/orbbec_camera_msgs/include/orbbec_camera_msgs/msg
[9.903s] -- Up-to-date: /home/xtark/tarkbot/ros2_ws/install/orbbec_camera_msgs/include/orbbec_camera_msgs/msg/detail
[9.903s] -- Up-to-date: /home/xtark/tarkbot/ros2_ws/install/orbbec_camera_msgs/include/orbbec_camera_msgs/msg/detail/extrinsics__rosidl_typesupport_fastrtps_cpp.hpp
[9.903s] -- Up-to-date: /home/xtark/tarkbot/ros2_ws/install/orbbec_camera_msgs/include/orbbec_camera_msgs/msg/detail/dds_fastrtps
[9.904s] -- Up-to-date: /home/xtark/tarkbot/ros2_ws/install/orbbec_camera_msgs/include/orbbec_camera_msgs/msg/detail/metadata__rosidl_typesupport_fastrtps_cpp.hpp
[9.904s] -- Up-to-date: /home/xtark/tarkbot/ros2_ws/install/orbbec_camera_msgs/include/orbbec_camera_msgs/msg/detail/device_info__rosidl_typesupport_fastrtps_cpp.hpp
[9.905s] -- Up-to-date: /home/xtark/tarkbot/ros2_ws/install/orbbec_camera_msgs/include/orbbec_camera_msgs/msg/rosidl_typesupport_fastrtps_cpp__visibility_control.h
[9.905s] -- Up-to-date: /home/xtark/tarkbot/ros2_ws/install/orbbec_camera_msgs/include/orbbec_camera_msgs/srv
[9.905s] -- Up-to-date: /home/xtark/tarkbot/ros2_ws/install/orbbec_camera_msgs/include/orbbec_camera_msgs/srv/detail
[9.906s] -- Up-to-date: /home/xtark/tarkbot/ros2_ws/install/orbbec_camera_msgs/include/orbbec_camera_msgs/srv/detail/get_int32__rosidl_typesupport_fastrtps_cpp.hpp
[9.906s] -- Up-to-date: /home/xtark/tarkbot/ros2_ws/install/orbbec_camera_msgs/include/orbbec_camera_msgs/srv/detail/dds_fastrtps
[9.906s] -- Up-to-date: /home/xtark/tarkbot/ros2_ws/install/orbbec_camera_msgs/include/orbbec_camera_msgs/srv/detail/get_string__rosidl_typesupport_fastrtps_cpp.hpp
[9.907s] -- Up-to-date: /home/xtark/tarkbot/ros2_ws/install/orbbec_camera_msgs/include/orbbec_camera_msgs/srv/detail/get_bool__rosidl_typesupport_fastrtps_cpp.hpp
[9.907s] -- Up-to-date: /home/xtark/tarkbot/ros2_ws/install/orbbec_camera_msgs/include/orbbec_camera_msgs/srv/detail/get_device_info__rosidl_typesupport_fastrtps_cpp.hpp
[9.907s] -- Up-to-date: /home/xtark/tarkbot/ros2_ws/install/orbbec_camera_msgs/include/orbbec_camera_msgs/srv/detail/set_string__rosidl_typesupport_fastrtps_cpp.hpp
[9.908s] -- Up-to-date: /home/xtark/tarkbot/ros2_ws/install/orbbec_camera_msgs/include/orbbec_camera_msgs/srv/detail/set_int32__rosidl_typesupport_fastrtps_cpp.hpp
[9.908s] -- Up-to-date: /home/xtark/tarkbot/ros2_ws/install/orbbec_camera_msgs/include/orbbec_camera_msgs/srv/detail/get_camera_info__rosidl_typesupport_fastrtps_cpp.hpp
[9.908s] -- Up-to-date: /home/xtark/tarkbot/ros2_ws/install/orbbec_camera_msgs/lib/liborbbec_camera_msgs__rosidl_typesupport_fastrtps_cpp.so
[9.909s] -- Up-to-date: /home/xtark/tarkbot/ros2_ws/install/orbbec_camera_msgs/include/orbbec_camera_msgs
[9.909s] -- Up-to-date: /home/xtark/tarkbot/ros2_ws/install/orbbec_camera_msgs/include/orbbec_camera_msgs/msg
[9.909s] -- Up-to-date: /home/xtark/tarkbot/ros2_ws/install/orbbec_camera_msgs/include/orbbec_camera_msgs/msg/rosidl_typesupport_introspection_c__visibility_control.h
[9.909s] -- Up-to-date: /home/xtark/tarkbot/ros2_ws/install/orbbec_camera_msgs/include/orbbec_camera_msgs/msg/detail
[9.910s] -- Up-to-date: /home/xtark/tarkbot/ros2_ws/install/orbbec_camera_msgs/include/orbbec_camera_msgs/msg/detail/metadata__rosidl_typesupport_introspection_c.h
[9.910s] -- Up-to-date: /home/xtark/tarkbot/ros2_ws/install/orbbec_camera_msgs/include/orbbec_camera_msgs/msg/detail/extrinsics__type_support.c
[9.911s] -- Up-to-date: /home/xtark/tarkbot/ros2_ws/install/orbbec_camera_msgs/include/orbbec_camera_msgs/msg/detail/metadata__type_support.c
[9.911s] -- Up-to-date: /home/xtark/tarkbot/ros2_ws/install/orbbec_camera_msgs/include/orbbec_camera_msgs/msg/detail/extrinsics__rosidl_typesupport_introspection_c.h
[9.912s] -- Up-to-date: /home/xtark/tarkbot/ros2_ws/install/orbbec_camera_msgs/include/orbbec_camera_msgs/msg/detail/device_info__rosidl_typesupport_introspection_c.h
[9.912s] -- Up-to-date: /home/xtark/tarkbot/ros2_ws/install/orbbec_camera_msgs/include/orbbec_camera_msgs/msg/detail/device_info__type_support.c
[9.912s] -- Up-to-date: /home/xtark/tarkbot/ros2_ws/install/orbbec_camera_msgs/include/orbbec_camera_msgs/srv
[9.913s] -- Up-to-date: /home/xtark/tarkbot/ros2_ws/install/orbbec_camera_msgs/include/orbbec_camera_msgs/srv/detail
[9.913s] -- Up-to-date: /home/xtark/tarkbot/ros2_ws/install/orbbec_camera_msgs/include/orbbec_camera_msgs/srv/detail/set_string__rosidl_typesupport_introspection_c.h
[9.913s] -- Up-to-date: /home/xtark/tarkbot/ros2_ws/install/orbbec_camera_msgs/include/orbbec_camera_msgs/srv/detail/get_bool__type_support.c
[9.914s] -- Up-to-date: /home/xtark/tarkbot/ros2_ws/install/orbbec_camera_msgs/include/orbbec_camera_msgs/srv/detail/get_device_info__rosidl_typesupport_introspection_c.h
[9.914s] -- Up-to-date: /home/xtark/tarkbot/ros2_ws/install/orbbec_camera_msgs/include/orbbec_camera_msgs/srv/detail/get_string__rosidl_typesupport_introspection_c.h
[9.914s] -- Up-to-date: /home/xtark/tarkbot/ros2_ws/install/orbbec_camera_msgs/include/orbbec_camera_msgs/srv/detail/get_string__type_support.c
[9.914s] -- Up-to-date: /home/xtark/tarkbot/ros2_ws/install/orbbec_camera_msgs/include/orbbec_camera_msgs/srv/detail/set_string__type_support.c
[9.915s] -- Up-to-date: /home/xtark/tarkbot/ros2_ws/install/orbbec_camera_msgs/include/orbbec_camera_msgs/srv/detail/set_int32__rosidl_typesupport_introspection_c.h
[9.915s] -- Up-to-date: /home/xtark/tarkbot/ros2_ws/install/orbbec_camera_msgs/include/orbbec_camera_msgs/srv/detail/get_int32__type_support.c
[9.915s] -- Up-to-date: /home/xtark/tarkbot/ros2_ws/install/orbbec_camera_msgs/include/orbbec_camera_msgs/srv/detail/get_int32__rosidl_typesupport_introspection_c.h
[9.916s] -- Up-to-date: /home/xtark/tarkbot/ros2_ws/install/orbbec_camera_msgs/include/orbbec_camera_msgs/srv/detail/get_bool__rosidl_typesupport_introspection_c.h
[9.916s] -- Up-to-date: /home/xtark/tarkbot/ros2_ws/install/orbbec_camera_msgs/include/orbbec_camera_msgs/srv/detail/get_device_info__type_support.c
[9.916s] -- Up-to-date: /home/xtark/tarkbot/ros2_ws/install/orbbec_camera_msgs/include/orbbec_camera_msgs/srv/detail/get_camera_info__rosidl_typesupport_introspection_c.h
[9.917s] -- Up-to-date: /home/xtark/tarkbot/ros2_ws/install/orbbec_camera_msgs/include/orbbec_camera_msgs/srv/detail/get_camera_info__type_support.c
[9.917s] -- Up-to-date: /home/xtark/tarkbot/ros2_ws/install/orbbec_camera_msgs/include/orbbec_camera_msgs/srv/detail/set_int32__type_support.c
[9.917s] -- Up-to-date: /home/xtark/tarkbot/ros2_ws/install/orbbec_camera_msgs/lib/liborbbec_camera_msgs__rosidl_typesupport_introspection_c.so
[9.918s] -- Up-to-date: /home/xtark/tarkbot/ros2_ws/install/orbbec_camera_msgs/lib/liborbbec_camera_msgs__rosidl_typesupport_c.so
[9.918s] -- Up-to-date: /home/xtark/tarkbot/ros2_ws/install/orbbec_camera_msgs/include/orbbec_camera_msgs
[9.918s] -- Up-to-date: /home/xtark/tarkbot/ros2_ws/install/orbbec_camera_msgs/include/orbbec_camera_msgs/msg
[9.919s] -- Up-to-date: /home/xtark/tarkbot/ros2_ws/install/orbbec_camera_msgs/include/orbbec_camera_msgs/msg/metadata.hpp
[9.919s] -- Up-to-date: /home/xtark/tarkbot/ros2_ws/install/orbbec_camera_msgs/include/orbbec_camera_msgs/msg/device_info.hpp
[9.920s] -- Up-to-date: /home/xtark/tarkbot/ros2_ws/install/orbbec_camera_msgs/include/orbbec_camera_msgs/msg/detail
[9.920s] -- Up-to-date: /home/xtark/tarkbot/ros2_ws/install/orbbec_camera_msgs/include/orbbec_camera_msgs/msg/detail/device_info__struct.hpp
[9.921s] -- Up-to-date: /home/xtark/tarkbot/ros2_ws/install/orbbec_camera_msgs/include/orbbec_camera_msgs/msg/detail/metadata__builder.hpp
[9.921s] -- Up-to-date: /home/xtark/tarkbot/ros2_ws/install/orbbec_camera_msgs/include/orbbec_camera_msgs/msg/detail/extrinsics__type_support.hpp
[9.921s] -- Up-to-date: /home/xtark/tarkbot/ros2_ws/install/orbbec_camera_msgs/include/orbbec_camera_msgs/msg/detail/extrinsics__builder.hpp
[9.922s] -- Up-to-date: /home/xtark/tarkbot/ros2_ws/install/orbbec_camera_msgs/include/orbbec_camera_msgs/msg/detail/device_info__builder.hpp
[9.923s] -- Up-to-date: /home/xtark/tarkbot/ros2_ws/install/orbbec_camera_msgs/include/orbbec_camera_msgs/msg/detail/metadata__type_support.hpp
[9.924s] -- Up-to-date: /home/xtark/tarkbot/ros2_ws/install/orbbec_camera_msgs/include/orbbec_camera_msgs/msg/detail/metadata__struct.hpp
[9.924s] -- Up-to-date: /home/xtark/tarkbot/ros2_ws/install/orbbec_camera_msgs/include/orbbec_camera_msgs/msg/detail/extrinsics__traits.hpp
[9.925s] -- Up-to-date: /home/xtark/tarkbot/ros2_ws/install/orbbec_camera_msgs/include/orbbec_camera_msgs/msg/detail/metadata__traits.hpp
[9.925s] -- Up-to-date: /home/xtark/tarkbot/ros2_ws/install/orbbec_camera_msgs/include/orbbec_camera_msgs/msg/detail/device_info__type_support.hpp
[9.925s] -- Up-to-date: /home/xtark/tarkbot/ros2_ws/install/orbbec_camera_msgs/include/orbbec_camera_msgs/msg/detail/device_info__traits.hpp
[9.925s] -- Up-to-date: /home/xtark/tarkbot/ros2_ws/install/orbbec_camera_msgs/include/orbbec_camera_msgs/msg/detail/extrinsics__struct.hpp
[9.926s] -- Up-to-date: /home/xtark/tarkbot/ros2_ws/install/orbbec_camera_msgs/include/orbbec_camera_msgs/msg/extrinsics.hpp
[9.926s] -- Up-to-date: /home/xtark/tarkbot/ros2_ws/install/orbbec_camera_msgs/include/orbbec_camera_msgs/msg/rosidl_generator_cpp__visibility_control.hpp
[9.926s] -- Up-to-date: /home/xtark/tarkbot/ros2_ws/install/orbbec_camera_msgs/include/orbbec_camera_msgs/srv
[9.927s] -- Up-to-date: /home/xtark/tarkbot/ros2_ws/install/orbbec_camera_msgs/include/orbbec_camera_msgs/srv/detail
[9.927s] -- Up-to-date: /home/xtark/tarkbot/ros2_ws/install/orbbec_camera_msgs/include/orbbec_camera_msgs/srv/detail/get_bool__type_support.hpp
[9.928s] -- Up-to-date: /home/xtark/tarkbot/ros2_ws/install/orbbec_camera_msgs/include/orbbec_camera_msgs/srv/detail/get_camera_info__struct.hpp
[9.928s] -- Up-to-date: /home/xtark/tarkbot/ros2_ws/install/orbbec_camera_msgs/include/orbbec_camera_msgs/srv/detail/get_int32__traits.hpp
[9.929s] -- Up-to-date: /home/xtark/tarkbot/ros2_ws/install/orbbec_camera_msgs/include/orbbec_camera_msgs/srv/detail/set_string__struct.hpp
[9.929s] -- Up-to-date: /home/xtark/tarkbot/ros2_ws/install/orbbec_camera_msgs/include/orbbec_camera_msgs/srv/detail/get_device_info__builder.hpp
[9.929s] -- Up-to-date: /home/xtark/tarkbot/ros2_ws/install/orbbec_camera_msgs/include/orbbec_camera_msgs/srv/detail/set_string__traits.hpp
[9.930s] -- Up-to-date: /home/xtark/tarkbot/ros2_ws/install/orbbec_camera_msgs/include/orbbec_camera_msgs/srv/detail/set_string__builder.hpp
[9.930s] -- Up-to-date: /home/xtark/tarkbot/ros2_ws/install/orbbec_camera_msgs/include/orbbec_camera_msgs/srv/detail/set_int32__type_support.hpp
[9.931s] -- Up-to-date: /home/xtark/tarkbot/ros2_ws/install/orbbec_camera_msgs/include/orbbec_camera_msgs/srv/detail/set_int32__builder.hpp
[9.931s] -- Up-to-date: /home/xtark/tarkbot/ros2_ws/install/orbbec_camera_msgs/include/orbbec_camera_msgs/srv/detail/get_string__struct.hpp
[9.932s] -- Up-to-date: /home/xtark/tarkbot/ros2_ws/install/orbbec_camera_msgs/include/orbbec_camera_msgs/srv/detail/get_bool__builder.hpp
[9.932s] -- Up-to-date: /home/xtark/tarkbot/ros2_ws/install/orbbec_camera_msgs/include/orbbec_camera_msgs/srv/detail/get_int32__struct.hpp
[9.932s] -- Up-to-date: /home/xtark/tarkbot/ros2_ws/install/orbbec_camera_msgs/include/orbbec_camera_msgs/srv/detail/get_device_info__struct.hpp
[9.933s] -- Up-to-date: /home/xtark/tarkbot/ros2_ws/install/orbbec_camera_msgs/include/orbbec_camera_msgs/srv/detail/get_camera_info__builder.hpp
[9.933s] -- Up-to-date: /home/xtark/tarkbot/ros2_ws/install/orbbec_camera_msgs/include/orbbec_camera_msgs/srv/detail/get_string__type_support.hpp
[9.933s] -- Up-to-date: /home/xtark/tarkbot/ros2_ws/install/orbbec_camera_msgs/include/orbbec_camera_msgs/srv/detail/get_bool__traits.hpp
[9.933s] -- Up-to-date: /home/xtark/tarkbot/ros2_ws/install/orbbec_camera_msgs/include/orbbec_camera_msgs/srv/detail/get_int32__builder.hpp
[9.934s] -- Up-to-date: /home/xtark/tarkbot/ros2_ws/install/orbbec_camera_msgs/include/orbbec_camera_msgs/srv/detail/get_device_info__traits.hpp
[9.934s] -- Up-to-date: /home/xtark/tarkbot/ros2_ws/install/orbbec_camera_msgs/include/orbbec_camera_msgs/srv/detail/set_int32__struct.hpp
[9.934s] -- Up-to-date: /home/xtark/tarkbot/ros2_ws/install/orbbec_camera_msgs/include/orbbec_camera_msgs/srv/detail/get_camera_info__traits.hpp
[9.935s] -- Up-to-date: /home/xtark/tarkbot/ros2_ws/install/orbbec_camera_msgs/include/orbbec_camera_msgs/srv/detail/get_int32__type_support.hpp
[9.935s] -- Up-to-date: /home/xtark/tarkbot/ros2_ws/install/orbbec_camera_msgs/include/orbbec_camera_msgs/srv/detail/set_int32__traits.hpp
[9.935s] -- Up-to-date: /home/xtark/tarkbot/ros2_ws/install/orbbec_camera_msgs/include/orbbec_camera_msgs/srv/detail/get_string__builder.hpp
[9.936s] -- Up-to-date: /home/xtark/tarkbot/ros2_ws/install/orbbec_camera_msgs/include/orbbec_camera_msgs/srv/detail/get_device_info__type_support.hpp
[9.936s] -- Up-to-date: /home/xtark/tarkbot/ros2_ws/install/orbbec_camera_msgs/include/orbbec_camera_msgs/srv/detail/get_camera_info__type_support.hpp
[9.936s] -- Up-to-date: /home/xtark/tarkbot/ros2_ws/install/orbbec_camera_msgs/include/orbbec_camera_msgs/srv/detail/set_string__type_support.hpp
[9.937s] -- Up-to-date: /home/xtark/tarkbot/ros2_ws/install/orbbec_camera_msgs/include/orbbec_camera_msgs/srv/detail/get_bool__struct.hpp
[9.937s] -- Up-to-date: /home/xtark/tarkbot/ros2_ws/install/orbbec_camera_msgs/include/orbbec_camera_msgs/srv/detail/get_string__traits.hpp
[9.937s] -- Up-to-date: /home/xtark/tarkbot/ros2_ws/install/orbbec_camera_msgs/include/orbbec_camera_msgs/srv/get_bool.hpp
[9.938s] -- Up-to-date: /home/xtark/tarkbot/ros2_ws/install/orbbec_camera_msgs/include/orbbec_camera_msgs/srv/get_string.hpp
[9.938s] -- Up-to-date: /home/xtark/tarkbot/ros2_ws/install/orbbec_camera_msgs/include/orbbec_camera_msgs/srv/get_device_info.hpp
[9.938s] -- Up-to-date: /home/xtark/tarkbot/ros2_ws/install/orbbec_camera_msgs/include/orbbec_camera_msgs/srv/get_camera_info.hpp
[9.939s] -- Up-to-date: /home/xtark/tarkbot/ros2_ws/install/orbbec_camera_msgs/include/orbbec_camera_msgs/srv/set_int32.hpp
[9.939s] -- Up-to-date: /home/xtark/tarkbot/ros2_ws/install/orbbec_camera_msgs/include/orbbec_camera_msgs/srv/set_string.hpp
[9.939s] -- Up-to-date: /home/xtark/tarkbot/ros2_ws/install/orbbec_camera_msgs/include/orbbec_camera_msgs/srv/get_int32.hpp
[9.940s] -- Up-to-date: /home/xtark/tarkbot/ros2_ws/install/orbbec_camera_msgs/include/orbbec_camera_msgs
[9.941s] -- Up-to-date: /home/xtark/tarkbot/ros2_ws/install/orbbec_camera_msgs/include/orbbec_camera_msgs/msg
[9.942s] -- Up-to-date: /home/xtark/tarkbot/ros2_ws/install/orbbec_camera_msgs/include/orbbec_camera_msgs/msg/detail
[9.942s] -- Up-to-date: /home/xtark/tarkbot/ros2_ws/install/orbbec_camera_msgs/include/orbbec_camera_msgs/msg/detail/metadata__type_support.cpp
[9.956s] -- Up-to-date: /home/xtark/tarkbot/ros2_ws/install/orbbec_camera_msgs/include/orbbec_camera_msgs/msg/detail/extrinsics__rosidl_typesupport_introspection_cpp.hpp
[9.956s] -- Up-to-date: /home/xtark/tarkbot/ros2_ws/install/orbbec_camera_msgs/include/orbbec_camera_msgs/msg/detail/metadata__rosidl_typesupport_introspection_cpp.hpp
[9.957s] -- Up-to-date: /home/xtark/tarkbot/ros2_ws/install/orbbec_camera_msgs/include/orbbec_camera_msgs/msg/detail/device_info__rosidl_typesupport_introspection_cpp.hpp
[9.957s] -- Up-to-date: /home/xtark/tarkbot/ros2_ws/install/orbbec_camera_msgs/include/orbbec_camera_msgs/msg/detail/device_info__type_support.cpp
[9.958s] -- Up-to-date: /home/xtark/tarkbot/ros2_ws/install/orbbec_camera_msgs/include/orbbec_camera_msgs/msg/detail/extrinsics__type_support.cpp
[9.958s] -- Up-to-date: /home/xtark/tarkbot/ros2_ws/install/orbbec_camera_msgs/include/orbbec_camera_msgs/srv
[9.959s] -- Up-to-date: /home/xtark/tarkbot/ros2_ws/install/orbbec_camera_msgs/include/orbbec_camera_msgs/srv/detail
[9.959s] -- Up-to-date: /home/xtark/tarkbot/ros2_ws/install/orbbec_camera_msgs/include/orbbec_camera_msgs/srv/detail/set_int32__type_support.cpp
[9.960s] -- Up-to-date: /home/xtark/tarkbot/ros2_ws/install/orbbec_camera_msgs/include/orbbec_camera_msgs/srv/detail/get_bool__type_support.cpp
[9.960s] -- Up-to-date: /home/xtark/tarkbot/ros2_ws/install/orbbec_camera_msgs/include/orbbec_camera_msgs/srv/detail/get_camera_info__type_support.cpp
[9.961s] -- Up-to-date: /home/xtark/tarkbot/ros2_ws/install/orbbec_camera_msgs/include/orbbec_camera_msgs/srv/detail/get_int32__rosidl_typesupport_introspection_cpp.hpp
[9.962s] -- Up-to-date: /home/xtark/tarkbot/ros2_ws/install/orbbec_camera_msgs/include/orbbec_camera_msgs/srv/detail/get_device_info__type_support.cpp
[9.970s] -- Up-to-date: /home/xtark/tarkbot/ros2_ws/install/orbbec_camera_msgs/include/orbbec_camera_msgs/srv/detail/get_camera_info__rosidl_typesupport_introspection_cpp.hpp
[9.980s] -- Up-to-date: /home/xtark/tarkbot/ros2_ws/install/orbbec_camera_msgs/include/orbbec_camera_msgs/srv/detail/set_int32__rosidl_typesupport_introspection_cpp.hpp
[9.980s] -- Up-to-date: /home/xtark/tarkbot/ros2_ws/install/orbbec_camera_msgs/include/orbbec_camera_msgs/srv/detail/get_device_info__rosidl_typesupport_introspection_cpp.hpp
[9.981s] -- Up-to-date: /home/xtark/tarkbot/ros2_ws/install/orbbec_camera_msgs/include/orbbec_camera_msgs/srv/detail/get_string__rosidl_typesupport_introspection_cpp.hpp
[9.982s] -- Up-to-date: /home/xtark/tarkbot/ros2_ws/install/orbbec_camera_msgs/include/orbbec_camera_msgs/srv/detail/set_string__rosidl_typesupport_introspection_cpp.hpp
[9.983s] -- Up-to-date: /home/xtark/tarkbot/ros2_ws/install/orbbec_camera_msgs/include/orbbec_camera_msgs/srv/detail/set_string__type_support.cpp
[9.984s] -- Up-to-date: /home/xtark/tarkbot/ros2_ws/install/orbbec_camera_msgs/include/orbbec_camera_msgs/srv/detail/get_bool__rosidl_typesupport_introspection_cpp.hpp
[9.985s] -- Up-to-date: /home/xtark/tarkbot/ros2_ws/install/orbbec_camera_msgs/include/orbbec_camera_msgs/srv/detail/get_int32__type_support.cpp
[9.986s] -- Up-to-date: /home/xtark/tarkbot/ros2_ws/install/orbbec_camera_msgs/include/orbbec_camera_msgs/srv/detail/get_string__type_support.cpp
[10.002s] -- Up-to-date: /home/xtark/tarkbot/ros2_ws/install/orbbec_camera_msgs/lib/liborbbec_camera_msgs__rosidl_typesupport_introspection_cpp.so
[10.003s] -- Up-to-date: /home/xtark/tarkbot/ros2_ws/install/orbbec_camera_msgs/lib/liborbbec_camera_msgs__rosidl_typesupport_cpp.so
[10.004s] -- Up-to-date: /home/xtark/tarkbot/ros2_ws/install/orbbec_camera_msgs/share/orbbec_camera_msgs/environment/pythonpath.sh
[10.005s] -- Up-to-date: /home/xtark/tarkbot/ros2_ws/install/orbbec_camera_msgs/share/orbbec_camera_msgs/environment/pythonpath.dsv
[10.006s] -- Up-to-date: /home/xtark/tarkbot/ros2_ws/install/orbbec_camera_msgs/lib/python3.8/site-packages/orbbec_camera_msgs/__init__.py
[10.040s] -- Up-to-date: /home/xtark/tarkbot/ros2_ws/install/orbbec_camera_msgs/lib/python3.8/site-packages/orbbec_camera_msgs/msg
[10.042s] -- Up-to-date: /home/xtark/tarkbot/ros2_ws/install/orbbec_camera_msgs/lib/python3.8/site-packages/orbbec_camera_msgs/msg/_device_info.py
[10.043s] -- Up-to-date: /home/xtark/tarkbot/ros2_ws/install/orbbec_camera_msgs/lib/python3.8/site-packages/orbbec_camera_msgs/msg/_metadata.py
[10.045s] -- Up-to-date: /home/xtark/tarkbot/ros2_ws/install/orbbec_camera_msgs/lib/python3.8/site-packages/orbbec_camera_msgs/msg/__init__.py
[10.046s] -- Up-to-date: /home/xtark/tarkbot/ros2_ws/install/orbbec_camera_msgs/lib/python3.8/site-packages/orbbec_camera_msgs/msg/_device_info_s.c
[10.047s] -- Up-to-date: /home/xtark/tarkbot/ros2_ws/install/orbbec_camera_msgs/lib/python3.8/site-packages/orbbec_camera_msgs/msg/_extrinsics.py
[10.049s] -- Up-to-date: /home/xtark/tarkbot/ros2_ws/install/orbbec_camera_msgs/lib/python3.8/site-packages/orbbec_camera_msgs/msg/_extrinsics_s.c
[10.051s] -- Up-to-date: /home/xtark/tarkbot/ros2_ws/install/orbbec_camera_msgs/lib/python3.8/site-packages/orbbec_camera_msgs/msg/_metadata_s.c
[10.053s] -- Up-to-date: /home/xtark/tarkbot/ros2_ws/install/orbbec_camera_msgs/lib/python3.8/site-packages/orbbec_camera_msgs/srv
[10.054s] -- Up-to-date: /home/xtark/tarkbot/ros2_ws/install/orbbec_camera_msgs/lib/python3.8/site-packages/orbbec_camera_msgs/srv/_get_camera_info_s.c
[10.054s] -- Up-to-date: /home/xtark/tarkbot/ros2_ws/install/orbbec_camera_msgs/lib/python3.8/site-packages/orbbec_camera_msgs/srv/_get_device_info_s.c
[10.055s] -- Up-to-date: /home/xtark/tarkbot/ros2_ws/install/orbbec_camera_msgs/lib/python3.8/site-packages/orbbec_camera_msgs/srv/_get_device_info.py
[10.055s] -- Up-to-date: /home/xtark/tarkbot/ros2_ws/install/orbbec_camera_msgs/lib/python3.8/site-packages/orbbec_camera_msgs/srv/__init__.py
[10.059s] -- Up-to-date: /home/xtark/tarkbot/ros2_ws/install/orbbec_camera_msgs/lib/python3.8/site-packages/orbbec_camera_msgs/srv/_set_string_s.c
[10.065s] -- Up-to-date: /home/xtark/tarkbot/ros2_ws/install/orbbec_camera_msgs/lib/python3.8/site-packages/orbbec_camera_msgs/srv/_set_int32.py
[10.068s] -- Up-to-date: /home/xtark/tarkbot/ros2_ws/install/orbbec_camera_msgs/lib/python3.8/site-packages/orbbec_camera_msgs/srv/_get_int32.py
[10.070s] -- Up-to-date: /home/xtark/tarkbot/ros2_ws/install/orbbec_camera_msgs/lib/python3.8/site-packages/orbbec_camera_msgs/srv/_get_camera_info.py
[10.071s] -- Up-to-date: /home/xtark/tarkbot/ros2_ws/install/orbbec_camera_msgs/lib/python3.8/site-packages/orbbec_camera_msgs/srv/_get_bool_s.c
[10.072s] -- Up-to-date: /home/xtark/tarkbot/ros2_ws/install/orbbec_camera_msgs/lib/python3.8/site-packages/orbbec_camera_msgs/srv/_set_string.py
[10.072s] -- Up-to-date: /home/xtark/tarkbot/ros2_ws/install/orbbec_camera_msgs/lib/python3.8/site-packages/orbbec_camera_msgs/srv/_get_bool.py
[10.073s] -- Up-to-date: /home/xtark/tarkbot/ros2_ws/install/orbbec_camera_msgs/lib/python3.8/site-packages/orbbec_camera_msgs/srv/_get_string.py
[10.073s] -- Up-to-date: /home/xtark/tarkbot/ros2_ws/install/orbbec_camera_msgs/lib/python3.8/site-packages/orbbec_camera_msgs/srv/_get_string_s.c
[10.074s] -- Up-to-date: /home/xtark/tarkbot/ros2_ws/install/orbbec_camera_msgs/lib/python3.8/site-packages/orbbec_camera_msgs/srv/_set_int32_s.c
[10.075s] -- Up-to-date: /home/xtark/tarkbot/ros2_ws/install/orbbec_camera_msgs/lib/python3.8/site-packages/orbbec_camera_msgs/srv/_get_int32_s.c
[10.077s] -- Up-to-date: /home/xtark/tarkbot/ros2_ws/install/orbbec_camera_msgs/lib/python3.8/site-packages/orbbec_camera_msgs/orbbec_camera_msgs_s__rosidl_typesupport_fastrtps_c.cpython-38-aarch64-linux-gnu.so
[10.083s] -- Up-to-date: /home/xtark/tarkbot/ros2_ws/install/orbbec_camera_msgs/lib/python3.8/site-packages/orbbec_camera_msgs/orbbec_camera_msgs_s__rosidl_typesupport_introspection_c.cpython-38-aarch64-linux-gnu.so
[10.086s] -- Up-to-date: /home/xtark/tarkbot/ros2_ws/install/orbbec_camera_msgs/lib/python3.8/site-packages/orbbec_camera_msgs/orbbec_camera_msgs_s__rosidl_typesupport_c.cpython-38-aarch64-linux-gnu.so
[10.089s] -- Up-to-date: /home/xtark/tarkbot/ros2_ws/install/orbbec_camera_msgs/lib/liborbbec_camera_msgs__python.so
[10.093s] -- Up-to-date: /home/xtark/tarkbot/ros2_ws/install/orbbec_camera_msgs/share/orbbec_camera_msgs/msg/DeviceInfo.idl
[10.096s] -- Up-to-date: /home/xtark/tarkbot/ros2_ws/install/orbbec_camera_msgs/share/orbbec_camera_msgs/msg/Extrinsics.idl
[10.100s] -- Up-to-date: /home/xtark/tarkbot/ros2_ws/install/orbbec_camera_msgs/share/orbbec_camera_msgs/msg/Metadata.idl
[10.120s] -- Up-to-date: /home/xtark/tarkbot/ros2_ws/install/orbbec_camera_msgs/share/orbbec_camera_msgs/srv/GetBool.idl
[10.122s] -- Up-to-date: /home/xtark/tarkbot/ros2_ws/install/orbbec_camera_msgs/share/orbbec_camera_msgs/srv/GetDeviceInfo.idl
[10.123s] -- Up-to-date: /home/xtark/tarkbot/ros2_ws/install/orbbec_camera_msgs/share/orbbec_camera_msgs/srv/GetCameraInfo.idl
[10.128s] -- Up-to-date: /home/xtark/tarkbot/ros2_ws/install/orbbec_camera_msgs/share/orbbec_camera_msgs/srv/GetInt32.idl
[10.131s] -- Up-to-date: /home/xtark/tarkbot/ros2_ws/install/orbbec_camera_msgs/share/orbbec_camera_msgs/srv/GetString.idl
[10.132s] -- Up-to-date: /home/xtark/tarkbot/ros2_ws/install/orbbec_camera_msgs/share/orbbec_camera_msgs/srv/SetInt32.idl
[10.132s] -- Up-to-date: /home/xtark/tarkbot/ros2_ws/install/orbbec_camera_msgs/share/orbbec_camera_msgs/srv/SetString.idl
[10.132s] -- Up-to-date: /home/xtark/tarkbot/ros2_ws/install/orbbec_camera_msgs/share/orbbec_camera_msgs/msg/DeviceInfo.msg
[10.133s] -- Up-to-date: /home/xtark/tarkbot/ros2_ws/install/orbbec_camera_msgs/share/orbbec_camera_msgs/msg/Extrinsics.msg
[10.133s] -- Up-to-date: /home/xtark/tarkbot/ros2_ws/install/orbbec_camera_msgs/share/orbbec_camera_msgs/msg/Metadata.msg
[10.133s] -- Up-to-date: /home/xtark/tarkbot/ros2_ws/install/orbbec_camera_msgs/share/orbbec_camera_msgs/srv/GetBool.srv
[10.134s] -- Up-to-date: /home/xtark/tarkbot/ros2_ws/install/orbbec_camera_msgs/share/orbbec_camera_msgs/srv/GetBool_Request.msg
[10.134s] -- Up-to-date: /home/xtark/tarkbot/ros2_ws/install/orbbec_camera_msgs/share/orbbec_camera_msgs/srv/GetBool_Response.msg
[10.134s] -- Up-to-date: /home/xtark/tarkbot/ros2_ws/install/orbbec_camera_msgs/share/orbbec_camera_msgs/srv/GetDeviceInfo.srv
[10.135s] -- Up-to-date: /home/xtark/tarkbot/ros2_ws/install/orbbec_camera_msgs/share/orbbec_camera_msgs/srv/GetDeviceInfo_Request.msg
[10.135s] -- Up-to-date: /home/xtark/tarkbot/ros2_ws/install/orbbec_camera_msgs/share/orbbec_camera_msgs/srv/GetDeviceInfo_Response.msg
[10.135s] -- Up-to-date: /home/xtark/tarkbot/ros2_ws/install/orbbec_camera_msgs/share/orbbec_camera_msgs/srv/GetCameraInfo.srv
[10.136s] -- Up-to-date: /home/xtark/tarkbot/ros2_ws/install/orbbec_camera_msgs/share/orbbec_camera_msgs/srv/GetCameraInfo_Request.msg
[10.136s] -- Up-to-date: /home/xtark/tarkbot/ros2_ws/install/orbbec_camera_msgs/share/orbbec_camera_msgs/srv/GetCameraInfo_Response.msg
[10.136s] -- Up-to-date: /home/xtark/tarkbot/ros2_ws/install/orbbec_camera_msgs/share/orbbec_camera_msgs/srv/GetInt32.srv
[10.137s] -- Up-to-date: /home/xtark/tarkbot/ros2_ws/install/orbbec_camera_msgs/share/orbbec_camera_msgs/srv/GetInt32_Request.msg
[10.137s] -- Up-to-date: /home/xtark/tarkbot/ros2_ws/install/orbbec_camera_msgs/share/orbbec_camera_msgs/srv/GetInt32_Response.msg
[10.137s] -- Up-to-date: /home/xtark/tarkbot/ros2_ws/install/orbbec_camera_msgs/share/orbbec_camera_msgs/srv/GetString.srv
[10.138s] -- Up-to-date: /home/xtark/tarkbot/ros2_ws/install/orbbec_camera_msgs/share/orbbec_camera_msgs/srv/GetString_Request.msg
[10.138s] -- Up-to-date: /home/xtark/tarkbot/ros2_ws/install/orbbec_camera_msgs/share/orbbec_camera_msgs/srv/GetString_Response.msg
[10.138s] -- Up-to-date: /home/xtark/tarkbot/ros2_ws/install/orbbec_camera_msgs/share/orbbec_camera_msgs/srv/SetInt32.srv
[10.139s] -- Up-to-date: /home/xtark/tarkbot/ros2_ws/install/orbbec_camera_msgs/share/orbbec_camera_msgs/srv/SetInt32_Request.msg
[10.139s] -- Up-to-date: /home/xtark/tarkbot/ros2_ws/install/orbbec_camera_msgs/share/orbbec_camera_msgs/srv/SetInt32_Response.msg
[10.139s] -- Up-to-date: /home/xtark/tarkbot/ros2_ws/install/orbbec_camera_msgs/share/orbbec_camera_msgs/srv/SetString.srv
[10.140s] -- Up-to-date: /home/xtark/tarkbot/ros2_ws/install/orbbec_camera_msgs/share/orbbec_camera_msgs/srv/SetString_Request.msg
[10.140s] -- Up-to-date: /home/xtark/tarkbot/ros2_ws/install/orbbec_camera_msgs/share/orbbec_camera_msgs/srv/SetString_Response.msg
[10.144s] -- Up-to-date: /home/xtark/tarkbot/ros2_ws/install/orbbec_camera_msgs/share/ament_index/resource_index/package_run_dependencies/orbbec_camera_msgs
[10.145s] -- Up-to-date: /home/xtark/tarkbot/ros2_ws/install/orbbec_camera_msgs/share/ament_index/resource_index/parent_prefix_path/orbbec_camera_msgs
[10.148s] -- Up-to-date: /home/xtark/tarkbot/ros2_ws/install/orbbec_camera_msgs/share/orbbec_camera_msgs/environment/ament_prefix_path.sh
[10.150s] -- Up-to-date: /home/xtark/tarkbot/ros2_ws/install/orbbec_camera_msgs/share/orbbec_camera_msgs/environment/ament_prefix_path.dsv
[10.150s] -- Up-to-date: /home/xtark/tarkbot/ros2_ws/install/orbbec_camera_msgs/share/orbbec_camera_msgs/environment/path.sh
[10.152s] -- Up-to-date: /home/xtark/tarkbot/ros2_ws/install/orbbec_camera_msgs/share/orbbec_camera_msgs/environment/path.dsv
[10.154s] -- Up-to-date: /home/xtark/tarkbot/ros2_ws/install/orbbec_camera_msgs/share/orbbec_camera_msgs/local_setup.bash
[10.155s] -- Up-to-date: /home/xtark/tarkbot/ros2_ws/install/orbbec_camera_msgs/share/orbbec_camera_msgs/local_setup.sh
[10.157s] -- Up-to-date: /home/xtark/tarkbot/ros2_ws/install/orbbec_camera_msgs/share/orbbec_camera_msgs/local_setup.zsh
[10.159s] -- Up-to-date: /home/xtark/tarkbot/ros2_ws/install/orbbec_camera_msgs/share/orbbec_camera_msgs/local_setup.dsv
[10.161s] -- Installing: /home/xtark/tarkbot/ros2_ws/install/orbbec_camera_msgs/share/orbbec_camera_msgs/package.dsv
[10.162s] -- Up-to-date: /home/xtark/tarkbot/ros2_ws/install/orbbec_camera_msgs/share/ament_index/resource_index/packages/orbbec_camera_msgs
[10.164s] -- Up-to-date: /home/xtark/tarkbot/ros2_ws/install/orbbec_camera_msgs/share/orbbec_camera_msgs/cmake/orbbec_camera_msgs__rosidl_generator_cExport.cmake
[10.166s] -- Up-to-date: /home/xtark/tarkbot/ros2_ws/install/orbbec_camera_msgs/share/orbbec_camera_msgs/cmake/orbbec_camera_msgs__rosidl_generator_cExport-noconfig.cmake
[10.168s] -- Up-to-date: /home/xtark/tarkbot/ros2_ws/install/orbbec_camera_msgs/share/orbbec_camera_msgs/cmake/orbbec_camera_msgs__rosidl_typesupport_introspection_cExport.cmake
[10.170s] -- Up-to-date: /home/xtark/tarkbot/ros2_ws/install/orbbec_camera_msgs/share/orbbec_camera_msgs/cmake/orbbec_camera_msgs__rosidl_typesupport_introspection_cExport-noconfig.cmake
[10.171s] -- Up-to-date: /home/xtark/tarkbot/ros2_ws/install/orbbec_camera_msgs/share/orbbec_camera_msgs/cmake/orbbec_camera_msgs__rosidl_typesupport_cExport.cmake
[10.173s] -- Up-to-date: /home/xtark/tarkbot/ros2_ws/install/orbbec_camera_msgs/share/orbbec_camera_msgs/cmake/orbbec_camera_msgs__rosidl_typesupport_cExport-noconfig.cmake
[10.174s] -- Up-to-date: /home/xtark/tarkbot/ros2_ws/install/orbbec_camera_msgs/share/orbbec_camera_msgs/cmake/orbbec_camera_msgs__rosidl_generator_cppExport.cmake
[10.175s] -- Up-to-date: /home/xtark/tarkbot/ros2_ws/install/orbbec_camera_msgs/share/orbbec_camera_msgs/cmake/orbbec_camera_msgs__rosidl_typesupport_introspection_cppExport.cmake
[10.177s] -- Up-to-date: /home/xtark/tarkbot/ros2_ws/install/orbbec_camera_msgs/share/orbbec_camera_msgs/cmake/orbbec_camera_msgs__rosidl_typesupport_introspection_cppExport-noconfig.cmake
[10.178s] -- Up-to-date: /home/xtark/tarkbot/ros2_ws/install/orbbec_camera_msgs/share/orbbec_camera_msgs/cmake/orbbec_camera_msgs__rosidl_typesupport_cppExport.cmake
[10.179s] -- Up-to-date: /home/xtark/tarkbot/ros2_ws/install/orbbec_camera_msgs/share/orbbec_camera_msgs/cmake/orbbec_camera_msgs__rosidl_typesupport_cppExport-noconfig.cmake
[10.181s] -- Up-to-date: /home/xtark/tarkbot/ros2_ws/install/orbbec_camera_msgs/share/orbbec_camera_msgs/cmake/rosidl_cmake-extras.cmake
[10.183s] -- Up-to-date: /home/xtark/tarkbot/ros2_ws/install/orbbec_camera_msgs/share/orbbec_camera_msgs/cmake/ament_cmake_export_dependencies-extras.cmake
[10.186s] -- Up-to-date: /home/xtark/tarkbot/ros2_ws/install/orbbec_camera_msgs/share/orbbec_camera_msgs/cmake/ament_cmake_export_libraries-extras.cmake
[10.188s] -- Up-to-date: /home/xtark/tarkbot/ros2_ws/install/orbbec_camera_msgs/share/orbbec_camera_msgs/cmake/ament_cmake_export_targets-extras.cmake
[10.190s] -- Up-to-date: /home/xtark/tarkbot/ros2_ws/install/orbbec_camera_msgs/share/orbbec_camera_msgs/cmake/ament_cmake_export_include_directories-extras.cmake
[10.193s] -- Up-to-date: /home/xtark/tarkbot/ros2_ws/install/orbbec_camera_msgs/share/orbbec_camera_msgs/cmake/rosidl_cmake_export_typesupport_libraries-extras.cmake
[10.194s] -- Up-to-date: /home/xtark/tarkbot/ros2_ws/install/orbbec_camera_msgs/share/orbbec_camera_msgs/cmake/rosidl_cmake_export_typesupport_targets-extras.cmake
[10.196s] -- Up-to-date: /home/xtark/tarkbot/ros2_ws/install/orbbec_camera_msgs/share/orbbec_camera_msgs/cmake/orbbec_camera_msgsConfig.cmake
[10.198s] -- Up-to-date: /home/xtark/tarkbot/ros2_ws/install/orbbec_camera_msgs/share/orbbec_camera_msgs/cmake/orbbec_camera_msgsConfig-version.cmake
[10.200s] -- Up-to-date: /home/xtark/tarkbot/ros2_ws/install/orbbec_camera_msgs/share/orbbec_camera_msgs/package.xml
[11.576s] Invoked command in '/home/xtark/tarkbot/ros2_ws/build/orbbec_camera_msgs' returned '0': CMAKE_PREFIX_PATH=${CMAKE_PREFIX_PATH}:/opt/ros/foxy /usr/bin/cmake --install /home/xtark/tarkbot/ros2_ws/build/orbbec_camera_msgs
