[7.806s] Invoking command in '/home/xtark/tarkbot/ros2_ws/build/astra_camera_msgs': CMAKE_PREFIX_PATH=${CMAKE_PREFIX_PATH}:/opt/ros/foxy /usr/bin/cmake --build /home/xtark/tarkbot/ros2_ws/build/astra_camera_msgs -- -j4 -l4
[8.258s] [  1%] Built target astra_camera_msgs__cpp
[8.393s] [ 12%] Built target astra_camera_msgs__rosidl_generator_c
[8.591s] [ 24%] Built target astra_camera_msgs__rosidl_typesupport_cpp
[8.620s] [ 35%] Built target astra_camera_msgs__rosidl_typesupport_introspection_cpp
[8.660s] [ 47%] Built target astra_camera_msgs__rosidl_typesupport_fastrtps_cpp
[8.731s] [ 58%] Built target astra_camera_msgs__rosidl_typesupport_introspection_c
[8.795s] [ 70%] Built target astra_camera_msgs__rosidl_typesupport_c
[8.900s] [ 82%] Built target astra_camera_msgs__rosidl_typesupport_fastrtps_c
[9.062s] [ 82%] Built target astra_camera_msgs
[9.199s] [ 83%] Built target astra_camera_msgs__py
[9.401s] [ 93%] Built target astra_camera_msgs__python
[9.602s] [ 95%] Built target astra_camera_msgs__rosidl_typesupport_fastrtps_c__pyext
[9.603s] [ 97%] Built target astra_camera_msgs__rosidl_typesupport_introspection_c__pyext
[9.610s] [100%] Built target astra_camera_msgs__rosidl_typesupport_c__pyext
[13.768s] Invoked command in '/home/xtark/tarkbot/ros2_ws/build/astra_camera_msgs' returned '0': CMAKE_PREFIX_PATH=${CMAKE_PREFIX_PATH}:/opt/ros/foxy /usr/bin/cmake --build /home/xtark/tarkbot/ros2_ws/build/astra_camera_msgs -- -j4 -l4
[23.792s] Invoking command in '/home/xtark/tarkbot/ros2_ws/build/astra_camera_msgs': CMAKE_PREFIX_PATH=${CMAKE_PREFIX_PATH}:/opt/ros/foxy /usr/bin/cmake --install /home/xtark/tarkbot/ros2_ws/build/astra_camera_msgs
[25.819s] -- Install configuration: "Release"
[25.821s] -- Execute custom install script
[25.822s] -- Up-to-date symlink: /home/xtark/tarkbot/ros2_ws/install/astra_camera_msgs/share/ament_index/resource_index/rosidl_interfaces/astra_camera_msgs
[25.822s] -- Up-to-date symlink: /home/xtark/tarkbot/ros2_ws/install/astra_camera_msgs/include/astra_camera_msgs/msg/detail/device_info__functions.h
[25.823s] -- Up-to-date symlink: /home/xtark/tarkbot/ros2_ws/install/astra_camera_msgs/include/astra_camera_msgs/msg/detail/device_info__struct.h
[25.825s] -- Up-to-date symlink: /home/xtark/tarkbot/ros2_ws/install/astra_camera_msgs/include/astra_camera_msgs/msg/detail/device_info__type_support.h
[25.826s] -- Up-to-date symlink: /home/xtark/tarkbot/ros2_ws/install/astra_camera_msgs/include/astra_camera_msgs/msg/detail/extrinsics__functions.h
[25.826s] -- Up-to-date symlink: /home/xtark/tarkbot/ros2_ws/install/astra_camera_msgs/include/astra_camera_msgs/msg/detail/extrinsics__struct.h
[25.827s] -- Up-to-date symlink: /home/xtark/tarkbot/ros2_ws/install/astra_camera_msgs/include/astra_camera_msgs/msg/detail/extrinsics__type_support.h
[25.828s] -- Up-to-date symlink: /home/xtark/tarkbot/ros2_ws/install/astra_camera_msgs/include/astra_camera_msgs/msg/detail/metadata__functions.h
[25.829s] -- Up-to-date symlink: /home/xtark/tarkbot/ros2_ws/install/astra_camera_msgs/include/astra_camera_msgs/msg/detail/metadata__struct.h
[25.830s] -- Up-to-date symlink: /home/xtark/tarkbot/ros2_ws/install/astra_camera_msgs/include/astra_camera_msgs/msg/detail/metadata__type_support.h
[25.831s] -- Up-to-date symlink: /home/xtark/tarkbot/ros2_ws/install/astra_camera_msgs/include/astra_camera_msgs/msg/device_info.h
[25.831s] -- Up-to-date symlink: /home/xtark/tarkbot/ros2_ws/install/astra_camera_msgs/include/astra_camera_msgs/msg/extrinsics.h
[25.832s] -- Up-to-date symlink: /home/xtark/tarkbot/ros2_ws/install/astra_camera_msgs/include/astra_camera_msgs/msg/metadata.h
[25.832s] -- Up-to-date symlink: /home/xtark/tarkbot/ros2_ws/install/astra_camera_msgs/include/astra_camera_msgs/msg/rosidl_generator_c__visibility_control.h
[25.833s] -- Up-to-date symlink: /home/xtark/tarkbot/ros2_ws/install/astra_camera_msgs/include/astra_camera_msgs/srv/detail/get_camera_info__functions.h
[25.834s] -- Up-to-date symlink: /home/xtark/tarkbot/ros2_ws/install/astra_camera_msgs/include/astra_camera_msgs/srv/detail/get_camera_info__struct.h
[25.845s] -- Up-to-date symlink: /home/xtark/tarkbot/ros2_ws/install/astra_camera_msgs/include/astra_camera_msgs/srv/detail/get_camera_info__type_support.h
[25.847s] -- Up-to-date symlink: /home/xtark/tarkbot/ros2_ws/install/astra_camera_msgs/include/astra_camera_msgs/srv/detail/get_camera_params__functions.h
[25.849s] -- Up-to-date symlink: /home/xtark/tarkbot/ros2_ws/install/astra_camera_msgs/include/astra_camera_msgs/srv/detail/get_camera_params__struct.h
[25.849s] -- Up-to-date symlink: /home/xtark/tarkbot/ros2_ws/install/astra_camera_msgs/include/astra_camera_msgs/srv/detail/get_camera_params__type_support.h
[25.850s] -- Up-to-date symlink: /home/xtark/tarkbot/ros2_ws/install/astra_camera_msgs/include/astra_camera_msgs/srv/detail/get_device_info__functions.h
[25.851s] -- Up-to-date symlink: /home/xtark/tarkbot/ros2_ws/install/astra_camera_msgs/include/astra_camera_msgs/srv/detail/get_device_info__struct.h
[25.852s] -- Up-to-date symlink: /home/xtark/tarkbot/ros2_ws/install/astra_camera_msgs/include/astra_camera_msgs/srv/detail/get_device_info__type_support.h
[25.853s] -- Up-to-date symlink: /home/xtark/tarkbot/ros2_ws/install/astra_camera_msgs/include/astra_camera_msgs/srv/detail/get_int32__functions.h
[25.853s] -- Up-to-date symlink: /home/xtark/tarkbot/ros2_ws/install/astra_camera_msgs/include/astra_camera_msgs/srv/detail/get_int32__struct.h
[25.854s] -- Up-to-date symlink: /home/xtark/tarkbot/ros2_ws/install/astra_camera_msgs/include/astra_camera_msgs/srv/detail/get_int32__type_support.h
[25.854s] -- Up-to-date symlink: /home/xtark/tarkbot/ros2_ws/install/astra_camera_msgs/include/astra_camera_msgs/srv/detail/get_string__functions.h
[25.855s] -- Up-to-date symlink: /home/xtark/tarkbot/ros2_ws/install/astra_camera_msgs/include/astra_camera_msgs/srv/detail/get_string__struct.h
[25.855s] -- Up-to-date symlink: /home/xtark/tarkbot/ros2_ws/install/astra_camera_msgs/include/astra_camera_msgs/srv/detail/get_string__type_support.h
[25.856s] -- Up-to-date symlink: /home/xtark/tarkbot/ros2_ws/install/astra_camera_msgs/include/astra_camera_msgs/srv/detail/set_int32__functions.h
[25.857s] -- Up-to-date symlink: /home/xtark/tarkbot/ros2_ws/install/astra_camera_msgs/include/astra_camera_msgs/srv/detail/set_int32__struct.h
[25.857s] -- Up-to-date symlink: /home/xtark/tarkbot/ros2_ws/install/astra_camera_msgs/include/astra_camera_msgs/srv/detail/set_int32__type_support.h
[25.858s] -- Up-to-date symlink: /home/xtark/tarkbot/ros2_ws/install/astra_camera_msgs/include/astra_camera_msgs/srv/get_camera_info.h
[25.858s] -- Up-to-date symlink: /home/xtark/tarkbot/ros2_ws/install/astra_camera_msgs/include/astra_camera_msgs/srv/get_camera_params.h
[25.859s] -- Up-to-date symlink: /home/xtark/tarkbot/ros2_ws/install/astra_camera_msgs/include/astra_camera_msgs/srv/get_device_info.h
[25.859s] -- Up-to-date symlink: /home/xtark/tarkbot/ros2_ws/install/astra_camera_msgs/include/astra_camera_msgs/srv/get_int32.h
[25.860s] -- Up-to-date symlink: /home/xtark/tarkbot/ros2_ws/install/astra_camera_msgs/include/astra_camera_msgs/srv/get_string.h
[25.860s] -- Up-to-date symlink: /home/xtark/tarkbot/ros2_ws/install/astra_camera_msgs/include/astra_camera_msgs/srv/set_int32.h
[25.862s] -- Up-to-date symlink: /home/xtark/tarkbot/ros2_ws/install/astra_camera_msgs/share/astra_camera_msgs/environment/library_path.sh
[25.863s] -- Up-to-date symlink: /home/xtark/tarkbot/ros2_ws/install/astra_camera_msgs/share/astra_camera_msgs/environment/library_path.dsv
[25.867s] -- Up-to-date symlink: /home/xtark/tarkbot/ros2_ws/install/astra_camera_msgs/include/astra_camera_msgs/msg/detail/device_info__rosidl_typesupport_fastrtps_c.h
[25.870s] -- Up-to-date symlink: /home/xtark/tarkbot/ros2_ws/install/astra_camera_msgs/include/astra_camera_msgs/msg/detail/extrinsics__rosidl_typesupport_fastrtps_c.h
[25.876s] -- Up-to-date symlink: /home/xtark/tarkbot/ros2_ws/install/astra_camera_msgs/include/astra_camera_msgs/msg/detail/metadata__rosidl_typesupport_fastrtps_c.h
[25.877s] -- Up-to-date symlink: /home/xtark/tarkbot/ros2_ws/install/astra_camera_msgs/include/astra_camera_msgs/msg/rosidl_typesupport_fastrtps_c__visibility_control.h
[25.878s] -- Up-to-date symlink: /home/xtark/tarkbot/ros2_ws/install/astra_camera_msgs/include/astra_camera_msgs/srv/detail/get_camera_info__rosidl_typesupport_fastrtps_c.h
[25.879s] -- Up-to-date symlink: /home/xtark/tarkbot/ros2_ws/install/astra_camera_msgs/include/astra_camera_msgs/srv/detail/get_camera_params__rosidl_typesupport_fastrtps_c.h
[25.879s] -- Up-to-date symlink: /home/xtark/tarkbot/ros2_ws/install/astra_camera_msgs/include/astra_camera_msgs/srv/detail/get_device_info__rosidl_typesupport_fastrtps_c.h
[25.882s] -- Up-to-date symlink: /home/xtark/tarkbot/ros2_ws/install/astra_camera_msgs/include/astra_camera_msgs/srv/detail/get_int32__rosidl_typesupport_fastrtps_c.h
[25.892s] -- Up-to-date symlink: /home/xtark/tarkbot/ros2_ws/install/astra_camera_msgs/include/astra_camera_msgs/srv/detail/get_string__rosidl_typesupport_fastrtps_c.h
[25.894s] -- Up-to-date symlink: /home/xtark/tarkbot/ros2_ws/install/astra_camera_msgs/include/astra_camera_msgs/srv/detail/set_int32__rosidl_typesupport_fastrtps_c.h
[25.894s] -- Up-to-date symlink: /home/xtark/tarkbot/ros2_ws/install/astra_camera_msgs/lib/libastra_camera_msgs__rosidl_typesupport_fastrtps_c.so
[25.895s] -- Up-to-date symlink: /home/xtark/tarkbot/ros2_ws/install/astra_camera_msgs/include/astra_camera_msgs/msg/detail/device_info__rosidl_typesupport_fastrtps_cpp.hpp
[25.896s] -- Up-to-date symlink: /home/xtark/tarkbot/ros2_ws/install/astra_camera_msgs/include/astra_camera_msgs/msg/detail/extrinsics__rosidl_typesupport_fastrtps_cpp.hpp
[25.896s] -- Up-to-date symlink: /home/xtark/tarkbot/ros2_ws/install/astra_camera_msgs/include/astra_camera_msgs/msg/detail/metadata__rosidl_typesupport_fastrtps_cpp.hpp
[25.897s] -- Up-to-date symlink: /home/xtark/tarkbot/ros2_ws/install/astra_camera_msgs/include/astra_camera_msgs/msg/rosidl_typesupport_fastrtps_cpp__visibility_control.h
[25.897s] -- Up-to-date symlink: /home/xtark/tarkbot/ros2_ws/install/astra_camera_msgs/include/astra_camera_msgs/srv/detail/get_camera_info__rosidl_typesupport_fastrtps_cpp.hpp
[25.897s] -- Up-to-date symlink: /home/xtark/tarkbot/ros2_ws/install/astra_camera_msgs/include/astra_camera_msgs/srv/detail/get_camera_params__rosidl_typesupport_fastrtps_cpp.hpp
[25.898s] -- Up-to-date symlink: /home/xtark/tarkbot/ros2_ws/install/astra_camera_msgs/include/astra_camera_msgs/srv/detail/get_device_info__rosidl_typesupport_fastrtps_cpp.hpp
[25.898s] -- Up-to-date symlink: /home/xtark/tarkbot/ros2_ws/install/astra_camera_msgs/include/astra_camera_msgs/srv/detail/get_int32__rosidl_typesupport_fastrtps_cpp.hpp
[25.899s] -- Up-to-date symlink: /home/xtark/tarkbot/ros2_ws/install/astra_camera_msgs/include/astra_camera_msgs/srv/detail/get_string__rosidl_typesupport_fastrtps_cpp.hpp
[25.899s] -- Up-to-date symlink: /home/xtark/tarkbot/ros2_ws/install/astra_camera_msgs/include/astra_camera_msgs/srv/detail/set_int32__rosidl_typesupport_fastrtps_cpp.hpp
[25.900s] -- Up-to-date symlink: /home/xtark/tarkbot/ros2_ws/install/astra_camera_msgs/lib/libastra_camera_msgs__rosidl_typesupport_fastrtps_cpp.so
[25.900s] -- Up-to-date symlink: /home/xtark/tarkbot/ros2_ws/install/astra_camera_msgs/include/astra_camera_msgs/msg/detail/device_info__rosidl_typesupport_introspection_c.h
[25.901s] -- Up-to-date symlink: /home/xtark/tarkbot/ros2_ws/install/astra_camera_msgs/include/astra_camera_msgs/msg/detail/extrinsics__rosidl_typesupport_introspection_c.h
[25.901s] -- Up-to-date symlink: /home/xtark/tarkbot/ros2_ws/install/astra_camera_msgs/include/astra_camera_msgs/msg/detail/metadata__rosidl_typesupport_introspection_c.h
[25.902s] -- Up-to-date symlink: /home/xtark/tarkbot/ros2_ws/install/astra_camera_msgs/include/astra_camera_msgs/msg/rosidl_typesupport_introspection_c__visibility_control.h
[25.903s] -- Up-to-date symlink: /home/xtark/tarkbot/ros2_ws/install/astra_camera_msgs/include/astra_camera_msgs/srv/detail/get_camera_info__rosidl_typesupport_introspection_c.h
[25.904s] -- Up-to-date symlink: /home/xtark/tarkbot/ros2_ws/install/astra_camera_msgs/include/astra_camera_msgs/srv/detail/get_camera_params__rosidl_typesupport_introspection_c.h
[25.904s] -- Up-to-date symlink: /home/xtark/tarkbot/ros2_ws/install/astra_camera_msgs/include/astra_camera_msgs/srv/detail/get_device_info__rosidl_typesupport_introspection_c.h
[25.905s] -- Up-to-date symlink: /home/xtark/tarkbot/ros2_ws/install/astra_camera_msgs/include/astra_camera_msgs/srv/detail/get_int32__rosidl_typesupport_introspection_c.h
[25.905s] -- Up-to-date symlink: /home/xtark/tarkbot/ros2_ws/install/astra_camera_msgs/include/astra_camera_msgs/srv/detail/get_string__rosidl_typesupport_introspection_c.h
[25.906s] -- Up-to-date symlink: /home/xtark/tarkbot/ros2_ws/install/astra_camera_msgs/include/astra_camera_msgs/srv/detail/set_int32__rosidl_typesupport_introspection_c.h
[25.906s] -- Up-to-date symlink: /home/xtark/tarkbot/ros2_ws/install/astra_camera_msgs/include/astra_camera_msgs/msg/detail/device_info__builder.hpp
[25.908s] -- Up-to-date symlink: /home/xtark/tarkbot/ros2_ws/install/astra_camera_msgs/include/astra_camera_msgs/msg/detail/device_info__struct.hpp
[25.908s] -- Up-to-date symlink: /home/xtark/tarkbot/ros2_ws/install/astra_camera_msgs/include/astra_camera_msgs/msg/detail/device_info__traits.hpp
[25.909s] -- Up-to-date symlink: /home/xtark/tarkbot/ros2_ws/install/astra_camera_msgs/include/astra_camera_msgs/msg/detail/device_info__type_support.hpp
[25.910s] -- Up-to-date symlink: /home/xtark/tarkbot/ros2_ws/install/astra_camera_msgs/include/astra_camera_msgs/msg/detail/extrinsics__builder.hpp
[25.910s] -- Up-to-date symlink: /home/xtark/tarkbot/ros2_ws/install/astra_camera_msgs/include/astra_camera_msgs/msg/detail/extrinsics__struct.hpp
[25.911s] -- Up-to-date symlink: /home/xtark/tarkbot/ros2_ws/install/astra_camera_msgs/include/astra_camera_msgs/msg/detail/extrinsics__traits.hpp
[25.911s] -- Up-to-date symlink: /home/xtark/tarkbot/ros2_ws/install/astra_camera_msgs/include/astra_camera_msgs/msg/detail/extrinsics__type_support.hpp
[25.912s] -- Up-to-date symlink: /home/xtark/tarkbot/ros2_ws/install/astra_camera_msgs/include/astra_camera_msgs/msg/detail/metadata__builder.hpp
[25.912s] -- Up-to-date symlink: /home/xtark/tarkbot/ros2_ws/install/astra_camera_msgs/include/astra_camera_msgs/msg/detail/metadata__struct.hpp
[25.913s] -- Up-to-date symlink: /home/xtark/tarkbot/ros2_ws/install/astra_camera_msgs/include/astra_camera_msgs/msg/detail/metadata__traits.hpp
[25.913s] -- Up-to-date symlink: /home/xtark/tarkbot/ros2_ws/install/astra_camera_msgs/include/astra_camera_msgs/msg/detail/metadata__type_support.hpp
[25.914s] -- Up-to-date symlink: /home/xtark/tarkbot/ros2_ws/install/astra_camera_msgs/include/astra_camera_msgs/msg/device_info.hpp
[25.924s] -- Up-to-date symlink: /home/xtark/tarkbot/ros2_ws/install/astra_camera_msgs/include/astra_camera_msgs/msg/extrinsics.hpp
[25.928s] -- Up-to-date symlink: /home/xtark/tarkbot/ros2_ws/install/astra_camera_msgs/include/astra_camera_msgs/msg/metadata.hpp
[25.928s] -- Up-to-date symlink: /home/xtark/tarkbot/ros2_ws/install/astra_camera_msgs/include/astra_camera_msgs/msg/rosidl_generator_cpp__visibility_control.hpp
[25.929s] -- Up-to-date symlink: /home/xtark/tarkbot/ros2_ws/install/astra_camera_msgs/include/astra_camera_msgs/srv/detail/get_camera_info__builder.hpp
[25.930s] -- Up-to-date symlink: /home/xtark/tarkbot/ros2_ws/install/astra_camera_msgs/include/astra_camera_msgs/srv/detail/get_camera_info__struct.hpp
[25.930s] -- Up-to-date symlink: /home/xtark/tarkbot/ros2_ws/install/astra_camera_msgs/include/astra_camera_msgs/srv/detail/get_camera_info__traits.hpp
[25.931s] -- Up-to-date symlink: /home/xtark/tarkbot/ros2_ws/install/astra_camera_msgs/include/astra_camera_msgs/srv/detail/get_camera_info__type_support.hpp
[25.931s] -- Up-to-date symlink: /home/xtark/tarkbot/ros2_ws/install/astra_camera_msgs/include/astra_camera_msgs/srv/detail/get_camera_params__builder.hpp
[25.932s] -- Up-to-date symlink: /home/xtark/tarkbot/ros2_ws/install/astra_camera_msgs/include/astra_camera_msgs/srv/detail/get_camera_params__struct.hpp
[25.933s] -- Up-to-date symlink: /home/xtark/tarkbot/ros2_ws/install/astra_camera_msgs/include/astra_camera_msgs/srv/detail/get_camera_params__traits.hpp
[25.933s] -- Up-to-date symlink: /home/xtark/tarkbot/ros2_ws/install/astra_camera_msgs/include/astra_camera_msgs/srv/detail/get_camera_params__type_support.hpp
[25.934s] -- Up-to-date symlink: /home/xtark/tarkbot/ros2_ws/install/astra_camera_msgs/include/astra_camera_msgs/srv/detail/get_device_info__builder.hpp
[25.943s] -- Up-to-date symlink: /home/xtark/tarkbot/ros2_ws/install/astra_camera_msgs/include/astra_camera_msgs/srv/detail/get_device_info__struct.hpp
[25.946s] -- Up-to-date symlink: /home/xtark/tarkbot/ros2_ws/install/astra_camera_msgs/include/astra_camera_msgs/srv/detail/get_device_info__traits.hpp
[25.948s] -- Up-to-date symlink: /home/xtark/tarkbot/ros2_ws/install/astra_camera_msgs/include/astra_camera_msgs/srv/detail/get_device_info__type_support.hpp
[25.953s] -- Up-to-date symlink: /home/xtark/tarkbot/ros2_ws/install/astra_camera_msgs/include/astra_camera_msgs/srv/detail/get_int32__builder.hpp
[25.954s] -- Up-to-date symlink: /home/xtark/tarkbot/ros2_ws/install/astra_camera_msgs/include/astra_camera_msgs/srv/detail/get_int32__struct.hpp
[25.960s] -- Up-to-date symlink: /home/xtark/tarkbot/ros2_ws/install/astra_camera_msgs/include/astra_camera_msgs/srv/detail/get_int32__traits.hpp
[25.963s] -- Up-to-date symlink: /home/xtark/tarkbot/ros2_ws/install/astra_camera_msgs/include/astra_camera_msgs/srv/detail/get_int32__type_support.hpp
[25.964s] -- Up-to-date symlink: /home/xtark/tarkbot/ros2_ws/install/astra_camera_msgs/include/astra_camera_msgs/srv/detail/get_string__builder.hpp
[25.965s] -- Up-to-date symlink: /home/xtark/tarkbot/ros2_ws/install/astra_camera_msgs/include/astra_camera_msgs/srv/detail/get_string__struct.hpp
[25.966s] -- Up-to-date symlink: /home/xtark/tarkbot/ros2_ws/install/astra_camera_msgs/include/astra_camera_msgs/srv/detail/get_string__traits.hpp
[25.967s] -- Up-to-date symlink: /home/xtark/tarkbot/ros2_ws/install/astra_camera_msgs/include/astra_camera_msgs/srv/detail/get_string__type_support.hpp
[25.968s] -- Up-to-date symlink: /home/xtark/tarkbot/ros2_ws/install/astra_camera_msgs/include/astra_camera_msgs/srv/detail/set_int32__builder.hpp
[25.969s] -- Up-to-date symlink: /home/xtark/tarkbot/ros2_ws/install/astra_camera_msgs/include/astra_camera_msgs/srv/detail/set_int32__struct.hpp
[25.969s] -- Up-to-date symlink: /home/xtark/tarkbot/ros2_ws/install/astra_camera_msgs/include/astra_camera_msgs/srv/detail/set_int32__traits.hpp
[25.970s] -- Up-to-date symlink: /home/xtark/tarkbot/ros2_ws/install/astra_camera_msgs/include/astra_camera_msgs/srv/detail/set_int32__type_support.hpp
[25.971s] -- Up-to-date symlink: /home/xtark/tarkbot/ros2_ws/install/astra_camera_msgs/include/astra_camera_msgs/srv/get_camera_info.hpp
[25.972s] -- Up-to-date symlink: /home/xtark/tarkbot/ros2_ws/install/astra_camera_msgs/include/astra_camera_msgs/srv/get_camera_params.hpp
[25.972s] -- Up-to-date symlink: /home/xtark/tarkbot/ros2_ws/install/astra_camera_msgs/include/astra_camera_msgs/srv/get_device_info.hpp
[25.973s] -- Up-to-date symlink: /home/xtark/tarkbot/ros2_ws/install/astra_camera_msgs/include/astra_camera_msgs/srv/get_int32.hpp
[25.976s] -- Up-to-date symlink: /home/xtark/tarkbot/ros2_ws/install/astra_camera_msgs/include/astra_camera_msgs/srv/get_string.hpp
[25.976s] -- Up-to-date symlink: /home/xtark/tarkbot/ros2_ws/install/astra_camera_msgs/include/astra_camera_msgs/srv/set_int32.hpp
[25.981s] -- Up-to-date symlink: /home/xtark/tarkbot/ros2_ws/install/astra_camera_msgs/include/astra_camera_msgs/msg/detail/device_info__rosidl_typesupport_introspection_cpp.hpp
[25.984s] -- Up-to-date symlink: /home/xtark/tarkbot/ros2_ws/install/astra_camera_msgs/include/astra_camera_msgs/msg/detail/extrinsics__rosidl_typesupport_introspection_cpp.hpp
[25.985s] -- Up-to-date symlink: /home/xtark/tarkbot/ros2_ws/install/astra_camera_msgs/include/astra_camera_msgs/msg/detail/metadata__rosidl_typesupport_introspection_cpp.hpp
[25.986s] -- Up-to-date symlink: /home/xtark/tarkbot/ros2_ws/install/astra_camera_msgs/include/astra_camera_msgs/srv/detail/get_camera_info__rosidl_typesupport_introspection_cpp.hpp
[25.988s] -- Up-to-date symlink: /home/xtark/tarkbot/ros2_ws/install/astra_camera_msgs/include/astra_camera_msgs/srv/detail/get_camera_params__rosidl_typesupport_introspection_cpp.hpp
[25.995s] -- Up-to-date symlink: /home/xtark/tarkbot/ros2_ws/install/astra_camera_msgs/include/astra_camera_msgs/srv/detail/get_device_info__rosidl_typesupport_introspection_cpp.hpp
[25.996s] -- Up-to-date symlink: /home/xtark/tarkbot/ros2_ws/install/astra_camera_msgs/include/astra_camera_msgs/srv/detail/get_int32__rosidl_typesupport_introspection_cpp.hpp
[25.997s] -- Up-to-date symlink: /home/xtark/tarkbot/ros2_ws/install/astra_camera_msgs/include/astra_camera_msgs/srv/detail/get_string__rosidl_typesupport_introspection_cpp.hpp
[25.997s] -- Up-to-date symlink: /home/xtark/tarkbot/ros2_ws/install/astra_camera_msgs/include/astra_camera_msgs/srv/detail/set_int32__rosidl_typesupport_introspection_cpp.hpp
[25.998s] -- Up-to-date symlink: /home/xtark/tarkbot/ros2_ws/install/astra_camera_msgs/share/astra_camera_msgs/environment/pythonpath.sh
[25.999s] -- Up-to-date symlink: /home/xtark/tarkbot/ros2_ws/install/astra_camera_msgs/share/astra_camera_msgs/environment/pythonpath.dsv
[25.999s] -- Up-to-date symlink: /home/xtark/tarkbot/ros2_ws/install/astra_camera_msgs/lib/python3.8/site-packages/astra_camera_msgs/__init__.py
[25.999s] -- Up-to-date symlink: /home/xtark/tarkbot/ros2_ws/install/astra_camera_msgs/lib/python3.8/site-packages/astra_camera_msgs/msg/__init__.py
[26.003s] -- Up-to-date symlink: /home/xtark/tarkbot/ros2_ws/install/astra_camera_msgs/lib/python3.8/site-packages/astra_camera_msgs/msg/_device_info.py
[26.003s] -- Up-to-date symlink: /home/xtark/tarkbot/ros2_ws/install/astra_camera_msgs/lib/python3.8/site-packages/astra_camera_msgs/msg/_extrinsics.py
[26.004s] -- Up-to-date symlink: /home/xtark/tarkbot/ros2_ws/install/astra_camera_msgs/lib/python3.8/site-packages/astra_camera_msgs/msg/_metadata.py
[26.004s] -- Up-to-date symlink: /home/xtark/tarkbot/ros2_ws/install/astra_camera_msgs/lib/python3.8/site-packages/astra_camera_msgs/srv/__init__.py
[26.005s] -- Up-to-date symlink: /home/xtark/tarkbot/ros2_ws/install/astra_camera_msgs/lib/python3.8/site-packages/astra_camera_msgs/srv/_get_camera_info.py
[26.005s] -- Up-to-date symlink: /home/xtark/tarkbot/ros2_ws/install/astra_camera_msgs/lib/python3.8/site-packages/astra_camera_msgs/srv/_get_camera_params.py
[26.006s] -- Up-to-date symlink: /home/xtark/tarkbot/ros2_ws/install/astra_camera_msgs/lib/python3.8/site-packages/astra_camera_msgs/srv/_get_device_info.py
[26.006s] -- Up-to-date symlink: /home/xtark/tarkbot/ros2_ws/install/astra_camera_msgs/lib/python3.8/site-packages/astra_camera_msgs/srv/_get_int32.py
[26.006s] -- Up-to-date symlink: /home/xtark/tarkbot/ros2_ws/install/astra_camera_msgs/lib/python3.8/site-packages/astra_camera_msgs/srv/_get_string.py
[26.008s] -- Up-to-date symlink: /home/xtark/tarkbot/ros2_ws/install/astra_camera_msgs/lib/python3.8/site-packages/astra_camera_msgs/srv/_set_int32.py
[26.008s] -- Up-to-date symlink: /home/xtark/tarkbot/ros2_ws/install/astra_camera_msgs/lib/python3.8/site-packages/astra_camera_msgs/astra_camera_msgs_s__rosidl_typesupport_fastrtps_c.cpython-38-aarch64-linux-gnu.so
[26.009s] -- Up-to-date symlink: /home/xtark/tarkbot/ros2_ws/install/astra_camera_msgs/lib/python3.8/site-packages/astra_camera_msgs/astra_camera_msgs_s__rosidl_typesupport_introspection_c.cpython-38-aarch64-linux-gnu.so
[26.009s] -- Up-to-date symlink: /home/xtark/tarkbot/ros2_ws/install/astra_camera_msgs/lib/python3.8/site-packages/astra_camera_msgs/astra_camera_msgs_s__rosidl_typesupport_c.cpython-38-aarch64-linux-gnu.so
[26.009s] -- Up-to-date symlink: /home/xtark/tarkbot/ros2_ws/install/astra_camera_msgs/lib/libastra_camera_msgs__python.so
[26.010s] -- Up-to-date symlink: /home/xtark/tarkbot/ros2_ws/install/astra_camera_msgs/share/astra_camera_msgs/msg/DeviceInfo.idl
[26.010s] -- Up-to-date symlink: /home/xtark/tarkbot/ros2_ws/install/astra_camera_msgs/share/astra_camera_msgs/msg/Extrinsics.idl
[26.011s] -- Up-to-date symlink: /home/xtark/tarkbot/ros2_ws/install/astra_camera_msgs/share/astra_camera_msgs/msg/Metadata.idl
[26.014s] -- Up-to-date symlink: /home/xtark/tarkbot/ros2_ws/install/astra_camera_msgs/share/astra_camera_msgs/srv/GetDeviceInfo.idl
[26.015s] -- Up-to-date symlink: /home/xtark/tarkbot/ros2_ws/install/astra_camera_msgs/share/astra_camera_msgs/srv/GetCameraInfo.idl
[26.016s] -- Up-to-date symlink: /home/xtark/tarkbot/ros2_ws/install/astra_camera_msgs/share/astra_camera_msgs/srv/GetCameraParams.idl
[26.016s] -- Up-to-date symlink: /home/xtark/tarkbot/ros2_ws/install/astra_camera_msgs/share/astra_camera_msgs/srv/GetInt32.idl
[26.017s] -- Up-to-date symlink: /home/xtark/tarkbot/ros2_ws/install/astra_camera_msgs/share/astra_camera_msgs/srv/GetString.idl
[26.017s] -- Up-to-date symlink: /home/xtark/tarkbot/ros2_ws/install/astra_camera_msgs/share/astra_camera_msgs/srv/SetInt32.idl
[26.018s] -- Up-to-date symlink: /home/xtark/tarkbot/ros2_ws/install/astra_camera_msgs/share/astra_camera_msgs/msg/DeviceInfo.msg
[26.018s] -- Up-to-date symlink: /home/xtark/tarkbot/ros2_ws/install/astra_camera_msgs/share/astra_camera_msgs/msg/Extrinsics.msg
[26.019s] -- Up-to-date symlink: /home/xtark/tarkbot/ros2_ws/install/astra_camera_msgs/share/astra_camera_msgs/msg/Metadata.msg
[26.020s] -- Up-to-date symlink: /home/xtark/tarkbot/ros2_ws/install/astra_camera_msgs/share/astra_camera_msgs/srv/GetDeviceInfo.srv
[26.021s] -- Up-to-date symlink: /home/xtark/tarkbot/ros2_ws/install/astra_camera_msgs/share/astra_camera_msgs/srv/GetDeviceInfo_Request.msg
[26.021s] -- Up-to-date symlink: /home/xtark/tarkbot/ros2_ws/install/astra_camera_msgs/share/astra_camera_msgs/srv/GetDeviceInfo_Response.msg
[26.022s] -- Up-to-date symlink: /home/xtark/tarkbot/ros2_ws/install/astra_camera_msgs/share/astra_camera_msgs/srv/GetCameraInfo.srv
[26.023s] -- Up-to-date symlink: /home/xtark/tarkbot/ros2_ws/install/astra_camera_msgs/share/astra_camera_msgs/srv/GetCameraInfo_Request.msg
[26.023s] -- Up-to-date symlink: /home/xtark/tarkbot/ros2_ws/install/astra_camera_msgs/share/astra_camera_msgs/srv/GetCameraInfo_Response.msg
[26.024s] -- Up-to-date symlink: /home/xtark/tarkbot/ros2_ws/install/astra_camera_msgs/share/astra_camera_msgs/srv/GetCameraParams.srv
[26.025s] -- Up-to-date symlink: /home/xtark/tarkbot/ros2_ws/install/astra_camera_msgs/share/astra_camera_msgs/srv/GetCameraParams_Request.msg
[26.025s] -- Up-to-date symlink: /home/xtark/tarkbot/ros2_ws/install/astra_camera_msgs/share/astra_camera_msgs/srv/GetCameraParams_Response.msg
[26.030s] -- Up-to-date symlink: /home/xtark/tarkbot/ros2_ws/install/astra_camera_msgs/share/astra_camera_msgs/srv/GetInt32.srv
[26.030s] -- Up-to-date symlink: /home/xtark/tarkbot/ros2_ws/install/astra_camera_msgs/share/astra_camera_msgs/srv/GetInt32_Request.msg
[26.031s] -- Up-to-date symlink: /home/xtark/tarkbot/ros2_ws/install/astra_camera_msgs/share/astra_camera_msgs/srv/GetInt32_Response.msg
[26.032s] -- Up-to-date symlink: /home/xtark/tarkbot/ros2_ws/install/astra_camera_msgs/share/astra_camera_msgs/srv/GetString.srv
[26.032s] -- Up-to-date symlink: /home/xtark/tarkbot/ros2_ws/install/astra_camera_msgs/share/astra_camera_msgs/srv/GetString_Request.msg
[26.033s] -- Up-to-date symlink: /home/xtark/tarkbot/ros2_ws/install/astra_camera_msgs/share/astra_camera_msgs/srv/GetString_Response.msg
[26.033s] -- Up-to-date symlink: /home/xtark/tarkbot/ros2_ws/install/astra_camera_msgs/share/astra_camera_msgs/srv/SetInt32.srv
[26.034s] -- Up-to-date symlink: /home/xtark/tarkbot/ros2_ws/install/astra_camera_msgs/share/astra_camera_msgs/srv/SetInt32_Request.msg
[26.043s] -- Up-to-date symlink: /home/xtark/tarkbot/ros2_ws/install/astra_camera_msgs/share/astra_camera_msgs/srv/SetInt32_Response.msg
[26.044s] -- Up-to-date symlink: /home/xtark/tarkbot/ros2_ws/install/astra_camera_msgs/share/ament_index/resource_index/package_run_dependencies/astra_camera_msgs
[26.045s] -- Up-to-date symlink: /home/xtark/tarkbot/ros2_ws/install/astra_camera_msgs/share/ament_index/resource_index/parent_prefix_path/astra_camera_msgs
[26.045s] -- Up-to-date symlink: /home/xtark/tarkbot/ros2_ws/install/astra_camera_msgs/share/astra_camera_msgs/environment/ament_prefix_path.sh
[26.046s] -- Up-to-date symlink: /home/xtark/tarkbot/ros2_ws/install/astra_camera_msgs/share/astra_camera_msgs/environment/ament_prefix_path.dsv
[26.047s] -- Up-to-date symlink: /home/xtark/tarkbot/ros2_ws/install/astra_camera_msgs/share/astra_camera_msgs/environment/path.sh
[26.048s] -- Up-to-date symlink: /home/xtark/tarkbot/ros2_ws/install/astra_camera_msgs/share/astra_camera_msgs/environment/path.dsv
[26.048s] -- Up-to-date symlink: /home/xtark/tarkbot/ros2_ws/install/astra_camera_msgs/share/astra_camera_msgs/local_setup.bash
[26.049s] -- Up-to-date symlink: /home/xtark/tarkbot/ros2_ws/install/astra_camera_msgs/share/astra_camera_msgs/local_setup.sh
[26.049s] -- Up-to-date symlink: /home/xtark/tarkbot/ros2_ws/install/astra_camera_msgs/share/astra_camera_msgs/local_setup.zsh
[26.050s] -- Up-to-date symlink: /home/xtark/tarkbot/ros2_ws/install/astra_camera_msgs/share/astra_camera_msgs/local_setup.dsv
[26.051s] -- Symlinking: /home/xtark/tarkbot/ros2_ws/install/astra_camera_msgs/share/astra_camera_msgs/package.dsv
[26.085s] -- Up-to-date symlink: /home/xtark/tarkbot/ros2_ws/install/astra_camera_msgs/share/ament_index/resource_index/packages/astra_camera_msgs
[26.087s] -- Up-to-date symlink: /home/xtark/tarkbot/ros2_ws/install/astra_camera_msgs/share/astra_camera_msgs/cmake/rosidl_cmake-extras.cmake
[26.089s] -- Up-to-date symlink: /home/xtark/tarkbot/ros2_ws/install/astra_camera_msgs/share/astra_camera_msgs/cmake/ament_cmake_export_dependencies-extras.cmake
[26.092s] -- Up-to-date symlink: /home/xtark/tarkbot/ros2_ws/install/astra_camera_msgs/share/astra_camera_msgs/cmake/ament_cmake_export_libraries-extras.cmake
[26.094s] -- Up-to-date symlink: /home/xtark/tarkbot/ros2_ws/install/astra_camera_msgs/share/astra_camera_msgs/cmake/ament_cmake_export_targets-extras.cmake
[26.096s] -- Up-to-date symlink: /home/xtark/tarkbot/ros2_ws/install/astra_camera_msgs/share/astra_camera_msgs/cmake/ament_cmake_export_include_directories-extras.cmake
[26.102s] -- Up-to-date symlink: /home/xtark/tarkbot/ros2_ws/install/astra_camera_msgs/share/astra_camera_msgs/cmake/rosidl_cmake_export_typesupport_libraries-extras.cmake
[26.105s] -- Up-to-date symlink: /home/xtark/tarkbot/ros2_ws/install/astra_camera_msgs/share/astra_camera_msgs/cmake/rosidl_cmake_export_typesupport_targets-extras.cmake
[26.108s] -- Up-to-date symlink: /home/xtark/tarkbot/ros2_ws/install/astra_camera_msgs/share/astra_camera_msgs/cmake/astra_camera_msgsConfig.cmake
[26.113s] -- Up-to-date symlink: /home/xtark/tarkbot/ros2_ws/install/astra_camera_msgs/share/astra_camera_msgs/cmake/astra_camera_msgsConfig-version.cmake
[26.118s] -- Up-to-date symlink: /home/xtark/tarkbot/ros2_ws/install/astra_camera_msgs/share/astra_camera_msgs/package.xml
[26.123s] -- Up-to-date: /home/xtark/tarkbot/ros2_ws/install/astra_camera_msgs/lib/libastra_camera_msgs__rosidl_generator_c.so
[26.130s] -- Up-to-date: /home/xtark/tarkbot/ros2_ws/install/astra_camera_msgs/lib/libastra_camera_msgs__rosidl_typesupport_introspection_c.so
[26.137s] -- Up-to-date: /home/xtark/tarkbot/ros2_ws/install/astra_camera_msgs/lib/libastra_camera_msgs__rosidl_typesupport_c.so
[26.141s] -- Up-to-date: /home/xtark/tarkbot/ros2_ws/install/astra_camera_msgs/lib/libastra_camera_msgs__rosidl_typesupport_introspection_cpp.so
[26.147s] -- Up-to-date: /home/xtark/tarkbot/ros2_ws/install/astra_camera_msgs/lib/libastra_camera_msgs__rosidl_typesupport_cpp.so
[26.387s] -- Up-to-date: /home/xtark/tarkbot/ros2_ws/install/astra_camera_msgs/share/astra_camera_msgs/cmake/astra_camera_msgs__rosidl_generator_cExport.cmake
[26.388s] -- Up-to-date: /home/xtark/tarkbot/ros2_ws/install/astra_camera_msgs/share/astra_camera_msgs/cmake/astra_camera_msgs__rosidl_generator_cExport-release.cmake
[26.397s] -- Up-to-date: /home/xtark/tarkbot/ros2_ws/install/astra_camera_msgs/share/astra_camera_msgs/cmake/astra_camera_msgs__rosidl_typesupport_introspection_cExport.cmake
[26.401s] -- Up-to-date: /home/xtark/tarkbot/ros2_ws/install/astra_camera_msgs/share/astra_camera_msgs/cmake/astra_camera_msgs__rosidl_typesupport_introspection_cExport-release.cmake
[26.404s] -- Up-to-date: /home/xtark/tarkbot/ros2_ws/install/astra_camera_msgs/share/astra_camera_msgs/cmake/astra_camera_msgs__rosidl_typesupport_cExport.cmake
[26.406s] -- Up-to-date: /home/xtark/tarkbot/ros2_ws/install/astra_camera_msgs/share/astra_camera_msgs/cmake/astra_camera_msgs__rosidl_typesupport_cExport-release.cmake
[26.409s] -- Up-to-date: /home/xtark/tarkbot/ros2_ws/install/astra_camera_msgs/share/astra_camera_msgs/cmake/astra_camera_msgs__rosidl_generator_cppExport.cmake
[26.411s] -- Up-to-date: /home/xtark/tarkbot/ros2_ws/install/astra_camera_msgs/share/astra_camera_msgs/cmake/astra_camera_msgs__rosidl_typesupport_introspection_cppExport.cmake
[26.415s] -- Up-to-date: /home/xtark/tarkbot/ros2_ws/install/astra_camera_msgs/share/astra_camera_msgs/cmake/astra_camera_msgs__rosidl_typesupport_introspection_cppExport-release.cmake
[26.420s] -- Up-to-date: /home/xtark/tarkbot/ros2_ws/install/astra_camera_msgs/share/astra_camera_msgs/cmake/astra_camera_msgs__rosidl_typesupport_cppExport.cmake
[26.422s] -- Up-to-date: /home/xtark/tarkbot/ros2_ws/install/astra_camera_msgs/share/astra_camera_msgs/cmake/astra_camera_msgs__rosidl_typesupport_cppExport-release.cmake
[26.431s] Invoked command in '/home/xtark/tarkbot/ros2_ws/build/astra_camera_msgs' returned '0': CMAKE_PREFIX_PATH=${CMAKE_PREFIX_PATH}:/opt/ros/foxy /usr/bin/cmake --install /home/xtark/tarkbot/ros2_ws/build/astra_camera_msgs
