[14.793s] Invoking command in '/home/xtark/tarkbot/ros2_ws/build/rplidar_ros': CMAKE_PREFIX_PATH=${CMAKE_PREFIX_PATH}:/opt/ros/foxy /usr/bin/cmake --build /home/xtark/tarkbot/ros2_ws/build/rplidar_ros -- -j4 -l4
[15.472s] [100%] Built target rplidar_node
[19.497s] Invoked command in '/home/xtark/tarkbot/ros2_ws/build/rplidar_ros' returned '0': CMAKE_PREFIX_PATH=${CMAKE_PREFIX_PATH}:/opt/ros/foxy /usr/bin/cmake --build /home/xtark/tarkbot/ros2_ws/build/rplidar_ros -- -j4 -l4
[20.284s] Invoking command in '/home/xtark/tarkbot/ros2_ws/build/rplidar_ros': CMAKE_PREFIX_PATH=${CMAKE_PREFIX_PATH}:/opt/ros/foxy /usr/bin/cmake --install /home/xtark/tarkbot/ros2_ws/build/rplidar_ros
[20.451s] -- Install configuration: "Release"
[20.452s] -- Up-to-date: /home/xtark/tarkbot/ros2_ws/install/rplidar_ros/lib/rplidar_ros/rplidar_node
[20.453s] -- Up-to-date: /home/xtark/tarkbot/ros2_ws/install/rplidar_ros/share/rplidar_ros//launch
[20.463s] -- Up-to-date: /home/xtark/tarkbot/ros2_ws/install/rplidar_ros/share/rplidar_ros//launch/rplidar_a3.launch
[20.465s] -- Up-to-date: /home/xtark/tarkbot/ros2_ws/install/rplidar_ros/share/rplidar_ros//launch/view_rplidar_a3.launch
[20.467s] -- Up-to-date: /home/xtark/tarkbot/ros2_ws/install/rplidar_ros/share/rplidar_ros//launch/__pycache__
[20.469s] -- Up-to-date: /home/xtark/tarkbot/ros2_ws/install/rplidar_ros/share/rplidar_ros//launch/__pycache__/rplidar_tarkbot.launch.cpython-38.pyc
[20.476s] -- Up-to-date: /home/xtark/tarkbot/ros2_ws/install/rplidar_ros/share/rplidar_ros//launch/rplidar_tarkbot.launch.py
[20.477s] -- Up-to-date: /home/xtark/tarkbot/ros2_ws/install/rplidar_ros/share/rplidar_ros//launch/rplidar_s1.launch
[20.478s] -- Up-to-date: /home/xtark/tarkbot/ros2_ws/install/rplidar_ros/share/rplidar_ros//launch/rplidar.launch
[20.479s] -- Up-to-date: /home/xtark/tarkbot/ros2_ws/install/rplidar_ros/share/rplidar_ros//launch/rplidar_s1_tcp.launch
[20.479s] -- Up-to-date: /home/xtark/tarkbot/ros2_ws/install/rplidar_ros/share/rplidar_ros//launch/test_rplidar.launch
[20.481s] -- Up-to-date: /home/xtark/tarkbot/ros2_ws/install/rplidar_ros/share/rplidar_ros//launch/view_rplidar.launch
[20.481s] -- Up-to-date: /home/xtark/tarkbot/ros2_ws/install/rplidar_ros/share/rplidar_ros//launch/view_rplidar_s1.launch
[20.482s] -- Up-to-date: /home/xtark/tarkbot/ros2_ws/install/rplidar_ros/share/rplidar_ros//launch/test_rplidar_a3.launch
[20.483s] -- Up-to-date: /home/xtark/tarkbot/ros2_ws/install/rplidar_ros/share/rplidar_ros//launch/view_rplidar_s1_tcp.launch
[20.502s] -- Up-to-date: /home/xtark/tarkbot/ros2_ws/install/rplidar_ros/share/rplidar_ros//rviz
[20.504s] -- Up-to-date: /home/xtark/tarkbot/ros2_ws/install/rplidar_ros/share/rplidar_ros//rviz/rplidar.rviz
[20.507s] -- Up-to-date: /home/xtark/tarkbot/ros2_ws/install/rplidar_ros/share/rplidar_ros//sdk
[20.509s] -- Up-to-date: /home/xtark/tarkbot/ros2_ws/install/rplidar_ros/share/rplidar_ros//sdk/src
[20.512s] -- Up-to-date: /home/xtark/tarkbot/ros2_ws/install/rplidar_ros/share/rplidar_ros//sdk/src/rplidar_driver.cpp
[20.528s] -- Up-to-date: /home/xtark/tarkbot/ros2_ws/install/rplidar_ros/share/rplidar_ros//sdk/src/rplidar_driver_serial.h
[20.529s] -- Up-to-date: /home/xtark/tarkbot/ros2_ws/install/rplidar_ros/share/rplidar_ros//sdk/src/arch
[20.530s] -- Up-to-date: /home/xtark/tarkbot/ros2_ws/install/rplidar_ros/share/rplidar_ros//sdk/src/arch/linux
[20.531s] -- Up-to-date: /home/xtark/tarkbot/ros2_ws/install/rplidar_ros/share/rplidar_ros//sdk/src/arch/linux/arch_linux.h
[20.532s] -- Up-to-date: /home/xtark/tarkbot/ros2_ws/install/rplidar_ros/share/rplidar_ros//sdk/src/arch/linux/net_serial.h
[20.533s] -- Up-to-date: /home/xtark/tarkbot/ros2_ws/install/rplidar_ros/share/rplidar_ros//sdk/src/arch/linux/net_serial.cpp
[20.534s] -- Up-to-date: /home/xtark/tarkbot/ros2_ws/install/rplidar_ros/share/rplidar_ros//sdk/src/arch/linux/net_socket.cpp
[20.539s] -- Up-to-date: /home/xtark/tarkbot/ros2_ws/install/rplidar_ros/share/rplidar_ros//sdk/src/arch/linux/thread.hpp
[20.540s] -- Up-to-date: /home/xtark/tarkbot/ros2_ws/install/rplidar_ros/share/rplidar_ros//sdk/src/arch/linux/timer.h
[20.541s] -- Up-to-date: /home/xtark/tarkbot/ros2_ws/install/rplidar_ros/share/rplidar_ros//sdk/src/arch/linux/timer.cpp
[20.541s] -- Up-to-date: /home/xtark/tarkbot/ros2_ws/install/rplidar_ros/share/rplidar_ros//sdk/src/arch/win32
[20.542s] -- Up-to-date: /home/xtark/tarkbot/ros2_ws/install/rplidar_ros/share/rplidar_ros//sdk/src/arch/win32/net_serial.h
[20.542s] -- Up-to-date: /home/xtark/tarkbot/ros2_ws/install/rplidar_ros/share/rplidar_ros//sdk/src/arch/win32/net_serial.cpp
[20.543s] -- Up-to-date: /home/xtark/tarkbot/ros2_ws/install/rplidar_ros/share/rplidar_ros//sdk/src/arch/win32/net_socket.cpp
[20.543s] -- Up-to-date: /home/xtark/tarkbot/ros2_ws/install/rplidar_ros/share/rplidar_ros//sdk/src/arch/win32/winthread.hpp
[20.544s] -- Up-to-date: /home/xtark/tarkbot/ros2_ws/install/rplidar_ros/share/rplidar_ros//sdk/src/arch/win32/arch_win32.h
[20.545s] -- Up-to-date: /home/xtark/tarkbot/ros2_ws/install/rplidar_ros/share/rplidar_ros//sdk/src/arch/win32/timer.h
[20.546s] -- Up-to-date: /home/xtark/tarkbot/ros2_ws/install/rplidar_ros/share/rplidar_ros//sdk/src/arch/win32/timer.cpp
[20.546s] -- Up-to-date: /home/xtark/tarkbot/ros2_ws/install/rplidar_ros/share/rplidar_ros//sdk/src/arch/macOS
[20.563s] -- Up-to-date: /home/xtark/tarkbot/ros2_ws/install/rplidar_ros/share/rplidar_ros//sdk/src/arch/macOS/net_serial.h
[20.564s] -- Up-to-date: /home/xtark/tarkbot/ros2_ws/install/rplidar_ros/share/rplidar_ros//sdk/src/arch/macOS/net_serial.cpp
[20.564s] -- Up-to-date: /home/xtark/tarkbot/ros2_ws/install/rplidar_ros/share/rplidar_ros//sdk/src/arch/macOS/net_socket.cpp
[20.565s] -- Up-to-date: /home/xtark/tarkbot/ros2_ws/install/rplidar_ros/share/rplidar_ros//sdk/src/arch/macOS/thread.hpp
[20.566s] -- Up-to-date: /home/xtark/tarkbot/ros2_ws/install/rplidar_ros/share/rplidar_ros//sdk/src/arch/macOS/timer.h
[20.566s] -- Up-to-date: /home/xtark/tarkbot/ros2_ws/install/rplidar_ros/share/rplidar_ros//sdk/src/arch/macOS/arch_macOS.h
[20.566s] -- Up-to-date: /home/xtark/tarkbot/ros2_ws/install/rplidar_ros/share/rplidar_ros//sdk/src/arch/macOS/timer.cpp
[20.567s] -- Up-to-date: /home/xtark/tarkbot/ros2_ws/install/rplidar_ros/share/rplidar_ros//sdk/src/rplidar_driver_TCP.h
[20.567s] -- Up-to-date: /home/xtark/tarkbot/ros2_ws/install/rplidar_ros/share/rplidar_ros//sdk/src/rplidar_driver_impl.h
[20.568s] -- Up-to-date: /home/xtark/tarkbot/ros2_ws/install/rplidar_ros/share/rplidar_ros//sdk/src/hal
[20.568s] -- Up-to-date: /home/xtark/tarkbot/ros2_ws/install/rplidar_ros/share/rplidar_ros//sdk/src/hal/util.h
[20.568s] -- Up-to-date: /home/xtark/tarkbot/ros2_ws/install/rplidar_ros/share/rplidar_ros//sdk/src/hal/thread.cpp
[20.569s] -- Up-to-date: /home/xtark/tarkbot/ros2_ws/install/rplidar_ros/share/rplidar_ros//sdk/src/hal/thread.h
[20.571s] -- Up-to-date: /home/xtark/tarkbot/ros2_ws/install/rplidar_ros/share/rplidar_ros//sdk/src/hal/types.h
[20.572s] -- Up-to-date: /home/xtark/tarkbot/ros2_ws/install/rplidar_ros/share/rplidar_ros//sdk/src/hal/abs_rxtx.h
[20.572s] -- Up-to-date: /home/xtark/tarkbot/ros2_ws/install/rplidar_ros/share/rplidar_ros//sdk/src/hal/locker.h
[20.572s] -- Up-to-date: /home/xtark/tarkbot/ros2_ws/install/rplidar_ros/share/rplidar_ros//sdk/src/hal/byteops.h
[20.573s] -- Up-to-date: /home/xtark/tarkbot/ros2_ws/install/rplidar_ros/share/rplidar_ros//sdk/src/hal/socket.h
[20.574s] -- Up-to-date: /home/xtark/tarkbot/ros2_ws/install/rplidar_ros/share/rplidar_ros//sdk/src/hal/assert.h
[20.574s] -- Up-to-date: /home/xtark/tarkbot/ros2_ws/install/rplidar_ros/share/rplidar_ros//sdk/src/hal/event.h
[20.585s] -- Up-to-date: /home/xtark/tarkbot/ros2_ws/install/rplidar_ros/share/rplidar_ros//sdk/src/sdkcommon.h
[20.586s] -- Up-to-date: /home/xtark/tarkbot/ros2_ws/install/rplidar_ros/share/rplidar_ros//sdk/README.txt
[20.587s] -- Up-to-date: /home/xtark/tarkbot/ros2_ws/install/rplidar_ros/share/rplidar_ros//sdk/include
[20.587s] -- Up-to-date: /home/xtark/tarkbot/ros2_ws/install/rplidar_ros/share/rplidar_ros//sdk/include/rptypes.h
[20.588s] -- Up-to-date: /home/xtark/tarkbot/ros2_ws/install/rplidar_ros/share/rplidar_ros//sdk/include/rplidar_protocol.h
[20.588s] -- Up-to-date: /home/xtark/tarkbot/ros2_ws/install/rplidar_ros/share/rplidar_ros//sdk/include/rplidar.h
[20.589s] -- Up-to-date: /home/xtark/tarkbot/ros2_ws/install/rplidar_ros/share/rplidar_ros//sdk/include/rplidar_cmd.h
[20.590s] -- Up-to-date: /home/xtark/tarkbot/ros2_ws/install/rplidar_ros/share/rplidar_ros//sdk/include/rplidar_driver.h
[20.590s] -- Up-to-date: /home/xtark/tarkbot/ros2_ws/install/rplidar_ros/share/rplidar_ros//config
[20.592s] -- Up-to-date: /home/xtark/tarkbot/ros2_ws/install/rplidar_ros/share/rplidar_ros//config/rplidar_config.yaml
[20.593s] -- Up-to-date: /home/xtark/tarkbot/ros2_ws/install/rplidar_ros/share/ament_index/resource_index/package_run_dependencies/rplidar_ros
[20.594s] -- Up-to-date: /home/xtark/tarkbot/ros2_ws/install/rplidar_ros/share/ament_index/resource_index/parent_prefix_path/rplidar_ros
[20.595s] -- Up-to-date: /home/xtark/tarkbot/ros2_ws/install/rplidar_ros/share/rplidar_ros/environment/ament_prefix_path.sh
[20.596s] -- Up-to-date: /home/xtark/tarkbot/ros2_ws/install/rplidar_ros/share/rplidar_ros/environment/ament_prefix_path.dsv
[20.597s] -- Up-to-date: /home/xtark/tarkbot/ros2_ws/install/rplidar_ros/share/rplidar_ros/environment/path.sh
[20.598s] -- Up-to-date: /home/xtark/tarkbot/ros2_ws/install/rplidar_ros/share/rplidar_ros/environment/path.dsv
[20.620s] -- Up-to-date: /home/xtark/tarkbot/ros2_ws/install/rplidar_ros/share/rplidar_ros/local_setup.bash
[20.623s] -- Up-to-date: /home/xtark/tarkbot/ros2_ws/install/rplidar_ros/share/rplidar_ros/local_setup.sh
[20.624s] -- Up-to-date: /home/xtark/tarkbot/ros2_ws/install/rplidar_ros/share/rplidar_ros/local_setup.zsh
[20.626s] -- Up-to-date: /home/xtark/tarkbot/ros2_ws/install/rplidar_ros/share/rplidar_ros/local_setup.dsv
[20.626s] -- Installing: /home/xtark/tarkbot/ros2_ws/install/rplidar_ros/share/rplidar_ros/package.dsv
[20.627s] -- Up-to-date: /home/xtark/tarkbot/ros2_ws/install/rplidar_ros/share/ament_index/resource_index/packages/rplidar_ros
[20.628s] -- Up-to-date: /home/xtark/tarkbot/ros2_ws/install/rplidar_ros/share/rplidar_ros/cmake/rplidar_rosConfig.cmake
[20.628s] -- Up-to-date: /home/xtark/tarkbot/ros2_ws/install/rplidar_ros/share/rplidar_ros/cmake/rplidar_rosConfig-version.cmake
[20.629s] -- Up-to-date: /home/xtark/tarkbot/ros2_ws/install/rplidar_ros/share/rplidar_ros/package.xml
[29.188s] Invoked command in '/home/xtark/tarkbot/ros2_ws/build/rplidar_ros' returned '0': CMAKE_PREFIX_PATH=${CMAKE_PREFIX_PATH}:/opt/ros/foxy /usr/bin/cmake --install /home/xtark/tarkbot/ros2_ws/build/rplidar_ros
