[7.335s] Invoking command in '/home/xtark/tarkbot/ros2_ws/build/tarkbot_slam': CMAKE_PREFIX_PATH=${CMAKE_PREFIX_PATH}:/opt/ros/foxy /usr/bin/cmake /home/xtark/tarkbot/ros2_ws/src/tarkbot_slam -DCMAKE_INSTALL_PREFIX=/home/xtark/tarkbot/ros2_ws/install/tarkbot_slam
[7.417s] -- Found ament_cmake: 0.9.12 (/opt/ros/foxy/share/ament_cmake/cmake)
[7.642s] -- Using PYTHON_EXECUTABLE: /usr/bin/python3
[9.233s] -- Override CMake install command with custom implementation using symlinks instead of copying resources
[9.286s] -- Found rclcpp: 2.4.3 (/opt/ros/foxy/share/rclcpp/cmake)
[9.535s] -- Using all available rosidl_typesupport_c: rosidl_typesupport_fastrtps_c;rosidl_typesupport_introspection_c
[9.549s] -- Found rosidl_adapter: 1.3.1 (/opt/ros/foxy/share/rosidl_adapter/cmake)
[10.841s] -- Using all available rosidl_typesupport_cpp: rosidl_typesupport_fastrtps_cpp;rosidl_typesupport_introspection_cpp
[11.110s] -- Found rmw_implementation_cmake: 1.0.4 (/opt/ros/foxy/share/rmw_implementation_cmake/cmake)
[11.152s] -- Using RMW implementation 'rmw_fastrtps_cpp' as default
[11.741s] -- Found nav_msgs: 2.0.5 (/opt/ros/foxy/share/nav_msgs/cmake)
[12.219s] -- Found sensor_msgs: 2.0.5 (/opt/ros/foxy/share/sensor_msgs/cmake)
[12.522s] -- Found slam_toolbox: 2.4.1 (/opt/ros/foxy/share/slam_toolbox/cmake)
[15.583s] -- Found eigen3_cmake_module: 0.1.1 (/opt/ros/foxy/share/eigen3_cmake_module/cmake)
[15.951s] -- Setting OGRE_DIR to: '/opt/ros/foxy/share/rviz_ogre_vendor/cmake/../../../opt/rviz_ogre_vendor/lib/OGRE/cmake'
[15.960s] -- Found OGRE
[15.961s] --   static     : OFF
[15.962s] --   components : HLMS;MeshLodGenerator;Overlay;Paging;Property;RTShaderSystem;Terrain;Volume
[15.962s] --   plugins    : Plugin_BSPSceneManager;Plugin_OctreeSceneManager;Plugin_PCZSceneManager;Plugin_ParticleFX;RenderSystem_GL;RenderSystem_GL3Plus;Codec_STBI
[15.963s] --   media      : /opt/ros/foxy/opt/rviz_ogre_vendor/share/OGRE/Media
[15.963s] -- OGRE_LIBRARIES: OgreHLMS;OgreMeshLodGenerator;OgreOverlay;OgrePaging;OgreProperty;OgreRTShaderSystem;OgreTerrain;OgreVolume;OgreMain
[15.964s] -- OGRE_LIBRARY_DIRS: /opt/ros/foxy/opt/rviz_ogre_vendor/lib
[15.966s] -- OGRE_PLUGINS: Plugin_BSPSceneManager;Plugin_OctreeSceneManager;Plugin_PCZSceneManager;Plugin_ParticleFX;RenderSystem_GL;RenderSystem_GL3Plus;Codec_STBI
[15.970s] -- OGRE_PLUGIN_DIR: /opt/ros/foxy/opt/rviz_ogre_vendor/lib/OGRE
[15.971s] -- rviz_ogre_vendor::OgreOverlay for IMPORTED_LOCATION_RELEASE: /opt/ros/foxy/opt/rviz_ogre_vendor/lib/libOgreOverlay.so
[15.973s] -- rviz_ogre_vendor::OgreOverlay for IMPORTED_LOCATION_DEBUG: /opt/ros/foxy/opt/rviz_ogre_vendor/lib/libOgreOverlay.so
[15.975s] -- rviz_ogre_vendor::OgreMain for IMPORTED_LOCATION_RELEASE: /opt/ros/foxy/opt/rviz_ogre_vendor/lib/libOgreMain.so
[15.980s] -- rviz_ogre_vendor::OgreMain for IMPORTED_LOCATION_DEBUG: /opt/ros/foxy/opt/rviz_ogre_vendor/lib/libOgreMain.so
[16.134s] -- rviz_ogre_vendor::RenderSystem_GL for IMPORTED_LOCATION_RELEASE: _render_system_gl_static_library_abs-NOTFOUND
[16.135s] -- rviz_ogre_vendor::RenderSystem_GL for IMPORTED_LOCATION_DEBUG: _render_system_gl_static_library_abs-NOTFOUND
[16.140s] -- library: libassimp.so.5
[16.284s] -- library: /usr/lib/aarch64-linux-gnu/libcurl.so
[16.845s] -- Setting yaml-cpp_DIR to: '/opt/ros/foxy/share/yaml_cpp_vendor/cmake/../../../opt/yaml_cpp_vendor/lib/cmake/yaml-cpp'
[18.497s] -- Found navigation2: 0.4.7 (/opt/ros/foxy/share/navigation2/cmake)
[18.500s] -- Found ament_lint_auto: 0.9.8 (/opt/ros/foxy/share/ament_lint_auto/cmake)
[18.910s] -- Added test 'copyright' to check source files copyright and LICENSE
[18.932s] -- Added test 'flake8' to check Python code syntax and style conventions
[18.937s] -- Added test 'lint_cmake' to check CMake code style
[18.940s] -- Added test 'pep257' to check Python code against some of the style conventions in PEP 257
[18.948s] -- Added test 'xmllint' to check XML markup files
[18.980s] -- Configuring done
[18.998s] -- Generating done
[19.008s] -- Build files have been written to: /home/xtark/tarkbot/ros2_ws/build/tarkbot_slam
[19.084s] Invoked command in '/home/xtark/tarkbot/ros2_ws/build/tarkbot_slam' returned '0': CMAKE_PREFIX_PATH=${CMAKE_PREFIX_PATH}:/opt/ros/foxy /usr/bin/cmake /home/xtark/tarkbot/ros2_ws/src/tarkbot_slam -DCMAKE_INSTALL_PREFIX=/home/xtark/tarkbot/ros2_ws/install/tarkbot_slam
[19.094s] Invoking command in '/home/xtark/tarkbot/ros2_ws/build/tarkbot_slam': CMAKE_PREFIX_PATH=${CMAKE_PREFIX_PATH}:/opt/ros/foxy /usr/bin/cmake --build /home/xtark/tarkbot/ros2_ws/build/tarkbot_slam -- -j4 -l4
[21.805s] Invoked command in '/home/xtark/tarkbot/ros2_ws/build/tarkbot_slam' returned '0': CMAKE_PREFIX_PATH=${CMAKE_PREFIX_PATH}:/opt/ros/foxy /usr/bin/cmake --build /home/xtark/tarkbot/ros2_ws/build/tarkbot_slam -- -j4 -l4
[21.975s] Invoking command in '/home/xtark/tarkbot/ros2_ws/build/tarkbot_slam': CMAKE_PREFIX_PATH=${CMAKE_PREFIX_PATH}:/opt/ros/foxy /usr/bin/cmake --install /home/xtark/tarkbot/ros2_ws/build/tarkbot_slam
[22.032s] -- Install configuration: "Release"
[22.036s] -- Execute custom install script
[22.038s] -- Up-to-date symlink: /home/xtark/tarkbot/ros2_ws/install/tarkbot_slam/share/tarkbot_slam/launch/include/online_async_launch.py
[22.038s] -- Up-to-date symlink: /home/xtark/tarkbot/ros2_ws/install/tarkbot_slam/share/tarkbot_slam/launch/mapping.launch.py
[22.044s] -- Up-to-date symlink: /home/xtark/tarkbot/ros2_ws/install/tarkbot_slam/share/tarkbot_slam/config/mapping/map_saver_params.yaml
[22.048s] -- Up-to-date symlink: /home/xtark/tarkbot/ros2_ws/install/tarkbot_slam/share/tarkbot_slam/config/mapping/mapper_params_online_async.yaml
[22.054s] -- Up-to-date symlink: /home/xtark/tarkbot/ros2_ws/install/tarkbot_slam/share/tarkbot_slam/maps/my_map.pgm
[22.060s] -- Up-to-date symlink: /home/xtark/tarkbot/ros2_ws/install/tarkbot_slam/share/tarkbot_slam/maps/my_map.yaml
[22.062s] -- Up-to-date symlink: /home/xtark/tarkbot/ros2_ws/install/tarkbot_slam/share/tarkbot_slam/maps/test.pgm
[22.065s] -- Up-to-date symlink: /home/xtark/tarkbot/ros2_ws/install/tarkbot_slam/share/tarkbot_slam/maps/test.yaml
[22.068s] -- Up-to-date symlink: /home/xtark/tarkbot/ros2_ws/install/tarkbot_slam/share/ament_index/resource_index/package_run_dependencies/tarkbot_slam
[22.072s] -- Up-to-date symlink: /home/xtark/tarkbot/ros2_ws/install/tarkbot_slam/share/ament_index/resource_index/parent_prefix_path/tarkbot_slam
[22.074s] -- Up-to-date symlink: /home/xtark/tarkbot/ros2_ws/install/tarkbot_slam/share/tarkbot_slam/environment/ament_prefix_path.sh
[22.074s] -- Up-to-date symlink: /home/xtark/tarkbot/ros2_ws/install/tarkbot_slam/share/tarkbot_slam/environment/ament_prefix_path.dsv
[22.075s] -- Up-to-date symlink: /home/xtark/tarkbot/ros2_ws/install/tarkbot_slam/share/tarkbot_slam/environment/path.sh
[22.076s] -- Up-to-date symlink: /home/xtark/tarkbot/ros2_ws/install/tarkbot_slam/share/tarkbot_slam/environment/path.dsv
[22.076s] -- Up-to-date symlink: /home/xtark/tarkbot/ros2_ws/install/tarkbot_slam/share/tarkbot_slam/local_setup.bash
[22.077s] -- Up-to-date symlink: /home/xtark/tarkbot/ros2_ws/install/tarkbot_slam/share/tarkbot_slam/local_setup.sh
[22.078s] -- Up-to-date symlink: /home/xtark/tarkbot/ros2_ws/install/tarkbot_slam/share/tarkbot_slam/local_setup.zsh
[22.078s] -- Up-to-date symlink: /home/xtark/tarkbot/ros2_ws/install/tarkbot_slam/share/tarkbot_slam/local_setup.dsv
[22.097s] -- Symlinking: /home/xtark/tarkbot/ros2_ws/install/tarkbot_slam/share/tarkbot_slam/package.dsv
[22.118s] -- Up-to-date symlink: /home/xtark/tarkbot/ros2_ws/install/tarkbot_slam/share/ament_index/resource_index/packages/tarkbot_slam
[22.120s] -- Up-to-date symlink: /home/xtark/tarkbot/ros2_ws/install/tarkbot_slam/share/tarkbot_slam/cmake/tarkbot_slamConfig.cmake
[22.121s] -- Up-to-date symlink: /home/xtark/tarkbot/ros2_ws/install/tarkbot_slam/share/tarkbot_slam/cmake/tarkbot_slamConfig-version.cmake
[22.122s] -- Up-to-date symlink: /home/xtark/tarkbot/ros2_ws/install/tarkbot_slam/share/tarkbot_slam/package.xml
[23.976s] Invoked command in '/home/xtark/tarkbot/ros2_ws/build/tarkbot_slam' returned '0': CMAKE_PREFIX_PATH=${CMAKE_PREFIX_PATH}:/opt/ros/foxy /usr/bin/cmake --install /home/xtark/tarkbot/ros2_ws/build/tarkbot_slam
