[0.075s] Invoking command in '/home/xtark/tarkbot/ros2_ws/build/tarkbot_nav': CMAKE_PREFIX_PATH=${CMAKE_PREFIX_PATH}:/opt/ros/foxy /usr/bin/cmake --build /home/xtark/tarkbot/ros2_ws/build/tarkbot_nav -- -j4 -l4
[0.087s] ERROR: ld.so: object '/usr/lib/x86_64-linux-gnu/libgomp.so.1' from LD_PRELOAD cannot be preloaded (cannot open shared object file): ignored.
[0.137s] ERROR: ld.so: object '/usr/lib/x86_64-linux-gnu/libgomp.so.1' from LD_PRELOAD cannot be preloaded (cannot open shared object file): ignored.
[0.144s] ERROR: ld.so: object '/usr/lib/x86_64-linux-gnu/libgomp.so.1' from LD_PRELOAD cannot be preloaded (cannot open shared object file): ignored.
[0.236s] ERROR: ld.so: object '/usr/lib/x86_64-linux-gnu/libgomp.so.1' from LD_PRELOAD cannot be preloaded (cannot open shared object file): ignored.
[0.287s] ERROR: ld.so: object '/usr/lib/x86_64-linux-gnu/libgomp.so.1' from LD_PRELOAD cannot be preloaded (cannot open shared object file): ignored.
[0.294s] ERROR: ld.so: object '/usr/lib/x86_64-linux-gnu/libgomp.so.1' from LD_PRELOAD cannot be preloaded (cannot open shared object file): ignored.
[0.346s] Invoked command in '/home/xtark/tarkbot/ros2_ws/build/tarkbot_nav' returned '0': CMAKE_PREFIX_PATH=${CMAKE_PREFIX_PATH}:/opt/ros/foxy /usr/bin/cmake --build /home/xtark/tarkbot/ros2_ws/build/tarkbot_nav -- -j4 -l4
[0.532s] Invoking command in '/home/xtark/tarkbot/ros2_ws/build/tarkbot_nav': CMAKE_PREFIX_PATH=${CMAKE_PREFIX_PATH}:/opt/ros/foxy /usr/bin/cmake --build /home/xtark/tarkbot/ros2_ws/build/tarkbot_nav --target install -- -j4 -l4
[0.567s] ERROR: ld.so: object '/usr/lib/x86_64-linux-gnu/libgomp.so.1' from LD_PRELOAD cannot be preloaded (cannot open shared object file): ignored.
[0.608s] ERROR: ld.so: object '/usr/lib/x86_64-linux-gnu/libgomp.so.1' from LD_PRELOAD cannot be preloaded (cannot open shared object file): ignored.
[0.632s] ERROR: ld.so: object '/usr/lib/x86_64-linux-gnu/libgomp.so.1' from LD_PRELOAD cannot be preloaded (cannot open shared object file): ignored.
[0.702s] ERROR: ld.so: object '/usr/lib/x86_64-linux-gnu/libgomp.so.1' from LD_PRELOAD cannot be preloaded (cannot open shared object file): ignored.
[0.779s] ERROR: ld.so: object '/usr/lib/x86_64-linux-gnu/libgomp.so.1' from LD_PRELOAD cannot be preloaded (cannot open shared object file): ignored.
[0.803s] ERROR: ld.so: object '/usr/lib/x86_64-linux-gnu/libgomp.so.1' from LD_PRELOAD cannot be preloaded (cannot open shared object file): ignored.
[0.861s] ERROR: ld.so: object '/usr/lib/x86_64-linux-gnu/libgomp.so.1' from LD_PRELOAD cannot be preloaded (cannot open shared object file): ignored.
[0.892s] ERROR: ld.so: object '/usr/lib/x86_64-linux-gnu/libgomp.so.1' from LD_PRELOAD cannot be preloaded (cannot open shared object file): ignored.
[0.899s] ERROR: ld.so: object '/usr/lib/x86_64-linux-gnu/libgomp.so.1' from LD_PRELOAD cannot be preloaded (cannot open shared object file): ignored.
[0.938s] [36mInstall the project...[0m
[0.947s] ERROR: ld.so: object '/usr/lib/x86_64-linux-gnu/libgomp.so.1' from LD_PRELOAD cannot be preloaded (cannot open shared object file): ignored.
[0.983s] -- Install configuration: "Release"
[0.986s] -- Execute custom install script
[0.990s] -- Up-to-date symlink: /home/xtark/tarkbot/ros2_ws/install/tarkbot_nav/share/tarkbot_nav/launch/include/bringup_nav_launch.py
[0.991s] -- Up-to-date symlink: /home/xtark/tarkbot/ros2_ws/install/tarkbot_nav/share/tarkbot_nav/launch/include/localization_launch.py
[0.992s] -- Up-to-date symlink: /home/xtark/tarkbot/ros2_ws/install/tarkbot_nav/share/tarkbot_nav/launch/include/navigation_core_launch.py
[0.993s] -- Up-to-date symlink: /home/xtark/tarkbot/ros2_ws/install/tarkbot_nav/share/tarkbot_nav/launch/navigation.launch.py
[0.995s] -- Up-to-date symlink: /home/xtark/tarkbot/ros2_ws/install/tarkbot_nav/share/tarkbot_nav/config/navigation/nav2_params.yaml
[0.998s] -- Up-to-date symlink: /home/xtark/tarkbot/ros2_ws/install/tarkbot_nav/share/tarkbot_nav/maps/atom_test.pgm
[0.999s] -- Up-to-date symlink: /home/xtark/tarkbot/ros2_ws/install/tarkbot_nav/share/tarkbot_nav/maps/atom_test.yaml
[1.000s] -- Up-to-date symlink: /home/xtark/tarkbot/ros2_ws/install/tarkbot_nav/share/tarkbot_nav/maps/atom_test1.pgm
[1.001s] -- Up-to-date symlink: /home/xtark/tarkbot/ros2_ws/install/tarkbot_nav/share/tarkbot_nav/maps/atom_test1.yaml
[1.001s] -- Up-to-date symlink: /home/xtark/tarkbot/ros2_ws/install/tarkbot_nav/share/tarkbot_nav/maps/test.pgm
[1.003s] -- Up-to-date symlink: /home/xtark/tarkbot/ros2_ws/install/tarkbot_nav/share/tarkbot_nav/maps/test.yaml
[1.004s] -- Up-to-date symlink: /home/xtark/tarkbot/ros2_ws/install/tarkbot_nav/share/tarkbot_nav/maps/web_test.pgm
[1.005s] -- Up-to-date symlink: /home/xtark/tarkbot/ros2_ws/install/tarkbot_nav/share/tarkbot_nav/maps/web_test.yaml
[1.007s] -- Up-to-date symlink: /home/xtark/tarkbot/ros2_ws/install/tarkbot_nav/share/tarkbot_nav/behavior_trees/follow_point.xml
[1.008s] -- Up-to-date symlink: /home/xtark/tarkbot/ros2_ws/install/tarkbot_nav/share/tarkbot_nav/behavior_trees/navigate_w_replanning_and_recovery.xml
[1.009s] -- Up-to-date symlink: /home/xtark/tarkbot/ros2_ws/install/tarkbot_nav/share/tarkbot_nav/behavior_trees/navigate_w_replanning_and_round_robin_recovery.xml
[1.010s] -- Up-to-date symlink: /home/xtark/tarkbot/ros2_ws/install/tarkbot_nav/share/tarkbot_nav/behavior_trees/navigate_w_replanning_distance.xml
[1.011s] -- Up-to-date symlink: /home/xtark/tarkbot/ros2_ws/install/tarkbot_nav/share/tarkbot_nav/behavior_trees/navigate_w_replanning_speed.xml
[1.013s] -- Up-to-date symlink: /home/xtark/tarkbot/ros2_ws/install/tarkbot_nav/share/tarkbot_nav/behavior_trees/navigate_w_replanning_time.xml
[1.014s] -- Up-to-date symlink: /home/xtark/tarkbot/ros2_ws/install/tarkbot_nav/share/ament_index/resource_index/package_run_dependencies/tarkbot_nav
[1.016s] -- Up-to-date symlink: /home/xtark/tarkbot/ros2_ws/install/tarkbot_nav/share/ament_index/resource_index/parent_prefix_path/tarkbot_nav
[1.018s] -- Up-to-date symlink: /home/xtark/tarkbot/ros2_ws/install/tarkbot_nav/share/tarkbot_nav/environment/ament_prefix_path.sh
[1.019s] -- Up-to-date symlink: /home/xtark/tarkbot/ros2_ws/install/tarkbot_nav/share/tarkbot_nav/environment/ament_prefix_path.dsv
[1.021s] -- Up-to-date symlink: /home/xtark/tarkbot/ros2_ws/install/tarkbot_nav/share/tarkbot_nav/environment/path.sh
[1.023s] -- Up-to-date symlink: /home/xtark/tarkbot/ros2_ws/install/tarkbot_nav/share/tarkbot_nav/environment/path.dsv
[1.025s] -- Up-to-date symlink: /home/xtark/tarkbot/ros2_ws/install/tarkbot_nav/share/tarkbot_nav/local_setup.bash
[1.029s] -- Up-to-date symlink: /home/xtark/tarkbot/ros2_ws/install/tarkbot_nav/share/tarkbot_nav/local_setup.sh
[1.030s] -- Up-to-date symlink: /home/xtark/tarkbot/ros2_ws/install/tarkbot_nav/share/tarkbot_nav/local_setup.zsh
[1.031s] -- Up-to-date symlink: /home/xtark/tarkbot/ros2_ws/install/tarkbot_nav/share/tarkbot_nav/local_setup.dsv
[1.033s] -- Symlinking: /home/xtark/tarkbot/ros2_ws/install/tarkbot_nav/share/tarkbot_nav/package.dsv
[1.035s] ERROR: ld.so: object '/usr/lib/x86_64-linux-gnu/libgomp.so.1' from LD_PRELOAD cannot be preloaded (cannot open shared object file): ignored.
[1.077s] -- Up-to-date symlink: /home/xtark/tarkbot/ros2_ws/install/tarkbot_nav/share/ament_index/resource_index/packages/tarkbot_nav
[1.079s] -- Up-to-date symlink: /home/xtark/tarkbot/ros2_ws/install/tarkbot_nav/share/tarkbot_nav/cmake/tarkbot_navConfig.cmake
[1.086s] -- Up-to-date symlink: /home/xtark/tarkbot/ros2_ws/install/tarkbot_nav/share/tarkbot_nav/cmake/tarkbot_navConfig-version.cmake
[1.087s] -- Up-to-date symlink: /home/xtark/tarkbot/ros2_ws/install/tarkbot_nav/share/tarkbot_nav/package.xml
[1.117s] Invoked command in '/home/xtark/tarkbot/ros2_ws/build/tarkbot_nav' returned '0': CMAKE_PREFIX_PATH=${CMAKE_PREFIX_PATH}:/opt/ros/foxy /usr/bin/cmake --build /home/xtark/tarkbot/ros2_ws/build/tarkbot_nav --target install -- -j4 -l4
