[1.648s] Invoking command in '/home/xtark/tarkbot/ros2_ws/build/ldlidar_stl_ros2': CMAKE_PREFIX_PATH=${CMAKE_PREFIX_PATH}:/opt/ros/foxy /usr/bin/cmake --build /home/xtark/tarkbot/ros2_ws/build/ldlidar_stl_ros2 -- -j4 -l4
[2.248s] [100%] Built target ldlidar_stl_ros2_node
[2.328s] Invoked command in '/home/xtark/tarkbot/ros2_ws/build/ldlidar_stl_ros2' returned '0': CMAKE_PREFIX_PATH=${CMAKE_PREFIX_PATH}:/opt/ros/foxy /usr/bin/cmake --build /home/xtark/tarkbot/ros2_ws/build/ldlidar_stl_ros2 -- -j4 -l4
[2.650s] Invoking command in '/home/xtark/tarkbot/ros2_ws/build/ldlidar_stl_ros2': CMAKE_PREFIX_PATH=${CMAKE_PREFIX_PATH}:/opt/ros/foxy /usr/bin/cmake --install /home/xtark/tarkbot/ros2_ws/build/ldlidar_stl_ros2
[2.743s] -- Install configuration: "Release"
[2.748s] -- Up-to-date: /home/xtark/tarkbot/ros2_ws/install/ldlidar_stl_ros2/share/ldlidar_stl_ros2/launch
[2.748s] -- Up-to-date: /home/xtark/tarkbot/ros2_ws/install/ldlidar_stl_ros2/share/ldlidar_stl_ros2/launch/ld19.launch.py
[2.749s] -- Up-to-date: /home/xtark/tarkbot/ros2_ws/install/ldlidar_stl_ros2/share/ldlidar_stl_ros2/launch/__pycache__
[2.749s] -- Up-to-date: /home/xtark/tarkbot/ros2_ws/install/ldlidar_stl_ros2/share/ldlidar_stl_ros2/launch/__pycache__/ld06.launch.cpython-38.pyc
[2.750s] -- Up-to-date: /home/xtark/tarkbot/ros2_ws/install/ldlidar_stl_ros2/share/ldlidar_stl_ros2/launch/viewer_ld19.launch.py
[2.750s] -- Up-to-date: /home/xtark/tarkbot/ros2_ws/install/ldlidar_stl_ros2/share/ldlidar_stl_ros2/launch/ld06.launch.py
[2.751s] -- Up-to-date: /home/xtark/tarkbot/ros2_ws/install/ldlidar_stl_ros2/share/ldlidar_stl_ros2/launch/viewer_ld06.launch.py
[2.751s] -- Up-to-date: /home/xtark/tarkbot/ros2_ws/install/ldlidar_stl_ros2/share/ldlidar_stl_ros2/launch/tarkbot_ld19.launch.py
[2.752s] -- Up-to-date: /home/xtark/tarkbot/ros2_ws/install/ldlidar_stl_ros2/share/ldlidar_stl_ros2/params
[2.752s] -- Up-to-date: /home/xtark/tarkbot/ros2_ws/install/ldlidar_stl_ros2/share/ldlidar_stl_ros2/params/LD19.yaml
[2.764s] -- Up-to-date: /home/xtark/tarkbot/ros2_ws/install/ldlidar_stl_ros2/lib/ldlidar_stl_ros2/ldlidar_stl_ros2_node
[2.764s] -- Up-to-date: /home/xtark/tarkbot/ros2_ws/install/ldlidar_stl_ros2/share/ldlidar_stl_ros2//launch
[2.765s] -- Up-to-date: /home/xtark/tarkbot/ros2_ws/install/ldlidar_stl_ros2/share/ldlidar_stl_ros2//launch/ld19.launch.py
[2.765s] -- Up-to-date: /home/xtark/tarkbot/ros2_ws/install/ldlidar_stl_ros2/share/ldlidar_stl_ros2//launch/__pycache__
[2.793s] -- Up-to-date: /home/xtark/tarkbot/ros2_ws/install/ldlidar_stl_ros2/share/ldlidar_stl_ros2//launch/__pycache__/ld06.launch.cpython-38.pyc
[2.795s] -- Up-to-date: /home/xtark/tarkbot/ros2_ws/install/ldlidar_stl_ros2/share/ldlidar_stl_ros2//launch/viewer_ld19.launch.py
[2.797s] -- Up-to-date: /home/xtark/tarkbot/ros2_ws/install/ldlidar_stl_ros2/share/ldlidar_stl_ros2//launch/ld06.launch.py
[2.798s] -- Up-to-date: /home/xtark/tarkbot/ros2_ws/install/ldlidar_stl_ros2/share/ldlidar_stl_ros2//launch/viewer_ld06.launch.py
[2.801s] -- Up-to-date: /home/xtark/tarkbot/ros2_ws/install/ldlidar_stl_ros2/share/ldlidar_stl_ros2//launch/tarkbot_ld19.launch.py
[2.803s] -- Up-to-date: /home/xtark/tarkbot/ros2_ws/install/ldlidar_stl_ros2/share/ldlidar_stl_ros2//rviz2
[2.805s] -- Up-to-date: /home/xtark/tarkbot/ros2_ws/install/ldlidar_stl_ros2/share/ldlidar_stl_ros2//rviz2/ldlidar.rviz
[2.807s] -- Up-to-date: /home/xtark/tarkbot/ros2_ws/install/ldlidar_stl_ros2/share/ament_index/resource_index/package_run_dependencies/ldlidar_stl_ros2
[2.808s] -- Up-to-date: /home/xtark/tarkbot/ros2_ws/install/ldlidar_stl_ros2/share/ament_index/resource_index/parent_prefix_path/ldlidar_stl_ros2
[2.811s] -- Up-to-date: /home/xtark/tarkbot/ros2_ws/install/ldlidar_stl_ros2/share/ldlidar_stl_ros2/environment/ament_prefix_path.sh
[2.813s] -- Up-to-date: /home/xtark/tarkbot/ros2_ws/install/ldlidar_stl_ros2/share/ldlidar_stl_ros2/environment/ament_prefix_path.dsv
[2.816s] -- Up-to-date: /home/xtark/tarkbot/ros2_ws/install/ldlidar_stl_ros2/share/ldlidar_stl_ros2/environment/path.sh
[2.819s] -- Up-to-date: /home/xtark/tarkbot/ros2_ws/install/ldlidar_stl_ros2/share/ldlidar_stl_ros2/environment/path.dsv
[2.822s] -- Up-to-date: /home/xtark/tarkbot/ros2_ws/install/ldlidar_stl_ros2/share/ldlidar_stl_ros2/local_setup.bash
[2.824s] -- Up-to-date: /home/xtark/tarkbot/ros2_ws/install/ldlidar_stl_ros2/share/ldlidar_stl_ros2/local_setup.sh
[2.826s] -- Up-to-date: /home/xtark/tarkbot/ros2_ws/install/ldlidar_stl_ros2/share/ldlidar_stl_ros2/local_setup.zsh
[2.827s] -- Up-to-date: /home/xtark/tarkbot/ros2_ws/install/ldlidar_stl_ros2/share/ldlidar_stl_ros2/local_setup.dsv
[2.830s] -- Installing: /home/xtark/tarkbot/ros2_ws/install/ldlidar_stl_ros2/share/ldlidar_stl_ros2/package.dsv
[2.831s] -- Up-to-date: /home/xtark/tarkbot/ros2_ws/install/ldlidar_stl_ros2/share/ament_index/resource_index/packages/ldlidar_stl_ros2
[2.836s] -- Up-to-date: /home/xtark/tarkbot/ros2_ws/install/ldlidar_stl_ros2/share/ldlidar_stl_ros2/cmake/ldlidar_stl_ros2Config.cmake
[2.840s] -- Up-to-date: /home/xtark/tarkbot/ros2_ws/install/ldlidar_stl_ros2/share/ldlidar_stl_ros2/cmake/ldlidar_stl_ros2Config-version.cmake
[2.842s] -- Up-to-date: /home/xtark/tarkbot/ros2_ws/install/ldlidar_stl_ros2/share/ldlidar_stl_ros2/package.xml
[3.569s] Invoked command in '/home/xtark/tarkbot/ros2_ws/build/ldlidar_stl_ros2' returned '0': CMAKE_PREFIX_PATH=${CMAKE_PREFIX_PATH}:/opt/ros/foxy /usr/bin/cmake --install /home/xtark/tarkbot/ros2_ws/build/ldlidar_stl_ros2
