[0.107s] Invoking command in '/home/xtark/tarkbot/ros2_ws/build/tarkbot_robot': CMAKE_PREFIX_PATH=${CMAKE_PREFIX_PATH}:/opt/ros/foxy /usr/bin/cmake --build /home/xtark/tarkbot/ros2_ws/build/tarkbot_robot -- -j4 -l4
[0.140s] ERROR: ld.so: object '/usr/lib/x86_64-linux-gnu/libgomp.so.1' from LD_PRELOAD cannot be preloaded (cannot open shared object file): ignored.
[0.182s] ERROR: ld.so: object '/usr/lib/x86_64-linux-gnu/libgomp.so.1' from LD_PRELOAD cannot be preloaded (cannot open shared object file): ignored.
[0.183s] ERROR: ld.so: object '/usr/lib/x86_64-linux-gnu/libgomp.so.1' from LD_PRELOAD cannot be preloaded (cannot open shared object file): ignored.
[0.278s] ERROR: ld.so: object '/usr/lib/x86_64-linux-gnu/libgomp.so.1' from LD_PRELOAD cannot be preloaded (cannot open shared object file): ignored.
[0.320s] ERROR: ld.so: object '/usr/lib/x86_64-linux-gnu/libgomp.so.1' from LD_PRELOAD cannot be preloaded (cannot open shared object file): ignored.
[0.326s] ERROR: ld.so: object '/usr/lib/x86_64-linux-gnu/libgomp.so.1' from LD_PRELOAD cannot be preloaded (cannot open shared object file): ignored.
[0.340s] ERROR: ld.so: object '/usr/lib/x86_64-linux-gnu/libgomp.so.1' from LD_PRELOAD cannot be preloaded (cannot open shared object file): ignored.
[0.351s] ERROR: ld.so: object '/usr/lib/x86_64-linux-gnu/libgomp.so.1' from LD_PRELOAD cannot be preloaded (cannot open shared object file): ignored.
[0.409s] ERROR: ld.so: object '/usr/lib/x86_64-linux-gnu/libgomp.so.1' from LD_PRELOAD cannot be preloaded (cannot open shared object file): ignored.
[0.520s] ERROR: ld.so: object '/usr/lib/x86_64-linux-gnu/libgomp.so.1' from LD_PRELOAD cannot be preloaded (cannot open shared object file): ignored.
[0.524s] ERROR: ld.so: object '/usr/lib/x86_64-linux-gnu/libgomp.so.1' from LD_PRELOAD cannot be preloaded (cannot open shared object file): ignored.
[0.561s] [100%] Built target tarkbot_robot_node
[0.566s] ERROR: ld.so: object '/usr/lib/x86_64-linux-gnu/libgomp.so.1' from LD_PRELOAD cannot be preloaded (cannot open shared object file): ignored.
[0.638s] Invoked command in '/home/xtark/tarkbot/ros2_ws/build/tarkbot_robot' returned '0': CMAKE_PREFIX_PATH=${CMAKE_PREFIX_PATH}:/opt/ros/foxy /usr/bin/cmake --build /home/xtark/tarkbot/ros2_ws/build/tarkbot_robot -- -j4 -l4
[0.829s] Invoking command in '/home/xtark/tarkbot/ros2_ws/build/tarkbot_robot': CMAKE_PREFIX_PATH=${CMAKE_PREFIX_PATH}:/opt/ros/foxy /usr/bin/cmake --build /home/xtark/tarkbot/ros2_ws/build/tarkbot_robot --target install -- -j4 -l4
[0.863s] ERROR: ld.so: object '/usr/lib/x86_64-linux-gnu/libgomp.so.1' from LD_PRELOAD cannot be preloaded (cannot open shared object file): ignored.
[0.933s] ERROR: ld.so: object '/usr/lib/x86_64-linux-gnu/libgomp.so.1' from LD_PRELOAD cannot be preloaded (cannot open shared object file): ignored.
[0.955s] ERROR: ld.so: object '/usr/lib/x86_64-linux-gnu/libgomp.so.1' from LD_PRELOAD cannot be preloaded (cannot open shared object file): ignored.
[1.059s] ERROR: ld.so: object '/usr/lib/x86_64-linux-gnu/libgomp.so.1' from LD_PRELOAD cannot be preloaded (cannot open shared object file): ignored.
[1.105s] ERROR: ld.so: object '/usr/lib/x86_64-linux-gnu/libgomp.so.1' from LD_PRELOAD cannot be preloaded (cannot open shared object file): ignored.
[1.131s] ERROR: ld.so: object '/usr/lib/x86_64-linux-gnu/libgomp.so.1' from LD_PRELOAD cannot be preloaded (cannot open shared object file): ignored.
[1.155s] ERROR: ld.so: object '/usr/lib/x86_64-linux-gnu/libgomp.so.1' from LD_PRELOAD cannot be preloaded (cannot open shared object file): ignored.
[1.170s] ERROR: ld.so: object '/usr/lib/x86_64-linux-gnu/libgomp.so.1' from LD_PRELOAD cannot be preloaded (cannot open shared object file): ignored.
[1.268s] ERROR: ld.so: object '/usr/lib/x86_64-linux-gnu/libgomp.so.1' from LD_PRELOAD cannot be preloaded (cannot open shared object file): ignored.
[1.507s] ERROR: ld.so: object '/usr/lib/x86_64-linux-gnu/libgomp.so.1' from LD_PRELOAD cannot be preloaded (cannot open shared object file): ignored.
[1.522s] ERROR: ld.so: object '/usr/lib/x86_64-linux-gnu/libgomp.so.1' from LD_PRELOAD cannot be preloaded (cannot open shared object file): ignored.
[1.597s] [100%] Built target tarkbot_robot_node
[1.628s] ERROR: ld.so: object '/usr/lib/x86_64-linux-gnu/libgomp.so.1' from LD_PRELOAD cannot be preloaded (cannot open shared object file): ignored.
[1.720s] ERROR: ld.so: object '/usr/lib/x86_64-linux-gnu/libgomp.so.1' from LD_PRELOAD cannot be preloaded (cannot open shared object file): ignored.
[1.730s] ERROR: ld.so: object '/usr/lib/x86_64-linux-gnu/libgomp.so.1' from LD_PRELOAD cannot be preloaded (cannot open shared object file): ignored.
[1.771s] ERROR: ld.so: object '/usr/lib/x86_64-linux-gnu/libgomp.so.1' from LD_PRELOAD cannot be preloaded (cannot open shared object file): ignored.
[1.818s] [36mInstall the project...[0m
[1.827s] ERROR: ld.so: object '/usr/lib/x86_64-linux-gnu/libgomp.so.1' from LD_PRELOAD cannot be preloaded (cannot open shared object file): ignored.
[1.873s] -- Install configuration: "Release"
[1.873s] -- Execute custom install script
[1.876s] -- Up-to-date symlink: /home/xtark/tarkbot/ros2_ws/install/tarkbot_robot/lib/tarkbot_robot/tarkbot_robot_node
[1.879s] -- Up-to-date symlink: /home/xtark/tarkbot/ros2_ws/install/tarkbot_robot/share/tarkbot_robot/launch/__pycache__/robot.launch.cpython-38.pyc
[1.881s] -- Up-to-date symlink: /home/xtark/tarkbot/ros2_ws/install/tarkbot_robot/share/tarkbot_robot/launch/robot.launch test.py
[1.884s] -- Up-to-date symlink: /home/xtark/tarkbot/ros2_ws/install/tarkbot_robot/share/tarkbot_robot/launch/robot.launch.py
[1.888s] -- Up-to-date symlink: /home/xtark/tarkbot/ros2_ws/install/tarkbot_robot/share/tarkbot_robot/launch/robot2_lidar.launch test.py
[1.890s] -- Up-to-date symlink: /home/xtark/tarkbot/ros2_ws/install/tarkbot_robot/share/tarkbot_robot/launch/robot2_lidar.launch.py
[1.894s] -- Up-to-date symlink: /home/xtark/tarkbot/ros2_ws/install/tarkbot_robot/share/tarkbot_robot/config/tarkbot_config.yaml
[1.897s] -- Up-to-date symlink: /home/xtark/tarkbot/ros2_ws/install/tarkbot_robot/share/ament_index/resource_index/package_run_dependencies/tarkbot_robot
[1.899s] -- Up-to-date symlink: /home/xtark/tarkbot/ros2_ws/install/tarkbot_robot/share/ament_index/resource_index/parent_prefix_path/tarkbot_robot
[1.901s] -- Up-to-date symlink: /home/xtark/tarkbot/ros2_ws/install/tarkbot_robot/share/tarkbot_robot/environment/ament_prefix_path.sh
[1.902s] -- Up-to-date symlink: /home/xtark/tarkbot/ros2_ws/install/tarkbot_robot/share/tarkbot_robot/environment/ament_prefix_path.dsv
[1.904s] -- Up-to-date symlink: /home/xtark/tarkbot/ros2_ws/install/tarkbot_robot/share/tarkbot_robot/environment/path.sh
[1.907s] -- Up-to-date symlink: /home/xtark/tarkbot/ros2_ws/install/tarkbot_robot/share/tarkbot_robot/environment/path.dsv
[1.909s] -- Up-to-date symlink: /home/xtark/tarkbot/ros2_ws/install/tarkbot_robot/share/tarkbot_robot/local_setup.bash
[1.911s] -- Up-to-date symlink: /home/xtark/tarkbot/ros2_ws/install/tarkbot_robot/share/tarkbot_robot/local_setup.sh
[1.915s] -- Up-to-date symlink: /home/xtark/tarkbot/ros2_ws/install/tarkbot_robot/share/tarkbot_robot/local_setup.zsh
[1.920s] -- Up-to-date symlink: /home/xtark/tarkbot/ros2_ws/install/tarkbot_robot/share/tarkbot_robot/local_setup.dsv
[1.921s] -- Symlinking: /home/xtark/tarkbot/ros2_ws/install/tarkbot_robot/share/tarkbot_robot/package.dsv
[1.928s] ERROR: ld.so: object '/usr/lib/x86_64-linux-gnu/libgomp.so.1' from LD_PRELOAD cannot be preloaded (cannot open shared object file): ignored.
[2.013s] -- Up-to-date symlink: /home/xtark/tarkbot/ros2_ws/install/tarkbot_robot/share/ament_index/resource_index/packages/tarkbot_robot
[2.016s] -- Up-to-date symlink: /home/xtark/tarkbot/ros2_ws/install/tarkbot_robot/share/tarkbot_robot/cmake/tarkbot_robotConfig.cmake
[2.018s] -- Up-to-date symlink: /home/xtark/tarkbot/ros2_ws/install/tarkbot_robot/share/tarkbot_robot/cmake/tarkbot_robotConfig-version.cmake
[2.021s] -- Up-to-date symlink: /home/xtark/tarkbot/ros2_ws/install/tarkbot_robot/share/tarkbot_robot/package.xml
[2.038s] Invoked command in '/home/xtark/tarkbot/ros2_ws/build/tarkbot_robot' returned '0': CMAKE_PREFIX_PATH=${CMAKE_PREFIX_PATH}:/opt/ros/foxy /usr/bin/cmake --build /home/xtark/tarkbot/ros2_ws/build/tarkbot_robot --target install -- -j4 -l4
