[2.907s] Invoking command in '/home/xtark/tarkbot/ros2_ws/build/tarkbot_slam': CMAKE_PREFIX_PATH=${CMAKE_PREFIX_PATH}:/opt/ros/foxy /usr/bin/cmake --build /home/xtark/tarkbot/ros2_ws/build/tarkbot_slam -- -j4 -l4
[4.625s] Invoked command in '/home/xtark/tarkbot/ros2_ws/build/tarkbot_slam' returned '0': CMAKE_PREFIX_PATH=${CMAKE_PREFIX_PATH}:/opt/ros/foxy /usr/bin/cmake --build /home/xtark/tarkbot/ros2_ws/build/tarkbot_slam -- -j4 -l4
[4.823s] Invoking command in '/home/xtark/tarkbot/ros2_ws/build/tarkbot_slam': CMAKE_PREFIX_PATH=${CMAKE_PREFIX_PATH}:/opt/ros/foxy /usr/bin/cmake --install /home/xtark/tarkbot/ros2_ws/build/tarkbot_slam
[4.958s] -- Install configuration: "Release"
[4.959s] -- Up-to-date: /home/xtark/tarkbot/ros2_ws/install/tarkbot_slam/share/tarkbot_slam/launch
[4.960s] -- Up-to-date: /home/xtark/tarkbot/ros2_ws/install/tarkbot_slam/share/tarkbot_slam/launch/mapping.launch.py
[4.961s] -- Up-to-date: /home/xtark/tarkbot/ros2_ws/install/tarkbot_slam/share/tarkbot_slam/launch/include
[4.961s] -- Up-to-date: /home/xtark/tarkbot/ros2_ws/install/tarkbot_slam/share/tarkbot_slam/launch/include/online_async_launch.py
[4.962s] -- Up-to-date: /home/xtark/tarkbot/ros2_ws/install/tarkbot_slam/share/tarkbot_slam/config
[4.962s] -- Up-to-date: /home/xtark/tarkbot/ros2_ws/install/tarkbot_slam/share/tarkbot_slam/config/mapping
[4.968s] -- Up-to-date: /home/xtark/tarkbot/ros2_ws/install/tarkbot_slam/share/tarkbot_slam/config/mapping/mapper_params_online_async.yaml
[4.969s] -- Up-to-date: /home/xtark/tarkbot/ros2_ws/install/tarkbot_slam/share/tarkbot_slam/config/mapping/map_saver_params.yaml
[4.970s] -- Up-to-date: /home/xtark/tarkbot/ros2_ws/install/tarkbot_slam/share/tarkbot_slam/maps
[4.970s] -- Up-to-date: /home/xtark/tarkbot/ros2_ws/install/tarkbot_slam/share/tarkbot_slam/maps/test.yaml
[4.971s] -- Up-to-date: /home/xtark/tarkbot/ros2_ws/install/tarkbot_slam/share/tarkbot_slam/maps/my_map.yaml
[4.971s] -- Up-to-date: /home/xtark/tarkbot/ros2_ws/install/tarkbot_slam/share/tarkbot_slam/maps/my_map.pgm
[4.971s] -- Up-to-date: /home/xtark/tarkbot/ros2_ws/install/tarkbot_slam/share/tarkbot_slam/maps/test.pgm
[4.972s] -- Up-to-date: /home/xtark/tarkbot/ros2_ws/install/tarkbot_slam/share/ament_index/resource_index/package_run_dependencies/tarkbot_slam
[4.992s] -- Up-to-date: /home/xtark/tarkbot/ros2_ws/install/tarkbot_slam/share/ament_index/resource_index/parent_prefix_path/tarkbot_slam
[4.993s] -- Up-to-date: /home/xtark/tarkbot/ros2_ws/install/tarkbot_slam/share/tarkbot_slam/environment/ament_prefix_path.sh
[4.994s] -- Up-to-date: /home/xtark/tarkbot/ros2_ws/install/tarkbot_slam/share/tarkbot_slam/environment/ament_prefix_path.dsv
[4.994s] -- Up-to-date: /home/xtark/tarkbot/ros2_ws/install/tarkbot_slam/share/tarkbot_slam/environment/path.sh
[4.994s] -- Up-to-date: /home/xtark/tarkbot/ros2_ws/install/tarkbot_slam/share/tarkbot_slam/environment/path.dsv
[4.995s] -- Up-to-date: /home/xtark/tarkbot/ros2_ws/install/tarkbot_slam/share/tarkbot_slam/local_setup.bash
[4.996s] -- Up-to-date: /home/xtark/tarkbot/ros2_ws/install/tarkbot_slam/share/tarkbot_slam/local_setup.sh
[4.997s] -- Up-to-date: /home/xtark/tarkbot/ros2_ws/install/tarkbot_slam/share/tarkbot_slam/local_setup.zsh
[4.997s] -- Up-to-date: /home/xtark/tarkbot/ros2_ws/install/tarkbot_slam/share/tarkbot_slam/local_setup.dsv
[4.997s] -- Installing: /home/xtark/tarkbot/ros2_ws/install/tarkbot_slam/share/tarkbot_slam/package.dsv
[4.998s] -- Up-to-date: /home/xtark/tarkbot/ros2_ws/install/tarkbot_slam/share/ament_index/resource_index/packages/tarkbot_slam
[5.000s] -- Up-to-date: /home/xtark/tarkbot/ros2_ws/install/tarkbot_slam/share/tarkbot_slam/cmake/tarkbot_slamConfig.cmake
[5.000s] -- Up-to-date: /home/xtark/tarkbot/ros2_ws/install/tarkbot_slam/share/tarkbot_slam/cmake/tarkbot_slamConfig-version.cmake
[5.001s] -- Up-to-date: /home/xtark/tarkbot/ros2_ws/install/tarkbot_slam/share/tarkbot_slam/package.xml
[5.810s] Invoked command in '/home/xtark/tarkbot/ros2_ws/build/tarkbot_slam' returned '0': CMAKE_PREFIX_PATH=${CMAKE_PREFIX_PATH}:/opt/ros/foxy /usr/bin/cmake --install /home/xtark/tarkbot/ros2_ws/build/tarkbot_slam
