[2.935s] Invoking command in '/home/xtark/tarkbot/ros2_ws/build/tarkbot_robot': CMAKE_PREFIX_PATH=${CMAKE_PREFIX_PATH}:/opt/ros/foxy /usr/bin/cmake --build /home/xtark/tarkbot/ros2_ws/build/tarkbot_robot -- -j4 -l4
[3.323s] [100%] Built target tarkbot_robot_node
[4.654s] Invoked command in '/home/xtark/tarkbot/ros2_ws/build/tarkbot_robot' returned '0': CMAKE_PREFIX_PATH=${CMAKE_PREFIX_PATH}:/opt/ros/foxy /usr/bin/cmake --build /home/xtark/tarkbot/ros2_ws/build/tarkbot_robot -- -j4 -l4
[4.884s] Invoking command in '/home/xtark/tarkbot/ros2_ws/build/tarkbot_robot': CMAKE_PREFIX_PATH=${CMAKE_PREFIX_PATH}:/opt/ros/foxy /usr/bin/cmake --install /home/xtark/tarkbot/ros2_ws/build/tarkbot_robot
[4.945s] -- Install configuration: ""
[4.981s] -- Up-to-date: /home/xtark/tarkbot/ros2_ws/install/tarkbot_robot/lib/tarkbot_robot/tarkbot_robot_node
[4.982s] -- Up-to-date: /home/xtark/tarkbot/ros2_ws/install/tarkbot_robot/share/tarkbot_robot/launch
[4.982s] -- Up-to-date: /home/xtark/tarkbot/ros2_ws/install/tarkbot_robot/share/tarkbot_robot/launch/__pycache__
[4.982s] -- Up-to-date: /home/xtark/tarkbot/ros2_ws/install/tarkbot_robot/share/tarkbot_robot/launch/__pycache__/robot.launch.cpython-38.pyc
[4.983s] -- Up-to-date: /home/xtark/tarkbot/ros2_ws/install/tarkbot_robot/share/tarkbot_robot/launch/robot.launch.py
[4.983s] -- Up-to-date: /home/xtark/tarkbot/ros2_ws/install/tarkbot_robot/share/tarkbot_robot/launch/robot2_lidar.launch.py
[4.984s] -- Up-to-date: /home/xtark/tarkbot/ros2_ws/install/tarkbot_robot/share/tarkbot_robot/config
[4.984s] -- Up-to-date: /home/xtark/tarkbot/ros2_ws/install/tarkbot_robot/share/tarkbot_robot/config/tarkbot_config.yaml
[4.984s] -- Up-to-date: /home/xtark/tarkbot/ros2_ws/install/tarkbot_robot/share/ament_index/resource_index/package_run_dependencies/tarkbot_robot
[4.985s] -- Up-to-date: /home/xtark/tarkbot/ros2_ws/install/tarkbot_robot/share/ament_index/resource_index/parent_prefix_path/tarkbot_robot
[4.986s] -- Up-to-date: /home/xtark/tarkbot/ros2_ws/install/tarkbot_robot/share/tarkbot_robot/environment/ament_prefix_path.sh
[4.986s] -- Up-to-date: /home/xtark/tarkbot/ros2_ws/install/tarkbot_robot/share/tarkbot_robot/environment/ament_prefix_path.dsv
[4.987s] -- Up-to-date: /home/xtark/tarkbot/ros2_ws/install/tarkbot_robot/share/tarkbot_robot/environment/path.sh
[4.989s] -- Up-to-date: /home/xtark/tarkbot/ros2_ws/install/tarkbot_robot/share/tarkbot_robot/environment/path.dsv
[4.990s] -- Up-to-date: /home/xtark/tarkbot/ros2_ws/install/tarkbot_robot/share/tarkbot_robot/local_setup.bash
[4.991s] -- Up-to-date: /home/xtark/tarkbot/ros2_ws/install/tarkbot_robot/share/tarkbot_robot/local_setup.sh
[4.992s] -- Up-to-date: /home/xtark/tarkbot/ros2_ws/install/tarkbot_robot/share/tarkbot_robot/local_setup.zsh
[4.994s] -- Up-to-date: /home/xtark/tarkbot/ros2_ws/install/tarkbot_robot/share/tarkbot_robot/local_setup.dsv
[4.995s] -- Installing: /home/xtark/tarkbot/ros2_ws/install/tarkbot_robot/share/tarkbot_robot/package.dsv
[4.998s] -- Up-to-date: /home/xtark/tarkbot/ros2_ws/install/tarkbot_robot/share/ament_index/resource_index/packages/tarkbot_robot
[4.999s] -- Up-to-date: /home/xtark/tarkbot/ros2_ws/install/tarkbot_robot/share/tarkbot_robot/cmake/tarkbot_robotConfig.cmake
[5.000s] -- Up-to-date: /home/xtark/tarkbot/ros2_ws/install/tarkbot_robot/share/tarkbot_robot/cmake/tarkbot_robotConfig-version.cmake
[5.001s] -- Up-to-date: /home/xtark/tarkbot/ros2_ws/install/tarkbot_robot/share/tarkbot_robot/package.xml
[5.001s] Invoked command in '/home/xtark/tarkbot/ros2_ws/build/tarkbot_robot' returned '0': CMAKE_PREFIX_PATH=${CMAKE_PREFIX_PATH}:/opt/ros/foxy /usr/bin/cmake --install /home/xtark/tarkbot/ros2_ws/build/tarkbot_robot
