[3.107s] Invoking command in '/home/xtark/tarkbot/ros2_ws/build/orbbec_camera_msgs': CMAKE_PREFIX_PATH=${CMAKE_PREFIX_PATH}:/opt/ros/foxy /usr/bin/cmake --build /home/xtark/tarkbot/ros2_ws/build/orbbec_camera_msgs -- -j4 -l4
[3.487s] [  0%] Built target orbbec_camera_msgs__cpp
[3.544s] [ 12%] Built target orbbec_camera_msgs__rosidl_generator_c
[3.845s] [ 24%] Built target orbbec_camera_msgs__rosidl_typesupport_introspection_cpp
[3.877s] [ 35%] Built target orbbec_camera_msgs__rosidl_typesupport_c
[3.878s] [ 46%] Built target orbbec_camera_msgs__rosidl_typesupport_fastrtps_cpp
[3.890s] [ 58%] Built target orbbec_camera_msgs__rosidl_typesupport_cpp
[4.096s] [ 70%] Built target orbbec_camera_msgs__rosidl_typesupport_introspection_c
[4.152s] [ 82%] Built target orbbec_camera_msgs__rosidl_typesupport_fastrtps_c
[4.244s] [ 82%] Built target orbbec_camera_msgs
[4.353s] [ 83%] Built target orbbec_camera_msgs__py
[4.532s] [ 94%] Built target orbbec_camera_msgs__python
[4.720s] [ 96%] Built target orbbec_camera_msgs__rosidl_typesupport_introspection_c__pyext
[4.754s] [ 98%] Built target orbbec_camera_msgs__rosidl_typesupport_fastrtps_c__pyext
[4.757s] [100%] Built target orbbec_camera_msgs__rosidl_typesupport_c__pyext
[4.952s] Invoked command in '/home/xtark/tarkbot/ros2_ws/build/orbbec_camera_msgs' returned '0': CMAKE_PREFIX_PATH=${CMAKE_PREFIX_PATH}:/opt/ros/foxy /usr/bin/cmake --build /home/xtark/tarkbot/ros2_ws/build/orbbec_camera_msgs -- -j4 -l4
[8.072s] Invoking command in '/home/xtark/tarkbot/ros2_ws/build/orbbec_camera_msgs': CMAKE_PREFIX_PATH=${CMAKE_PREFIX_PATH}:/opt/ros/foxy /usr/bin/cmake --install /home/xtark/tarkbot/ros2_ws/build/orbbec_camera_msgs
[8.876s] -- Install configuration: ""
[8.876s] -- Up-to-date: /home/xtark/tarkbot/ros2_ws/install/orbbec_camera_msgs/share/ament_index/resource_index/rosidl_interfaces/orbbec_camera_msgs
[8.876s] -- Up-to-date: /home/xtark/tarkbot/ros2_ws/install/orbbec_camera_msgs/include/orbbec_camera_msgs
[8.877s] -- Up-to-date: /home/xtark/tarkbot/ros2_ws/install/orbbec_camera_msgs/include/orbbec_camera_msgs/msg
[8.877s] -- Up-to-date: /home/xtark/tarkbot/ros2_ws/install/orbbec_camera_msgs/include/orbbec_camera_msgs/msg/rosidl_generator_c__visibility_control.h
[8.878s] -- Up-to-date: /home/xtark/tarkbot/ros2_ws/install/orbbec_camera_msgs/include/orbbec_camera_msgs/msg/detail
[8.878s] -- Up-to-date: /home/xtark/tarkbot/ros2_ws/install/orbbec_camera_msgs/include/orbbec_camera_msgs/msg/detail/extrinsics__functions.h
[8.879s] -- Up-to-date: /home/xtark/tarkbot/ros2_ws/install/orbbec_camera_msgs/include/orbbec_camera_msgs/msg/detail/extrinsics__functions.c
[8.879s] -- Up-to-date: /home/xtark/tarkbot/ros2_ws/install/orbbec_camera_msgs/include/orbbec_camera_msgs/msg/detail/metadata__functions.c
[8.880s] -- Up-to-date: /home/xtark/tarkbot/ros2_ws/install/orbbec_camera_msgs/include/orbbec_camera_msgs/msg/detail/extrinsics__struct.h
[8.880s] -- Up-to-date: /home/xtark/tarkbot/ros2_ws/install/orbbec_camera_msgs/include/orbbec_camera_msgs/msg/detail/metadata__struct.h
[8.881s] -- Up-to-date: /home/xtark/tarkbot/ros2_ws/install/orbbec_camera_msgs/include/orbbec_camera_msgs/msg/detail/device_info__functions.h
[8.881s] -- Up-to-date: /home/xtark/tarkbot/ros2_ws/install/orbbec_camera_msgs/include/orbbec_camera_msgs/msg/detail/extrinsics__type_support.h
[8.882s] -- Up-to-date: /home/xtark/tarkbot/ros2_ws/install/orbbec_camera_msgs/include/orbbec_camera_msgs/msg/detail/metadata__functions.h
[8.882s] -- Up-to-date: /home/xtark/tarkbot/ros2_ws/install/orbbec_camera_msgs/include/orbbec_camera_msgs/msg/detail/metadata__type_support.h
[8.882s] -- Up-to-date: /home/xtark/tarkbot/ros2_ws/install/orbbec_camera_msgs/include/orbbec_camera_msgs/msg/detail/device_info__struct.h
[8.883s] -- Up-to-date: /home/xtark/tarkbot/ros2_ws/install/orbbec_camera_msgs/include/orbbec_camera_msgs/msg/detail/device_info__functions.c
[8.884s] -- Up-to-date: /home/xtark/tarkbot/ros2_ws/install/orbbec_camera_msgs/include/orbbec_camera_msgs/msg/detail/device_info__type_support.h
[8.884s] -- Up-to-date: /home/xtark/tarkbot/ros2_ws/install/orbbec_camera_msgs/include/orbbec_camera_msgs/msg/metadata.h
[8.884s] -- Up-to-date: /home/xtark/tarkbot/ros2_ws/install/orbbec_camera_msgs/include/orbbec_camera_msgs/msg/device_info.h
[8.885s] -- Up-to-date: /home/xtark/tarkbot/ros2_ws/install/orbbec_camera_msgs/include/orbbec_camera_msgs/msg/extrinsics.h
[8.886s] -- Up-to-date: /home/xtark/tarkbot/ros2_ws/install/orbbec_camera_msgs/include/orbbec_camera_msgs/srv
[8.887s] -- Up-to-date: /home/xtark/tarkbot/ros2_ws/install/orbbec_camera_msgs/include/orbbec_camera_msgs/srv/get_camera_info.h
[8.887s] -- Up-to-date: /home/xtark/tarkbot/ros2_ws/install/orbbec_camera_msgs/include/orbbec_camera_msgs/srv/get_int32.h
[8.888s] -- Up-to-date: /home/xtark/tarkbot/ros2_ws/install/orbbec_camera_msgs/include/orbbec_camera_msgs/srv/detail
[8.889s] -- Up-to-date: /home/xtark/tarkbot/ros2_ws/install/orbbec_camera_msgs/include/orbbec_camera_msgs/srv/detail/get_string__functions.h
[8.889s] -- Up-to-date: /home/xtark/tarkbot/ros2_ws/install/orbbec_camera_msgs/include/orbbec_camera_msgs/srv/detail/set_string__functions.h
[8.890s] -- Up-to-date: /home/xtark/tarkbot/ros2_ws/install/orbbec_camera_msgs/include/orbbec_camera_msgs/srv/detail/get_bool__struct.h
[8.891s] -- Up-to-date: /home/xtark/tarkbot/ros2_ws/install/orbbec_camera_msgs/include/orbbec_camera_msgs/srv/detail/get_string__struct.h
[8.891s] -- Up-to-date: /home/xtark/tarkbot/ros2_ws/install/orbbec_camera_msgs/include/orbbec_camera_msgs/srv/detail/get_bool__functions.c
[8.892s] -- Up-to-date: /home/xtark/tarkbot/ros2_ws/install/orbbec_camera_msgs/include/orbbec_camera_msgs/srv/detail/get_string__functions.c
[8.893s] -- Up-to-date: /home/xtark/tarkbot/ros2_ws/install/orbbec_camera_msgs/include/orbbec_camera_msgs/srv/detail/get_device_info__functions.c
[8.893s] -- Up-to-date: /home/xtark/tarkbot/ros2_ws/install/orbbec_camera_msgs/include/orbbec_camera_msgs/srv/detail/set_string__functions.c
[8.894s] -- Up-to-date: /home/xtark/tarkbot/ros2_ws/install/orbbec_camera_msgs/include/orbbec_camera_msgs/srv/detail/get_camera_info__type_support.h
[8.894s] -- Up-to-date: /home/xtark/tarkbot/ros2_ws/install/orbbec_camera_msgs/include/orbbec_camera_msgs/srv/detail/get_camera_info__functions.c
[8.895s] -- Up-to-date: /home/xtark/tarkbot/ros2_ws/install/orbbec_camera_msgs/include/orbbec_camera_msgs/srv/detail/get_camera_info__functions.h
[8.896s] -- Up-to-date: /home/xtark/tarkbot/ros2_ws/install/orbbec_camera_msgs/include/orbbec_camera_msgs/srv/detail/get_bool__functions.h
[8.896s] -- Up-to-date: /home/xtark/tarkbot/ros2_ws/install/orbbec_camera_msgs/include/orbbec_camera_msgs/srv/detail/set_string__struct.h
[8.896s] -- Up-to-date: /home/xtark/tarkbot/ros2_ws/install/orbbec_camera_msgs/include/orbbec_camera_msgs/srv/detail/get_bool__type_support.h
[8.896s] -- Up-to-date: /home/xtark/tarkbot/ros2_ws/install/orbbec_camera_msgs/include/orbbec_camera_msgs/srv/detail/get_device_info__struct.h
[8.897s] -- Up-to-date: /home/xtark/tarkbot/ros2_ws/install/orbbec_camera_msgs/include/orbbec_camera_msgs/srv/detail/get_camera_info__struct.h
[8.898s] -- Up-to-date: /home/xtark/tarkbot/ros2_ws/install/orbbec_camera_msgs/include/orbbec_camera_msgs/srv/detail/set_int32__struct.h
[8.904s] -- Up-to-date: /home/xtark/tarkbot/ros2_ws/install/orbbec_camera_msgs/include/orbbec_camera_msgs/srv/detail/get_int32__type_support.h
[8.904s] -- Up-to-date: /home/xtark/tarkbot/ros2_ws/install/orbbec_camera_msgs/include/orbbec_camera_msgs/srv/detail/get_string__type_support.h
[8.905s] -- Up-to-date: /home/xtark/tarkbot/ros2_ws/install/orbbec_camera_msgs/include/orbbec_camera_msgs/srv/detail/set_string__type_support.h
[8.905s] -- Up-to-date: /home/xtark/tarkbot/ros2_ws/install/orbbec_camera_msgs/include/orbbec_camera_msgs/srv/detail/get_device_info__type_support.h
[8.906s] -- Up-to-date: /home/xtark/tarkbot/ros2_ws/install/orbbec_camera_msgs/include/orbbec_camera_msgs/srv/detail/get_device_info__functions.h
[8.906s] -- Up-to-date: /home/xtark/tarkbot/ros2_ws/install/orbbec_camera_msgs/include/orbbec_camera_msgs/srv/detail/get_int32__functions.c
[8.907s] -- Up-to-date: /home/xtark/tarkbot/ros2_ws/install/orbbec_camera_msgs/include/orbbec_camera_msgs/srv/detail/set_int32__functions.c
[8.909s] -- Up-to-date: /home/xtark/tarkbot/ros2_ws/install/orbbec_camera_msgs/include/orbbec_camera_msgs/srv/detail/get_int32__struct.h
[8.912s] -- Up-to-date: /home/xtark/tarkbot/ros2_ws/install/orbbec_camera_msgs/include/orbbec_camera_msgs/srv/detail/set_int32__type_support.h
[8.914s] -- Up-to-date: /home/xtark/tarkbot/ros2_ws/install/orbbec_camera_msgs/include/orbbec_camera_msgs/srv/detail/get_int32__functions.h
[8.916s] -- Up-to-date: /home/xtark/tarkbot/ros2_ws/install/orbbec_camera_msgs/include/orbbec_camera_msgs/srv/detail/set_int32__functions.h
[8.919s] -- Up-to-date: /home/xtark/tarkbot/ros2_ws/install/orbbec_camera_msgs/include/orbbec_camera_msgs/srv/set_int32.h
[8.921s] -- Up-to-date: /home/xtark/tarkbot/ros2_ws/install/orbbec_camera_msgs/include/orbbec_camera_msgs/srv/set_string.h
[8.923s] -- Up-to-date: /home/xtark/tarkbot/ros2_ws/install/orbbec_camera_msgs/include/orbbec_camera_msgs/srv/get_device_info.h
[8.925s] -- Up-to-date: /home/xtark/tarkbot/ros2_ws/install/orbbec_camera_msgs/include/orbbec_camera_msgs/srv/get_string.h
[8.928s] -- Up-to-date: /home/xtark/tarkbot/ros2_ws/install/orbbec_camera_msgs/include/orbbec_camera_msgs/srv/get_bool.h
[8.932s] -- Up-to-date: /home/xtark/tarkbot/ros2_ws/install/orbbec_camera_msgs/share/orbbec_camera_msgs/environment/library_path.sh
[8.935s] -- Up-to-date: /home/xtark/tarkbot/ros2_ws/install/orbbec_camera_msgs/share/orbbec_camera_msgs/environment/library_path.dsv
[8.938s] -- Up-to-date: /home/xtark/tarkbot/ros2_ws/install/orbbec_camera_msgs/lib/liborbbec_camera_msgs__rosidl_generator_c.so
[8.940s] -- Up-to-date: /home/xtark/tarkbot/ros2_ws/install/orbbec_camera_msgs/include/orbbec_camera_msgs
[8.942s] -- Up-to-date: /home/xtark/tarkbot/ros2_ws/install/orbbec_camera_msgs/include/orbbec_camera_msgs/msg
[8.944s] -- Up-to-date: /home/xtark/tarkbot/ros2_ws/install/orbbec_camera_msgs/include/orbbec_camera_msgs/msg/detail
[8.946s] -- Up-to-date: /home/xtark/tarkbot/ros2_ws/install/orbbec_camera_msgs/include/orbbec_camera_msgs/msg/detail/extrinsics__rosidl_typesupport_fastrtps_c.h
[8.948s] -- Up-to-date: /home/xtark/tarkbot/ros2_ws/install/orbbec_camera_msgs/include/orbbec_camera_msgs/msg/detail/device_info__rosidl_typesupport_fastrtps_c.h
[8.950s] -- Up-to-date: /home/xtark/tarkbot/ros2_ws/install/orbbec_camera_msgs/include/orbbec_camera_msgs/msg/detail/metadata__rosidl_typesupport_fastrtps_c.h
[8.952s] -- Up-to-date: /home/xtark/tarkbot/ros2_ws/install/orbbec_camera_msgs/include/orbbec_camera_msgs/msg/rosidl_typesupport_fastrtps_c__visibility_control.h
[8.954s] -- Up-to-date: /home/xtark/tarkbot/ros2_ws/install/orbbec_camera_msgs/include/orbbec_camera_msgs/srv
[8.956s] -- Up-to-date: /home/xtark/tarkbot/ros2_ws/install/orbbec_camera_msgs/include/orbbec_camera_msgs/srv/detail
[8.959s] -- Up-to-date: /home/xtark/tarkbot/ros2_ws/install/orbbec_camera_msgs/include/orbbec_camera_msgs/srv/detail/get_device_info__rosidl_typesupport_fastrtps_c.h
[8.962s] -- Up-to-date: /home/xtark/tarkbot/ros2_ws/install/orbbec_camera_msgs/include/orbbec_camera_msgs/srv/detail/set_int32__rosidl_typesupport_fastrtps_c.h
[8.963s] -- Up-to-date: /home/xtark/tarkbot/ros2_ws/install/orbbec_camera_msgs/include/orbbec_camera_msgs/srv/detail/set_string__rosidl_typesupport_fastrtps_c.h
[8.968s] -- Up-to-date: /home/xtark/tarkbot/ros2_ws/install/orbbec_camera_msgs/include/orbbec_camera_msgs/srv/detail/get_camera_info__rosidl_typesupport_fastrtps_c.h
[8.969s] -- Up-to-date: /home/xtark/tarkbot/ros2_ws/install/orbbec_camera_msgs/include/orbbec_camera_msgs/srv/detail/get_string__rosidl_typesupport_fastrtps_c.h
[8.971s] -- Up-to-date: /home/xtark/tarkbot/ros2_ws/install/orbbec_camera_msgs/include/orbbec_camera_msgs/srv/detail/get_int32__rosidl_typesupport_fastrtps_c.h
[8.972s] -- Up-to-date: /home/xtark/tarkbot/ros2_ws/install/orbbec_camera_msgs/include/orbbec_camera_msgs/srv/detail/get_bool__rosidl_typesupport_fastrtps_c.h
[8.975s] -- Up-to-date: /home/xtark/tarkbot/ros2_ws/install/orbbec_camera_msgs/lib/liborbbec_camera_msgs__rosidl_typesupport_fastrtps_c.so
[8.976s] -- Up-to-date: /home/xtark/tarkbot/ros2_ws/install/orbbec_camera_msgs/include/orbbec_camera_msgs
[8.978s] -- Up-to-date: /home/xtark/tarkbot/ros2_ws/install/orbbec_camera_msgs/include/orbbec_camera_msgs/msg
[8.980s] -- Up-to-date: /home/xtark/tarkbot/ros2_ws/install/orbbec_camera_msgs/include/orbbec_camera_msgs/msg/detail
[8.981s] -- Up-to-date: /home/xtark/tarkbot/ros2_ws/install/orbbec_camera_msgs/include/orbbec_camera_msgs/msg/detail/extrinsics__rosidl_typesupport_fastrtps_cpp.hpp
[8.984s] -- Up-to-date: /home/xtark/tarkbot/ros2_ws/install/orbbec_camera_msgs/include/orbbec_camera_msgs/msg/detail/dds_fastrtps
[8.987s] -- Up-to-date: /home/xtark/tarkbot/ros2_ws/install/orbbec_camera_msgs/include/orbbec_camera_msgs/msg/detail/metadata__rosidl_typesupport_fastrtps_cpp.hpp
[8.989s] -- Up-to-date: /home/xtark/tarkbot/ros2_ws/install/orbbec_camera_msgs/include/orbbec_camera_msgs/msg/detail/device_info__rosidl_typesupport_fastrtps_cpp.hpp
[8.991s] -- Up-to-date: /home/xtark/tarkbot/ros2_ws/install/orbbec_camera_msgs/include/orbbec_camera_msgs/msg/rosidl_typesupport_fastrtps_cpp__visibility_control.h
[8.993s] -- Up-to-date: /home/xtark/tarkbot/ros2_ws/install/orbbec_camera_msgs/include/orbbec_camera_msgs/srv
[8.996s] -- Up-to-date: /home/xtark/tarkbot/ros2_ws/install/orbbec_camera_msgs/include/orbbec_camera_msgs/srv/detail
[8.998s] -- Up-to-date: /home/xtark/tarkbot/ros2_ws/install/orbbec_camera_msgs/include/orbbec_camera_msgs/srv/detail/get_int32__rosidl_typesupport_fastrtps_cpp.hpp
[9.000s] -- Up-to-date: /home/xtark/tarkbot/ros2_ws/install/orbbec_camera_msgs/include/orbbec_camera_msgs/srv/detail/dds_fastrtps
[9.005s] -- Up-to-date: /home/xtark/tarkbot/ros2_ws/install/orbbec_camera_msgs/include/orbbec_camera_msgs/srv/detail/get_string__rosidl_typesupport_fastrtps_cpp.hpp
[9.008s] -- Up-to-date: /home/xtark/tarkbot/ros2_ws/install/orbbec_camera_msgs/include/orbbec_camera_msgs/srv/detail/get_bool__rosidl_typesupport_fastrtps_cpp.hpp
[9.010s] -- Up-to-date: /home/xtark/tarkbot/ros2_ws/install/orbbec_camera_msgs/include/orbbec_camera_msgs/srv/detail/get_device_info__rosidl_typesupport_fastrtps_cpp.hpp
[9.012s] -- Up-to-date: /home/xtark/tarkbot/ros2_ws/install/orbbec_camera_msgs/include/orbbec_camera_msgs/srv/detail/set_string__rosidl_typesupport_fastrtps_cpp.hpp
[9.012s] -- Up-to-date: /home/xtark/tarkbot/ros2_ws/install/orbbec_camera_msgs/include/orbbec_camera_msgs/srv/detail/set_int32__rosidl_typesupport_fastrtps_cpp.hpp
[9.013s] -- Up-to-date: /home/xtark/tarkbot/ros2_ws/install/orbbec_camera_msgs/include/orbbec_camera_msgs/srv/detail/get_camera_info__rosidl_typesupport_fastrtps_cpp.hpp
[9.013s] -- Up-to-date: /home/xtark/tarkbot/ros2_ws/install/orbbec_camera_msgs/lib/liborbbec_camera_msgs__rosidl_typesupport_fastrtps_cpp.so
[9.014s] -- Up-to-date: /home/xtark/tarkbot/ros2_ws/install/orbbec_camera_msgs/include/orbbec_camera_msgs
[9.014s] -- Up-to-date: /home/xtark/tarkbot/ros2_ws/install/orbbec_camera_msgs/include/orbbec_camera_msgs/msg
[9.015s] -- Up-to-date: /home/xtark/tarkbot/ros2_ws/install/orbbec_camera_msgs/include/orbbec_camera_msgs/msg/rosidl_typesupport_introspection_c__visibility_control.h
[9.016s] -- Up-to-date: /home/xtark/tarkbot/ros2_ws/install/orbbec_camera_msgs/include/orbbec_camera_msgs/msg/detail
[9.017s] -- Up-to-date: /home/xtark/tarkbot/ros2_ws/install/orbbec_camera_msgs/include/orbbec_camera_msgs/msg/detail/metadata__rosidl_typesupport_introspection_c.h
[9.019s] -- Up-to-date: /home/xtark/tarkbot/ros2_ws/install/orbbec_camera_msgs/include/orbbec_camera_msgs/msg/detail/extrinsics__type_support.c
[9.021s] -- Up-to-date: /home/xtark/tarkbot/ros2_ws/install/orbbec_camera_msgs/include/orbbec_camera_msgs/msg/detail/metadata__type_support.c
[9.023s] -- Up-to-date: /home/xtark/tarkbot/ros2_ws/install/orbbec_camera_msgs/include/orbbec_camera_msgs/msg/detail/extrinsics__rosidl_typesupport_introspection_c.h
[9.023s] -- Up-to-date: /home/xtark/tarkbot/ros2_ws/install/orbbec_camera_msgs/include/orbbec_camera_msgs/msg/detail/device_info__rosidl_typesupport_introspection_c.h
[9.023s] -- Up-to-date: /home/xtark/tarkbot/ros2_ws/install/orbbec_camera_msgs/include/orbbec_camera_msgs/msg/detail/device_info__type_support.c
[9.024s] -- Up-to-date: /home/xtark/tarkbot/ros2_ws/install/orbbec_camera_msgs/include/orbbec_camera_msgs/srv
[9.024s] -- Up-to-date: /home/xtark/tarkbot/ros2_ws/install/orbbec_camera_msgs/include/orbbec_camera_msgs/srv/detail
[9.024s] -- Up-to-date: /home/xtark/tarkbot/ros2_ws/install/orbbec_camera_msgs/include/orbbec_camera_msgs/srv/detail/set_string__rosidl_typesupport_introspection_c.h
[9.027s] -- Up-to-date: /home/xtark/tarkbot/ros2_ws/install/orbbec_camera_msgs/include/orbbec_camera_msgs/srv/detail/get_bool__type_support.c
[9.028s] -- Up-to-date: /home/xtark/tarkbot/ros2_ws/install/orbbec_camera_msgs/include/orbbec_camera_msgs/srv/detail/get_device_info__rosidl_typesupport_introspection_c.h
[9.031s] -- Up-to-date: /home/xtark/tarkbot/ros2_ws/install/orbbec_camera_msgs/include/orbbec_camera_msgs/srv/detail/get_string__rosidl_typesupport_introspection_c.h
[9.058s] -- Up-to-date: /home/xtark/tarkbot/ros2_ws/install/orbbec_camera_msgs/include/orbbec_camera_msgs/srv/detail/get_string__type_support.c
[9.060s] -- Up-to-date: /home/xtark/tarkbot/ros2_ws/install/orbbec_camera_msgs/include/orbbec_camera_msgs/srv/detail/set_string__type_support.c
[9.063s] -- Up-to-date: /home/xtark/tarkbot/ros2_ws/install/orbbec_camera_msgs/include/orbbec_camera_msgs/srv/detail/set_int32__rosidl_typesupport_introspection_c.h
[9.067s] -- Up-to-date: /home/xtark/tarkbot/ros2_ws/install/orbbec_camera_msgs/include/orbbec_camera_msgs/srv/detail/get_int32__type_support.c
[9.072s] -- Up-to-date: /home/xtark/tarkbot/ros2_ws/install/orbbec_camera_msgs/include/orbbec_camera_msgs/srv/detail/get_int32__rosidl_typesupport_introspection_c.h
[9.077s] -- Up-to-date: /home/xtark/tarkbot/ros2_ws/install/orbbec_camera_msgs/include/orbbec_camera_msgs/srv/detail/get_bool__rosidl_typesupport_introspection_c.h
[9.080s] -- Up-to-date: /home/xtark/tarkbot/ros2_ws/install/orbbec_camera_msgs/include/orbbec_camera_msgs/srv/detail/get_device_info__type_support.c
[9.083s] -- Up-to-date: /home/xtark/tarkbot/ros2_ws/install/orbbec_camera_msgs/include/orbbec_camera_msgs/srv/detail/get_camera_info__rosidl_typesupport_introspection_c.h
[9.086s] -- Up-to-date: /home/xtark/tarkbot/ros2_ws/install/orbbec_camera_msgs/include/orbbec_camera_msgs/srv/detail/get_camera_info__type_support.c
[9.094s] -- Up-to-date: /home/xtark/tarkbot/ros2_ws/install/orbbec_camera_msgs/include/orbbec_camera_msgs/srv/detail/set_int32__type_support.c
[9.096s] -- Up-to-date: /home/xtark/tarkbot/ros2_ws/install/orbbec_camera_msgs/lib/liborbbec_camera_msgs__rosidl_typesupport_introspection_c.so
[9.099s] -- Up-to-date: /home/xtark/tarkbot/ros2_ws/install/orbbec_camera_msgs/lib/liborbbec_camera_msgs__rosidl_typesupport_c.so
[9.101s] -- Up-to-date: /home/xtark/tarkbot/ros2_ws/install/orbbec_camera_msgs/include/orbbec_camera_msgs
[9.105s] -- Up-to-date: /home/xtark/tarkbot/ros2_ws/install/orbbec_camera_msgs/include/orbbec_camera_msgs/msg
[9.108s] -- Up-to-date: /home/xtark/tarkbot/ros2_ws/install/orbbec_camera_msgs/include/orbbec_camera_msgs/msg/metadata.hpp
[9.109s] -- Up-to-date: /home/xtark/tarkbot/ros2_ws/install/orbbec_camera_msgs/include/orbbec_camera_msgs/msg/device_info.hpp
[9.111s] -- Up-to-date: /home/xtark/tarkbot/ros2_ws/install/orbbec_camera_msgs/include/orbbec_camera_msgs/msg/detail
[9.113s] -- Up-to-date: /home/xtark/tarkbot/ros2_ws/install/orbbec_camera_msgs/include/orbbec_camera_msgs/msg/detail/device_info__struct.hpp
[9.114s] -- Up-to-date: /home/xtark/tarkbot/ros2_ws/install/orbbec_camera_msgs/include/orbbec_camera_msgs/msg/detail/metadata__builder.hpp
[9.116s] -- Up-to-date: /home/xtark/tarkbot/ros2_ws/install/orbbec_camera_msgs/include/orbbec_camera_msgs/msg/detail/extrinsics__type_support.hpp
[9.118s] -- Up-to-date: /home/xtark/tarkbot/ros2_ws/install/orbbec_camera_msgs/include/orbbec_camera_msgs/msg/detail/extrinsics__builder.hpp
[9.120s] -- Up-to-date: /home/xtark/tarkbot/ros2_ws/install/orbbec_camera_msgs/include/orbbec_camera_msgs/msg/detail/device_info__builder.hpp
[9.121s] -- Up-to-date: /home/xtark/tarkbot/ros2_ws/install/orbbec_camera_msgs/include/orbbec_camera_msgs/msg/detail/metadata__type_support.hpp
[9.123s] -- Up-to-date: /home/xtark/tarkbot/ros2_ws/install/orbbec_camera_msgs/include/orbbec_camera_msgs/msg/detail/metadata__struct.hpp
[9.125s] -- Up-to-date: /home/xtark/tarkbot/ros2_ws/install/orbbec_camera_msgs/include/orbbec_camera_msgs/msg/detail/extrinsics__traits.hpp
[9.127s] -- Up-to-date: /home/xtark/tarkbot/ros2_ws/install/orbbec_camera_msgs/include/orbbec_camera_msgs/msg/detail/metadata__traits.hpp
[9.129s] -- Up-to-date: /home/xtark/tarkbot/ros2_ws/install/orbbec_camera_msgs/include/orbbec_camera_msgs/msg/detail/device_info__type_support.hpp
[9.131s] -- Up-to-date: /home/xtark/tarkbot/ros2_ws/install/orbbec_camera_msgs/include/orbbec_camera_msgs/msg/detail/device_info__traits.hpp
[9.133s] -- Up-to-date: /home/xtark/tarkbot/ros2_ws/install/orbbec_camera_msgs/include/orbbec_camera_msgs/msg/detail/extrinsics__struct.hpp
[9.135s] -- Up-to-date: /home/xtark/tarkbot/ros2_ws/install/orbbec_camera_msgs/include/orbbec_camera_msgs/msg/extrinsics.hpp
[9.138s] -- Up-to-date: /home/xtark/tarkbot/ros2_ws/install/orbbec_camera_msgs/include/orbbec_camera_msgs/msg/rosidl_generator_cpp__visibility_control.hpp
[9.141s] -- Up-to-date: /home/xtark/tarkbot/ros2_ws/install/orbbec_camera_msgs/include/orbbec_camera_msgs/srv
[9.144s] -- Up-to-date: /home/xtark/tarkbot/ros2_ws/install/orbbec_camera_msgs/include/orbbec_camera_msgs/srv/detail
[9.148s] -- Up-to-date: /home/xtark/tarkbot/ros2_ws/install/orbbec_camera_msgs/include/orbbec_camera_msgs/srv/detail/get_bool__type_support.hpp
[9.149s] -- Up-to-date: /home/xtark/tarkbot/ros2_ws/install/orbbec_camera_msgs/include/orbbec_camera_msgs/srv/detail/get_camera_info__struct.hpp
[9.152s] -- Up-to-date: /home/xtark/tarkbot/ros2_ws/install/orbbec_camera_msgs/include/orbbec_camera_msgs/srv/detail/get_int32__traits.hpp
[9.154s] -- Up-to-date: /home/xtark/tarkbot/ros2_ws/install/orbbec_camera_msgs/include/orbbec_camera_msgs/srv/detail/set_string__struct.hpp
[9.156s] -- Up-to-date: /home/xtark/tarkbot/ros2_ws/install/orbbec_camera_msgs/include/orbbec_camera_msgs/srv/detail/get_device_info__builder.hpp
[9.158s] -- Up-to-date: /home/xtark/tarkbot/ros2_ws/install/orbbec_camera_msgs/include/orbbec_camera_msgs/srv/detail/set_string__traits.hpp
[9.160s] -- Up-to-date: /home/xtark/tarkbot/ros2_ws/install/orbbec_camera_msgs/include/orbbec_camera_msgs/srv/detail/set_string__builder.hpp
[9.163s] -- Up-to-date: /home/xtark/tarkbot/ros2_ws/install/orbbec_camera_msgs/include/orbbec_camera_msgs/srv/detail/set_int32__type_support.hpp
[9.165s] -- Up-to-date: /home/xtark/tarkbot/ros2_ws/install/orbbec_camera_msgs/include/orbbec_camera_msgs/srv/detail/set_int32__builder.hpp
[9.167s] -- Up-to-date: /home/xtark/tarkbot/ros2_ws/install/orbbec_camera_msgs/include/orbbec_camera_msgs/srv/detail/get_string__struct.hpp
[9.169s] -- Up-to-date: /home/xtark/tarkbot/ros2_ws/install/orbbec_camera_msgs/include/orbbec_camera_msgs/srv/detail/get_bool__builder.hpp
[9.171s] -- Up-to-date: /home/xtark/tarkbot/ros2_ws/install/orbbec_camera_msgs/include/orbbec_camera_msgs/srv/detail/get_int32__struct.hpp
[9.172s] -- Up-to-date: /home/xtark/tarkbot/ros2_ws/install/orbbec_camera_msgs/include/orbbec_camera_msgs/srv/detail/get_device_info__struct.hpp
[9.174s] -- Up-to-date: /home/xtark/tarkbot/ros2_ws/install/orbbec_camera_msgs/include/orbbec_camera_msgs/srv/detail/get_camera_info__builder.hpp
[9.176s] -- Up-to-date: /home/xtark/tarkbot/ros2_ws/install/orbbec_camera_msgs/include/orbbec_camera_msgs/srv/detail/get_string__type_support.hpp
[9.178s] -- Up-to-date: /home/xtark/tarkbot/ros2_ws/install/orbbec_camera_msgs/include/orbbec_camera_msgs/srv/detail/get_bool__traits.hpp
[9.180s] -- Up-to-date: /home/xtark/tarkbot/ros2_ws/install/orbbec_camera_msgs/include/orbbec_camera_msgs/srv/detail/get_int32__builder.hpp
[9.183s] -- Up-to-date: /home/xtark/tarkbot/ros2_ws/install/orbbec_camera_msgs/include/orbbec_camera_msgs/srv/detail/get_device_info__traits.hpp
[9.185s] -- Up-to-date: /home/xtark/tarkbot/ros2_ws/install/orbbec_camera_msgs/include/orbbec_camera_msgs/srv/detail/set_int32__struct.hpp
[9.187s] -- Up-to-date: /home/xtark/tarkbot/ros2_ws/install/orbbec_camera_msgs/include/orbbec_camera_msgs/srv/detail/get_camera_info__traits.hpp
[9.191s] -- Up-to-date: /home/xtark/tarkbot/ros2_ws/install/orbbec_camera_msgs/include/orbbec_camera_msgs/srv/detail/get_int32__type_support.hpp
[9.193s] -- Up-to-date: /home/xtark/tarkbot/ros2_ws/install/orbbec_camera_msgs/include/orbbec_camera_msgs/srv/detail/set_int32__traits.hpp
[9.195s] -- Up-to-date: /home/xtark/tarkbot/ros2_ws/install/orbbec_camera_msgs/include/orbbec_camera_msgs/srv/detail/get_string__builder.hpp
[9.199s] -- Up-to-date: /home/xtark/tarkbot/ros2_ws/install/orbbec_camera_msgs/include/orbbec_camera_msgs/srv/detail/get_device_info__type_support.hpp
[9.202s] -- Up-to-date: /home/xtark/tarkbot/ros2_ws/install/orbbec_camera_msgs/include/orbbec_camera_msgs/srv/detail/get_camera_info__type_support.hpp
[9.203s] -- Up-to-date: /home/xtark/tarkbot/ros2_ws/install/orbbec_camera_msgs/include/orbbec_camera_msgs/srv/detail/set_string__type_support.hpp
[9.204s] -- Up-to-date: /home/xtark/tarkbot/ros2_ws/install/orbbec_camera_msgs/include/orbbec_camera_msgs/srv/detail/get_bool__struct.hpp
[9.207s] -- Up-to-date: /home/xtark/tarkbot/ros2_ws/install/orbbec_camera_msgs/include/orbbec_camera_msgs/srv/detail/get_string__traits.hpp
[9.209s] -- Up-to-date: /home/xtark/tarkbot/ros2_ws/install/orbbec_camera_msgs/include/orbbec_camera_msgs/srv/get_bool.hpp
[9.211s] -- Up-to-date: /home/xtark/tarkbot/ros2_ws/install/orbbec_camera_msgs/include/orbbec_camera_msgs/srv/get_string.hpp
[9.213s] -- Up-to-date: /home/xtark/tarkbot/ros2_ws/install/orbbec_camera_msgs/include/orbbec_camera_msgs/srv/get_device_info.hpp
[9.215s] -- Up-to-date: /home/xtark/tarkbot/ros2_ws/install/orbbec_camera_msgs/include/orbbec_camera_msgs/srv/get_camera_info.hpp
[9.217s] -- Up-to-date: /home/xtark/tarkbot/ros2_ws/install/orbbec_camera_msgs/include/orbbec_camera_msgs/srv/set_int32.hpp
[9.219s] -- Up-to-date: /home/xtark/tarkbot/ros2_ws/install/orbbec_camera_msgs/include/orbbec_camera_msgs/srv/set_string.hpp
[9.221s] -- Up-to-date: /home/xtark/tarkbot/ros2_ws/install/orbbec_camera_msgs/include/orbbec_camera_msgs/srv/get_int32.hpp
[9.222s] -- Up-to-date: /home/xtark/tarkbot/ros2_ws/install/orbbec_camera_msgs/include/orbbec_camera_msgs
[9.224s] -- Up-to-date: /home/xtark/tarkbot/ros2_ws/install/orbbec_camera_msgs/include/orbbec_camera_msgs/msg
[9.226s] -- Up-to-date: /home/xtark/tarkbot/ros2_ws/install/orbbec_camera_msgs/include/orbbec_camera_msgs/msg/detail
[9.230s] -- Up-to-date: /home/xtark/tarkbot/ros2_ws/install/orbbec_camera_msgs/include/orbbec_camera_msgs/msg/detail/metadata__type_support.cpp
[9.233s] -- Up-to-date: /home/xtark/tarkbot/ros2_ws/install/orbbec_camera_msgs/include/orbbec_camera_msgs/msg/detail/extrinsics__rosidl_typesupport_introspection_cpp.hpp
[9.235s] -- Up-to-date: /home/xtark/tarkbot/ros2_ws/install/orbbec_camera_msgs/include/orbbec_camera_msgs/msg/detail/metadata__rosidl_typesupport_introspection_cpp.hpp
[9.237s] -- Up-to-date: /home/xtark/tarkbot/ros2_ws/install/orbbec_camera_msgs/include/orbbec_camera_msgs/msg/detail/device_info__rosidl_typesupport_introspection_cpp.hpp
[9.239s] -- Up-to-date: /home/xtark/tarkbot/ros2_ws/install/orbbec_camera_msgs/include/orbbec_camera_msgs/msg/detail/device_info__type_support.cpp
[9.241s] -- Up-to-date: /home/xtark/tarkbot/ros2_ws/install/orbbec_camera_msgs/include/orbbec_camera_msgs/msg/detail/extrinsics__type_support.cpp
[9.242s] -- Up-to-date: /home/xtark/tarkbot/ros2_ws/install/orbbec_camera_msgs/include/orbbec_camera_msgs/srv
[9.244s] -- Up-to-date: /home/xtark/tarkbot/ros2_ws/install/orbbec_camera_msgs/include/orbbec_camera_msgs/srv/detail
[9.246s] -- Up-to-date: /home/xtark/tarkbot/ros2_ws/install/orbbec_camera_msgs/include/orbbec_camera_msgs/srv/detail/set_int32__type_support.cpp
[9.304s] -- Up-to-date: /home/xtark/tarkbot/ros2_ws/install/orbbec_camera_msgs/include/orbbec_camera_msgs/srv/detail/get_bool__type_support.cpp
[9.308s] -- Up-to-date: /home/xtark/tarkbot/ros2_ws/install/orbbec_camera_msgs/include/orbbec_camera_msgs/srv/detail/get_camera_info__type_support.cpp
[9.310s] -- Up-to-date: /home/xtark/tarkbot/ros2_ws/install/orbbec_camera_msgs/include/orbbec_camera_msgs/srv/detail/get_int32__rosidl_typesupport_introspection_cpp.hpp
[9.311s] -- Up-to-date: /home/xtark/tarkbot/ros2_ws/install/orbbec_camera_msgs/include/orbbec_camera_msgs/srv/detail/get_device_info__type_support.cpp
[9.314s] -- Up-to-date: /home/xtark/tarkbot/ros2_ws/install/orbbec_camera_msgs/include/orbbec_camera_msgs/srv/detail/get_camera_info__rosidl_typesupport_introspection_cpp.hpp
[9.315s] -- Up-to-date: /home/xtark/tarkbot/ros2_ws/install/orbbec_camera_msgs/include/orbbec_camera_msgs/srv/detail/set_int32__rosidl_typesupport_introspection_cpp.hpp
[9.315s] -- Up-to-date: /home/xtark/tarkbot/ros2_ws/install/orbbec_camera_msgs/include/orbbec_camera_msgs/srv/detail/get_device_info__rosidl_typesupport_introspection_cpp.hpp
[9.316s] -- Up-to-date: /home/xtark/tarkbot/ros2_ws/install/orbbec_camera_msgs/include/orbbec_camera_msgs/srv/detail/get_string__rosidl_typesupport_introspection_cpp.hpp
[9.316s] -- Up-to-date: /home/xtark/tarkbot/ros2_ws/install/orbbec_camera_msgs/include/orbbec_camera_msgs/srv/detail/set_string__rosidl_typesupport_introspection_cpp.hpp
[9.316s] -- Up-to-date: /home/xtark/tarkbot/ros2_ws/install/orbbec_camera_msgs/include/orbbec_camera_msgs/srv/detail/set_string__type_support.cpp
[9.317s] -- Up-to-date: /home/xtark/tarkbot/ros2_ws/install/orbbec_camera_msgs/include/orbbec_camera_msgs/srv/detail/get_bool__rosidl_typesupport_introspection_cpp.hpp
[9.317s] -- Up-to-date: /home/xtark/tarkbot/ros2_ws/install/orbbec_camera_msgs/include/orbbec_camera_msgs/srv/detail/get_int32__type_support.cpp
[9.317s] -- Up-to-date: /home/xtark/tarkbot/ros2_ws/install/orbbec_camera_msgs/include/orbbec_camera_msgs/srv/detail/get_string__type_support.cpp
[9.318s] -- Up-to-date: /home/xtark/tarkbot/ros2_ws/install/orbbec_camera_msgs/lib/liborbbec_camera_msgs__rosidl_typesupport_introspection_cpp.so
[9.318s] -- Up-to-date: /home/xtark/tarkbot/ros2_ws/install/orbbec_camera_msgs/lib/liborbbec_camera_msgs__rosidl_typesupport_cpp.so
[9.318s] -- Up-to-date: /home/xtark/tarkbot/ros2_ws/install/orbbec_camera_msgs/share/orbbec_camera_msgs/environment/pythonpath.sh
[9.319s] -- Up-to-date: /home/xtark/tarkbot/ros2_ws/install/orbbec_camera_msgs/share/orbbec_camera_msgs/environment/pythonpath.dsv
[9.319s] -- Up-to-date: /home/xtark/tarkbot/ros2_ws/install/orbbec_camera_msgs/lib/python3.8/site-packages/orbbec_camera_msgs/__init__.py
[9.319s] -- Up-to-date: /home/xtark/tarkbot/ros2_ws/install/orbbec_camera_msgs/lib/python3.8/site-packages/orbbec_camera_msgs/msg
[9.320s] -- Up-to-date: /home/xtark/tarkbot/ros2_ws/install/orbbec_camera_msgs/lib/python3.8/site-packages/orbbec_camera_msgs/msg/_device_info.py
[9.320s] -- Up-to-date: /home/xtark/tarkbot/ros2_ws/install/orbbec_camera_msgs/lib/python3.8/site-packages/orbbec_camera_msgs/msg/_metadata.py
[9.320s] -- Up-to-date: /home/xtark/tarkbot/ros2_ws/install/orbbec_camera_msgs/lib/python3.8/site-packages/orbbec_camera_msgs/msg/__init__.py
[9.321s] -- Up-to-date: /home/xtark/tarkbot/ros2_ws/install/orbbec_camera_msgs/lib/python3.8/site-packages/orbbec_camera_msgs/msg/_device_info_s.c
[9.321s] -- Up-to-date: /home/xtark/tarkbot/ros2_ws/install/orbbec_camera_msgs/lib/python3.8/site-packages/orbbec_camera_msgs/msg/_extrinsics.py
[9.322s] -- Up-to-date: /home/xtark/tarkbot/ros2_ws/install/orbbec_camera_msgs/lib/python3.8/site-packages/orbbec_camera_msgs/msg/_extrinsics_s.c
[9.322s] -- Up-to-date: /home/xtark/tarkbot/ros2_ws/install/orbbec_camera_msgs/lib/python3.8/site-packages/orbbec_camera_msgs/msg/_metadata_s.c
[9.322s] -- Up-to-date: /home/xtark/tarkbot/ros2_ws/install/orbbec_camera_msgs/lib/python3.8/site-packages/orbbec_camera_msgs/srv
[9.323s] -- Up-to-date: /home/xtark/tarkbot/ros2_ws/install/orbbec_camera_msgs/lib/python3.8/site-packages/orbbec_camera_msgs/srv/_get_camera_info_s.c
[9.323s] -- Up-to-date: /home/xtark/tarkbot/ros2_ws/install/orbbec_camera_msgs/lib/python3.8/site-packages/orbbec_camera_msgs/srv/_get_device_info_s.c
[9.323s] -- Up-to-date: /home/xtark/tarkbot/ros2_ws/install/orbbec_camera_msgs/lib/python3.8/site-packages/orbbec_camera_msgs/srv/_get_device_info.py
[9.324s] -- Up-to-date: /home/xtark/tarkbot/ros2_ws/install/orbbec_camera_msgs/lib/python3.8/site-packages/orbbec_camera_msgs/srv/__init__.py
[9.324s] -- Up-to-date: /home/xtark/tarkbot/ros2_ws/install/orbbec_camera_msgs/lib/python3.8/site-packages/orbbec_camera_msgs/srv/_set_string_s.c
[9.325s] -- Up-to-date: /home/xtark/tarkbot/ros2_ws/install/orbbec_camera_msgs/lib/python3.8/site-packages/orbbec_camera_msgs/srv/_set_int32.py
[9.325s] -- Up-to-date: /home/xtark/tarkbot/ros2_ws/install/orbbec_camera_msgs/lib/python3.8/site-packages/orbbec_camera_msgs/srv/_get_int32.py
[9.325s] -- Up-to-date: /home/xtark/tarkbot/ros2_ws/install/orbbec_camera_msgs/lib/python3.8/site-packages/orbbec_camera_msgs/srv/_get_camera_info.py
[9.326s] -- Up-to-date: /home/xtark/tarkbot/ros2_ws/install/orbbec_camera_msgs/lib/python3.8/site-packages/orbbec_camera_msgs/srv/_get_bool_s.c
[9.326s] -- Up-to-date: /home/xtark/tarkbot/ros2_ws/install/orbbec_camera_msgs/lib/python3.8/site-packages/orbbec_camera_msgs/srv/_set_string.py
[9.327s] -- Up-to-date: /home/xtark/tarkbot/ros2_ws/install/orbbec_camera_msgs/lib/python3.8/site-packages/orbbec_camera_msgs/srv/_get_bool.py
[9.327s] -- Up-to-date: /home/xtark/tarkbot/ros2_ws/install/orbbec_camera_msgs/lib/python3.8/site-packages/orbbec_camera_msgs/srv/_get_string.py
[9.328s] -- Up-to-date: /home/xtark/tarkbot/ros2_ws/install/orbbec_camera_msgs/lib/python3.8/site-packages/orbbec_camera_msgs/srv/_get_string_s.c
[9.328s] -- Up-to-date: /home/xtark/tarkbot/ros2_ws/install/orbbec_camera_msgs/lib/python3.8/site-packages/orbbec_camera_msgs/srv/_set_int32_s.c
[9.328s] -- Up-to-date: /home/xtark/tarkbot/ros2_ws/install/orbbec_camera_msgs/lib/python3.8/site-packages/orbbec_camera_msgs/srv/_get_int32_s.c
[9.329s] -- Up-to-date: /home/xtark/tarkbot/ros2_ws/install/orbbec_camera_msgs/lib/python3.8/site-packages/orbbec_camera_msgs/orbbec_camera_msgs_s__rosidl_typesupport_fastrtps_c.cpython-38-aarch64-linux-gnu.so
[9.329s] -- Up-to-date: /home/xtark/tarkbot/ros2_ws/install/orbbec_camera_msgs/lib/python3.8/site-packages/orbbec_camera_msgs/orbbec_camera_msgs_s__rosidl_typesupport_introspection_c.cpython-38-aarch64-linux-gnu.so
[9.329s] -- Up-to-date: /home/xtark/tarkbot/ros2_ws/install/orbbec_camera_msgs/lib/python3.8/site-packages/orbbec_camera_msgs/orbbec_camera_msgs_s__rosidl_typesupport_c.cpython-38-aarch64-linux-gnu.so
[9.329s] -- Up-to-date: /home/xtark/tarkbot/ros2_ws/install/orbbec_camera_msgs/lib/liborbbec_camera_msgs__python.so
[9.330s] -- Up-to-date: /home/xtark/tarkbot/ros2_ws/install/orbbec_camera_msgs/share/orbbec_camera_msgs/msg/DeviceInfo.idl
[9.330s] -- Up-to-date: /home/xtark/tarkbot/ros2_ws/install/orbbec_camera_msgs/share/orbbec_camera_msgs/msg/Extrinsics.idl
[9.330s] -- Up-to-date: /home/xtark/tarkbot/ros2_ws/install/orbbec_camera_msgs/share/orbbec_camera_msgs/msg/Metadata.idl
[9.331s] -- Up-to-date: /home/xtark/tarkbot/ros2_ws/install/orbbec_camera_msgs/share/orbbec_camera_msgs/srv/GetBool.idl
[9.331s] -- Up-to-date: /home/xtark/tarkbot/ros2_ws/install/orbbec_camera_msgs/share/orbbec_camera_msgs/srv/GetDeviceInfo.idl
[9.331s] -- Up-to-date: /home/xtark/tarkbot/ros2_ws/install/orbbec_camera_msgs/share/orbbec_camera_msgs/srv/GetCameraInfo.idl
[9.332s] -- Up-to-date: /home/xtark/tarkbot/ros2_ws/install/orbbec_camera_msgs/share/orbbec_camera_msgs/srv/GetInt32.idl
[9.332s] -- Up-to-date: /home/xtark/tarkbot/ros2_ws/install/orbbec_camera_msgs/share/orbbec_camera_msgs/srv/GetString.idl
[9.332s] -- Up-to-date: /home/xtark/tarkbot/ros2_ws/install/orbbec_camera_msgs/share/orbbec_camera_msgs/srv/SetInt32.idl
[9.333s] -- Up-to-date: /home/xtark/tarkbot/ros2_ws/install/orbbec_camera_msgs/share/orbbec_camera_msgs/srv/SetString.idl
[9.333s] -- Up-to-date: /home/xtark/tarkbot/ros2_ws/install/orbbec_camera_msgs/share/orbbec_camera_msgs/msg/DeviceInfo.msg
[9.333s] -- Up-to-date: /home/xtark/tarkbot/ros2_ws/install/orbbec_camera_msgs/share/orbbec_camera_msgs/msg/Extrinsics.msg
[9.334s] -- Up-to-date: /home/xtark/tarkbot/ros2_ws/install/orbbec_camera_msgs/share/orbbec_camera_msgs/msg/Metadata.msg
[9.334s] -- Up-to-date: /home/xtark/tarkbot/ros2_ws/install/orbbec_camera_msgs/share/orbbec_camera_msgs/srv/GetBool.srv
[9.334s] -- Up-to-date: /home/xtark/tarkbot/ros2_ws/install/orbbec_camera_msgs/share/orbbec_camera_msgs/srv/GetBool_Request.msg
[9.334s] -- Up-to-date: /home/xtark/tarkbot/ros2_ws/install/orbbec_camera_msgs/share/orbbec_camera_msgs/srv/GetBool_Response.msg
[9.335s] -- Up-to-date: /home/xtark/tarkbot/ros2_ws/install/orbbec_camera_msgs/share/orbbec_camera_msgs/srv/GetDeviceInfo.srv
[9.335s] -- Up-to-date: /home/xtark/tarkbot/ros2_ws/install/orbbec_camera_msgs/share/orbbec_camera_msgs/srv/GetDeviceInfo_Request.msg
[9.335s] -- Up-to-date: /home/xtark/tarkbot/ros2_ws/install/orbbec_camera_msgs/share/orbbec_camera_msgs/srv/GetDeviceInfo_Response.msg
[9.336s] -- Up-to-date: /home/xtark/tarkbot/ros2_ws/install/orbbec_camera_msgs/share/orbbec_camera_msgs/srv/GetCameraInfo.srv
[9.336s] -- Up-to-date: /home/xtark/tarkbot/ros2_ws/install/orbbec_camera_msgs/share/orbbec_camera_msgs/srv/GetCameraInfo_Request.msg
[9.336s] -- Up-to-date: /home/xtark/tarkbot/ros2_ws/install/orbbec_camera_msgs/share/orbbec_camera_msgs/srv/GetCameraInfo_Response.msg
[9.337s] -- Up-to-date: /home/xtark/tarkbot/ros2_ws/install/orbbec_camera_msgs/share/orbbec_camera_msgs/srv/GetInt32.srv
[9.337s] -- Up-to-date: /home/xtark/tarkbot/ros2_ws/install/orbbec_camera_msgs/share/orbbec_camera_msgs/srv/GetInt32_Request.msg
[9.337s] -- Up-to-date: /home/xtark/tarkbot/ros2_ws/install/orbbec_camera_msgs/share/orbbec_camera_msgs/srv/GetInt32_Response.msg
[9.338s] -- Up-to-date: /home/xtark/tarkbot/ros2_ws/install/orbbec_camera_msgs/share/orbbec_camera_msgs/srv/GetString.srv
[9.338s] -- Up-to-date: /home/xtark/tarkbot/ros2_ws/install/orbbec_camera_msgs/share/orbbec_camera_msgs/srv/GetString_Request.msg
[9.339s] -- Up-to-date: /home/xtark/tarkbot/ros2_ws/install/orbbec_camera_msgs/share/orbbec_camera_msgs/srv/GetString_Response.msg
[9.339s] -- Up-to-date: /home/xtark/tarkbot/ros2_ws/install/orbbec_camera_msgs/share/orbbec_camera_msgs/srv/SetInt32.srv
[9.339s] -- Up-to-date: /home/xtark/tarkbot/ros2_ws/install/orbbec_camera_msgs/share/orbbec_camera_msgs/srv/SetInt32_Request.msg
[9.340s] -- Up-to-date: /home/xtark/tarkbot/ros2_ws/install/orbbec_camera_msgs/share/orbbec_camera_msgs/srv/SetInt32_Response.msg
[9.340s] -- Up-to-date: /home/xtark/tarkbot/ros2_ws/install/orbbec_camera_msgs/share/orbbec_camera_msgs/srv/SetString.srv
[9.340s] -- Up-to-date: /home/xtark/tarkbot/ros2_ws/install/orbbec_camera_msgs/share/orbbec_camera_msgs/srv/SetString_Request.msg
[9.341s] -- Up-to-date: /home/xtark/tarkbot/ros2_ws/install/orbbec_camera_msgs/share/orbbec_camera_msgs/srv/SetString_Response.msg
[9.341s] -- Up-to-date: /home/xtark/tarkbot/ros2_ws/install/orbbec_camera_msgs/share/ament_index/resource_index/package_run_dependencies/orbbec_camera_msgs
[9.341s] -- Up-to-date: /home/xtark/tarkbot/ros2_ws/install/orbbec_camera_msgs/share/ament_index/resource_index/parent_prefix_path/orbbec_camera_msgs
[9.342s] -- Up-to-date: /home/xtark/tarkbot/ros2_ws/install/orbbec_camera_msgs/share/orbbec_camera_msgs/environment/ament_prefix_path.sh
[9.342s] -- Up-to-date: /home/xtark/tarkbot/ros2_ws/install/orbbec_camera_msgs/share/orbbec_camera_msgs/environment/ament_prefix_path.dsv
[9.347s] -- Up-to-date: /home/xtark/tarkbot/ros2_ws/install/orbbec_camera_msgs/share/orbbec_camera_msgs/environment/path.sh
[9.348s] -- Up-to-date: /home/xtark/tarkbot/ros2_ws/install/orbbec_camera_msgs/share/orbbec_camera_msgs/environment/path.dsv
[9.348s] -- Up-to-date: /home/xtark/tarkbot/ros2_ws/install/orbbec_camera_msgs/share/orbbec_camera_msgs/local_setup.bash
[9.348s] -- Up-to-date: /home/xtark/tarkbot/ros2_ws/install/orbbec_camera_msgs/share/orbbec_camera_msgs/local_setup.sh
[9.348s] -- Up-to-date: /home/xtark/tarkbot/ros2_ws/install/orbbec_camera_msgs/share/orbbec_camera_msgs/local_setup.zsh
[9.349s] -- Up-to-date: /home/xtark/tarkbot/ros2_ws/install/orbbec_camera_msgs/share/orbbec_camera_msgs/local_setup.dsv
[9.349s] -- Installing: /home/xtark/tarkbot/ros2_ws/install/orbbec_camera_msgs/share/orbbec_camera_msgs/package.dsv
[9.350s] -- Up-to-date: /home/xtark/tarkbot/ros2_ws/install/orbbec_camera_msgs/share/ament_index/resource_index/packages/orbbec_camera_msgs
[9.350s] -- Up-to-date: /home/xtark/tarkbot/ros2_ws/install/orbbec_camera_msgs/share/orbbec_camera_msgs/cmake/orbbec_camera_msgs__rosidl_generator_cExport.cmake
[9.351s] -- Up-to-date: /home/xtark/tarkbot/ros2_ws/install/orbbec_camera_msgs/share/orbbec_camera_msgs/cmake/orbbec_camera_msgs__rosidl_generator_cExport-noconfig.cmake
[9.352s] -- Up-to-date: /home/xtark/tarkbot/ros2_ws/install/orbbec_camera_msgs/share/orbbec_camera_msgs/cmake/orbbec_camera_msgs__rosidl_typesupport_introspection_cExport.cmake
[9.354s] -- Up-to-date: /home/xtark/tarkbot/ros2_ws/install/orbbec_camera_msgs/share/orbbec_camera_msgs/cmake/orbbec_camera_msgs__rosidl_typesupport_introspection_cExport-noconfig.cmake
[9.355s] -- Up-to-date: /home/xtark/tarkbot/ros2_ws/install/orbbec_camera_msgs/share/orbbec_camera_msgs/cmake/orbbec_camera_msgs__rosidl_typesupport_cExport.cmake
[9.356s] -- Up-to-date: /home/xtark/tarkbot/ros2_ws/install/orbbec_camera_msgs/share/orbbec_camera_msgs/cmake/orbbec_camera_msgs__rosidl_typesupport_cExport-noconfig.cmake
[9.358s] -- Up-to-date: /home/xtark/tarkbot/ros2_ws/install/orbbec_camera_msgs/share/orbbec_camera_msgs/cmake/orbbec_camera_msgs__rosidl_generator_cppExport.cmake
[9.359s] -- Up-to-date: /home/xtark/tarkbot/ros2_ws/install/orbbec_camera_msgs/share/orbbec_camera_msgs/cmake/orbbec_camera_msgs__rosidl_typesupport_introspection_cppExport.cmake
[9.360s] -- Up-to-date: /home/xtark/tarkbot/ros2_ws/install/orbbec_camera_msgs/share/orbbec_camera_msgs/cmake/orbbec_camera_msgs__rosidl_typesupport_introspection_cppExport-noconfig.cmake
[9.362s] -- Up-to-date: /home/xtark/tarkbot/ros2_ws/install/orbbec_camera_msgs/share/orbbec_camera_msgs/cmake/orbbec_camera_msgs__rosidl_typesupport_cppExport.cmake
[9.363s] -- Up-to-date: /home/xtark/tarkbot/ros2_ws/install/orbbec_camera_msgs/share/orbbec_camera_msgs/cmake/orbbec_camera_msgs__rosidl_typesupport_cppExport-noconfig.cmake
[9.364s] -- Up-to-date: /home/xtark/tarkbot/ros2_ws/install/orbbec_camera_msgs/share/orbbec_camera_msgs/cmake/rosidl_cmake-extras.cmake
[9.366s] -- Up-to-date: /home/xtark/tarkbot/ros2_ws/install/orbbec_camera_msgs/share/orbbec_camera_msgs/cmake/ament_cmake_export_dependencies-extras.cmake
[9.368s] -- Up-to-date: /home/xtark/tarkbot/ros2_ws/install/orbbec_camera_msgs/share/orbbec_camera_msgs/cmake/ament_cmake_export_libraries-extras.cmake
[9.369s] -- Up-to-date: /home/xtark/tarkbot/ros2_ws/install/orbbec_camera_msgs/share/orbbec_camera_msgs/cmake/ament_cmake_export_targets-extras.cmake
[9.370s] -- Up-to-date: /home/xtark/tarkbot/ros2_ws/install/orbbec_camera_msgs/share/orbbec_camera_msgs/cmake/ament_cmake_export_include_directories-extras.cmake
[9.372s] -- Up-to-date: /home/xtark/tarkbot/ros2_ws/install/orbbec_camera_msgs/share/orbbec_camera_msgs/cmake/rosidl_cmake_export_typesupport_libraries-extras.cmake
[9.374s] -- Up-to-date: /home/xtark/tarkbot/ros2_ws/install/orbbec_camera_msgs/share/orbbec_camera_msgs/cmake/rosidl_cmake_export_typesupport_targets-extras.cmake
[9.375s] -- Up-to-date: /home/xtark/tarkbot/ros2_ws/install/orbbec_camera_msgs/share/orbbec_camera_msgs/cmake/orbbec_camera_msgsConfig.cmake
[9.379s] -- Up-to-date: /home/xtark/tarkbot/ros2_ws/install/orbbec_camera_msgs/share/orbbec_camera_msgs/cmake/orbbec_camera_msgsConfig-version.cmake
[9.379s] -- Up-to-date: /home/xtark/tarkbot/ros2_ws/install/orbbec_camera_msgs/share/orbbec_camera_msgs/package.xml
[11.442s] Invoked command in '/home/xtark/tarkbot/ros2_ws/build/orbbec_camera_msgs' returned '0': CMAKE_PREFIX_PATH=${CMAKE_PREFIX_PATH}:/opt/ros/foxy /usr/bin/cmake --install /home/xtark/tarkbot/ros2_ws/build/orbbec_camera_msgs
