[3.698s] Invoking command in '/home/xtark/tarkbot/ros2_ws/build/tarkbot_robot': CMAKE_PREFIX_PATH=${CMAKE_PREFIX_PATH}:/opt/ros/foxy /usr/bin/cmake --build /home/xtark/tarkbot/ros2_ws/build/tarkbot_robot -- -j4 -l4
[4.156s] [100%] Built target tarkbot_robot_node
[5.538s] Invoked command in '/home/xtark/tarkbot/ros2_ws/build/tarkbot_robot' returned '0': CMAKE_PREFIX_PATH=${CMAKE_PREFIX_PATH}:/opt/ros/foxy /usr/bin/cmake --build /home/xtark/tarkbot/ros2_ws/build/tarkbot_robot -- -j4 -l4
[5.757s] Invoking command in '/home/xtark/tarkbot/ros2_ws/build/tarkbot_robot': CMAKE_PREFIX_PATH=${CMAKE_PREFIX_PATH}:/opt/ros/foxy /usr/bin/cmake --install /home/xtark/tarkbot/ros2_ws/build/tarkbot_robot
[5.849s] -- Install configuration: "Release"
[5.857s] -- Up-to-date: /home/xtark/tarkbot/ros2_ws/install/tarkbot_robot/lib/tarkbot_robot/tarkbot_robot_node
[5.859s] -- Up-to-date: /home/xtark/tarkbot/ros2_ws/install/tarkbot_robot/share/tarkbot_robot/launch
[5.860s] -- Up-to-date: /home/xtark/tarkbot/ros2_ws/install/tarkbot_robot/share/tarkbot_robot/launch/__pycache__
[5.860s] -- Up-to-date: /home/xtark/tarkbot/ros2_ws/install/tarkbot_robot/share/tarkbot_robot/launch/__pycache__/robot.launch.cpython-38.pyc
[5.861s] -- Up-to-date: /home/xtark/tarkbot/ros2_ws/install/tarkbot_robot/share/tarkbot_robot/launch/robot.launch.py
[5.866s] -- Up-to-date: /home/xtark/tarkbot/ros2_ws/install/tarkbot_robot/share/tarkbot_robot/launch/robot2_lidar.launch.py
[5.866s] -- Up-to-date: /home/xtark/tarkbot/ros2_ws/install/tarkbot_robot/share/tarkbot_robot/config
[5.867s] -- Up-to-date: /home/xtark/tarkbot/ros2_ws/install/tarkbot_robot/share/tarkbot_robot/config/tarkbot_config.yaml
[5.868s] -- Up-to-date: /home/xtark/tarkbot/ros2_ws/install/tarkbot_robot/share/ament_index/resource_index/package_run_dependencies/tarkbot_robot
[5.868s] -- Up-to-date: /home/xtark/tarkbot/ros2_ws/install/tarkbot_robot/share/ament_index/resource_index/parent_prefix_path/tarkbot_robot
[5.869s] -- Up-to-date: /home/xtark/tarkbot/ros2_ws/install/tarkbot_robot/share/tarkbot_robot/environment/ament_prefix_path.sh
[5.869s] -- Up-to-date: /home/xtark/tarkbot/ros2_ws/install/tarkbot_robot/share/tarkbot_robot/environment/ament_prefix_path.dsv
[5.870s] -- Up-to-date: /home/xtark/tarkbot/ros2_ws/install/tarkbot_robot/share/tarkbot_robot/environment/path.sh
[5.875s] -- Up-to-date: /home/xtark/tarkbot/ros2_ws/install/tarkbot_robot/share/tarkbot_robot/environment/path.dsv
[5.876s] -- Up-to-date: /home/xtark/tarkbot/ros2_ws/install/tarkbot_robot/share/tarkbot_robot/local_setup.bash
[5.876s] -- Up-to-date: /home/xtark/tarkbot/ros2_ws/install/tarkbot_robot/share/tarkbot_robot/local_setup.sh
[5.877s] -- Up-to-date: /home/xtark/tarkbot/ros2_ws/install/tarkbot_robot/share/tarkbot_robot/local_setup.zsh
[5.877s] -- Up-to-date: /home/xtark/tarkbot/ros2_ws/install/tarkbot_robot/share/tarkbot_robot/local_setup.dsv
[5.878s] -- Installing: /home/xtark/tarkbot/ros2_ws/install/tarkbot_robot/share/tarkbot_robot/package.dsv
[5.878s] -- Up-to-date: /home/xtark/tarkbot/ros2_ws/install/tarkbot_robot/share/ament_index/resource_index/packages/tarkbot_robot
[5.879s] -- Up-to-date: /home/xtark/tarkbot/ros2_ws/install/tarkbot_robot/share/tarkbot_robot/cmake/tarkbot_robotConfig.cmake
[5.881s] -- Up-to-date: /home/xtark/tarkbot/ros2_ws/install/tarkbot_robot/share/tarkbot_robot/cmake/tarkbot_robotConfig-version.cmake
[5.882s] -- Up-to-date: /home/xtark/tarkbot/ros2_ws/install/tarkbot_robot/share/tarkbot_robot/package.xml
[6.727s] Invoked command in '/home/xtark/tarkbot/ros2_ws/build/tarkbot_robot' returned '0': CMAKE_PREFIX_PATH=${CMAKE_PREFIX_PATH}:/opt/ros/foxy /usr/bin/cmake --install /home/xtark/tarkbot/ros2_ws/build/tarkbot_robot
