[8.516s] Invoking command in '/home/xtark/tarkbot/ros2_ws/build/astra_camera_msgs': CMAKE_PREFIX_PATH=${CMAKE_PREFIX_PATH}:/opt/ros/foxy /usr/bin/cmake --build /home/xtark/tarkbot/ros2_ws/build/astra_camera_msgs -- -j4 -l4
[8.894s] [  1%] Built target astra_camera_msgs__cpp
[8.977s] [ 12%] Built target astra_camera_msgs__rosidl_generator_c
[9.230s] [ 24%] Built target astra_camera_msgs__rosidl_typesupport_cpp
[9.268s] [ 35%] Built target astra_camera_msgs__rosidl_typesupport_introspection_cpp
[9.305s] [ 47%] Built target astra_camera_msgs__rosidl_typesupport_introspection_c
[9.387s] [ 58%] Built target astra_camera_msgs__rosidl_typesupport_fastrtps_cpp
[9.506s] [ 70%] Built target astra_camera_msgs__rosidl_typesupport_c
[9.680s] [ 82%] Built target astra_camera_msgs__rosidl_typesupport_fastrtps_c
[9.846s] [ 82%] Built target astra_camera_msgs
[9.962s] [ 83%] Built target astra_camera_msgs__py
[10.178s] [ 93%] Built target astra_camera_msgs__python
[10.369s] [ 95%] Built target astra_camera_msgs__rosidl_typesupport_fastrtps_c__pyext
[10.413s] [ 97%] Built target astra_camera_msgs__rosidl_typesupport_introspection_c__pyext
[10.416s] [100%] Built target astra_camera_msgs__rosidl_typesupport_c__pyext
[13.211s] Invoked command in '/home/xtark/tarkbot/ros2_ws/build/astra_camera_msgs' returned '0': CMAKE_PREFIX_PATH=${CMAKE_PREFIX_PATH}:/opt/ros/foxy /usr/bin/cmake --build /home/xtark/tarkbot/ros2_ws/build/astra_camera_msgs -- -j4 -l4
[21.546s] Invoking command in '/home/xtark/tarkbot/ros2_ws/build/astra_camera_msgs': CMAKE_PREFIX_PATH=${CMAKE_PREFIX_PATH}:/opt/ros/foxy /usr/bin/cmake --install /home/xtark/tarkbot/ros2_ws/build/astra_camera_msgs
[23.710s] -- Install configuration: "Release"
[23.711s] -- Execute custom install script
[23.712s] -- Up-to-date symlink: /home/xtark/tarkbot/ros2_ws/install/astra_camera_msgs/share/ament_index/resource_index/rosidl_interfaces/astra_camera_msgs
[23.713s] -- Up-to-date symlink: /home/xtark/tarkbot/ros2_ws/install/astra_camera_msgs/include/astra_camera_msgs/msg/detail/device_info__functions.h
[23.714s] -- Up-to-date symlink: /home/xtark/tarkbot/ros2_ws/install/astra_camera_msgs/include/astra_camera_msgs/msg/detail/device_info__struct.h
[23.717s] -- Up-to-date symlink: /home/xtark/tarkbot/ros2_ws/install/astra_camera_msgs/include/astra_camera_msgs/msg/detail/device_info__type_support.h
[23.718s] -- Up-to-date symlink: /home/xtark/tarkbot/ros2_ws/install/astra_camera_msgs/include/astra_camera_msgs/msg/detail/extrinsics__functions.h
[23.718s] -- Up-to-date symlink: /home/xtark/tarkbot/ros2_ws/install/astra_camera_msgs/include/astra_camera_msgs/msg/detail/extrinsics__struct.h
[23.719s] -- Up-to-date symlink: /home/xtark/tarkbot/ros2_ws/install/astra_camera_msgs/include/astra_camera_msgs/msg/detail/extrinsics__type_support.h
[23.719s] -- Up-to-date symlink: /home/xtark/tarkbot/ros2_ws/install/astra_camera_msgs/include/astra_camera_msgs/msg/detail/metadata__functions.h
[23.720s] -- Up-to-date symlink: /home/xtark/tarkbot/ros2_ws/install/astra_camera_msgs/include/astra_camera_msgs/msg/detail/metadata__struct.h
[23.720s] -- Up-to-date symlink: /home/xtark/tarkbot/ros2_ws/install/astra_camera_msgs/include/astra_camera_msgs/msg/detail/metadata__type_support.h
[23.720s] -- Up-to-date symlink: /home/xtark/tarkbot/ros2_ws/install/astra_camera_msgs/include/astra_camera_msgs/msg/device_info.h
[23.721s] -- Up-to-date symlink: /home/xtark/tarkbot/ros2_ws/install/astra_camera_msgs/include/astra_camera_msgs/msg/extrinsics.h
[23.721s] -- Up-to-date symlink: /home/xtark/tarkbot/ros2_ws/install/astra_camera_msgs/include/astra_camera_msgs/msg/metadata.h
[23.722s] -- Up-to-date symlink: /home/xtark/tarkbot/ros2_ws/install/astra_camera_msgs/include/astra_camera_msgs/msg/rosidl_generator_c__visibility_control.h
[23.722s] -- Up-to-date symlink: /home/xtark/tarkbot/ros2_ws/install/astra_camera_msgs/include/astra_camera_msgs/srv/detail/get_camera_info__functions.h
[23.723s] -- Up-to-date symlink: /home/xtark/tarkbot/ros2_ws/install/astra_camera_msgs/include/astra_camera_msgs/srv/detail/get_camera_info__struct.h
[23.723s] -- Up-to-date symlink: /home/xtark/tarkbot/ros2_ws/install/astra_camera_msgs/include/astra_camera_msgs/srv/detail/get_camera_info__type_support.h
[23.724s] -- Up-to-date symlink: /home/xtark/tarkbot/ros2_ws/install/astra_camera_msgs/include/astra_camera_msgs/srv/detail/get_camera_params__functions.h
[23.724s] -- Up-to-date symlink: /home/xtark/tarkbot/ros2_ws/install/astra_camera_msgs/include/astra_camera_msgs/srv/detail/get_camera_params__struct.h
[23.725s] -- Up-to-date symlink: /home/xtark/tarkbot/ros2_ws/install/astra_camera_msgs/include/astra_camera_msgs/srv/detail/get_camera_params__type_support.h
[23.725s] -- Up-to-date symlink: /home/xtark/tarkbot/ros2_ws/install/astra_camera_msgs/include/astra_camera_msgs/srv/detail/get_device_info__functions.h
[23.726s] -- Up-to-date symlink: /home/xtark/tarkbot/ros2_ws/install/astra_camera_msgs/include/astra_camera_msgs/srv/detail/get_device_info__struct.h
[23.726s] -- Up-to-date symlink: /home/xtark/tarkbot/ros2_ws/install/astra_camera_msgs/include/astra_camera_msgs/srv/detail/get_device_info__type_support.h
[23.727s] -- Up-to-date symlink: /home/xtark/tarkbot/ros2_ws/install/astra_camera_msgs/include/astra_camera_msgs/srv/detail/get_int32__functions.h
[23.727s] -- Up-to-date symlink: /home/xtark/tarkbot/ros2_ws/install/astra_camera_msgs/include/astra_camera_msgs/srv/detail/get_int32__struct.h
[23.727s] -- Up-to-date symlink: /home/xtark/tarkbot/ros2_ws/install/astra_camera_msgs/include/astra_camera_msgs/srv/detail/get_int32__type_support.h
[23.728s] -- Up-to-date symlink: /home/xtark/tarkbot/ros2_ws/install/astra_camera_msgs/include/astra_camera_msgs/srv/detail/get_string__functions.h
[23.729s] -- Up-to-date symlink: /home/xtark/tarkbot/ros2_ws/install/astra_camera_msgs/include/astra_camera_msgs/srv/detail/get_string__struct.h
[23.732s] -- Up-to-date symlink: /home/xtark/tarkbot/ros2_ws/install/astra_camera_msgs/include/astra_camera_msgs/srv/detail/get_string__type_support.h
[23.733s] -- Up-to-date symlink: /home/xtark/tarkbot/ros2_ws/install/astra_camera_msgs/include/astra_camera_msgs/srv/detail/set_int32__functions.h
[23.734s] -- Up-to-date symlink: /home/xtark/tarkbot/ros2_ws/install/astra_camera_msgs/include/astra_camera_msgs/srv/detail/set_int32__struct.h
[23.735s] -- Up-to-date symlink: /home/xtark/tarkbot/ros2_ws/install/astra_camera_msgs/include/astra_camera_msgs/srv/detail/set_int32__type_support.h
[23.736s] -- Up-to-date symlink: /home/xtark/tarkbot/ros2_ws/install/astra_camera_msgs/include/astra_camera_msgs/srv/get_camera_info.h
[23.738s] -- Up-to-date symlink: /home/xtark/tarkbot/ros2_ws/install/astra_camera_msgs/include/astra_camera_msgs/srv/get_camera_params.h
[23.739s] -- Up-to-date symlink: /home/xtark/tarkbot/ros2_ws/install/astra_camera_msgs/include/astra_camera_msgs/srv/get_device_info.h
[23.740s] -- Up-to-date symlink: /home/xtark/tarkbot/ros2_ws/install/astra_camera_msgs/include/astra_camera_msgs/srv/get_int32.h
[23.741s] -- Up-to-date symlink: /home/xtark/tarkbot/ros2_ws/install/astra_camera_msgs/include/astra_camera_msgs/srv/get_string.h
[23.750s] -- Up-to-date symlink: /home/xtark/tarkbot/ros2_ws/install/astra_camera_msgs/include/astra_camera_msgs/srv/set_int32.h
[23.752s] -- Up-to-date symlink: /home/xtark/tarkbot/ros2_ws/install/astra_camera_msgs/share/astra_camera_msgs/environment/library_path.sh
[23.753s] -- Up-to-date symlink: /home/xtark/tarkbot/ros2_ws/install/astra_camera_msgs/share/astra_camera_msgs/environment/library_path.dsv
[23.754s] -- Up-to-date symlink: /home/xtark/tarkbot/ros2_ws/install/astra_camera_msgs/include/astra_camera_msgs/msg/detail/device_info__rosidl_typesupport_fastrtps_c.h
[23.755s] -- Up-to-date symlink: /home/xtark/tarkbot/ros2_ws/install/astra_camera_msgs/include/astra_camera_msgs/msg/detail/extrinsics__rosidl_typesupport_fastrtps_c.h
[23.755s] -- Up-to-date symlink: /home/xtark/tarkbot/ros2_ws/install/astra_camera_msgs/include/astra_camera_msgs/msg/detail/metadata__rosidl_typesupport_fastrtps_c.h
[23.756s] -- Up-to-date symlink: /home/xtark/tarkbot/ros2_ws/install/astra_camera_msgs/include/astra_camera_msgs/msg/rosidl_typesupport_fastrtps_c__visibility_control.h
[23.757s] -- Up-to-date symlink: /home/xtark/tarkbot/ros2_ws/install/astra_camera_msgs/include/astra_camera_msgs/srv/detail/get_camera_info__rosidl_typesupport_fastrtps_c.h
[23.757s] -- Up-to-date symlink: /home/xtark/tarkbot/ros2_ws/install/astra_camera_msgs/include/astra_camera_msgs/srv/detail/get_camera_params__rosidl_typesupport_fastrtps_c.h
[23.759s] -- Up-to-date symlink: /home/xtark/tarkbot/ros2_ws/install/astra_camera_msgs/include/astra_camera_msgs/srv/detail/get_device_info__rosidl_typesupport_fastrtps_c.h
[23.760s] -- Up-to-date symlink: /home/xtark/tarkbot/ros2_ws/install/astra_camera_msgs/include/astra_camera_msgs/srv/detail/get_int32__rosidl_typesupport_fastrtps_c.h
[23.760s] -- Up-to-date symlink: /home/xtark/tarkbot/ros2_ws/install/astra_camera_msgs/include/astra_camera_msgs/srv/detail/get_string__rosidl_typesupport_fastrtps_c.h
[23.764s] -- Up-to-date symlink: /home/xtark/tarkbot/ros2_ws/install/astra_camera_msgs/include/astra_camera_msgs/srv/detail/set_int32__rosidl_typesupport_fastrtps_c.h
[23.765s] -- Up-to-date symlink: /home/xtark/tarkbot/ros2_ws/install/astra_camera_msgs/lib/libastra_camera_msgs__rosidl_typesupport_fastrtps_c.so
[23.765s] -- Up-to-date symlink: /home/xtark/tarkbot/ros2_ws/install/astra_camera_msgs/include/astra_camera_msgs/msg/detail/device_info__rosidl_typesupport_fastrtps_cpp.hpp
[23.774s] -- Up-to-date symlink: /home/xtark/tarkbot/ros2_ws/install/astra_camera_msgs/include/astra_camera_msgs/msg/detail/extrinsics__rosidl_typesupport_fastrtps_cpp.hpp
[23.775s] -- Up-to-date symlink: /home/xtark/tarkbot/ros2_ws/install/astra_camera_msgs/include/astra_camera_msgs/msg/detail/metadata__rosidl_typesupport_fastrtps_cpp.hpp
[23.776s] -- Up-to-date symlink: /home/xtark/tarkbot/ros2_ws/install/astra_camera_msgs/include/astra_camera_msgs/msg/rosidl_typesupport_fastrtps_cpp__visibility_control.h
[23.777s] -- Up-to-date symlink: /home/xtark/tarkbot/ros2_ws/install/astra_camera_msgs/include/astra_camera_msgs/srv/detail/get_camera_info__rosidl_typesupport_fastrtps_cpp.hpp
[23.777s] -- Up-to-date symlink: /home/xtark/tarkbot/ros2_ws/install/astra_camera_msgs/include/astra_camera_msgs/srv/detail/get_camera_params__rosidl_typesupport_fastrtps_cpp.hpp
[23.778s] -- Up-to-date symlink: /home/xtark/tarkbot/ros2_ws/install/astra_camera_msgs/include/astra_camera_msgs/srv/detail/get_device_info__rosidl_typesupport_fastrtps_cpp.hpp
[23.779s] -- Up-to-date symlink: /home/xtark/tarkbot/ros2_ws/install/astra_camera_msgs/include/astra_camera_msgs/srv/detail/get_int32__rosidl_typesupport_fastrtps_cpp.hpp
[23.779s] -- Up-to-date symlink: /home/xtark/tarkbot/ros2_ws/install/astra_camera_msgs/include/astra_camera_msgs/srv/detail/get_string__rosidl_typesupport_fastrtps_cpp.hpp
[23.787s] -- Up-to-date symlink: /home/xtark/tarkbot/ros2_ws/install/astra_camera_msgs/include/astra_camera_msgs/srv/detail/set_int32__rosidl_typesupport_fastrtps_cpp.hpp
[23.788s] -- Up-to-date symlink: /home/xtark/tarkbot/ros2_ws/install/astra_camera_msgs/lib/libastra_camera_msgs__rosidl_typesupport_fastrtps_cpp.so
[23.792s] -- Up-to-date symlink: /home/xtark/tarkbot/ros2_ws/install/astra_camera_msgs/include/astra_camera_msgs/msg/detail/device_info__rosidl_typesupport_introspection_c.h
[23.795s] -- Up-to-date symlink: /home/xtark/tarkbot/ros2_ws/install/astra_camera_msgs/include/astra_camera_msgs/msg/detail/extrinsics__rosidl_typesupport_introspection_c.h
[23.795s] -- Up-to-date symlink: /home/xtark/tarkbot/ros2_ws/install/astra_camera_msgs/include/astra_camera_msgs/msg/detail/metadata__rosidl_typesupport_introspection_c.h
[23.796s] -- Up-to-date symlink: /home/xtark/tarkbot/ros2_ws/install/astra_camera_msgs/include/astra_camera_msgs/msg/rosidl_typesupport_introspection_c__visibility_control.h
[23.799s] -- Up-to-date symlink: /home/xtark/tarkbot/ros2_ws/install/astra_camera_msgs/include/astra_camera_msgs/srv/detail/get_camera_info__rosidl_typesupport_introspection_c.h
[23.799s] -- Up-to-date symlink: /home/xtark/tarkbot/ros2_ws/install/astra_camera_msgs/include/astra_camera_msgs/srv/detail/get_camera_params__rosidl_typesupport_introspection_c.h
[23.800s] -- Up-to-date symlink: /home/xtark/tarkbot/ros2_ws/install/astra_camera_msgs/include/astra_camera_msgs/srv/detail/get_device_info__rosidl_typesupport_introspection_c.h
[23.801s] -- Up-to-date symlink: /home/xtark/tarkbot/ros2_ws/install/astra_camera_msgs/include/astra_camera_msgs/srv/detail/get_int32__rosidl_typesupport_introspection_c.h
[23.802s] -- Up-to-date symlink: /home/xtark/tarkbot/ros2_ws/install/astra_camera_msgs/include/astra_camera_msgs/srv/detail/get_string__rosidl_typesupport_introspection_c.h
[23.802s] -- Up-to-date symlink: /home/xtark/tarkbot/ros2_ws/install/astra_camera_msgs/include/astra_camera_msgs/srv/detail/set_int32__rosidl_typesupport_introspection_c.h
[23.802s] -- Up-to-date symlink: /home/xtark/tarkbot/ros2_ws/install/astra_camera_msgs/include/astra_camera_msgs/msg/detail/device_info__builder.hpp
[23.803s] -- Up-to-date symlink: /home/xtark/tarkbot/ros2_ws/install/astra_camera_msgs/include/astra_camera_msgs/msg/detail/device_info__struct.hpp
[23.803s] -- Up-to-date symlink: /home/xtark/tarkbot/ros2_ws/install/astra_camera_msgs/include/astra_camera_msgs/msg/detail/device_info__traits.hpp
[23.803s] -- Up-to-date symlink: /home/xtark/tarkbot/ros2_ws/install/astra_camera_msgs/include/astra_camera_msgs/msg/detail/device_info__type_support.hpp
[23.804s] -- Up-to-date symlink: /home/xtark/tarkbot/ros2_ws/install/astra_camera_msgs/include/astra_camera_msgs/msg/detail/extrinsics__builder.hpp
[23.804s] -- Up-to-date symlink: /home/xtark/tarkbot/ros2_ws/install/astra_camera_msgs/include/astra_camera_msgs/msg/detail/extrinsics__struct.hpp
[23.804s] -- Up-to-date symlink: /home/xtark/tarkbot/ros2_ws/install/astra_camera_msgs/include/astra_camera_msgs/msg/detail/extrinsics__traits.hpp
[23.805s] -- Up-to-date symlink: /home/xtark/tarkbot/ros2_ws/install/astra_camera_msgs/include/astra_camera_msgs/msg/detail/extrinsics__type_support.hpp
[23.805s] -- Up-to-date symlink: /home/xtark/tarkbot/ros2_ws/install/astra_camera_msgs/include/astra_camera_msgs/msg/detail/metadata__builder.hpp
[23.805s] -- Up-to-date symlink: /home/xtark/tarkbot/ros2_ws/install/astra_camera_msgs/include/astra_camera_msgs/msg/detail/metadata__struct.hpp
[23.806s] -- Up-to-date symlink: /home/xtark/tarkbot/ros2_ws/install/astra_camera_msgs/include/astra_camera_msgs/msg/detail/metadata__traits.hpp
[23.806s] -- Up-to-date symlink: /home/xtark/tarkbot/ros2_ws/install/astra_camera_msgs/include/astra_camera_msgs/msg/detail/metadata__type_support.hpp
[23.807s] -- Up-to-date symlink: /home/xtark/tarkbot/ros2_ws/install/astra_camera_msgs/include/astra_camera_msgs/msg/device_info.hpp
[23.807s] -- Up-to-date symlink: /home/xtark/tarkbot/ros2_ws/install/astra_camera_msgs/include/astra_camera_msgs/msg/extrinsics.hpp
[23.807s] -- Up-to-date symlink: /home/xtark/tarkbot/ros2_ws/install/astra_camera_msgs/include/astra_camera_msgs/msg/metadata.hpp
[23.808s] -- Up-to-date symlink: /home/xtark/tarkbot/ros2_ws/install/astra_camera_msgs/include/astra_camera_msgs/msg/rosidl_generator_cpp__visibility_control.hpp
[23.808s] -- Up-to-date symlink: /home/xtark/tarkbot/ros2_ws/install/astra_camera_msgs/include/astra_camera_msgs/srv/detail/get_camera_info__builder.hpp
[23.808s] -- Up-to-date symlink: /home/xtark/tarkbot/ros2_ws/install/astra_camera_msgs/include/astra_camera_msgs/srv/detail/get_camera_info__struct.hpp
[23.809s] -- Up-to-date symlink: /home/xtark/tarkbot/ros2_ws/install/astra_camera_msgs/include/astra_camera_msgs/srv/detail/get_camera_info__traits.hpp
[23.809s] -- Up-to-date symlink: /home/xtark/tarkbot/ros2_ws/install/astra_camera_msgs/include/astra_camera_msgs/srv/detail/get_camera_info__type_support.hpp
[23.809s] -- Up-to-date symlink: /home/xtark/tarkbot/ros2_ws/install/astra_camera_msgs/include/astra_camera_msgs/srv/detail/get_camera_params__builder.hpp
[23.830s] -- Up-to-date symlink: /home/xtark/tarkbot/ros2_ws/install/astra_camera_msgs/include/astra_camera_msgs/srv/detail/get_camera_params__struct.hpp
[23.832s] -- Up-to-date symlink: /home/xtark/tarkbot/ros2_ws/install/astra_camera_msgs/include/astra_camera_msgs/srv/detail/get_camera_params__traits.hpp
[23.833s] -- Up-to-date symlink: /home/xtark/tarkbot/ros2_ws/install/astra_camera_msgs/include/astra_camera_msgs/srv/detail/get_camera_params__type_support.hpp
[23.834s] -- Up-to-date symlink: /home/xtark/tarkbot/ros2_ws/install/astra_camera_msgs/include/astra_camera_msgs/srv/detail/get_device_info__builder.hpp
[23.838s] -- Up-to-date symlink: /home/xtark/tarkbot/ros2_ws/install/astra_camera_msgs/include/astra_camera_msgs/srv/detail/get_device_info__struct.hpp
[23.839s] -- Up-to-date symlink: /home/xtark/tarkbot/ros2_ws/install/astra_camera_msgs/include/astra_camera_msgs/srv/detail/get_device_info__traits.hpp
[23.840s] -- Up-to-date symlink: /home/xtark/tarkbot/ros2_ws/install/astra_camera_msgs/include/astra_camera_msgs/srv/detail/get_device_info__type_support.hpp
[23.841s] -- Up-to-date symlink: /home/xtark/tarkbot/ros2_ws/install/astra_camera_msgs/include/astra_camera_msgs/srv/detail/get_int32__builder.hpp
[23.842s] -- Up-to-date symlink: /home/xtark/tarkbot/ros2_ws/install/astra_camera_msgs/include/astra_camera_msgs/srv/detail/get_int32__struct.hpp
[23.842s] -- Up-to-date symlink: /home/xtark/tarkbot/ros2_ws/install/astra_camera_msgs/include/astra_camera_msgs/srv/detail/get_int32__traits.hpp
[23.843s] -- Up-to-date symlink: /home/xtark/tarkbot/ros2_ws/install/astra_camera_msgs/include/astra_camera_msgs/srv/detail/get_int32__type_support.hpp
[23.843s] -- Up-to-date symlink: /home/xtark/tarkbot/ros2_ws/install/astra_camera_msgs/include/astra_camera_msgs/srv/detail/get_string__builder.hpp
[23.862s] -- Up-to-date symlink: /home/xtark/tarkbot/ros2_ws/install/astra_camera_msgs/include/astra_camera_msgs/srv/detail/get_string__struct.hpp
[23.867s] -- Up-to-date symlink: /home/xtark/tarkbot/ros2_ws/install/astra_camera_msgs/include/astra_camera_msgs/srv/detail/get_string__traits.hpp
[23.873s] -- Up-to-date symlink: /home/xtark/tarkbot/ros2_ws/install/astra_camera_msgs/include/astra_camera_msgs/srv/detail/get_string__type_support.hpp
[23.882s] -- Up-to-date symlink: /home/xtark/tarkbot/ros2_ws/install/astra_camera_msgs/include/astra_camera_msgs/srv/detail/set_int32__builder.hpp
[23.886s] -- Up-to-date symlink: /home/xtark/tarkbot/ros2_ws/install/astra_camera_msgs/include/astra_camera_msgs/srv/detail/set_int32__struct.hpp
[23.893s] -- Up-to-date symlink: /home/xtark/tarkbot/ros2_ws/install/astra_camera_msgs/include/astra_camera_msgs/srv/detail/set_int32__traits.hpp
[23.894s] -- Up-to-date symlink: /home/xtark/tarkbot/ros2_ws/install/astra_camera_msgs/include/astra_camera_msgs/srv/detail/set_int32__type_support.hpp
[23.900s] -- Up-to-date symlink: /home/xtark/tarkbot/ros2_ws/install/astra_camera_msgs/include/astra_camera_msgs/srv/get_camera_info.hpp
[23.914s] -- Up-to-date symlink: /home/xtark/tarkbot/ros2_ws/install/astra_camera_msgs/include/astra_camera_msgs/srv/get_camera_params.hpp
[23.927s] -- Up-to-date symlink: /home/xtark/tarkbot/ros2_ws/install/astra_camera_msgs/include/astra_camera_msgs/srv/get_device_info.hpp
[23.929s] -- Up-to-date symlink: /home/xtark/tarkbot/ros2_ws/install/astra_camera_msgs/include/astra_camera_msgs/srv/get_int32.hpp
[23.935s] -- Up-to-date symlink: /home/xtark/tarkbot/ros2_ws/install/astra_camera_msgs/include/astra_camera_msgs/srv/get_string.hpp
[23.937s] -- Up-to-date symlink: /home/xtark/tarkbot/ros2_ws/install/astra_camera_msgs/include/astra_camera_msgs/srv/set_int32.hpp
[23.939s] -- Up-to-date symlink: /home/xtark/tarkbot/ros2_ws/install/astra_camera_msgs/include/astra_camera_msgs/msg/detail/device_info__rosidl_typesupport_introspection_cpp.hpp
[23.940s] -- Up-to-date symlink: /home/xtark/tarkbot/ros2_ws/install/astra_camera_msgs/include/astra_camera_msgs/msg/detail/extrinsics__rosidl_typesupport_introspection_cpp.hpp
[23.941s] -- Up-to-date symlink: /home/xtark/tarkbot/ros2_ws/install/astra_camera_msgs/include/astra_camera_msgs/msg/detail/metadata__rosidl_typesupport_introspection_cpp.hpp
[23.944s] -- Up-to-date symlink: /home/xtark/tarkbot/ros2_ws/install/astra_camera_msgs/include/astra_camera_msgs/srv/detail/get_camera_info__rosidl_typesupport_introspection_cpp.hpp
[23.945s] -- Up-to-date symlink: /home/xtark/tarkbot/ros2_ws/install/astra_camera_msgs/include/astra_camera_msgs/srv/detail/get_camera_params__rosidl_typesupport_introspection_cpp.hpp
[23.946s] -- Up-to-date symlink: /home/xtark/tarkbot/ros2_ws/install/astra_camera_msgs/include/astra_camera_msgs/srv/detail/get_device_info__rosidl_typesupport_introspection_cpp.hpp
[23.947s] -- Up-to-date symlink: /home/xtark/tarkbot/ros2_ws/install/astra_camera_msgs/include/astra_camera_msgs/srv/detail/get_int32__rosidl_typesupport_introspection_cpp.hpp
[23.948s] -- Up-to-date symlink: /home/xtark/tarkbot/ros2_ws/install/astra_camera_msgs/include/astra_camera_msgs/srv/detail/get_string__rosidl_typesupport_introspection_cpp.hpp
[23.948s] -- Up-to-date symlink: /home/xtark/tarkbot/ros2_ws/install/astra_camera_msgs/include/astra_camera_msgs/srv/detail/set_int32__rosidl_typesupport_introspection_cpp.hpp
[23.949s] -- Up-to-date symlink: /home/xtark/tarkbot/ros2_ws/install/astra_camera_msgs/share/astra_camera_msgs/environment/pythonpath.sh
[23.955s] -- Up-to-date symlink: /home/xtark/tarkbot/ros2_ws/install/astra_camera_msgs/share/astra_camera_msgs/environment/pythonpath.dsv
[23.960s] -- Up-to-date symlink: /home/xtark/tarkbot/ros2_ws/install/astra_camera_msgs/lib/python3.8/site-packages/astra_camera_msgs/__init__.py
[23.966s] -- Up-to-date symlink: /home/xtark/tarkbot/ros2_ws/install/astra_camera_msgs/lib/python3.8/site-packages/astra_camera_msgs/msg/__init__.py
[23.970s] -- Up-to-date symlink: /home/xtark/tarkbot/ros2_ws/install/astra_camera_msgs/lib/python3.8/site-packages/astra_camera_msgs/msg/_device_info.py
[23.972s] -- Up-to-date symlink: /home/xtark/tarkbot/ros2_ws/install/astra_camera_msgs/lib/python3.8/site-packages/astra_camera_msgs/msg/_extrinsics.py
[23.974s] -- Up-to-date symlink: /home/xtark/tarkbot/ros2_ws/install/astra_camera_msgs/lib/python3.8/site-packages/astra_camera_msgs/msg/_metadata.py
[23.975s] -- Up-to-date symlink: /home/xtark/tarkbot/ros2_ws/install/astra_camera_msgs/lib/python3.8/site-packages/astra_camera_msgs/srv/__init__.py
[23.977s] -- Up-to-date symlink: /home/xtark/tarkbot/ros2_ws/install/astra_camera_msgs/lib/python3.8/site-packages/astra_camera_msgs/srv/_get_camera_info.py
[23.979s] -- Up-to-date symlink: /home/xtark/tarkbot/ros2_ws/install/astra_camera_msgs/lib/python3.8/site-packages/astra_camera_msgs/srv/_get_camera_params.py
[23.981s] -- Up-to-date symlink: /home/xtark/tarkbot/ros2_ws/install/astra_camera_msgs/lib/python3.8/site-packages/astra_camera_msgs/srv/_get_device_info.py
[23.982s] -- Up-to-date symlink: /home/xtark/tarkbot/ros2_ws/install/astra_camera_msgs/lib/python3.8/site-packages/astra_camera_msgs/srv/_get_int32.py
[23.984s] -- Up-to-date symlink: /home/xtark/tarkbot/ros2_ws/install/astra_camera_msgs/lib/python3.8/site-packages/astra_camera_msgs/srv/_get_string.py
[23.985s] -- Up-to-date symlink: /home/xtark/tarkbot/ros2_ws/install/astra_camera_msgs/lib/python3.8/site-packages/astra_camera_msgs/srv/_set_int32.py
[23.986s] -- Up-to-date symlink: /home/xtark/tarkbot/ros2_ws/install/astra_camera_msgs/lib/python3.8/site-packages/astra_camera_msgs/astra_camera_msgs_s__rosidl_typesupport_fastrtps_c.cpython-38-aarch64-linux-gnu.so
[23.986s] -- Up-to-date symlink: /home/xtark/tarkbot/ros2_ws/install/astra_camera_msgs/lib/python3.8/site-packages/astra_camera_msgs/astra_camera_msgs_s__rosidl_typesupport_introspection_c.cpython-38-aarch64-linux-gnu.so
[23.991s] -- Up-to-date symlink: /home/xtark/tarkbot/ros2_ws/install/astra_camera_msgs/lib/python3.8/site-packages/astra_camera_msgs/astra_camera_msgs_s__rosidl_typesupport_c.cpython-38-aarch64-linux-gnu.so
[23.991s] -- Up-to-date symlink: /home/xtark/tarkbot/ros2_ws/install/astra_camera_msgs/lib/libastra_camera_msgs__python.so
[23.992s] -- Up-to-date symlink: /home/xtark/tarkbot/ros2_ws/install/astra_camera_msgs/share/astra_camera_msgs/msg/DeviceInfo.idl
[23.993s] -- Up-to-date symlink: /home/xtark/tarkbot/ros2_ws/install/astra_camera_msgs/share/astra_camera_msgs/msg/Extrinsics.idl
[23.993s] -- Up-to-date symlink: /home/xtark/tarkbot/ros2_ws/install/astra_camera_msgs/share/astra_camera_msgs/msg/Metadata.idl
[23.994s] -- Up-to-date symlink: /home/xtark/tarkbot/ros2_ws/install/astra_camera_msgs/share/astra_camera_msgs/srv/GetDeviceInfo.idl
[23.997s] -- Up-to-date symlink: /home/xtark/tarkbot/ros2_ws/install/astra_camera_msgs/share/astra_camera_msgs/srv/GetCameraInfo.idl
[23.998s] -- Up-to-date symlink: /home/xtark/tarkbot/ros2_ws/install/astra_camera_msgs/share/astra_camera_msgs/srv/GetCameraParams.idl
[24.000s] -- Up-to-date symlink: /home/xtark/tarkbot/ros2_ws/install/astra_camera_msgs/share/astra_camera_msgs/srv/GetInt32.idl
[24.003s] -- Up-to-date symlink: /home/xtark/tarkbot/ros2_ws/install/astra_camera_msgs/share/astra_camera_msgs/srv/GetString.idl
[24.004s] -- Up-to-date symlink: /home/xtark/tarkbot/ros2_ws/install/astra_camera_msgs/share/astra_camera_msgs/srv/SetInt32.idl
[24.005s] -- Up-to-date symlink: /home/xtark/tarkbot/ros2_ws/install/astra_camera_msgs/share/astra_camera_msgs/msg/DeviceInfo.msg
[24.005s] -- Up-to-date symlink: /home/xtark/tarkbot/ros2_ws/install/astra_camera_msgs/share/astra_camera_msgs/msg/Extrinsics.msg
[24.007s] -- Up-to-date symlink: /home/xtark/tarkbot/ros2_ws/install/astra_camera_msgs/share/astra_camera_msgs/msg/Metadata.msg
[24.009s] -- Up-to-date symlink: /home/xtark/tarkbot/ros2_ws/install/astra_camera_msgs/share/astra_camera_msgs/srv/GetDeviceInfo.srv
[24.011s] -- Up-to-date symlink: /home/xtark/tarkbot/ros2_ws/install/astra_camera_msgs/share/astra_camera_msgs/srv/GetDeviceInfo_Request.msg
[24.014s] -- Up-to-date symlink: /home/xtark/tarkbot/ros2_ws/install/astra_camera_msgs/share/astra_camera_msgs/srv/GetDeviceInfo_Response.msg
[24.017s] -- Up-to-date symlink: /home/xtark/tarkbot/ros2_ws/install/astra_camera_msgs/share/astra_camera_msgs/srv/GetCameraInfo.srv
[24.019s] -- Up-to-date symlink: /home/xtark/tarkbot/ros2_ws/install/astra_camera_msgs/share/astra_camera_msgs/srv/GetCameraInfo_Request.msg
[24.020s] -- Up-to-date symlink: /home/xtark/tarkbot/ros2_ws/install/astra_camera_msgs/share/astra_camera_msgs/srv/GetCameraInfo_Response.msg
[24.021s] -- Up-to-date symlink: /home/xtark/tarkbot/ros2_ws/install/astra_camera_msgs/share/astra_camera_msgs/srv/GetCameraParams.srv
[24.050s] -- Up-to-date symlink: /home/xtark/tarkbot/ros2_ws/install/astra_camera_msgs/share/astra_camera_msgs/srv/GetCameraParams_Request.msg
[24.054s] -- Up-to-date symlink: /home/xtark/tarkbot/ros2_ws/install/astra_camera_msgs/share/astra_camera_msgs/srv/GetCameraParams_Response.msg
[24.057s] -- Up-to-date symlink: /home/xtark/tarkbot/ros2_ws/install/astra_camera_msgs/share/astra_camera_msgs/srv/GetInt32.srv
[24.064s] -- Up-to-date symlink: /home/xtark/tarkbot/ros2_ws/install/astra_camera_msgs/share/astra_camera_msgs/srv/GetInt32_Request.msg
[24.065s] -- Up-to-date symlink: /home/xtark/tarkbot/ros2_ws/install/astra_camera_msgs/share/astra_camera_msgs/srv/GetInt32_Response.msg
[24.065s] -- Up-to-date symlink: /home/xtark/tarkbot/ros2_ws/install/astra_camera_msgs/share/astra_camera_msgs/srv/GetString.srv
[24.065s] -- Up-to-date symlink: /home/xtark/tarkbot/ros2_ws/install/astra_camera_msgs/share/astra_camera_msgs/srv/GetString_Request.msg
[24.066s] -- Up-to-date symlink: /home/xtark/tarkbot/ros2_ws/install/astra_camera_msgs/share/astra_camera_msgs/srv/GetString_Response.msg
[24.066s] -- Up-to-date symlink: /home/xtark/tarkbot/ros2_ws/install/astra_camera_msgs/share/astra_camera_msgs/srv/SetInt32.srv
[24.067s] -- Up-to-date symlink: /home/xtark/tarkbot/ros2_ws/install/astra_camera_msgs/share/astra_camera_msgs/srv/SetInt32_Request.msg
[24.067s] -- Up-to-date symlink: /home/xtark/tarkbot/ros2_ws/install/astra_camera_msgs/share/astra_camera_msgs/srv/SetInt32_Response.msg
[24.068s] -- Up-to-date symlink: /home/xtark/tarkbot/ros2_ws/install/astra_camera_msgs/share/ament_index/resource_index/package_run_dependencies/astra_camera_msgs
[24.069s] -- Up-to-date symlink: /home/xtark/tarkbot/ros2_ws/install/astra_camera_msgs/share/ament_index/resource_index/parent_prefix_path/astra_camera_msgs
[24.069s] -- Up-to-date symlink: /home/xtark/tarkbot/ros2_ws/install/astra_camera_msgs/share/astra_camera_msgs/environment/ament_prefix_path.sh
[24.070s] -- Up-to-date symlink: /home/xtark/tarkbot/ros2_ws/install/astra_camera_msgs/share/astra_camera_msgs/environment/ament_prefix_path.dsv
[24.070s] -- Up-to-date symlink: /home/xtark/tarkbot/ros2_ws/install/astra_camera_msgs/share/astra_camera_msgs/environment/path.sh
[24.071s] -- Up-to-date symlink: /home/xtark/tarkbot/ros2_ws/install/astra_camera_msgs/share/astra_camera_msgs/environment/path.dsv
[24.071s] -- Up-to-date symlink: /home/xtark/tarkbot/ros2_ws/install/astra_camera_msgs/share/astra_camera_msgs/local_setup.bash
[24.072s] -- Up-to-date symlink: /home/xtark/tarkbot/ros2_ws/install/astra_camera_msgs/share/astra_camera_msgs/local_setup.sh
[24.072s] -- Up-to-date symlink: /home/xtark/tarkbot/ros2_ws/install/astra_camera_msgs/share/astra_camera_msgs/local_setup.zsh
[24.073s] -- Up-to-date symlink: /home/xtark/tarkbot/ros2_ws/install/astra_camera_msgs/share/astra_camera_msgs/local_setup.dsv
[24.073s] -- Symlinking: /home/xtark/tarkbot/ros2_ws/install/astra_camera_msgs/share/astra_camera_msgs/package.dsv
[24.074s] -- Up-to-date symlink: /home/xtark/tarkbot/ros2_ws/install/astra_camera_msgs/share/ament_index/resource_index/packages/astra_camera_msgs
[24.076s] -- Up-to-date symlink: /home/xtark/tarkbot/ros2_ws/install/astra_camera_msgs/share/astra_camera_msgs/cmake/rosidl_cmake-extras.cmake
[24.078s] -- Up-to-date symlink: /home/xtark/tarkbot/ros2_ws/install/astra_camera_msgs/share/astra_camera_msgs/cmake/ament_cmake_export_dependencies-extras.cmake
[24.080s] -- Up-to-date symlink: /home/xtark/tarkbot/ros2_ws/install/astra_camera_msgs/share/astra_camera_msgs/cmake/ament_cmake_export_libraries-extras.cmake
[24.082s] -- Up-to-date symlink: /home/xtark/tarkbot/ros2_ws/install/astra_camera_msgs/share/astra_camera_msgs/cmake/ament_cmake_export_targets-extras.cmake
[24.084s] -- Up-to-date symlink: /home/xtark/tarkbot/ros2_ws/install/astra_camera_msgs/share/astra_camera_msgs/cmake/ament_cmake_export_include_directories-extras.cmake
[24.085s] -- Up-to-date symlink: /home/xtark/tarkbot/ros2_ws/install/astra_camera_msgs/share/astra_camera_msgs/cmake/rosidl_cmake_export_typesupport_libraries-extras.cmake
[24.091s] -- Up-to-date symlink: /home/xtark/tarkbot/ros2_ws/install/astra_camera_msgs/share/astra_camera_msgs/cmake/rosidl_cmake_export_typesupport_targets-extras.cmake
[24.094s] -- Up-to-date symlink: /home/xtark/tarkbot/ros2_ws/install/astra_camera_msgs/share/astra_camera_msgs/cmake/astra_camera_msgsConfig.cmake
[24.097s] -- Up-to-date symlink: /home/xtark/tarkbot/ros2_ws/install/astra_camera_msgs/share/astra_camera_msgs/cmake/astra_camera_msgsConfig-version.cmake
[24.098s] -- Up-to-date symlink: /home/xtark/tarkbot/ros2_ws/install/astra_camera_msgs/share/astra_camera_msgs/package.xml
[24.099s] -- Up-to-date: /home/xtark/tarkbot/ros2_ws/install/astra_camera_msgs/lib/libastra_camera_msgs__rosidl_generator_c.so
[24.100s] -- Up-to-date: /home/xtark/tarkbot/ros2_ws/install/astra_camera_msgs/lib/libastra_camera_msgs__rosidl_typesupport_introspection_c.so
[24.100s] -- Up-to-date: /home/xtark/tarkbot/ros2_ws/install/astra_camera_msgs/lib/libastra_camera_msgs__rosidl_typesupport_c.so
[24.100s] -- Up-to-date: /home/xtark/tarkbot/ros2_ws/install/astra_camera_msgs/lib/libastra_camera_msgs__rosidl_typesupport_introspection_cpp.so
[24.101s] -- Up-to-date: /home/xtark/tarkbot/ros2_ws/install/astra_camera_msgs/lib/libastra_camera_msgs__rosidl_typesupport_cpp.so
[24.135s] -- Up-to-date: /home/xtark/tarkbot/ros2_ws/install/astra_camera_msgs/share/astra_camera_msgs/cmake/astra_camera_msgs__rosidl_generator_cExport.cmake
[24.136s] -- Up-to-date: /home/xtark/tarkbot/ros2_ws/install/astra_camera_msgs/share/astra_camera_msgs/cmake/astra_camera_msgs__rosidl_generator_cExport-release.cmake
[24.137s] -- Up-to-date: /home/xtark/tarkbot/ros2_ws/install/astra_camera_msgs/share/astra_camera_msgs/cmake/astra_camera_msgs__rosidl_typesupport_introspection_cExport.cmake
[24.146s] -- Up-to-date: /home/xtark/tarkbot/ros2_ws/install/astra_camera_msgs/share/astra_camera_msgs/cmake/astra_camera_msgs__rosidl_typesupport_introspection_cExport-release.cmake
[24.148s] -- Up-to-date: /home/xtark/tarkbot/ros2_ws/install/astra_camera_msgs/share/astra_camera_msgs/cmake/astra_camera_msgs__rosidl_typesupport_cExport.cmake
[24.150s] -- Up-to-date: /home/xtark/tarkbot/ros2_ws/install/astra_camera_msgs/share/astra_camera_msgs/cmake/astra_camera_msgs__rosidl_typesupport_cExport-release.cmake
[24.154s] -- Up-to-date: /home/xtark/tarkbot/ros2_ws/install/astra_camera_msgs/share/astra_camera_msgs/cmake/astra_camera_msgs__rosidl_generator_cppExport.cmake
[24.161s] -- Up-to-date: /home/xtark/tarkbot/ros2_ws/install/astra_camera_msgs/share/astra_camera_msgs/cmake/astra_camera_msgs__rosidl_typesupport_introspection_cppExport.cmake
[24.166s] -- Up-to-date: /home/xtark/tarkbot/ros2_ws/install/astra_camera_msgs/share/astra_camera_msgs/cmake/astra_camera_msgs__rosidl_typesupport_introspection_cppExport-release.cmake
[24.170s] -- Up-to-date: /home/xtark/tarkbot/ros2_ws/install/astra_camera_msgs/share/astra_camera_msgs/cmake/astra_camera_msgs__rosidl_typesupport_cppExport.cmake
[24.171s] -- Up-to-date: /home/xtark/tarkbot/ros2_ws/install/astra_camera_msgs/share/astra_camera_msgs/cmake/astra_camera_msgs__rosidl_typesupport_cppExport-release.cmake
[28.315s] Invoked command in '/home/xtark/tarkbot/ros2_ws/build/astra_camera_msgs' returned '0': CMAKE_PREFIX_PATH=${CMAKE_PREFIX_PATH}:/opt/ros/foxy /usr/bin/cmake --install /home/xtark/tarkbot/ros2_ws/build/astra_camera_msgs
