[3.072s] Invoking command in '/home/xtark/tarkbot/ros2_ws/build/orbbec_camera_msgs': CMAKE_PREFIX_PATH=${CMAKE_PREFIX_PATH}:/opt/ros/foxy /usr/bin/cmake --build /home/xtark/tarkbot/ros2_ws/build/orbbec_camera_msgs -- -j4 -l4
[3.474s] [  0%] Built target orbbec_camera_msgs__cpp
[3.585s] [ 12%] Built target orbbec_camera_msgs__rosidl_generator_c
[3.837s] [ 24%] Built target orbbec_camera_msgs__rosidl_typesupport_introspection_cpp
[3.850s] [ 35%] Built target orbbec_camera_msgs__rosidl_typesupport_c
[3.887s] [ 46%] Built target orbbec_camera_msgs__rosidl_typesupport_fastrtps_cpp
[3.901s] [ 58%] Built target orbbec_camera_msgs__rosidl_typesupport_cpp
[4.038s] [ 70%] Built target orbbec_camera_msgs__rosidl_typesupport_introspection_c
[4.143s] [ 82%] Built target orbbec_camera_msgs__rosidl_typesupport_fastrtps_c
[4.346s] [ 82%] Built target orbbec_camera_msgs
[4.419s] [ 83%] Built target orbbec_camera_msgs__py
[4.615s] [ 94%] Built target orbbec_camera_msgs__python
[4.854s] [ 96%] Built target orbbec_camera_msgs__rosidl_typesupport_introspection_c__pyext
[4.857s] [ 98%] Built target orbbec_camera_msgs__rosidl_typesupport_c__pyext
[4.864s] [100%] Built target orbbec_camera_msgs__rosidl_typesupport_fastrtps_c__pyext
[5.758s] Invoked command in '/home/xtark/tarkbot/ros2_ws/build/orbbec_camera_msgs' returned '0': CMAKE_PREFIX_PATH=${CMAKE_PREFIX_PATH}:/opt/ros/foxy /usr/bin/cmake --build /home/xtark/tarkbot/ros2_ws/build/orbbec_camera_msgs -- -j4 -l4
[8.990s] Invoking command in '/home/xtark/tarkbot/ros2_ws/build/orbbec_camera_msgs': CMAKE_PREFIX_PATH=${CMAKE_PREFIX_PATH}:/opt/ros/foxy /usr/bin/cmake --install /home/xtark/tarkbot/ros2_ws/build/orbbec_camera_msgs
[9.831s] -- Install configuration: ""
[9.832s] -- Up-to-date: /home/xtark/tarkbot/ros2_ws/install/orbbec_camera_msgs/share/ament_index/resource_index/rosidl_interfaces/orbbec_camera_msgs
[9.834s] -- Up-to-date: /home/xtark/tarkbot/ros2_ws/install/orbbec_camera_msgs/include/orbbec_camera_msgs
[9.835s] -- Up-to-date: /home/xtark/tarkbot/ros2_ws/install/orbbec_camera_msgs/include/orbbec_camera_msgs/msg
[9.836s] -- Up-to-date: /home/xtark/tarkbot/ros2_ws/install/orbbec_camera_msgs/include/orbbec_camera_msgs/msg/rosidl_generator_c__visibility_control.h
[9.836s] -- Up-to-date: /home/xtark/tarkbot/ros2_ws/install/orbbec_camera_msgs/include/orbbec_camera_msgs/msg/detail
[9.837s] -- Up-to-date: /home/xtark/tarkbot/ros2_ws/install/orbbec_camera_msgs/include/orbbec_camera_msgs/msg/detail/extrinsics__functions.h
[9.838s] -- Up-to-date: /home/xtark/tarkbot/ros2_ws/install/orbbec_camera_msgs/include/orbbec_camera_msgs/msg/detail/extrinsics__functions.c
[9.838s] -- Up-to-date: /home/xtark/tarkbot/ros2_ws/install/orbbec_camera_msgs/include/orbbec_camera_msgs/msg/detail/metadata__functions.c
[9.839s] -- Up-to-date: /home/xtark/tarkbot/ros2_ws/install/orbbec_camera_msgs/include/orbbec_camera_msgs/msg/detail/extrinsics__struct.h
[9.839s] -- Up-to-date: /home/xtark/tarkbot/ros2_ws/install/orbbec_camera_msgs/include/orbbec_camera_msgs/msg/detail/metadata__struct.h
[9.840s] -- Up-to-date: /home/xtark/tarkbot/ros2_ws/install/orbbec_camera_msgs/include/orbbec_camera_msgs/msg/detail/device_info__functions.h
[9.841s] -- Up-to-date: /home/xtark/tarkbot/ros2_ws/install/orbbec_camera_msgs/include/orbbec_camera_msgs/msg/detail/extrinsics__type_support.h
[9.841s] -- Up-to-date: /home/xtark/tarkbot/ros2_ws/install/orbbec_camera_msgs/include/orbbec_camera_msgs/msg/detail/metadata__functions.h
[9.842s] -- Up-to-date: /home/xtark/tarkbot/ros2_ws/install/orbbec_camera_msgs/include/orbbec_camera_msgs/msg/detail/metadata__type_support.h
[9.842s] -- Up-to-date: /home/xtark/tarkbot/ros2_ws/install/orbbec_camera_msgs/include/orbbec_camera_msgs/msg/detail/device_info__struct.h
[9.843s] -- Up-to-date: /home/xtark/tarkbot/ros2_ws/install/orbbec_camera_msgs/include/orbbec_camera_msgs/msg/detail/device_info__functions.c
[9.844s] -- Up-to-date: /home/xtark/tarkbot/ros2_ws/install/orbbec_camera_msgs/include/orbbec_camera_msgs/msg/detail/device_info__type_support.h
[9.844s] -- Up-to-date: /home/xtark/tarkbot/ros2_ws/install/orbbec_camera_msgs/include/orbbec_camera_msgs/msg/metadata.h
[9.845s] -- Up-to-date: /home/xtark/tarkbot/ros2_ws/install/orbbec_camera_msgs/include/orbbec_camera_msgs/msg/device_info.h
[9.846s] -- Up-to-date: /home/xtark/tarkbot/ros2_ws/install/orbbec_camera_msgs/include/orbbec_camera_msgs/msg/extrinsics.h
[9.846s] -- Up-to-date: /home/xtark/tarkbot/ros2_ws/install/orbbec_camera_msgs/include/orbbec_camera_msgs/srv
[9.847s] -- Up-to-date: /home/xtark/tarkbot/ros2_ws/install/orbbec_camera_msgs/include/orbbec_camera_msgs/srv/get_camera_info.h
[9.848s] -- Up-to-date: /home/xtark/tarkbot/ros2_ws/install/orbbec_camera_msgs/include/orbbec_camera_msgs/srv/get_int32.h
[9.854s] -- Up-to-date: /home/xtark/tarkbot/ros2_ws/install/orbbec_camera_msgs/include/orbbec_camera_msgs/srv/detail
[9.855s] -- Up-to-date: /home/xtark/tarkbot/ros2_ws/install/orbbec_camera_msgs/include/orbbec_camera_msgs/srv/detail/get_string__functions.h
[9.856s] -- Up-to-date: /home/xtark/tarkbot/ros2_ws/install/orbbec_camera_msgs/include/orbbec_camera_msgs/srv/detail/set_string__functions.h
[9.856s] -- Up-to-date: /home/xtark/tarkbot/ros2_ws/install/orbbec_camera_msgs/include/orbbec_camera_msgs/srv/detail/get_bool__struct.h
[9.856s] -- Up-to-date: /home/xtark/tarkbot/ros2_ws/install/orbbec_camera_msgs/include/orbbec_camera_msgs/srv/detail/get_string__struct.h
[9.857s] -- Up-to-date: /home/xtark/tarkbot/ros2_ws/install/orbbec_camera_msgs/include/orbbec_camera_msgs/srv/detail/get_bool__functions.c
[9.857s] -- Up-to-date: /home/xtark/tarkbot/ros2_ws/install/orbbec_camera_msgs/include/orbbec_camera_msgs/srv/detail/get_string__functions.c
[9.857s] -- Up-to-date: /home/xtark/tarkbot/ros2_ws/install/orbbec_camera_msgs/include/orbbec_camera_msgs/srv/detail/get_device_info__functions.c
[9.862s] -- Up-to-date: /home/xtark/tarkbot/ros2_ws/install/orbbec_camera_msgs/include/orbbec_camera_msgs/srv/detail/set_string__functions.c
[9.864s] -- Up-to-date: /home/xtark/tarkbot/ros2_ws/install/orbbec_camera_msgs/include/orbbec_camera_msgs/srv/detail/get_camera_info__type_support.h
[9.865s] -- Up-to-date: /home/xtark/tarkbot/ros2_ws/install/orbbec_camera_msgs/include/orbbec_camera_msgs/srv/detail/get_camera_info__functions.c
[9.866s] -- Up-to-date: /home/xtark/tarkbot/ros2_ws/install/orbbec_camera_msgs/include/orbbec_camera_msgs/srv/detail/get_camera_info__functions.h
[9.866s] -- Up-to-date: /home/xtark/tarkbot/ros2_ws/install/orbbec_camera_msgs/include/orbbec_camera_msgs/srv/detail/get_bool__functions.h
[9.867s] -- Up-to-date: /home/xtark/tarkbot/ros2_ws/install/orbbec_camera_msgs/include/orbbec_camera_msgs/srv/detail/set_string__struct.h
[9.867s] -- Up-to-date: /home/xtark/tarkbot/ros2_ws/install/orbbec_camera_msgs/include/orbbec_camera_msgs/srv/detail/get_bool__type_support.h
[9.868s] -- Up-to-date: /home/xtark/tarkbot/ros2_ws/install/orbbec_camera_msgs/include/orbbec_camera_msgs/srv/detail/get_device_info__struct.h
[9.869s] -- Up-to-date: /home/xtark/tarkbot/ros2_ws/install/orbbec_camera_msgs/include/orbbec_camera_msgs/srv/detail/get_camera_info__struct.h
[9.869s] -- Up-to-date: /home/xtark/tarkbot/ros2_ws/install/orbbec_camera_msgs/include/orbbec_camera_msgs/srv/detail/set_int32__struct.h
[9.870s] -- Up-to-date: /home/xtark/tarkbot/ros2_ws/install/orbbec_camera_msgs/include/orbbec_camera_msgs/srv/detail/get_int32__type_support.h
[9.871s] -- Up-to-date: /home/xtark/tarkbot/ros2_ws/install/orbbec_camera_msgs/include/orbbec_camera_msgs/srv/detail/get_string__type_support.h
[9.871s] -- Up-to-date: /home/xtark/tarkbot/ros2_ws/install/orbbec_camera_msgs/include/orbbec_camera_msgs/srv/detail/set_string__type_support.h
[9.872s] -- Up-to-date: /home/xtark/tarkbot/ros2_ws/install/orbbec_camera_msgs/include/orbbec_camera_msgs/srv/detail/get_device_info__type_support.h
[9.873s] -- Up-to-date: /home/xtark/tarkbot/ros2_ws/install/orbbec_camera_msgs/include/orbbec_camera_msgs/srv/detail/get_device_info__functions.h
[9.873s] -- Up-to-date: /home/xtark/tarkbot/ros2_ws/install/orbbec_camera_msgs/include/orbbec_camera_msgs/srv/detail/get_int32__functions.c
[9.875s] -- Up-to-date: /home/xtark/tarkbot/ros2_ws/install/orbbec_camera_msgs/include/orbbec_camera_msgs/srv/detail/set_int32__functions.c
[9.876s] -- Up-to-date: /home/xtark/tarkbot/ros2_ws/install/orbbec_camera_msgs/include/orbbec_camera_msgs/srv/detail/get_int32__struct.h
[9.877s] -- Up-to-date: /home/xtark/tarkbot/ros2_ws/install/orbbec_camera_msgs/include/orbbec_camera_msgs/srv/detail/set_int32__type_support.h
[9.877s] -- Up-to-date: /home/xtark/tarkbot/ros2_ws/install/orbbec_camera_msgs/include/orbbec_camera_msgs/srv/detail/get_int32__functions.h
[9.878s] -- Up-to-date: /home/xtark/tarkbot/ros2_ws/install/orbbec_camera_msgs/include/orbbec_camera_msgs/srv/detail/set_int32__functions.h
[9.878s] -- Up-to-date: /home/xtark/tarkbot/ros2_ws/install/orbbec_camera_msgs/include/orbbec_camera_msgs/srv/set_int32.h
[9.879s] -- Up-to-date: /home/xtark/tarkbot/ros2_ws/install/orbbec_camera_msgs/include/orbbec_camera_msgs/srv/set_string.h
[9.879s] -- Up-to-date: /home/xtark/tarkbot/ros2_ws/install/orbbec_camera_msgs/include/orbbec_camera_msgs/srv/get_device_info.h
[9.879s] -- Up-to-date: /home/xtark/tarkbot/ros2_ws/install/orbbec_camera_msgs/include/orbbec_camera_msgs/srv/get_string.h
[9.880s] -- Up-to-date: /home/xtark/tarkbot/ros2_ws/install/orbbec_camera_msgs/include/orbbec_camera_msgs/srv/get_bool.h
[9.880s] -- Up-to-date: /home/xtark/tarkbot/ros2_ws/install/orbbec_camera_msgs/share/orbbec_camera_msgs/environment/library_path.sh
[9.881s] -- Up-to-date: /home/xtark/tarkbot/ros2_ws/install/orbbec_camera_msgs/share/orbbec_camera_msgs/environment/library_path.dsv
[9.882s] -- Up-to-date: /home/xtark/tarkbot/ros2_ws/install/orbbec_camera_msgs/lib/liborbbec_camera_msgs__rosidl_generator_c.so
[9.899s] -- Up-to-date: /home/xtark/tarkbot/ros2_ws/install/orbbec_camera_msgs/include/orbbec_camera_msgs
[9.900s] -- Up-to-date: /home/xtark/tarkbot/ros2_ws/install/orbbec_camera_msgs/include/orbbec_camera_msgs/msg
[9.901s] -- Up-to-date: /home/xtark/tarkbot/ros2_ws/install/orbbec_camera_msgs/include/orbbec_camera_msgs/msg/detail
[9.901s] -- Up-to-date: /home/xtark/tarkbot/ros2_ws/install/orbbec_camera_msgs/include/orbbec_camera_msgs/msg/detail/extrinsics__rosidl_typesupport_fastrtps_c.h
[9.902s] -- Up-to-date: /home/xtark/tarkbot/ros2_ws/install/orbbec_camera_msgs/include/orbbec_camera_msgs/msg/detail/device_info__rosidl_typesupport_fastrtps_c.h
[9.903s] -- Up-to-date: /home/xtark/tarkbot/ros2_ws/install/orbbec_camera_msgs/include/orbbec_camera_msgs/msg/detail/metadata__rosidl_typesupport_fastrtps_c.h
[9.903s] -- Up-to-date: /home/xtark/tarkbot/ros2_ws/install/orbbec_camera_msgs/include/orbbec_camera_msgs/msg/rosidl_typesupport_fastrtps_c__visibility_control.h
[9.904s] -- Up-to-date: /home/xtark/tarkbot/ros2_ws/install/orbbec_camera_msgs/include/orbbec_camera_msgs/srv
[9.905s] -- Up-to-date: /home/xtark/tarkbot/ros2_ws/install/orbbec_camera_msgs/include/orbbec_camera_msgs/srv/detail
[9.905s] -- Up-to-date: /home/xtark/tarkbot/ros2_ws/install/orbbec_camera_msgs/include/orbbec_camera_msgs/srv/detail/get_device_info__rosidl_typesupport_fastrtps_c.h
[9.906s] -- Up-to-date: /home/xtark/tarkbot/ros2_ws/install/orbbec_camera_msgs/include/orbbec_camera_msgs/srv/detail/set_int32__rosidl_typesupport_fastrtps_c.h
[9.906s] -- Up-to-date: /home/xtark/tarkbot/ros2_ws/install/orbbec_camera_msgs/include/orbbec_camera_msgs/srv/detail/set_string__rosidl_typesupport_fastrtps_c.h
[9.907s] -- Up-to-date: /home/xtark/tarkbot/ros2_ws/install/orbbec_camera_msgs/include/orbbec_camera_msgs/srv/detail/get_camera_info__rosidl_typesupport_fastrtps_c.h
[9.907s] -- Up-to-date: /home/xtark/tarkbot/ros2_ws/install/orbbec_camera_msgs/include/orbbec_camera_msgs/srv/detail/get_string__rosidl_typesupport_fastrtps_c.h
[9.908s] -- Up-to-date: /home/xtark/tarkbot/ros2_ws/install/orbbec_camera_msgs/include/orbbec_camera_msgs/srv/detail/get_int32__rosidl_typesupport_fastrtps_c.h
[9.908s] -- Up-to-date: /home/xtark/tarkbot/ros2_ws/install/orbbec_camera_msgs/include/orbbec_camera_msgs/srv/detail/get_bool__rosidl_typesupport_fastrtps_c.h
[9.909s] -- Up-to-date: /home/xtark/tarkbot/ros2_ws/install/orbbec_camera_msgs/lib/liborbbec_camera_msgs__rosidl_typesupport_fastrtps_c.so
[9.910s] -- Up-to-date: /home/xtark/tarkbot/ros2_ws/install/orbbec_camera_msgs/include/orbbec_camera_msgs
[9.910s] -- Up-to-date: /home/xtark/tarkbot/ros2_ws/install/orbbec_camera_msgs/include/orbbec_camera_msgs/msg
[9.911s] -- Up-to-date: /home/xtark/tarkbot/ros2_ws/install/orbbec_camera_msgs/include/orbbec_camera_msgs/msg/detail
[9.911s] -- Up-to-date: /home/xtark/tarkbot/ros2_ws/install/orbbec_camera_msgs/include/orbbec_camera_msgs/msg/detail/extrinsics__rosidl_typesupport_fastrtps_cpp.hpp
[9.912s] -- Up-to-date: /home/xtark/tarkbot/ros2_ws/install/orbbec_camera_msgs/include/orbbec_camera_msgs/msg/detail/dds_fastrtps
[9.912s] -- Up-to-date: /home/xtark/tarkbot/ros2_ws/install/orbbec_camera_msgs/include/orbbec_camera_msgs/msg/detail/metadata__rosidl_typesupport_fastrtps_cpp.hpp
[9.912s] -- Up-to-date: /home/xtark/tarkbot/ros2_ws/install/orbbec_camera_msgs/include/orbbec_camera_msgs/msg/detail/device_info__rosidl_typesupport_fastrtps_cpp.hpp
[9.913s] -- Up-to-date: /home/xtark/tarkbot/ros2_ws/install/orbbec_camera_msgs/include/orbbec_camera_msgs/msg/rosidl_typesupport_fastrtps_cpp__visibility_control.h
[9.913s] -- Up-to-date: /home/xtark/tarkbot/ros2_ws/install/orbbec_camera_msgs/include/orbbec_camera_msgs/srv
[9.914s] -- Up-to-date: /home/xtark/tarkbot/ros2_ws/install/orbbec_camera_msgs/include/orbbec_camera_msgs/srv/detail
[9.914s] -- Up-to-date: /home/xtark/tarkbot/ros2_ws/install/orbbec_camera_msgs/include/orbbec_camera_msgs/srv/detail/get_int32__rosidl_typesupport_fastrtps_cpp.hpp
[9.915s] -- Up-to-date: /home/xtark/tarkbot/ros2_ws/install/orbbec_camera_msgs/include/orbbec_camera_msgs/srv/detail/dds_fastrtps
[9.916s] -- Up-to-date: /home/xtark/tarkbot/ros2_ws/install/orbbec_camera_msgs/include/orbbec_camera_msgs/srv/detail/get_string__rosidl_typesupport_fastrtps_cpp.hpp
[9.917s] -- Up-to-date: /home/xtark/tarkbot/ros2_ws/install/orbbec_camera_msgs/include/orbbec_camera_msgs/srv/detail/get_bool__rosidl_typesupport_fastrtps_cpp.hpp
[9.917s] -- Up-to-date: /home/xtark/tarkbot/ros2_ws/install/orbbec_camera_msgs/include/orbbec_camera_msgs/srv/detail/get_device_info__rosidl_typesupport_fastrtps_cpp.hpp
[9.918s] -- Up-to-date: /home/xtark/tarkbot/ros2_ws/install/orbbec_camera_msgs/include/orbbec_camera_msgs/srv/detail/set_string__rosidl_typesupport_fastrtps_cpp.hpp
[9.918s] -- Up-to-date: /home/xtark/tarkbot/ros2_ws/install/orbbec_camera_msgs/include/orbbec_camera_msgs/srv/detail/set_int32__rosidl_typesupport_fastrtps_cpp.hpp
[9.919s] -- Up-to-date: /home/xtark/tarkbot/ros2_ws/install/orbbec_camera_msgs/include/orbbec_camera_msgs/srv/detail/get_camera_info__rosidl_typesupport_fastrtps_cpp.hpp
[9.919s] -- Up-to-date: /home/xtark/tarkbot/ros2_ws/install/orbbec_camera_msgs/lib/liborbbec_camera_msgs__rosidl_typesupport_fastrtps_cpp.so
[9.920s] -- Up-to-date: /home/xtark/tarkbot/ros2_ws/install/orbbec_camera_msgs/include/orbbec_camera_msgs
[9.921s] -- Up-to-date: /home/xtark/tarkbot/ros2_ws/install/orbbec_camera_msgs/include/orbbec_camera_msgs/msg
[9.934s] -- Up-to-date: /home/xtark/tarkbot/ros2_ws/install/orbbec_camera_msgs/include/orbbec_camera_msgs/msg/rosidl_typesupport_introspection_c__visibility_control.h
[9.936s] -- Up-to-date: /home/xtark/tarkbot/ros2_ws/install/orbbec_camera_msgs/include/orbbec_camera_msgs/msg/detail
[9.938s] -- Up-to-date: /home/xtark/tarkbot/ros2_ws/install/orbbec_camera_msgs/include/orbbec_camera_msgs/msg/detail/metadata__rosidl_typesupport_introspection_c.h
[9.940s] -- Up-to-date: /home/xtark/tarkbot/ros2_ws/install/orbbec_camera_msgs/include/orbbec_camera_msgs/msg/detail/extrinsics__type_support.c
[9.964s] -- Up-to-date: /home/xtark/tarkbot/ros2_ws/install/orbbec_camera_msgs/include/orbbec_camera_msgs/msg/detail/metadata__type_support.c
[9.965s] -- Up-to-date: /home/xtark/tarkbot/ros2_ws/install/orbbec_camera_msgs/include/orbbec_camera_msgs/msg/detail/extrinsics__rosidl_typesupport_introspection_c.h
[9.965s] -- Up-to-date: /home/xtark/tarkbot/ros2_ws/install/orbbec_camera_msgs/include/orbbec_camera_msgs/msg/detail/device_info__rosidl_typesupport_introspection_c.h
[9.966s] -- Up-to-date: /home/xtark/tarkbot/ros2_ws/install/orbbec_camera_msgs/include/orbbec_camera_msgs/msg/detail/device_info__type_support.c
[9.966s] -- Up-to-date: /home/xtark/tarkbot/ros2_ws/install/orbbec_camera_msgs/include/orbbec_camera_msgs/srv
[9.967s] -- Up-to-date: /home/xtark/tarkbot/ros2_ws/install/orbbec_camera_msgs/include/orbbec_camera_msgs/srv/detail
[9.967s] -- Up-to-date: /home/xtark/tarkbot/ros2_ws/install/orbbec_camera_msgs/include/orbbec_camera_msgs/srv/detail/set_string__rosidl_typesupport_introspection_c.h
[9.968s] -- Up-to-date: /home/xtark/tarkbot/ros2_ws/install/orbbec_camera_msgs/include/orbbec_camera_msgs/srv/detail/get_bool__type_support.c
[9.968s] -- Up-to-date: /home/xtark/tarkbot/ros2_ws/install/orbbec_camera_msgs/include/orbbec_camera_msgs/srv/detail/get_device_info__rosidl_typesupport_introspection_c.h
[9.969s] -- Up-to-date: /home/xtark/tarkbot/ros2_ws/install/orbbec_camera_msgs/include/orbbec_camera_msgs/srv/detail/get_string__rosidl_typesupport_introspection_c.h
[9.974s] -- Up-to-date: /home/xtark/tarkbot/ros2_ws/install/orbbec_camera_msgs/include/orbbec_camera_msgs/srv/detail/get_string__type_support.c
[9.975s] -- Up-to-date: /home/xtark/tarkbot/ros2_ws/install/orbbec_camera_msgs/include/orbbec_camera_msgs/srv/detail/set_string__type_support.c
[9.975s] -- Up-to-date: /home/xtark/tarkbot/ros2_ws/install/orbbec_camera_msgs/include/orbbec_camera_msgs/srv/detail/set_int32__rosidl_typesupport_introspection_c.h
[9.976s] -- Up-to-date: /home/xtark/tarkbot/ros2_ws/install/orbbec_camera_msgs/include/orbbec_camera_msgs/srv/detail/get_int32__type_support.c
[9.976s] -- Up-to-date: /home/xtark/tarkbot/ros2_ws/install/orbbec_camera_msgs/include/orbbec_camera_msgs/srv/detail/get_int32__rosidl_typesupport_introspection_c.h
[9.977s] -- Up-to-date: /home/xtark/tarkbot/ros2_ws/install/orbbec_camera_msgs/include/orbbec_camera_msgs/srv/detail/get_bool__rosidl_typesupport_introspection_c.h
[9.977s] -- Up-to-date: /home/xtark/tarkbot/ros2_ws/install/orbbec_camera_msgs/include/orbbec_camera_msgs/srv/detail/get_device_info__type_support.c
[9.978s] -- Up-to-date: /home/xtark/tarkbot/ros2_ws/install/orbbec_camera_msgs/include/orbbec_camera_msgs/srv/detail/get_camera_info__rosidl_typesupport_introspection_c.h
[9.978s] -- Up-to-date: /home/xtark/tarkbot/ros2_ws/install/orbbec_camera_msgs/include/orbbec_camera_msgs/srv/detail/get_camera_info__type_support.c
[9.979s] -- Up-to-date: /home/xtark/tarkbot/ros2_ws/install/orbbec_camera_msgs/include/orbbec_camera_msgs/srv/detail/set_int32__type_support.c
[9.979s] -- Up-to-date: /home/xtark/tarkbot/ros2_ws/install/orbbec_camera_msgs/lib/liborbbec_camera_msgs__rosidl_typesupport_introspection_c.so
[9.980s] -- Up-to-date: /home/xtark/tarkbot/ros2_ws/install/orbbec_camera_msgs/lib/liborbbec_camera_msgs__rosidl_typesupport_c.so
[9.980s] -- Up-to-date: /home/xtark/tarkbot/ros2_ws/install/orbbec_camera_msgs/include/orbbec_camera_msgs
[9.981s] -- Up-to-date: /home/xtark/tarkbot/ros2_ws/install/orbbec_camera_msgs/include/orbbec_camera_msgs/msg
[9.983s] -- Up-to-date: /home/xtark/tarkbot/ros2_ws/install/orbbec_camera_msgs/include/orbbec_camera_msgs/msg/metadata.hpp
[9.986s] -- Up-to-date: /home/xtark/tarkbot/ros2_ws/install/orbbec_camera_msgs/include/orbbec_camera_msgs/msg/device_info.hpp
[9.989s] -- Up-to-date: /home/xtark/tarkbot/ros2_ws/install/orbbec_camera_msgs/include/orbbec_camera_msgs/msg/detail
[9.992s] -- Up-to-date: /home/xtark/tarkbot/ros2_ws/install/orbbec_camera_msgs/include/orbbec_camera_msgs/msg/detail/device_info__struct.hpp
[9.995s] -- Up-to-date: /home/xtark/tarkbot/ros2_ws/install/orbbec_camera_msgs/include/orbbec_camera_msgs/msg/detail/metadata__builder.hpp
[9.997s] -- Up-to-date: /home/xtark/tarkbot/ros2_ws/install/orbbec_camera_msgs/include/orbbec_camera_msgs/msg/detail/extrinsics__type_support.hpp
[10.005s] -- Up-to-date: /home/xtark/tarkbot/ros2_ws/install/orbbec_camera_msgs/include/orbbec_camera_msgs/msg/detail/extrinsics__builder.hpp
[10.011s] -- Up-to-date: /home/xtark/tarkbot/ros2_ws/install/orbbec_camera_msgs/include/orbbec_camera_msgs/msg/detail/device_info__builder.hpp
[10.014s] -- Up-to-date: /home/xtark/tarkbot/ros2_ws/install/orbbec_camera_msgs/include/orbbec_camera_msgs/msg/detail/metadata__type_support.hpp
[10.021s] -- Up-to-date: /home/xtark/tarkbot/ros2_ws/install/orbbec_camera_msgs/include/orbbec_camera_msgs/msg/detail/metadata__struct.hpp
[10.028s] -- Up-to-date: /home/xtark/tarkbot/ros2_ws/install/orbbec_camera_msgs/include/orbbec_camera_msgs/msg/detail/extrinsics__traits.hpp
[10.033s] -- Up-to-date: /home/xtark/tarkbot/ros2_ws/install/orbbec_camera_msgs/include/orbbec_camera_msgs/msg/detail/metadata__traits.hpp
[10.038s] -- Up-to-date: /home/xtark/tarkbot/ros2_ws/install/orbbec_camera_msgs/include/orbbec_camera_msgs/msg/detail/device_info__type_support.hpp
[10.043s] -- Up-to-date: /home/xtark/tarkbot/ros2_ws/install/orbbec_camera_msgs/include/orbbec_camera_msgs/msg/detail/device_info__traits.hpp
[10.049s] -- Up-to-date: /home/xtark/tarkbot/ros2_ws/install/orbbec_camera_msgs/include/orbbec_camera_msgs/msg/detail/extrinsics__struct.hpp
[10.055s] -- Up-to-date: /home/xtark/tarkbot/ros2_ws/install/orbbec_camera_msgs/include/orbbec_camera_msgs/msg/extrinsics.hpp
[10.063s] -- Up-to-date: /home/xtark/tarkbot/ros2_ws/install/orbbec_camera_msgs/include/orbbec_camera_msgs/msg/rosidl_generator_cpp__visibility_control.hpp
[10.072s] -- Up-to-date: /home/xtark/tarkbot/ros2_ws/install/orbbec_camera_msgs/include/orbbec_camera_msgs/srv
[10.080s] -- Up-to-date: /home/xtark/tarkbot/ros2_ws/install/orbbec_camera_msgs/include/orbbec_camera_msgs/srv/detail
[10.082s] -- Up-to-date: /home/xtark/tarkbot/ros2_ws/install/orbbec_camera_msgs/include/orbbec_camera_msgs/srv/detail/get_bool__type_support.hpp
[10.091s] -- Up-to-date: /home/xtark/tarkbot/ros2_ws/install/orbbec_camera_msgs/include/orbbec_camera_msgs/srv/detail/get_camera_info__struct.hpp
[10.093s] -- Up-to-date: /home/xtark/tarkbot/ros2_ws/install/orbbec_camera_msgs/include/orbbec_camera_msgs/srv/detail/get_int32__traits.hpp
[10.095s] -- Up-to-date: /home/xtark/tarkbot/ros2_ws/install/orbbec_camera_msgs/include/orbbec_camera_msgs/srv/detail/set_string__struct.hpp
[10.097s] -- Up-to-date: /home/xtark/tarkbot/ros2_ws/install/orbbec_camera_msgs/include/orbbec_camera_msgs/srv/detail/get_device_info__builder.hpp
[10.100s] -- Up-to-date: /home/xtark/tarkbot/ros2_ws/install/orbbec_camera_msgs/include/orbbec_camera_msgs/srv/detail/set_string__traits.hpp
[10.103s] -- Up-to-date: /home/xtark/tarkbot/ros2_ws/install/orbbec_camera_msgs/include/orbbec_camera_msgs/srv/detail/set_string__builder.hpp
[10.107s] -- Up-to-date: /home/xtark/tarkbot/ros2_ws/install/orbbec_camera_msgs/include/orbbec_camera_msgs/srv/detail/set_int32__type_support.hpp
[10.110s] -- Up-to-date: /home/xtark/tarkbot/ros2_ws/install/orbbec_camera_msgs/include/orbbec_camera_msgs/srv/detail/set_int32__builder.hpp
[10.110s] -- Up-to-date: /home/xtark/tarkbot/ros2_ws/install/orbbec_camera_msgs/include/orbbec_camera_msgs/srv/detail/get_string__struct.hpp
[10.111s] -- Up-to-date: /home/xtark/tarkbot/ros2_ws/install/orbbec_camera_msgs/include/orbbec_camera_msgs/srv/detail/get_bool__builder.hpp
[10.111s] -- Up-to-date: /home/xtark/tarkbot/ros2_ws/install/orbbec_camera_msgs/include/orbbec_camera_msgs/srv/detail/get_int32__struct.hpp
[10.112s] -- Up-to-date: /home/xtark/tarkbot/ros2_ws/install/orbbec_camera_msgs/include/orbbec_camera_msgs/srv/detail/get_device_info__struct.hpp
[10.113s] -- Up-to-date: /home/xtark/tarkbot/ros2_ws/install/orbbec_camera_msgs/include/orbbec_camera_msgs/srv/detail/get_camera_info__builder.hpp
[10.114s] -- Up-to-date: /home/xtark/tarkbot/ros2_ws/install/orbbec_camera_msgs/include/orbbec_camera_msgs/srv/detail/get_string__type_support.hpp
[10.121s] -- Up-to-date: /home/xtark/tarkbot/ros2_ws/install/orbbec_camera_msgs/include/orbbec_camera_msgs/srv/detail/get_bool__traits.hpp
[10.122s] -- Up-to-date: /home/xtark/tarkbot/ros2_ws/install/orbbec_camera_msgs/include/orbbec_camera_msgs/srv/detail/get_int32__builder.hpp
[10.122s] -- Up-to-date: /home/xtark/tarkbot/ros2_ws/install/orbbec_camera_msgs/include/orbbec_camera_msgs/srv/detail/get_device_info__traits.hpp
[10.123s] -- Up-to-date: /home/xtark/tarkbot/ros2_ws/install/orbbec_camera_msgs/include/orbbec_camera_msgs/srv/detail/set_int32__struct.hpp
[10.124s] -- Up-to-date: /home/xtark/tarkbot/ros2_ws/install/orbbec_camera_msgs/include/orbbec_camera_msgs/srv/detail/get_camera_info__traits.hpp
[10.124s] -- Up-to-date: /home/xtark/tarkbot/ros2_ws/install/orbbec_camera_msgs/include/orbbec_camera_msgs/srv/detail/get_int32__type_support.hpp
[10.125s] -- Up-to-date: /home/xtark/tarkbot/ros2_ws/install/orbbec_camera_msgs/include/orbbec_camera_msgs/srv/detail/set_int32__traits.hpp
[10.125s] -- Up-to-date: /home/xtark/tarkbot/ros2_ws/install/orbbec_camera_msgs/include/orbbec_camera_msgs/srv/detail/get_string__builder.hpp
[10.126s] -- Up-to-date: /home/xtark/tarkbot/ros2_ws/install/orbbec_camera_msgs/include/orbbec_camera_msgs/srv/detail/get_device_info__type_support.hpp
[10.130s] -- Up-to-date: /home/xtark/tarkbot/ros2_ws/install/orbbec_camera_msgs/include/orbbec_camera_msgs/srv/detail/get_camera_info__type_support.hpp
[10.130s] -- Up-to-date: /home/xtark/tarkbot/ros2_ws/install/orbbec_camera_msgs/include/orbbec_camera_msgs/srv/detail/set_string__type_support.hpp
[10.131s] -- Up-to-date: /home/xtark/tarkbot/ros2_ws/install/orbbec_camera_msgs/include/orbbec_camera_msgs/srv/detail/get_bool__struct.hpp
[10.132s] -- Up-to-date: /home/xtark/tarkbot/ros2_ws/install/orbbec_camera_msgs/include/orbbec_camera_msgs/srv/detail/get_string__traits.hpp
[10.132s] -- Up-to-date: /home/xtark/tarkbot/ros2_ws/install/orbbec_camera_msgs/include/orbbec_camera_msgs/srv/get_bool.hpp
[10.132s] -- Up-to-date: /home/xtark/tarkbot/ros2_ws/install/orbbec_camera_msgs/include/orbbec_camera_msgs/srv/get_string.hpp
[10.133s] -- Up-to-date: /home/xtark/tarkbot/ros2_ws/install/orbbec_camera_msgs/include/orbbec_camera_msgs/srv/get_device_info.hpp
[10.133s] -- Up-to-date: /home/xtark/tarkbot/ros2_ws/install/orbbec_camera_msgs/include/orbbec_camera_msgs/srv/get_camera_info.hpp
[10.135s] -- Up-to-date: /home/xtark/tarkbot/ros2_ws/install/orbbec_camera_msgs/include/orbbec_camera_msgs/srv/set_int32.hpp
[10.138s] -- Up-to-date: /home/xtark/tarkbot/ros2_ws/install/orbbec_camera_msgs/include/orbbec_camera_msgs/srv/set_string.hpp
[10.139s] -- Up-to-date: /home/xtark/tarkbot/ros2_ws/install/orbbec_camera_msgs/include/orbbec_camera_msgs/srv/get_int32.hpp
[10.140s] -- Up-to-date: /home/xtark/tarkbot/ros2_ws/install/orbbec_camera_msgs/include/orbbec_camera_msgs
[10.140s] -- Up-to-date: /home/xtark/tarkbot/ros2_ws/install/orbbec_camera_msgs/include/orbbec_camera_msgs/msg
[10.141s] -- Up-to-date: /home/xtark/tarkbot/ros2_ws/install/orbbec_camera_msgs/include/orbbec_camera_msgs/msg/detail
[10.142s] -- Up-to-date: /home/xtark/tarkbot/ros2_ws/install/orbbec_camera_msgs/include/orbbec_camera_msgs/msg/detail/metadata__type_support.cpp
[10.142s] -- Up-to-date: /home/xtark/tarkbot/ros2_ws/install/orbbec_camera_msgs/include/orbbec_camera_msgs/msg/detail/extrinsics__rosidl_typesupport_introspection_cpp.hpp
[10.142s] -- Up-to-date: /home/xtark/tarkbot/ros2_ws/install/orbbec_camera_msgs/include/orbbec_camera_msgs/msg/detail/metadata__rosidl_typesupport_introspection_cpp.hpp
[10.143s] -- Up-to-date: /home/xtark/tarkbot/ros2_ws/install/orbbec_camera_msgs/include/orbbec_camera_msgs/msg/detail/device_info__rosidl_typesupport_introspection_cpp.hpp
[10.143s] -- Up-to-date: /home/xtark/tarkbot/ros2_ws/install/orbbec_camera_msgs/include/orbbec_camera_msgs/msg/detail/device_info__type_support.cpp
[10.144s] -- Up-to-date: /home/xtark/tarkbot/ros2_ws/install/orbbec_camera_msgs/include/orbbec_camera_msgs/msg/detail/extrinsics__type_support.cpp
[10.144s] -- Up-to-date: /home/xtark/tarkbot/ros2_ws/install/orbbec_camera_msgs/include/orbbec_camera_msgs/srv
[10.145s] -- Up-to-date: /home/xtark/tarkbot/ros2_ws/install/orbbec_camera_msgs/include/orbbec_camera_msgs/srv/detail
[10.147s] -- Up-to-date: /home/xtark/tarkbot/ros2_ws/install/orbbec_camera_msgs/include/orbbec_camera_msgs/srv/detail/set_int32__type_support.cpp
[10.149s] -- Up-to-date: /home/xtark/tarkbot/ros2_ws/install/orbbec_camera_msgs/include/orbbec_camera_msgs/srv/detail/get_bool__type_support.cpp
[10.150s] -- Up-to-date: /home/xtark/tarkbot/ros2_ws/install/orbbec_camera_msgs/include/orbbec_camera_msgs/srv/detail/get_camera_info__type_support.cpp
[10.151s] -- Up-to-date: /home/xtark/tarkbot/ros2_ws/install/orbbec_camera_msgs/include/orbbec_camera_msgs/srv/detail/get_int32__rosidl_typesupport_introspection_cpp.hpp
[10.154s] -- Up-to-date: /home/xtark/tarkbot/ros2_ws/install/orbbec_camera_msgs/include/orbbec_camera_msgs/srv/detail/get_device_info__type_support.cpp
[10.155s] -- Up-to-date: /home/xtark/tarkbot/ros2_ws/install/orbbec_camera_msgs/include/orbbec_camera_msgs/srv/detail/get_camera_info__rosidl_typesupport_introspection_cpp.hpp
[10.158s] -- Up-to-date: /home/xtark/tarkbot/ros2_ws/install/orbbec_camera_msgs/include/orbbec_camera_msgs/srv/detail/set_int32__rosidl_typesupport_introspection_cpp.hpp
[10.163s] -- Up-to-date: /home/xtark/tarkbot/ros2_ws/install/orbbec_camera_msgs/include/orbbec_camera_msgs/srv/detail/get_device_info__rosidl_typesupport_introspection_cpp.hpp
[10.166s] -- Up-to-date: /home/xtark/tarkbot/ros2_ws/install/orbbec_camera_msgs/include/orbbec_camera_msgs/srv/detail/get_string__rosidl_typesupport_introspection_cpp.hpp
[10.169s] -- Up-to-date: /home/xtark/tarkbot/ros2_ws/install/orbbec_camera_msgs/include/orbbec_camera_msgs/srv/detail/set_string__rosidl_typesupport_introspection_cpp.hpp
[10.173s] -- Up-to-date: /home/xtark/tarkbot/ros2_ws/install/orbbec_camera_msgs/include/orbbec_camera_msgs/srv/detail/set_string__type_support.cpp
[10.177s] -- Up-to-date: /home/xtark/tarkbot/ros2_ws/install/orbbec_camera_msgs/include/orbbec_camera_msgs/srv/detail/get_bool__rosidl_typesupport_introspection_cpp.hpp
[10.180s] -- Up-to-date: /home/xtark/tarkbot/ros2_ws/install/orbbec_camera_msgs/include/orbbec_camera_msgs/srv/detail/get_int32__type_support.cpp
[10.184s] -- Up-to-date: /home/xtark/tarkbot/ros2_ws/install/orbbec_camera_msgs/include/orbbec_camera_msgs/srv/detail/get_string__type_support.cpp
[10.188s] -- Up-to-date: /home/xtark/tarkbot/ros2_ws/install/orbbec_camera_msgs/lib/liborbbec_camera_msgs__rosidl_typesupport_introspection_cpp.so
[10.206s] -- Up-to-date: /home/xtark/tarkbot/ros2_ws/install/orbbec_camera_msgs/lib/liborbbec_camera_msgs__rosidl_typesupport_cpp.so
[10.209s] -- Up-to-date: /home/xtark/tarkbot/ros2_ws/install/orbbec_camera_msgs/share/orbbec_camera_msgs/environment/pythonpath.sh
[10.211s] -- Up-to-date: /home/xtark/tarkbot/ros2_ws/install/orbbec_camera_msgs/share/orbbec_camera_msgs/environment/pythonpath.dsv
[10.213s] -- Up-to-date: /home/xtark/tarkbot/ros2_ws/install/orbbec_camera_msgs/lib/python3.8/site-packages/orbbec_camera_msgs/__init__.py
[10.215s] -- Up-to-date: /home/xtark/tarkbot/ros2_ws/install/orbbec_camera_msgs/lib/python3.8/site-packages/orbbec_camera_msgs/msg
[10.217s] -- Up-to-date: /home/xtark/tarkbot/ros2_ws/install/orbbec_camera_msgs/lib/python3.8/site-packages/orbbec_camera_msgs/msg/_device_info.py
[10.219s] -- Up-to-date: /home/xtark/tarkbot/ros2_ws/install/orbbec_camera_msgs/lib/python3.8/site-packages/orbbec_camera_msgs/msg/_metadata.py
[10.221s] -- Up-to-date: /home/xtark/tarkbot/ros2_ws/install/orbbec_camera_msgs/lib/python3.8/site-packages/orbbec_camera_msgs/msg/__init__.py
[10.223s] -- Up-to-date: /home/xtark/tarkbot/ros2_ws/install/orbbec_camera_msgs/lib/python3.8/site-packages/orbbec_camera_msgs/msg/_device_info_s.c
[10.224s] -- Up-to-date: /home/xtark/tarkbot/ros2_ws/install/orbbec_camera_msgs/lib/python3.8/site-packages/orbbec_camera_msgs/msg/_extrinsics.py
[10.225s] -- Up-to-date: /home/xtark/tarkbot/ros2_ws/install/orbbec_camera_msgs/lib/python3.8/site-packages/orbbec_camera_msgs/msg/_extrinsics_s.c
[10.229s] -- Up-to-date: /home/xtark/tarkbot/ros2_ws/install/orbbec_camera_msgs/lib/python3.8/site-packages/orbbec_camera_msgs/msg/_metadata_s.c
[10.231s] -- Up-to-date: /home/xtark/tarkbot/ros2_ws/install/orbbec_camera_msgs/lib/python3.8/site-packages/orbbec_camera_msgs/srv
[10.232s] -- Up-to-date: /home/xtark/tarkbot/ros2_ws/install/orbbec_camera_msgs/lib/python3.8/site-packages/orbbec_camera_msgs/srv/_get_camera_info_s.c
[10.235s] -- Up-to-date: /home/xtark/tarkbot/ros2_ws/install/orbbec_camera_msgs/lib/python3.8/site-packages/orbbec_camera_msgs/srv/_get_device_info_s.c
[10.237s] -- Up-to-date: /home/xtark/tarkbot/ros2_ws/install/orbbec_camera_msgs/lib/python3.8/site-packages/orbbec_camera_msgs/srv/_get_device_info.py
[10.239s] -- Up-to-date: /home/xtark/tarkbot/ros2_ws/install/orbbec_camera_msgs/lib/python3.8/site-packages/orbbec_camera_msgs/srv/__init__.py
[10.240s] -- Up-to-date: /home/xtark/tarkbot/ros2_ws/install/orbbec_camera_msgs/lib/python3.8/site-packages/orbbec_camera_msgs/srv/_set_string_s.c
[10.242s] -- Up-to-date: /home/xtark/tarkbot/ros2_ws/install/orbbec_camera_msgs/lib/python3.8/site-packages/orbbec_camera_msgs/srv/_set_int32.py
[10.246s] -- Up-to-date: /home/xtark/tarkbot/ros2_ws/install/orbbec_camera_msgs/lib/python3.8/site-packages/orbbec_camera_msgs/srv/_get_int32.py
[10.249s] -- Up-to-date: /home/xtark/tarkbot/ros2_ws/install/orbbec_camera_msgs/lib/python3.8/site-packages/orbbec_camera_msgs/srv/_get_camera_info.py
[10.251s] -- Up-to-date: /home/xtark/tarkbot/ros2_ws/install/orbbec_camera_msgs/lib/python3.8/site-packages/orbbec_camera_msgs/srv/_get_bool_s.c
[10.253s] -- Up-to-date: /home/xtark/tarkbot/ros2_ws/install/orbbec_camera_msgs/lib/python3.8/site-packages/orbbec_camera_msgs/srv/_set_string.py
[10.255s] -- Up-to-date: /home/xtark/tarkbot/ros2_ws/install/orbbec_camera_msgs/lib/python3.8/site-packages/orbbec_camera_msgs/srv/_get_bool.py
[10.256s] -- Up-to-date: /home/xtark/tarkbot/ros2_ws/install/orbbec_camera_msgs/lib/python3.8/site-packages/orbbec_camera_msgs/srv/_get_string.py
[10.259s] -- Up-to-date: /home/xtark/tarkbot/ros2_ws/install/orbbec_camera_msgs/lib/python3.8/site-packages/orbbec_camera_msgs/srv/_get_string_s.c
[10.261s] -- Up-to-date: /home/xtark/tarkbot/ros2_ws/install/orbbec_camera_msgs/lib/python3.8/site-packages/orbbec_camera_msgs/srv/_set_int32_s.c
[10.262s] -- Up-to-date: /home/xtark/tarkbot/ros2_ws/install/orbbec_camera_msgs/lib/python3.8/site-packages/orbbec_camera_msgs/srv/_get_int32_s.c
[10.263s] -- Up-to-date: /home/xtark/tarkbot/ros2_ws/install/orbbec_camera_msgs/lib/python3.8/site-packages/orbbec_camera_msgs/orbbec_camera_msgs_s__rosidl_typesupport_fastrtps_c.cpython-38-aarch64-linux-gnu.so
[10.266s] -- Up-to-date: /home/xtark/tarkbot/ros2_ws/install/orbbec_camera_msgs/lib/python3.8/site-packages/orbbec_camera_msgs/orbbec_camera_msgs_s__rosidl_typesupport_introspection_c.cpython-38-aarch64-linux-gnu.so
[10.267s] -- Up-to-date: /home/xtark/tarkbot/ros2_ws/install/orbbec_camera_msgs/lib/python3.8/site-packages/orbbec_camera_msgs/orbbec_camera_msgs_s__rosidl_typesupport_c.cpython-38-aarch64-linux-gnu.so
[10.269s] -- Up-to-date: /home/xtark/tarkbot/ros2_ws/install/orbbec_camera_msgs/lib/liborbbec_camera_msgs__python.so
[10.270s] -- Up-to-date: /home/xtark/tarkbot/ros2_ws/install/orbbec_camera_msgs/share/orbbec_camera_msgs/msg/DeviceInfo.idl
[10.273s] -- Up-to-date: /home/xtark/tarkbot/ros2_ws/install/orbbec_camera_msgs/share/orbbec_camera_msgs/msg/Extrinsics.idl
[10.275s] -- Up-to-date: /home/xtark/tarkbot/ros2_ws/install/orbbec_camera_msgs/share/orbbec_camera_msgs/msg/Metadata.idl
[10.277s] -- Up-to-date: /home/xtark/tarkbot/ros2_ws/install/orbbec_camera_msgs/share/orbbec_camera_msgs/srv/GetBool.idl
[10.280s] -- Up-to-date: /home/xtark/tarkbot/ros2_ws/install/orbbec_camera_msgs/share/orbbec_camera_msgs/srv/GetDeviceInfo.idl
[10.281s] -- Up-to-date: /home/xtark/tarkbot/ros2_ws/install/orbbec_camera_msgs/share/orbbec_camera_msgs/srv/GetCameraInfo.idl
[10.284s] -- Up-to-date: /home/xtark/tarkbot/ros2_ws/install/orbbec_camera_msgs/share/orbbec_camera_msgs/srv/GetInt32.idl
[10.285s] -- Up-to-date: /home/xtark/tarkbot/ros2_ws/install/orbbec_camera_msgs/share/orbbec_camera_msgs/srv/GetString.idl
[10.287s] -- Up-to-date: /home/xtark/tarkbot/ros2_ws/install/orbbec_camera_msgs/share/orbbec_camera_msgs/srv/SetInt32.idl
[10.288s] -- Up-to-date: /home/xtark/tarkbot/ros2_ws/install/orbbec_camera_msgs/share/orbbec_camera_msgs/srv/SetString.idl
[10.289s] -- Up-to-date: /home/xtark/tarkbot/ros2_ws/install/orbbec_camera_msgs/share/orbbec_camera_msgs/msg/DeviceInfo.msg
[10.290s] -- Up-to-date: /home/xtark/tarkbot/ros2_ws/install/orbbec_camera_msgs/share/orbbec_camera_msgs/msg/Extrinsics.msg
[10.293s] -- Up-to-date: /home/xtark/tarkbot/ros2_ws/install/orbbec_camera_msgs/share/orbbec_camera_msgs/msg/Metadata.msg
[10.295s] -- Up-to-date: /home/xtark/tarkbot/ros2_ws/install/orbbec_camera_msgs/share/orbbec_camera_msgs/srv/GetBool.srv
[10.297s] -- Up-to-date: /home/xtark/tarkbot/ros2_ws/install/orbbec_camera_msgs/share/orbbec_camera_msgs/srv/GetBool_Request.msg
[10.299s] -- Up-to-date: /home/xtark/tarkbot/ros2_ws/install/orbbec_camera_msgs/share/orbbec_camera_msgs/srv/GetBool_Response.msg
[10.301s] -- Up-to-date: /home/xtark/tarkbot/ros2_ws/install/orbbec_camera_msgs/share/orbbec_camera_msgs/srv/GetDeviceInfo.srv
[10.304s] -- Up-to-date: /home/xtark/tarkbot/ros2_ws/install/orbbec_camera_msgs/share/orbbec_camera_msgs/srv/GetDeviceInfo_Request.msg
[10.307s] -- Up-to-date: /home/xtark/tarkbot/ros2_ws/install/orbbec_camera_msgs/share/orbbec_camera_msgs/srv/GetDeviceInfo_Response.msg
[10.309s] -- Up-to-date: /home/xtark/tarkbot/ros2_ws/install/orbbec_camera_msgs/share/orbbec_camera_msgs/srv/GetCameraInfo.srv
[10.311s] -- Up-to-date: /home/xtark/tarkbot/ros2_ws/install/orbbec_camera_msgs/share/orbbec_camera_msgs/srv/GetCameraInfo_Request.msg
[10.313s] -- Up-to-date: /home/xtark/tarkbot/ros2_ws/install/orbbec_camera_msgs/share/orbbec_camera_msgs/srv/GetCameraInfo_Response.msg
[10.315s] -- Up-to-date: /home/xtark/tarkbot/ros2_ws/install/orbbec_camera_msgs/share/orbbec_camera_msgs/srv/GetInt32.srv
[10.316s] -- Up-to-date: /home/xtark/tarkbot/ros2_ws/install/orbbec_camera_msgs/share/orbbec_camera_msgs/srv/GetInt32_Request.msg
[10.316s] -- Up-to-date: /home/xtark/tarkbot/ros2_ws/install/orbbec_camera_msgs/share/orbbec_camera_msgs/srv/GetInt32_Response.msg
[10.316s] -- Up-to-date: /home/xtark/tarkbot/ros2_ws/install/orbbec_camera_msgs/share/orbbec_camera_msgs/srv/GetString.srv
[10.317s] -- Up-to-date: /home/xtark/tarkbot/ros2_ws/install/orbbec_camera_msgs/share/orbbec_camera_msgs/srv/GetString_Request.msg
[10.317s] -- Up-to-date: /home/xtark/tarkbot/ros2_ws/install/orbbec_camera_msgs/share/orbbec_camera_msgs/srv/GetString_Response.msg
[10.317s] -- Up-to-date: /home/xtark/tarkbot/ros2_ws/install/orbbec_camera_msgs/share/orbbec_camera_msgs/srv/SetInt32.srv
[10.318s] -- Up-to-date: /home/xtark/tarkbot/ros2_ws/install/orbbec_camera_msgs/share/orbbec_camera_msgs/srv/SetInt32_Request.msg
[10.318s] -- Up-to-date: /home/xtark/tarkbot/ros2_ws/install/orbbec_camera_msgs/share/orbbec_camera_msgs/srv/SetInt32_Response.msg
[10.318s] -- Up-to-date: /home/xtark/tarkbot/ros2_ws/install/orbbec_camera_msgs/share/orbbec_camera_msgs/srv/SetString.srv
[10.319s] -- Up-to-date: /home/xtark/tarkbot/ros2_ws/install/orbbec_camera_msgs/share/orbbec_camera_msgs/srv/SetString_Request.msg
[10.319s] -- Up-to-date: /home/xtark/tarkbot/ros2_ws/install/orbbec_camera_msgs/share/orbbec_camera_msgs/srv/SetString_Response.msg
[10.319s] -- Up-to-date: /home/xtark/tarkbot/ros2_ws/install/orbbec_camera_msgs/share/ament_index/resource_index/package_run_dependencies/orbbec_camera_msgs
[10.320s] -- Up-to-date: /home/xtark/tarkbot/ros2_ws/install/orbbec_camera_msgs/share/ament_index/resource_index/parent_prefix_path/orbbec_camera_msgs
[10.320s] -- Up-to-date: /home/xtark/tarkbot/ros2_ws/install/orbbec_camera_msgs/share/orbbec_camera_msgs/environment/ament_prefix_path.sh
[10.320s] -- Up-to-date: /home/xtark/tarkbot/ros2_ws/install/orbbec_camera_msgs/share/orbbec_camera_msgs/environment/ament_prefix_path.dsv
[10.321s] -- Up-to-date: /home/xtark/tarkbot/ros2_ws/install/orbbec_camera_msgs/share/orbbec_camera_msgs/environment/path.sh
[10.321s] -- Up-to-date: /home/xtark/tarkbot/ros2_ws/install/orbbec_camera_msgs/share/orbbec_camera_msgs/environment/path.dsv
[10.321s] -- Up-to-date: /home/xtark/tarkbot/ros2_ws/install/orbbec_camera_msgs/share/orbbec_camera_msgs/local_setup.bash
[10.322s] -- Up-to-date: /home/xtark/tarkbot/ros2_ws/install/orbbec_camera_msgs/share/orbbec_camera_msgs/local_setup.sh
[10.322s] -- Up-to-date: /home/xtark/tarkbot/ros2_ws/install/orbbec_camera_msgs/share/orbbec_camera_msgs/local_setup.zsh
[10.323s] -- Up-to-date: /home/xtark/tarkbot/ros2_ws/install/orbbec_camera_msgs/share/orbbec_camera_msgs/local_setup.dsv
[10.323s] -- Installing: /home/xtark/tarkbot/ros2_ws/install/orbbec_camera_msgs/share/orbbec_camera_msgs/package.dsv
[10.323s] -- Up-to-date: /home/xtark/tarkbot/ros2_ws/install/orbbec_camera_msgs/share/ament_index/resource_index/packages/orbbec_camera_msgs
[10.323s] -- Up-to-date: /home/xtark/tarkbot/ros2_ws/install/orbbec_camera_msgs/share/orbbec_camera_msgs/cmake/orbbec_camera_msgs__rosidl_generator_cExport.cmake
[10.324s] -- Up-to-date: /home/xtark/tarkbot/ros2_ws/install/orbbec_camera_msgs/share/orbbec_camera_msgs/cmake/orbbec_camera_msgs__rosidl_generator_cExport-noconfig.cmake
[10.324s] -- Up-to-date: /home/xtark/tarkbot/ros2_ws/install/orbbec_camera_msgs/share/orbbec_camera_msgs/cmake/orbbec_camera_msgs__rosidl_typesupport_introspection_cExport.cmake
[10.325s] -- Up-to-date: /home/xtark/tarkbot/ros2_ws/install/orbbec_camera_msgs/share/orbbec_camera_msgs/cmake/orbbec_camera_msgs__rosidl_typesupport_introspection_cExport-noconfig.cmake
[10.325s] -- Up-to-date: /home/xtark/tarkbot/ros2_ws/install/orbbec_camera_msgs/share/orbbec_camera_msgs/cmake/orbbec_camera_msgs__rosidl_typesupport_cExport.cmake
[10.326s] -- Up-to-date: /home/xtark/tarkbot/ros2_ws/install/orbbec_camera_msgs/share/orbbec_camera_msgs/cmake/orbbec_camera_msgs__rosidl_typesupport_cExport-noconfig.cmake
[10.326s] -- Up-to-date: /home/xtark/tarkbot/ros2_ws/install/orbbec_camera_msgs/share/orbbec_camera_msgs/cmake/orbbec_camera_msgs__rosidl_generator_cppExport.cmake
[10.327s] -- Up-to-date: /home/xtark/tarkbot/ros2_ws/install/orbbec_camera_msgs/share/orbbec_camera_msgs/cmake/orbbec_camera_msgs__rosidl_typesupport_introspection_cppExport.cmake
[10.327s] -- Up-to-date: /home/xtark/tarkbot/ros2_ws/install/orbbec_camera_msgs/share/orbbec_camera_msgs/cmake/orbbec_camera_msgs__rosidl_typesupport_introspection_cppExport-noconfig.cmake
[10.327s] -- Up-to-date: /home/xtark/tarkbot/ros2_ws/install/orbbec_camera_msgs/share/orbbec_camera_msgs/cmake/orbbec_camera_msgs__rosidl_typesupport_cppExport.cmake
[10.328s] -- Up-to-date: /home/xtark/tarkbot/ros2_ws/install/orbbec_camera_msgs/share/orbbec_camera_msgs/cmake/orbbec_camera_msgs__rosidl_typesupport_cppExport-noconfig.cmake
[10.328s] -- Up-to-date: /home/xtark/tarkbot/ros2_ws/install/orbbec_camera_msgs/share/orbbec_camera_msgs/cmake/rosidl_cmake-extras.cmake
[10.328s] -- Up-to-date: /home/xtark/tarkbot/ros2_ws/install/orbbec_camera_msgs/share/orbbec_camera_msgs/cmake/ament_cmake_export_dependencies-extras.cmake
[10.329s] -- Up-to-date: /home/xtark/tarkbot/ros2_ws/install/orbbec_camera_msgs/share/orbbec_camera_msgs/cmake/ament_cmake_export_libraries-extras.cmake
[10.329s] -- Up-to-date: /home/xtark/tarkbot/ros2_ws/install/orbbec_camera_msgs/share/orbbec_camera_msgs/cmake/ament_cmake_export_targets-extras.cmake
[10.329s] -- Up-to-date: /home/xtark/tarkbot/ros2_ws/install/orbbec_camera_msgs/share/orbbec_camera_msgs/cmake/ament_cmake_export_include_directories-extras.cmake
[10.330s] -- Up-to-date: /home/xtark/tarkbot/ros2_ws/install/orbbec_camera_msgs/share/orbbec_camera_msgs/cmake/rosidl_cmake_export_typesupport_libraries-extras.cmake
[10.330s] -- Up-to-date: /home/xtark/tarkbot/ros2_ws/install/orbbec_camera_msgs/share/orbbec_camera_msgs/cmake/rosidl_cmake_export_typesupport_targets-extras.cmake
[10.330s] -- Up-to-date: /home/xtark/tarkbot/ros2_ws/install/orbbec_camera_msgs/share/orbbec_camera_msgs/cmake/orbbec_camera_msgsConfig.cmake
[10.331s] -- Up-to-date: /home/xtark/tarkbot/ros2_ws/install/orbbec_camera_msgs/share/orbbec_camera_msgs/cmake/orbbec_camera_msgsConfig-version.cmake
[10.331s] -- Up-to-date: /home/xtark/tarkbot/ros2_ws/install/orbbec_camera_msgs/share/orbbec_camera_msgs/package.xml
[11.713s] Invoked command in '/home/xtark/tarkbot/ros2_ws/build/orbbec_camera_msgs' returned '0': CMAKE_PREFIX_PATH=${CMAKE_PREFIX_PATH}:/opt/ros/foxy /usr/bin/cmake --install /home/xtark/tarkbot/ros2_ws/build/orbbec_camera_msgs
