[2.989s] Invoking command in '/home/xtark/tarkbot/ros2_ws/build/orbbec_camera_msgs': CMAKE_PREFIX_PATH=${CMAKE_PREFIX_PATH}:/opt/ros/foxy /usr/bin/cmake --build /home/xtark/tarkbot/ros2_ws/build/orbbec_camera_msgs -- -j4 -l4
[3.402s] [  0%] Built target orbbec_camera_msgs__cpp
[3.559s] [ 12%] Built target orbbec_camera_msgs__rosidl_generator_c
[3.711s] [ 24%] Built target orbbec_camera_msgs__rosidl_typesupport_cpp
[3.744s] [ 36%] Built target orbbec_camera_msgs__rosidl_typesupport_introspection_cpp
[3.827s] [ 47%] Built target orbbec_camera_msgs__rosidl_typesupport_fastrtps_cpp
[3.851s] [ 58%] Built target orbbec_camera_msgs__rosidl_typesupport_c
[3.948s] [ 70%] Built target orbbec_camera_msgs__rosidl_typesupport_introspection_c
[4.112s] [ 82%] Built target orbbec_camera_msgs__rosidl_typesupport_fastrtps_c
[4.214s] [ 82%] Built target orbbec_camera_msgs
[4.317s] [ 83%] Built target orbbec_camera_msgs__py
[4.521s] [ 94%] Built target orbbec_camera_msgs__python
[4.703s] [ 96%] Built target orbbec_camera_msgs__rosidl_typesupport_c__pyext
[4.728s] [ 98%] Built target orbbec_camera_msgs__rosidl_typesupport_fastrtps_c__pyext
[4.730s] [100%] Built target orbbec_camera_msgs__rosidl_typesupport_introspection_c__pyext
[6.109s] Invoked command in '/home/xtark/tarkbot/ros2_ws/build/orbbec_camera_msgs' returned '0': CMAKE_PREFIX_PATH=${CMAKE_PREFIX_PATH}:/opt/ros/foxy /usr/bin/cmake --build /home/xtark/tarkbot/ros2_ws/build/orbbec_camera_msgs -- -j4 -l4
[10.800s] Invoking command in '/home/xtark/tarkbot/ros2_ws/build/orbbec_camera_msgs': CMAKE_PREFIX_PATH=${CMAKE_PREFIX_PATH}:/opt/ros/foxy /usr/bin/cmake --install /home/xtark/tarkbot/ros2_ws/build/orbbec_camera_msgs
[10.854s] -- Install configuration: ""
[10.855s] -- Up-to-date: /home/xtark/tarkbot/ros2_ws/install/orbbec_camera_msgs/share/ament_index/resource_index/rosidl_interfaces/orbbec_camera_msgs
[10.856s] -- Up-to-date: /home/xtark/tarkbot/ros2_ws/install/orbbec_camera_msgs/include/orbbec_camera_msgs
[10.857s] -- Up-to-date: /home/xtark/tarkbot/ros2_ws/install/orbbec_camera_msgs/include/orbbec_camera_msgs/msg
[10.858s] -- Up-to-date: /home/xtark/tarkbot/ros2_ws/install/orbbec_camera_msgs/include/orbbec_camera_msgs/msg/rosidl_generator_c__visibility_control.h
[10.859s] -- Up-to-date: /home/xtark/tarkbot/ros2_ws/install/orbbec_camera_msgs/include/orbbec_camera_msgs/msg/detail
[10.860s] -- Up-to-date: /home/xtark/tarkbot/ros2_ws/install/orbbec_camera_msgs/include/orbbec_camera_msgs/msg/detail/extrinsics__functions.h
[10.861s] -- Up-to-date: /home/xtark/tarkbot/ros2_ws/install/orbbec_camera_msgs/include/orbbec_camera_msgs/msg/detail/extrinsics__functions.c
[10.862s] -- Up-to-date: /home/xtark/tarkbot/ros2_ws/install/orbbec_camera_msgs/include/orbbec_camera_msgs/msg/detail/metadata__functions.c
[10.863s] -- Up-to-date: /home/xtark/tarkbot/ros2_ws/install/orbbec_camera_msgs/include/orbbec_camera_msgs/msg/detail/extrinsics__struct.h
[10.872s] -- Up-to-date: /home/xtark/tarkbot/ros2_ws/install/orbbec_camera_msgs/include/orbbec_camera_msgs/msg/detail/metadata__struct.h
[10.875s] -- Up-to-date: /home/xtark/tarkbot/ros2_ws/install/orbbec_camera_msgs/include/orbbec_camera_msgs/msg/detail/device_info__functions.h
[10.876s] -- Up-to-date: /home/xtark/tarkbot/ros2_ws/install/orbbec_camera_msgs/include/orbbec_camera_msgs/msg/detail/extrinsics__type_support.h
[10.877s] -- Up-to-date: /home/xtark/tarkbot/ros2_ws/install/orbbec_camera_msgs/include/orbbec_camera_msgs/msg/detail/metadata__functions.h
[10.878s] -- Up-to-date: /home/xtark/tarkbot/ros2_ws/install/orbbec_camera_msgs/include/orbbec_camera_msgs/msg/detail/metadata__type_support.h
[10.878s] -- Up-to-date: /home/xtark/tarkbot/ros2_ws/install/orbbec_camera_msgs/include/orbbec_camera_msgs/msg/detail/device_info__struct.h
[10.882s] -- Up-to-date: /home/xtark/tarkbot/ros2_ws/install/orbbec_camera_msgs/include/orbbec_camera_msgs/msg/detail/device_info__functions.c
[10.883s] -- Up-to-date: /home/xtark/tarkbot/ros2_ws/install/orbbec_camera_msgs/include/orbbec_camera_msgs/msg/detail/device_info__type_support.h
[10.883s] -- Up-to-date: /home/xtark/tarkbot/ros2_ws/install/orbbec_camera_msgs/include/orbbec_camera_msgs/msg/metadata.h
[10.884s] -- Up-to-date: /home/xtark/tarkbot/ros2_ws/install/orbbec_camera_msgs/include/orbbec_camera_msgs/msg/device_info.h
[10.884s] -- Up-to-date: /home/xtark/tarkbot/ros2_ws/install/orbbec_camera_msgs/include/orbbec_camera_msgs/msg/extrinsics.h
[10.885s] -- Up-to-date: /home/xtark/tarkbot/ros2_ws/install/orbbec_camera_msgs/include/orbbec_camera_msgs/srv
[10.885s] -- Up-to-date: /home/xtark/tarkbot/ros2_ws/install/orbbec_camera_msgs/include/orbbec_camera_msgs/srv/get_camera_info.h
[10.886s] -- Up-to-date: /home/xtark/tarkbot/ros2_ws/install/orbbec_camera_msgs/include/orbbec_camera_msgs/srv/get_int32.h
[10.886s] -- Up-to-date: /home/xtark/tarkbot/ros2_ws/install/orbbec_camera_msgs/include/orbbec_camera_msgs/srv/detail
[10.887s] -- Up-to-date: /home/xtark/tarkbot/ros2_ws/install/orbbec_camera_msgs/include/orbbec_camera_msgs/srv/detail/get_string__functions.h
[10.887s] -- Up-to-date: /home/xtark/tarkbot/ros2_ws/install/orbbec_camera_msgs/include/orbbec_camera_msgs/srv/detail/set_string__functions.h
[10.888s] -- Up-to-date: /home/xtark/tarkbot/ros2_ws/install/orbbec_camera_msgs/include/orbbec_camera_msgs/srv/detail/get_bool__struct.h
[10.888s] -- Up-to-date: /home/xtark/tarkbot/ros2_ws/install/orbbec_camera_msgs/include/orbbec_camera_msgs/srv/detail/get_string__struct.h
[10.889s] -- Up-to-date: /home/xtark/tarkbot/ros2_ws/install/orbbec_camera_msgs/include/orbbec_camera_msgs/srv/detail/get_bool__functions.c
[10.889s] -- Up-to-date: /home/xtark/tarkbot/ros2_ws/install/orbbec_camera_msgs/include/orbbec_camera_msgs/srv/detail/get_string__functions.c
[10.890s] -- Up-to-date: /home/xtark/tarkbot/ros2_ws/install/orbbec_camera_msgs/include/orbbec_camera_msgs/srv/detail/get_device_info__functions.c
[10.891s] -- Up-to-date: /home/xtark/tarkbot/ros2_ws/install/orbbec_camera_msgs/include/orbbec_camera_msgs/srv/detail/set_string__functions.c
[10.891s] -- Up-to-date: /home/xtark/tarkbot/ros2_ws/install/orbbec_camera_msgs/include/orbbec_camera_msgs/srv/detail/get_camera_info__type_support.h
[10.892s] -- Up-to-date: /home/xtark/tarkbot/ros2_ws/install/orbbec_camera_msgs/include/orbbec_camera_msgs/srv/detail/get_camera_info__functions.c
[10.892s] -- Up-to-date: /home/xtark/tarkbot/ros2_ws/install/orbbec_camera_msgs/include/orbbec_camera_msgs/srv/detail/get_camera_info__functions.h
[10.917s] -- Up-to-date: /home/xtark/tarkbot/ros2_ws/install/orbbec_camera_msgs/include/orbbec_camera_msgs/srv/detail/get_bool__functions.h
[10.921s] -- Up-to-date: /home/xtark/tarkbot/ros2_ws/install/orbbec_camera_msgs/include/orbbec_camera_msgs/srv/detail/set_string__struct.h
[10.922s] -- Up-to-date: /home/xtark/tarkbot/ros2_ws/install/orbbec_camera_msgs/include/orbbec_camera_msgs/srv/detail/get_bool__type_support.h
[10.923s] -- Up-to-date: /home/xtark/tarkbot/ros2_ws/install/orbbec_camera_msgs/include/orbbec_camera_msgs/srv/detail/get_device_info__struct.h
[10.925s] -- Up-to-date: /home/xtark/tarkbot/ros2_ws/install/orbbec_camera_msgs/include/orbbec_camera_msgs/srv/detail/get_camera_info__struct.h
[10.941s] -- Up-to-date: /home/xtark/tarkbot/ros2_ws/install/orbbec_camera_msgs/include/orbbec_camera_msgs/srv/detail/set_int32__struct.h
[10.944s] -- Up-to-date: /home/xtark/tarkbot/ros2_ws/install/orbbec_camera_msgs/include/orbbec_camera_msgs/srv/detail/get_int32__type_support.h
[10.945s] -- Up-to-date: /home/xtark/tarkbot/ros2_ws/install/orbbec_camera_msgs/include/orbbec_camera_msgs/srv/detail/get_string__type_support.h
[10.946s] -- Up-to-date: /home/xtark/tarkbot/ros2_ws/install/orbbec_camera_msgs/include/orbbec_camera_msgs/srv/detail/set_string__type_support.h
[10.947s] -- Up-to-date: /home/xtark/tarkbot/ros2_ws/install/orbbec_camera_msgs/include/orbbec_camera_msgs/srv/detail/get_device_info__type_support.h
[10.948s] -- Up-to-date: /home/xtark/tarkbot/ros2_ws/install/orbbec_camera_msgs/include/orbbec_camera_msgs/srv/detail/get_device_info__functions.h
[10.949s] -- Up-to-date: /home/xtark/tarkbot/ros2_ws/install/orbbec_camera_msgs/include/orbbec_camera_msgs/srv/detail/get_int32__functions.c
[10.950s] -- Up-to-date: /home/xtark/tarkbot/ros2_ws/install/orbbec_camera_msgs/include/orbbec_camera_msgs/srv/detail/set_int32__functions.c
[10.950s] -- Up-to-date: /home/xtark/tarkbot/ros2_ws/install/orbbec_camera_msgs/include/orbbec_camera_msgs/srv/detail/get_int32__struct.h
[10.951s] -- Up-to-date: /home/xtark/tarkbot/ros2_ws/install/orbbec_camera_msgs/include/orbbec_camera_msgs/srv/detail/set_int32__type_support.h
[10.952s] -- Up-to-date: /home/xtark/tarkbot/ros2_ws/install/orbbec_camera_msgs/include/orbbec_camera_msgs/srv/detail/get_int32__functions.h
[10.953s] -- Up-to-date: /home/xtark/tarkbot/ros2_ws/install/orbbec_camera_msgs/include/orbbec_camera_msgs/srv/detail/set_int32__functions.h
[10.958s] -- Up-to-date: /home/xtark/tarkbot/ros2_ws/install/orbbec_camera_msgs/include/orbbec_camera_msgs/srv/set_int32.h
[10.958s] -- Up-to-date: /home/xtark/tarkbot/ros2_ws/install/orbbec_camera_msgs/include/orbbec_camera_msgs/srv/set_string.h
[10.959s] -- Up-to-date: /home/xtark/tarkbot/ros2_ws/install/orbbec_camera_msgs/include/orbbec_camera_msgs/srv/get_device_info.h
[10.960s] -- Up-to-date: /home/xtark/tarkbot/ros2_ws/install/orbbec_camera_msgs/include/orbbec_camera_msgs/srv/get_string.h
[10.960s] -- Up-to-date: /home/xtark/tarkbot/ros2_ws/install/orbbec_camera_msgs/include/orbbec_camera_msgs/srv/get_bool.h
[10.961s] -- Up-to-date: /home/xtark/tarkbot/ros2_ws/install/orbbec_camera_msgs/share/orbbec_camera_msgs/environment/library_path.sh
[10.971s] -- Up-to-date: /home/xtark/tarkbot/ros2_ws/install/orbbec_camera_msgs/share/orbbec_camera_msgs/environment/library_path.dsv
[10.978s] -- Up-to-date: /home/xtark/tarkbot/ros2_ws/install/orbbec_camera_msgs/lib/liborbbec_camera_msgs__rosidl_generator_c.so
[10.979s] -- Up-to-date: /home/xtark/tarkbot/ros2_ws/install/orbbec_camera_msgs/include/orbbec_camera_msgs
[10.980s] -- Up-to-date: /home/xtark/tarkbot/ros2_ws/install/orbbec_camera_msgs/include/orbbec_camera_msgs/msg
[10.981s] -- Up-to-date: /home/xtark/tarkbot/ros2_ws/install/orbbec_camera_msgs/include/orbbec_camera_msgs/msg/detail
[10.990s] -- Up-to-date: /home/xtark/tarkbot/ros2_ws/install/orbbec_camera_msgs/include/orbbec_camera_msgs/msg/detail/extrinsics__rosidl_typesupport_fastrtps_c.h
[10.990s] -- Up-to-date: /home/xtark/tarkbot/ros2_ws/install/orbbec_camera_msgs/include/orbbec_camera_msgs/msg/detail/device_info__rosidl_typesupport_fastrtps_c.h
[10.991s] -- Up-to-date: /home/xtark/tarkbot/ros2_ws/install/orbbec_camera_msgs/include/orbbec_camera_msgs/msg/detail/metadata__rosidl_typesupport_fastrtps_c.h
[10.992s] -- Up-to-date: /home/xtark/tarkbot/ros2_ws/install/orbbec_camera_msgs/include/orbbec_camera_msgs/msg/rosidl_typesupport_fastrtps_c__visibility_control.h
[10.992s] -- Up-to-date: /home/xtark/tarkbot/ros2_ws/install/orbbec_camera_msgs/include/orbbec_camera_msgs/srv
[10.993s] -- Up-to-date: /home/xtark/tarkbot/ros2_ws/install/orbbec_camera_msgs/include/orbbec_camera_msgs/srv/detail
[10.993s] -- Up-to-date: /home/xtark/tarkbot/ros2_ws/install/orbbec_camera_msgs/include/orbbec_camera_msgs/srv/detail/get_device_info__rosidl_typesupport_fastrtps_c.h
[10.994s] -- Up-to-date: /home/xtark/tarkbot/ros2_ws/install/orbbec_camera_msgs/include/orbbec_camera_msgs/srv/detail/set_int32__rosidl_typesupport_fastrtps_c.h
[10.995s] -- Up-to-date: /home/xtark/tarkbot/ros2_ws/install/orbbec_camera_msgs/include/orbbec_camera_msgs/srv/detail/set_string__rosidl_typesupport_fastrtps_c.h
[10.995s] -- Up-to-date: /home/xtark/tarkbot/ros2_ws/install/orbbec_camera_msgs/include/orbbec_camera_msgs/srv/detail/get_camera_info__rosidl_typesupport_fastrtps_c.h
[10.996s] -- Up-to-date: /home/xtark/tarkbot/ros2_ws/install/orbbec_camera_msgs/include/orbbec_camera_msgs/srv/detail/get_string__rosidl_typesupport_fastrtps_c.h
[10.997s] -- Up-to-date: /home/xtark/tarkbot/ros2_ws/install/orbbec_camera_msgs/include/orbbec_camera_msgs/srv/detail/get_int32__rosidl_typesupport_fastrtps_c.h
[10.998s] -- Up-to-date: /home/xtark/tarkbot/ros2_ws/install/orbbec_camera_msgs/include/orbbec_camera_msgs/srv/detail/get_bool__rosidl_typesupport_fastrtps_c.h
[10.998s] -- Up-to-date: /home/xtark/tarkbot/ros2_ws/install/orbbec_camera_msgs/lib/liborbbec_camera_msgs__rosidl_typesupport_fastrtps_c.so
[10.999s] -- Up-to-date: /home/xtark/tarkbot/ros2_ws/install/orbbec_camera_msgs/include/orbbec_camera_msgs
[11.000s] -- Up-to-date: /home/xtark/tarkbot/ros2_ws/install/orbbec_camera_msgs/include/orbbec_camera_msgs/msg
[11.001s] -- Up-to-date: /home/xtark/tarkbot/ros2_ws/install/orbbec_camera_msgs/include/orbbec_camera_msgs/msg/detail
[11.001s] -- Up-to-date: /home/xtark/tarkbot/ros2_ws/install/orbbec_camera_msgs/include/orbbec_camera_msgs/msg/detail/extrinsics__rosidl_typesupport_fastrtps_cpp.hpp
[11.002s] -- Up-to-date: /home/xtark/tarkbot/ros2_ws/install/orbbec_camera_msgs/include/orbbec_camera_msgs/msg/detail/dds_fastrtps
[11.003s] -- Up-to-date: /home/xtark/tarkbot/ros2_ws/install/orbbec_camera_msgs/include/orbbec_camera_msgs/msg/detail/metadata__rosidl_typesupport_fastrtps_cpp.hpp
[11.003s] -- Up-to-date: /home/xtark/tarkbot/ros2_ws/install/orbbec_camera_msgs/include/orbbec_camera_msgs/msg/detail/device_info__rosidl_typesupport_fastrtps_cpp.hpp
[11.004s] -- Up-to-date: /home/xtark/tarkbot/ros2_ws/install/orbbec_camera_msgs/include/orbbec_camera_msgs/msg/rosidl_typesupport_fastrtps_cpp__visibility_control.h
[11.005s] -- Up-to-date: /home/xtark/tarkbot/ros2_ws/install/orbbec_camera_msgs/include/orbbec_camera_msgs/srv
[11.006s] -- Up-to-date: /home/xtark/tarkbot/ros2_ws/install/orbbec_camera_msgs/include/orbbec_camera_msgs/srv/detail
[11.007s] -- Up-to-date: /home/xtark/tarkbot/ros2_ws/install/orbbec_camera_msgs/include/orbbec_camera_msgs/srv/detail/get_int32__rosidl_typesupport_fastrtps_cpp.hpp
[11.008s] -- Up-to-date: /home/xtark/tarkbot/ros2_ws/install/orbbec_camera_msgs/include/orbbec_camera_msgs/srv/detail/dds_fastrtps
[11.009s] -- Up-to-date: /home/xtark/tarkbot/ros2_ws/install/orbbec_camera_msgs/include/orbbec_camera_msgs/srv/detail/get_string__rosidl_typesupport_fastrtps_cpp.hpp
[11.010s] -- Up-to-date: /home/xtark/tarkbot/ros2_ws/install/orbbec_camera_msgs/include/orbbec_camera_msgs/srv/detail/get_bool__rosidl_typesupport_fastrtps_cpp.hpp
[11.010s] -- Up-to-date: /home/xtark/tarkbot/ros2_ws/install/orbbec_camera_msgs/include/orbbec_camera_msgs/srv/detail/get_device_info__rosidl_typesupport_fastrtps_cpp.hpp
[11.011s] -- Up-to-date: /home/xtark/tarkbot/ros2_ws/install/orbbec_camera_msgs/include/orbbec_camera_msgs/srv/detail/set_string__rosidl_typesupport_fastrtps_cpp.hpp
[11.011s] -- Up-to-date: /home/xtark/tarkbot/ros2_ws/install/orbbec_camera_msgs/include/orbbec_camera_msgs/srv/detail/set_int32__rosidl_typesupport_fastrtps_cpp.hpp
[11.012s] -- Up-to-date: /home/xtark/tarkbot/ros2_ws/install/orbbec_camera_msgs/include/orbbec_camera_msgs/srv/detail/get_camera_info__rosidl_typesupport_fastrtps_cpp.hpp
[11.012s] -- Up-to-date: /home/xtark/tarkbot/ros2_ws/install/orbbec_camera_msgs/lib/liborbbec_camera_msgs__rosidl_typesupport_fastrtps_cpp.so
[11.013s] -- Up-to-date: /home/xtark/tarkbot/ros2_ws/install/orbbec_camera_msgs/include/orbbec_camera_msgs
[11.019s] -- Up-to-date: /home/xtark/tarkbot/ros2_ws/install/orbbec_camera_msgs/include/orbbec_camera_msgs/msg
[11.020s] -- Up-to-date: /home/xtark/tarkbot/ros2_ws/install/orbbec_camera_msgs/include/orbbec_camera_msgs/msg/rosidl_typesupport_introspection_c__visibility_control.h
[11.020s] -- Up-to-date: /home/xtark/tarkbot/ros2_ws/install/orbbec_camera_msgs/include/orbbec_camera_msgs/msg/detail
[11.021s] -- Up-to-date: /home/xtark/tarkbot/ros2_ws/install/orbbec_camera_msgs/include/orbbec_camera_msgs/msg/detail/metadata__rosidl_typesupport_introspection_c.h
[11.022s] -- Up-to-date: /home/xtark/tarkbot/ros2_ws/install/orbbec_camera_msgs/include/orbbec_camera_msgs/msg/detail/extrinsics__type_support.c
[11.022s] -- Up-to-date: /home/xtark/tarkbot/ros2_ws/install/orbbec_camera_msgs/include/orbbec_camera_msgs/msg/detail/metadata__type_support.c
[11.023s] -- Up-to-date: /home/xtark/tarkbot/ros2_ws/install/orbbec_camera_msgs/include/orbbec_camera_msgs/msg/detail/extrinsics__rosidl_typesupport_introspection_c.h
[11.023s] -- Up-to-date: /home/xtark/tarkbot/ros2_ws/install/orbbec_camera_msgs/include/orbbec_camera_msgs/msg/detail/device_info__rosidl_typesupport_introspection_c.h
[11.024s] -- Up-to-date: /home/xtark/tarkbot/ros2_ws/install/orbbec_camera_msgs/include/orbbec_camera_msgs/msg/detail/device_info__type_support.c
[11.024s] -- Up-to-date: /home/xtark/tarkbot/ros2_ws/install/orbbec_camera_msgs/include/orbbec_camera_msgs/srv
[11.024s] -- Up-to-date: /home/xtark/tarkbot/ros2_ws/install/orbbec_camera_msgs/include/orbbec_camera_msgs/srv/detail
[11.025s] -- Up-to-date: /home/xtark/tarkbot/ros2_ws/install/orbbec_camera_msgs/include/orbbec_camera_msgs/srv/detail/set_string__rosidl_typesupport_introspection_c.h
[11.026s] -- Up-to-date: /home/xtark/tarkbot/ros2_ws/install/orbbec_camera_msgs/include/orbbec_camera_msgs/srv/detail/get_bool__type_support.c
[11.026s] -- Up-to-date: /home/xtark/tarkbot/ros2_ws/install/orbbec_camera_msgs/include/orbbec_camera_msgs/srv/detail/get_device_info__rosidl_typesupport_introspection_c.h
[11.027s] -- Up-to-date: /home/xtark/tarkbot/ros2_ws/install/orbbec_camera_msgs/include/orbbec_camera_msgs/srv/detail/get_string__rosidl_typesupport_introspection_c.h
[11.027s] -- Up-to-date: /home/xtark/tarkbot/ros2_ws/install/orbbec_camera_msgs/include/orbbec_camera_msgs/srv/detail/get_string__type_support.c
[11.028s] -- Up-to-date: /home/xtark/tarkbot/ros2_ws/install/orbbec_camera_msgs/include/orbbec_camera_msgs/srv/detail/set_string__type_support.c
[11.028s] -- Up-to-date: /home/xtark/tarkbot/ros2_ws/install/orbbec_camera_msgs/include/orbbec_camera_msgs/srv/detail/set_int32__rosidl_typesupport_introspection_c.h
[11.028s] -- Up-to-date: /home/xtark/tarkbot/ros2_ws/install/orbbec_camera_msgs/include/orbbec_camera_msgs/srv/detail/get_int32__type_support.c
[11.035s] -- Up-to-date: /home/xtark/tarkbot/ros2_ws/install/orbbec_camera_msgs/include/orbbec_camera_msgs/srv/detail/get_int32__rosidl_typesupport_introspection_c.h
[11.036s] -- Up-to-date: /home/xtark/tarkbot/ros2_ws/install/orbbec_camera_msgs/include/orbbec_camera_msgs/srv/detail/get_bool__rosidl_typesupport_introspection_c.h
[11.037s] -- Up-to-date: /home/xtark/tarkbot/ros2_ws/install/orbbec_camera_msgs/include/orbbec_camera_msgs/srv/detail/get_device_info__type_support.c
[11.038s] -- Up-to-date: /home/xtark/tarkbot/ros2_ws/install/orbbec_camera_msgs/include/orbbec_camera_msgs/srv/detail/get_camera_info__rosidl_typesupport_introspection_c.h
[11.039s] -- Up-to-date: /home/xtark/tarkbot/ros2_ws/install/orbbec_camera_msgs/include/orbbec_camera_msgs/srv/detail/get_camera_info__type_support.c
[11.039s] -- Up-to-date: /home/xtark/tarkbot/ros2_ws/install/orbbec_camera_msgs/include/orbbec_camera_msgs/srv/detail/set_int32__type_support.c
[11.040s] -- Up-to-date: /home/xtark/tarkbot/ros2_ws/install/orbbec_camera_msgs/lib/liborbbec_camera_msgs__rosidl_typesupport_introspection_c.so
[11.044s] -- Up-to-date: /home/xtark/tarkbot/ros2_ws/install/orbbec_camera_msgs/lib/liborbbec_camera_msgs__rosidl_typesupport_c.so
[11.045s] -- Up-to-date: /home/xtark/tarkbot/ros2_ws/install/orbbec_camera_msgs/include/orbbec_camera_msgs
[11.046s] -- Up-to-date: /home/xtark/tarkbot/ros2_ws/install/orbbec_camera_msgs/include/orbbec_camera_msgs/msg
[11.046s] -- Up-to-date: /home/xtark/tarkbot/ros2_ws/install/orbbec_camera_msgs/include/orbbec_camera_msgs/msg/metadata.hpp
[11.047s] -- Up-to-date: /home/xtark/tarkbot/ros2_ws/install/orbbec_camera_msgs/include/orbbec_camera_msgs/msg/device_info.hpp
[11.047s] -- Up-to-date: /home/xtark/tarkbot/ros2_ws/install/orbbec_camera_msgs/include/orbbec_camera_msgs/msg/detail
[11.048s] -- Up-to-date: /home/xtark/tarkbot/ros2_ws/install/orbbec_camera_msgs/include/orbbec_camera_msgs/msg/detail/device_info__struct.hpp
[11.048s] -- Up-to-date: /home/xtark/tarkbot/ros2_ws/install/orbbec_camera_msgs/include/orbbec_camera_msgs/msg/detail/metadata__builder.hpp
[11.049s] -- Up-to-date: /home/xtark/tarkbot/ros2_ws/install/orbbec_camera_msgs/include/orbbec_camera_msgs/msg/detail/extrinsics__type_support.hpp
[11.049s] -- Up-to-date: /home/xtark/tarkbot/ros2_ws/install/orbbec_camera_msgs/include/orbbec_camera_msgs/msg/detail/extrinsics__builder.hpp
[11.050s] -- Up-to-date: /home/xtark/tarkbot/ros2_ws/install/orbbec_camera_msgs/include/orbbec_camera_msgs/msg/detail/device_info__builder.hpp
[11.051s] -- Up-to-date: /home/xtark/tarkbot/ros2_ws/install/orbbec_camera_msgs/include/orbbec_camera_msgs/msg/detail/metadata__type_support.hpp
[11.051s] -- Up-to-date: /home/xtark/tarkbot/ros2_ws/install/orbbec_camera_msgs/include/orbbec_camera_msgs/msg/detail/metadata__struct.hpp
[11.052s] -- Up-to-date: /home/xtark/tarkbot/ros2_ws/install/orbbec_camera_msgs/include/orbbec_camera_msgs/msg/detail/extrinsics__traits.hpp
[11.052s] -- Up-to-date: /home/xtark/tarkbot/ros2_ws/install/orbbec_camera_msgs/include/orbbec_camera_msgs/msg/detail/metadata__traits.hpp
[11.053s] -- Up-to-date: /home/xtark/tarkbot/ros2_ws/install/orbbec_camera_msgs/include/orbbec_camera_msgs/msg/detail/device_info__type_support.hpp
[11.054s] -- Up-to-date: /home/xtark/tarkbot/ros2_ws/install/orbbec_camera_msgs/include/orbbec_camera_msgs/msg/detail/device_info__traits.hpp
[11.054s] -- Up-to-date: /home/xtark/tarkbot/ros2_ws/install/orbbec_camera_msgs/include/orbbec_camera_msgs/msg/detail/extrinsics__struct.hpp
[11.055s] -- Up-to-date: /home/xtark/tarkbot/ros2_ws/install/orbbec_camera_msgs/include/orbbec_camera_msgs/msg/extrinsics.hpp
[11.055s] -- Up-to-date: /home/xtark/tarkbot/ros2_ws/install/orbbec_camera_msgs/include/orbbec_camera_msgs/msg/rosidl_generator_cpp__visibility_control.hpp
[11.056s] -- Up-to-date: /home/xtark/tarkbot/ros2_ws/install/orbbec_camera_msgs/include/orbbec_camera_msgs/srv
[11.056s] -- Up-to-date: /home/xtark/tarkbot/ros2_ws/install/orbbec_camera_msgs/include/orbbec_camera_msgs/srv/detail
[11.056s] -- Up-to-date: /home/xtark/tarkbot/ros2_ws/install/orbbec_camera_msgs/include/orbbec_camera_msgs/srv/detail/get_bool__type_support.hpp
[11.057s] -- Up-to-date: /home/xtark/tarkbot/ros2_ws/install/orbbec_camera_msgs/include/orbbec_camera_msgs/srv/detail/get_camera_info__struct.hpp
[11.058s] -- Up-to-date: /home/xtark/tarkbot/ros2_ws/install/orbbec_camera_msgs/include/orbbec_camera_msgs/srv/detail/get_int32__traits.hpp
[11.058s] -- Up-to-date: /home/xtark/tarkbot/ros2_ws/install/orbbec_camera_msgs/include/orbbec_camera_msgs/srv/detail/set_string__struct.hpp
[11.059s] -- Up-to-date: /home/xtark/tarkbot/ros2_ws/install/orbbec_camera_msgs/include/orbbec_camera_msgs/srv/detail/get_device_info__builder.hpp
[11.060s] -- Up-to-date: /home/xtark/tarkbot/ros2_ws/install/orbbec_camera_msgs/include/orbbec_camera_msgs/srv/detail/set_string__traits.hpp
[11.061s] -- Up-to-date: /home/xtark/tarkbot/ros2_ws/install/orbbec_camera_msgs/include/orbbec_camera_msgs/srv/detail/set_string__builder.hpp
[11.061s] -- Up-to-date: /home/xtark/tarkbot/ros2_ws/install/orbbec_camera_msgs/include/orbbec_camera_msgs/srv/detail/set_int32__type_support.hpp
[11.062s] -- Up-to-date: /home/xtark/tarkbot/ros2_ws/install/orbbec_camera_msgs/include/orbbec_camera_msgs/srv/detail/set_int32__builder.hpp
[11.063s] -- Up-to-date: /home/xtark/tarkbot/ros2_ws/install/orbbec_camera_msgs/include/orbbec_camera_msgs/srv/detail/get_string__struct.hpp
[11.063s] -- Up-to-date: /home/xtark/tarkbot/ros2_ws/install/orbbec_camera_msgs/include/orbbec_camera_msgs/srv/detail/get_bool__builder.hpp
[11.064s] -- Up-to-date: /home/xtark/tarkbot/ros2_ws/install/orbbec_camera_msgs/include/orbbec_camera_msgs/srv/detail/get_int32__struct.hpp
[11.064s] -- Up-to-date: /home/xtark/tarkbot/ros2_ws/install/orbbec_camera_msgs/include/orbbec_camera_msgs/srv/detail/get_device_info__struct.hpp
[11.065s] -- Up-to-date: /home/xtark/tarkbot/ros2_ws/install/orbbec_camera_msgs/include/orbbec_camera_msgs/srv/detail/get_camera_info__builder.hpp
[11.066s] -- Up-to-date: /home/xtark/tarkbot/ros2_ws/install/orbbec_camera_msgs/include/orbbec_camera_msgs/srv/detail/get_string__type_support.hpp
[11.067s] -- Up-to-date: /home/xtark/tarkbot/ros2_ws/install/orbbec_camera_msgs/include/orbbec_camera_msgs/srv/detail/get_bool__traits.hpp
[11.068s] -- Up-to-date: /home/xtark/tarkbot/ros2_ws/install/orbbec_camera_msgs/include/orbbec_camera_msgs/srv/detail/get_int32__builder.hpp
[11.068s] -- Up-to-date: /home/xtark/tarkbot/ros2_ws/install/orbbec_camera_msgs/include/orbbec_camera_msgs/srv/detail/get_device_info__traits.hpp
[11.069s] -- Up-to-date: /home/xtark/tarkbot/ros2_ws/install/orbbec_camera_msgs/include/orbbec_camera_msgs/srv/detail/set_int32__struct.hpp
[11.070s] -- Up-to-date: /home/xtark/tarkbot/ros2_ws/install/orbbec_camera_msgs/include/orbbec_camera_msgs/srv/detail/get_camera_info__traits.hpp
[11.070s] -- Up-to-date: /home/xtark/tarkbot/ros2_ws/install/orbbec_camera_msgs/include/orbbec_camera_msgs/srv/detail/get_int32__type_support.hpp
[11.071s] -- Up-to-date: /home/xtark/tarkbot/ros2_ws/install/orbbec_camera_msgs/include/orbbec_camera_msgs/srv/detail/set_int32__traits.hpp
[11.071s] -- Up-to-date: /home/xtark/tarkbot/ros2_ws/install/orbbec_camera_msgs/include/orbbec_camera_msgs/srv/detail/get_string__builder.hpp
[11.072s] -- Up-to-date: /home/xtark/tarkbot/ros2_ws/install/orbbec_camera_msgs/include/orbbec_camera_msgs/srv/detail/get_device_info__type_support.hpp
[11.072s] -- Up-to-date: /home/xtark/tarkbot/ros2_ws/install/orbbec_camera_msgs/include/orbbec_camera_msgs/srv/detail/get_camera_info__type_support.hpp
[11.073s] -- Up-to-date: /home/xtark/tarkbot/ros2_ws/install/orbbec_camera_msgs/include/orbbec_camera_msgs/srv/detail/set_string__type_support.hpp
[11.073s] -- Up-to-date: /home/xtark/tarkbot/ros2_ws/install/orbbec_camera_msgs/include/orbbec_camera_msgs/srv/detail/get_bool__struct.hpp
[11.074s] -- Up-to-date: /home/xtark/tarkbot/ros2_ws/install/orbbec_camera_msgs/include/orbbec_camera_msgs/srv/detail/get_string__traits.hpp
[11.074s] -- Up-to-date: /home/xtark/tarkbot/ros2_ws/install/orbbec_camera_msgs/include/orbbec_camera_msgs/srv/get_bool.hpp
[11.075s] -- Up-to-date: /home/xtark/tarkbot/ros2_ws/install/orbbec_camera_msgs/include/orbbec_camera_msgs/srv/get_string.hpp
[11.076s] -- Up-to-date: /home/xtark/tarkbot/ros2_ws/install/orbbec_camera_msgs/include/orbbec_camera_msgs/srv/get_device_info.hpp
[11.076s] -- Up-to-date: /home/xtark/tarkbot/ros2_ws/install/orbbec_camera_msgs/include/orbbec_camera_msgs/srv/get_camera_info.hpp
[11.079s] -- Up-to-date: /home/xtark/tarkbot/ros2_ws/install/orbbec_camera_msgs/include/orbbec_camera_msgs/srv/set_int32.hpp
[11.080s] -- Up-to-date: /home/xtark/tarkbot/ros2_ws/install/orbbec_camera_msgs/include/orbbec_camera_msgs/srv/set_string.hpp
[11.081s] -- Up-to-date: /home/xtark/tarkbot/ros2_ws/install/orbbec_camera_msgs/include/orbbec_camera_msgs/srv/get_int32.hpp
[11.082s] -- Up-to-date: /home/xtark/tarkbot/ros2_ws/install/orbbec_camera_msgs/include/orbbec_camera_msgs
[11.083s] -- Up-to-date: /home/xtark/tarkbot/ros2_ws/install/orbbec_camera_msgs/include/orbbec_camera_msgs/msg
[11.084s] -- Up-to-date: /home/xtark/tarkbot/ros2_ws/install/orbbec_camera_msgs/include/orbbec_camera_msgs/msg/detail
[11.085s] -- Up-to-date: /home/xtark/tarkbot/ros2_ws/install/orbbec_camera_msgs/include/orbbec_camera_msgs/msg/detail/metadata__type_support.cpp
[11.085s] -- Up-to-date: /home/xtark/tarkbot/ros2_ws/install/orbbec_camera_msgs/include/orbbec_camera_msgs/msg/detail/extrinsics__rosidl_typesupport_introspection_cpp.hpp
[11.086s] -- Up-to-date: /home/xtark/tarkbot/ros2_ws/install/orbbec_camera_msgs/include/orbbec_camera_msgs/msg/detail/metadata__rosidl_typesupport_introspection_cpp.hpp
[11.087s] -- Up-to-date: /home/xtark/tarkbot/ros2_ws/install/orbbec_camera_msgs/include/orbbec_camera_msgs/msg/detail/device_info__rosidl_typesupport_introspection_cpp.hpp
[11.087s] -- Up-to-date: /home/xtark/tarkbot/ros2_ws/install/orbbec_camera_msgs/include/orbbec_camera_msgs/msg/detail/device_info__type_support.cpp
[11.088s] -- Up-to-date: /home/xtark/tarkbot/ros2_ws/install/orbbec_camera_msgs/include/orbbec_camera_msgs/msg/detail/extrinsics__type_support.cpp
[11.089s] -- Up-to-date: /home/xtark/tarkbot/ros2_ws/install/orbbec_camera_msgs/include/orbbec_camera_msgs/srv
[11.089s] -- Up-to-date: /home/xtark/tarkbot/ros2_ws/install/orbbec_camera_msgs/include/orbbec_camera_msgs/srv/detail
[11.090s] -- Up-to-date: /home/xtark/tarkbot/ros2_ws/install/orbbec_camera_msgs/include/orbbec_camera_msgs/srv/detail/set_int32__type_support.cpp
[11.090s] -- Up-to-date: /home/xtark/tarkbot/ros2_ws/install/orbbec_camera_msgs/include/orbbec_camera_msgs/srv/detail/get_bool__type_support.cpp
[11.091s] -- Up-to-date: /home/xtark/tarkbot/ros2_ws/install/orbbec_camera_msgs/include/orbbec_camera_msgs/srv/detail/get_camera_info__type_support.cpp
[11.091s] -- Up-to-date: /home/xtark/tarkbot/ros2_ws/install/orbbec_camera_msgs/include/orbbec_camera_msgs/srv/detail/get_int32__rosidl_typesupport_introspection_cpp.hpp
[11.091s] -- Up-to-date: /home/xtark/tarkbot/ros2_ws/install/orbbec_camera_msgs/include/orbbec_camera_msgs/srv/detail/get_device_info__type_support.cpp
[11.098s] -- Up-to-date: /home/xtark/tarkbot/ros2_ws/install/orbbec_camera_msgs/include/orbbec_camera_msgs/srv/detail/get_camera_info__rosidl_typesupport_introspection_cpp.hpp
[11.098s] -- Up-to-date: /home/xtark/tarkbot/ros2_ws/install/orbbec_camera_msgs/include/orbbec_camera_msgs/srv/detail/set_int32__rosidl_typesupport_introspection_cpp.hpp
[11.100s] -- Up-to-date: /home/xtark/tarkbot/ros2_ws/install/orbbec_camera_msgs/include/orbbec_camera_msgs/srv/detail/get_device_info__rosidl_typesupport_introspection_cpp.hpp
[11.101s] -- Up-to-date: /home/xtark/tarkbot/ros2_ws/install/orbbec_camera_msgs/include/orbbec_camera_msgs/srv/detail/get_string__rosidl_typesupport_introspection_cpp.hpp
[11.101s] -- Up-to-date: /home/xtark/tarkbot/ros2_ws/install/orbbec_camera_msgs/include/orbbec_camera_msgs/srv/detail/set_string__rosidl_typesupport_introspection_cpp.hpp
[11.102s] -- Up-to-date: /home/xtark/tarkbot/ros2_ws/install/orbbec_camera_msgs/include/orbbec_camera_msgs/srv/detail/set_string__type_support.cpp
[11.103s] -- Up-to-date: /home/xtark/tarkbot/ros2_ws/install/orbbec_camera_msgs/include/orbbec_camera_msgs/srv/detail/get_bool__rosidl_typesupport_introspection_cpp.hpp
[11.103s] -- Up-to-date: /home/xtark/tarkbot/ros2_ws/install/orbbec_camera_msgs/include/orbbec_camera_msgs/srv/detail/get_int32__type_support.cpp
[11.104s] -- Up-to-date: /home/xtark/tarkbot/ros2_ws/install/orbbec_camera_msgs/include/orbbec_camera_msgs/srv/detail/get_string__type_support.cpp
[11.104s] -- Up-to-date: /home/xtark/tarkbot/ros2_ws/install/orbbec_camera_msgs/lib/liborbbec_camera_msgs__rosidl_typesupport_introspection_cpp.so
[11.105s] -- Up-to-date: /home/xtark/tarkbot/ros2_ws/install/orbbec_camera_msgs/lib/liborbbec_camera_msgs__rosidl_typesupport_cpp.so
[11.106s] -- Up-to-date: /home/xtark/tarkbot/ros2_ws/install/orbbec_camera_msgs/share/orbbec_camera_msgs/environment/pythonpath.sh
[11.106s] -- Up-to-date: /home/xtark/tarkbot/ros2_ws/install/orbbec_camera_msgs/share/orbbec_camera_msgs/environment/pythonpath.dsv
[11.107s] -- Up-to-date: /home/xtark/tarkbot/ros2_ws/install/orbbec_camera_msgs/lib/python3.8/site-packages/orbbec_camera_msgs/__init__.py
[11.222s] -- Up-to-date: /home/xtark/tarkbot/ros2_ws/install/orbbec_camera_msgs/lib/python3.8/site-packages/orbbec_camera_msgs/msg
[11.223s] -- Up-to-date: /home/xtark/tarkbot/ros2_ws/install/orbbec_camera_msgs/lib/python3.8/site-packages/orbbec_camera_msgs/msg/_device_info.py
[11.224s] -- Up-to-date: /home/xtark/tarkbot/ros2_ws/install/orbbec_camera_msgs/lib/python3.8/site-packages/orbbec_camera_msgs/msg/_metadata.py
[11.225s] -- Up-to-date: /home/xtark/tarkbot/ros2_ws/install/orbbec_camera_msgs/lib/python3.8/site-packages/orbbec_camera_msgs/msg/__init__.py
[11.226s] -- Up-to-date: /home/xtark/tarkbot/ros2_ws/install/orbbec_camera_msgs/lib/python3.8/site-packages/orbbec_camera_msgs/msg/_device_info_s.c
[11.226s] -- Up-to-date: /home/xtark/tarkbot/ros2_ws/install/orbbec_camera_msgs/lib/python3.8/site-packages/orbbec_camera_msgs/msg/_extrinsics.py
[11.227s] -- Up-to-date: /home/xtark/tarkbot/ros2_ws/install/orbbec_camera_msgs/lib/python3.8/site-packages/orbbec_camera_msgs/msg/_extrinsics_s.c
[11.228s] -- Up-to-date: /home/xtark/tarkbot/ros2_ws/install/orbbec_camera_msgs/lib/python3.8/site-packages/orbbec_camera_msgs/msg/_metadata_s.c
[11.229s] -- Up-to-date: /home/xtark/tarkbot/ros2_ws/install/orbbec_camera_msgs/lib/python3.8/site-packages/orbbec_camera_msgs/srv
[11.229s] -- Up-to-date: /home/xtark/tarkbot/ros2_ws/install/orbbec_camera_msgs/lib/python3.8/site-packages/orbbec_camera_msgs/srv/_get_camera_info_s.c
[11.230s] -- Up-to-date: /home/xtark/tarkbot/ros2_ws/install/orbbec_camera_msgs/lib/python3.8/site-packages/orbbec_camera_msgs/srv/_get_device_info_s.c
[11.235s] -- Up-to-date: /home/xtark/tarkbot/ros2_ws/install/orbbec_camera_msgs/lib/python3.8/site-packages/orbbec_camera_msgs/srv/_get_device_info.py
[11.236s] -- Up-to-date: /home/xtark/tarkbot/ros2_ws/install/orbbec_camera_msgs/lib/python3.8/site-packages/orbbec_camera_msgs/srv/__init__.py
[11.236s] -- Up-to-date: /home/xtark/tarkbot/ros2_ws/install/orbbec_camera_msgs/lib/python3.8/site-packages/orbbec_camera_msgs/srv/_set_string_s.c
[11.238s] -- Up-to-date: /home/xtark/tarkbot/ros2_ws/install/orbbec_camera_msgs/lib/python3.8/site-packages/orbbec_camera_msgs/srv/_set_int32.py
[11.239s] -- Up-to-date: /home/xtark/tarkbot/ros2_ws/install/orbbec_camera_msgs/lib/python3.8/site-packages/orbbec_camera_msgs/srv/_get_int32.py
[11.240s] -- Up-to-date: /home/xtark/tarkbot/ros2_ws/install/orbbec_camera_msgs/lib/python3.8/site-packages/orbbec_camera_msgs/srv/_get_camera_info.py
[11.241s] -- Up-to-date: /home/xtark/tarkbot/ros2_ws/install/orbbec_camera_msgs/lib/python3.8/site-packages/orbbec_camera_msgs/srv/_get_bool_s.c
[11.242s] -- Up-to-date: /home/xtark/tarkbot/ros2_ws/install/orbbec_camera_msgs/lib/python3.8/site-packages/orbbec_camera_msgs/srv/_set_string.py
[11.243s] -- Up-to-date: /home/xtark/tarkbot/ros2_ws/install/orbbec_camera_msgs/lib/python3.8/site-packages/orbbec_camera_msgs/srv/_get_bool.py
[11.243s] -- Up-to-date: /home/xtark/tarkbot/ros2_ws/install/orbbec_camera_msgs/lib/python3.8/site-packages/orbbec_camera_msgs/srv/_get_string.py
[11.243s] -- Up-to-date: /home/xtark/tarkbot/ros2_ws/install/orbbec_camera_msgs/lib/python3.8/site-packages/orbbec_camera_msgs/srv/_get_string_s.c
[11.244s] -- Up-to-date: /home/xtark/tarkbot/ros2_ws/install/orbbec_camera_msgs/lib/python3.8/site-packages/orbbec_camera_msgs/srv/_set_int32_s.c
[11.244s] -- Up-to-date: /home/xtark/tarkbot/ros2_ws/install/orbbec_camera_msgs/lib/python3.8/site-packages/orbbec_camera_msgs/srv/_get_int32_s.c
[11.245s] -- Up-to-date: /home/xtark/tarkbot/ros2_ws/install/orbbec_camera_msgs/lib/python3.8/site-packages/orbbec_camera_msgs/orbbec_camera_msgs_s__rosidl_typesupport_fastrtps_c.cpython-38-aarch64-linux-gnu.so
[11.255s] -- Up-to-date: /home/xtark/tarkbot/ros2_ws/install/orbbec_camera_msgs/lib/python3.8/site-packages/orbbec_camera_msgs/orbbec_camera_msgs_s__rosidl_typesupport_introspection_c.cpython-38-aarch64-linux-gnu.so
[11.259s] -- Up-to-date: /home/xtark/tarkbot/ros2_ws/install/orbbec_camera_msgs/lib/python3.8/site-packages/orbbec_camera_msgs/orbbec_camera_msgs_s__rosidl_typesupport_c.cpython-38-aarch64-linux-gnu.so
[11.271s] -- Up-to-date: /home/xtark/tarkbot/ros2_ws/install/orbbec_camera_msgs/lib/liborbbec_camera_msgs__python.so
[11.271s] -- Up-to-date: /home/xtark/tarkbot/ros2_ws/install/orbbec_camera_msgs/share/orbbec_camera_msgs/msg/DeviceInfo.idl
[11.272s] -- Up-to-date: /home/xtark/tarkbot/ros2_ws/install/orbbec_camera_msgs/share/orbbec_camera_msgs/msg/Extrinsics.idl
[11.272s] -- Up-to-date: /home/xtark/tarkbot/ros2_ws/install/orbbec_camera_msgs/share/orbbec_camera_msgs/msg/Metadata.idl
[11.273s] -- Up-to-date: /home/xtark/tarkbot/ros2_ws/install/orbbec_camera_msgs/share/orbbec_camera_msgs/srv/GetBool.idl
[11.274s] -- Up-to-date: /home/xtark/tarkbot/ros2_ws/install/orbbec_camera_msgs/share/orbbec_camera_msgs/srv/GetDeviceInfo.idl
[11.276s] -- Up-to-date: /home/xtark/tarkbot/ros2_ws/install/orbbec_camera_msgs/share/orbbec_camera_msgs/srv/GetCameraInfo.idl
[11.277s] -- Up-to-date: /home/xtark/tarkbot/ros2_ws/install/orbbec_camera_msgs/share/orbbec_camera_msgs/srv/GetInt32.idl
[11.284s] -- Up-to-date: /home/xtark/tarkbot/ros2_ws/install/orbbec_camera_msgs/share/orbbec_camera_msgs/srv/GetString.idl
[11.284s] -- Up-to-date: /home/xtark/tarkbot/ros2_ws/install/orbbec_camera_msgs/share/orbbec_camera_msgs/srv/SetInt32.idl
[11.286s] -- Up-to-date: /home/xtark/tarkbot/ros2_ws/install/orbbec_camera_msgs/share/orbbec_camera_msgs/srv/SetString.idl
[11.286s] -- Up-to-date: /home/xtark/tarkbot/ros2_ws/install/orbbec_camera_msgs/share/orbbec_camera_msgs/msg/DeviceInfo.msg
[11.287s] -- Up-to-date: /home/xtark/tarkbot/ros2_ws/install/orbbec_camera_msgs/share/orbbec_camera_msgs/msg/Extrinsics.msg
[11.287s] -- Up-to-date: /home/xtark/tarkbot/ros2_ws/install/orbbec_camera_msgs/share/orbbec_camera_msgs/msg/Metadata.msg
[11.287s] -- Up-to-date: /home/xtark/tarkbot/ros2_ws/install/orbbec_camera_msgs/share/orbbec_camera_msgs/srv/GetBool.srv
[11.288s] -- Up-to-date: /home/xtark/tarkbot/ros2_ws/install/orbbec_camera_msgs/share/orbbec_camera_msgs/srv/GetBool_Request.msg
[11.288s] -- Up-to-date: /home/xtark/tarkbot/ros2_ws/install/orbbec_camera_msgs/share/orbbec_camera_msgs/srv/GetBool_Response.msg
[11.293s] -- Up-to-date: /home/xtark/tarkbot/ros2_ws/install/orbbec_camera_msgs/share/orbbec_camera_msgs/srv/GetDeviceInfo.srv
[11.294s] -- Up-to-date: /home/xtark/tarkbot/ros2_ws/install/orbbec_camera_msgs/share/orbbec_camera_msgs/srv/GetDeviceInfo_Request.msg
[11.294s] -- Up-to-date: /home/xtark/tarkbot/ros2_ws/install/orbbec_camera_msgs/share/orbbec_camera_msgs/srv/GetDeviceInfo_Response.msg
[11.295s] -- Up-to-date: /home/xtark/tarkbot/ros2_ws/install/orbbec_camera_msgs/share/orbbec_camera_msgs/srv/GetCameraInfo.srv
[11.299s] -- Up-to-date: /home/xtark/tarkbot/ros2_ws/install/orbbec_camera_msgs/share/orbbec_camera_msgs/srv/GetCameraInfo_Request.msg
[11.300s] -- Up-to-date: /home/xtark/tarkbot/ros2_ws/install/orbbec_camera_msgs/share/orbbec_camera_msgs/srv/GetCameraInfo_Response.msg
[11.301s] -- Up-to-date: /home/xtark/tarkbot/ros2_ws/install/orbbec_camera_msgs/share/orbbec_camera_msgs/srv/GetInt32.srv
[11.301s] -- Up-to-date: /home/xtark/tarkbot/ros2_ws/install/orbbec_camera_msgs/share/orbbec_camera_msgs/srv/GetInt32_Request.msg
[11.302s] -- Up-to-date: /home/xtark/tarkbot/ros2_ws/install/orbbec_camera_msgs/share/orbbec_camera_msgs/srv/GetInt32_Response.msg
[11.302s] -- Up-to-date: /home/xtark/tarkbot/ros2_ws/install/orbbec_camera_msgs/share/orbbec_camera_msgs/srv/GetString.srv
[11.304s] -- Up-to-date: /home/xtark/tarkbot/ros2_ws/install/orbbec_camera_msgs/share/orbbec_camera_msgs/srv/GetString_Request.msg
[11.305s] -- Up-to-date: /home/xtark/tarkbot/ros2_ws/install/orbbec_camera_msgs/share/orbbec_camera_msgs/srv/GetString_Response.msg
[11.306s] -- Up-to-date: /home/xtark/tarkbot/ros2_ws/install/orbbec_camera_msgs/share/orbbec_camera_msgs/srv/SetInt32.srv
[11.313s] -- Up-to-date: /home/xtark/tarkbot/ros2_ws/install/orbbec_camera_msgs/share/orbbec_camera_msgs/srv/SetInt32_Request.msg
[11.314s] -- Up-to-date: /home/xtark/tarkbot/ros2_ws/install/orbbec_camera_msgs/share/orbbec_camera_msgs/srv/SetInt32_Response.msg
[11.316s] -- Up-to-date: /home/xtark/tarkbot/ros2_ws/install/orbbec_camera_msgs/share/orbbec_camera_msgs/srv/SetString.srv
[11.318s] -- Up-to-date: /home/xtark/tarkbot/ros2_ws/install/orbbec_camera_msgs/share/orbbec_camera_msgs/srv/SetString_Request.msg
[11.319s] -- Up-to-date: /home/xtark/tarkbot/ros2_ws/install/orbbec_camera_msgs/share/orbbec_camera_msgs/srv/SetString_Response.msg
[11.319s] -- Up-to-date: /home/xtark/tarkbot/ros2_ws/install/orbbec_camera_msgs/share/ament_index/resource_index/package_run_dependencies/orbbec_camera_msgs
[11.320s] -- Up-to-date: /home/xtark/tarkbot/ros2_ws/install/orbbec_camera_msgs/share/ament_index/resource_index/parent_prefix_path/orbbec_camera_msgs
[11.321s] -- Up-to-date: /home/xtark/tarkbot/ros2_ws/install/orbbec_camera_msgs/share/orbbec_camera_msgs/environment/ament_prefix_path.sh
[11.321s] -- Up-to-date: /home/xtark/tarkbot/ros2_ws/install/orbbec_camera_msgs/share/orbbec_camera_msgs/environment/ament_prefix_path.dsv
[11.321s] -- Up-to-date: /home/xtark/tarkbot/ros2_ws/install/orbbec_camera_msgs/share/orbbec_camera_msgs/environment/path.sh
[11.322s] -- Up-to-date: /home/xtark/tarkbot/ros2_ws/install/orbbec_camera_msgs/share/orbbec_camera_msgs/environment/path.dsv
[11.322s] -- Up-to-date: /home/xtark/tarkbot/ros2_ws/install/orbbec_camera_msgs/share/orbbec_camera_msgs/local_setup.bash
[11.323s] -- Up-to-date: /home/xtark/tarkbot/ros2_ws/install/orbbec_camera_msgs/share/orbbec_camera_msgs/local_setup.sh
[11.323s] -- Up-to-date: /home/xtark/tarkbot/ros2_ws/install/orbbec_camera_msgs/share/orbbec_camera_msgs/local_setup.zsh
[11.323s] -- Up-to-date: /home/xtark/tarkbot/ros2_ws/install/orbbec_camera_msgs/share/orbbec_camera_msgs/local_setup.dsv
[11.324s] -- Installing: /home/xtark/tarkbot/ros2_ws/install/orbbec_camera_msgs/share/orbbec_camera_msgs/package.dsv
[11.332s] -- Up-to-date: /home/xtark/tarkbot/ros2_ws/install/orbbec_camera_msgs/share/ament_index/resource_index/packages/orbbec_camera_msgs
[11.341s] -- Up-to-date: /home/xtark/tarkbot/ros2_ws/install/orbbec_camera_msgs/share/orbbec_camera_msgs/cmake/orbbec_camera_msgs__rosidl_generator_cExport.cmake
[11.342s] -- Up-to-date: /home/xtark/tarkbot/ros2_ws/install/orbbec_camera_msgs/share/orbbec_camera_msgs/cmake/orbbec_camera_msgs__rosidl_generator_cExport-noconfig.cmake
[11.352s] -- Up-to-date: /home/xtark/tarkbot/ros2_ws/install/orbbec_camera_msgs/share/orbbec_camera_msgs/cmake/orbbec_camera_msgs__rosidl_typesupport_introspection_cExport.cmake
[11.352s] -- Up-to-date: /home/xtark/tarkbot/ros2_ws/install/orbbec_camera_msgs/share/orbbec_camera_msgs/cmake/orbbec_camera_msgs__rosidl_typesupport_introspection_cExport-noconfig.cmake
[11.359s] -- Up-to-date: /home/xtark/tarkbot/ros2_ws/install/orbbec_camera_msgs/share/orbbec_camera_msgs/cmake/orbbec_camera_msgs__rosidl_typesupport_cExport.cmake
[11.361s] -- Up-to-date: /home/xtark/tarkbot/ros2_ws/install/orbbec_camera_msgs/share/orbbec_camera_msgs/cmake/orbbec_camera_msgs__rosidl_typesupport_cExport-noconfig.cmake
[11.362s] -- Up-to-date: /home/xtark/tarkbot/ros2_ws/install/orbbec_camera_msgs/share/orbbec_camera_msgs/cmake/orbbec_camera_msgs__rosidl_generator_cppExport.cmake
[11.362s] -- Up-to-date: /home/xtark/tarkbot/ros2_ws/install/orbbec_camera_msgs/share/orbbec_camera_msgs/cmake/orbbec_camera_msgs__rosidl_typesupport_introspection_cppExport.cmake
[11.365s] -- Up-to-date: /home/xtark/tarkbot/ros2_ws/install/orbbec_camera_msgs/share/orbbec_camera_msgs/cmake/orbbec_camera_msgs__rosidl_typesupport_introspection_cppExport-noconfig.cmake
[11.366s] -- Up-to-date: /home/xtark/tarkbot/ros2_ws/install/orbbec_camera_msgs/share/orbbec_camera_msgs/cmake/orbbec_camera_msgs__rosidl_typesupport_cppExport.cmake
[11.367s] -- Up-to-date: /home/xtark/tarkbot/ros2_ws/install/orbbec_camera_msgs/share/orbbec_camera_msgs/cmake/orbbec_camera_msgs__rosidl_typesupport_cppExport-noconfig.cmake
[11.368s] -- Up-to-date: /home/xtark/tarkbot/ros2_ws/install/orbbec_camera_msgs/share/orbbec_camera_msgs/cmake/rosidl_cmake-extras.cmake
[11.368s] -- Up-to-date: /home/xtark/tarkbot/ros2_ws/install/orbbec_camera_msgs/share/orbbec_camera_msgs/cmake/ament_cmake_export_dependencies-extras.cmake
[11.369s] -- Up-to-date: /home/xtark/tarkbot/ros2_ws/install/orbbec_camera_msgs/share/orbbec_camera_msgs/cmake/ament_cmake_export_libraries-extras.cmake
[11.370s] -- Up-to-date: /home/xtark/tarkbot/ros2_ws/install/orbbec_camera_msgs/share/orbbec_camera_msgs/cmake/ament_cmake_export_targets-extras.cmake
[11.370s] -- Up-to-date: /home/xtark/tarkbot/ros2_ws/install/orbbec_camera_msgs/share/orbbec_camera_msgs/cmake/ament_cmake_export_include_directories-extras.cmake
[11.371s] -- Up-to-date: /home/xtark/tarkbot/ros2_ws/install/orbbec_camera_msgs/share/orbbec_camera_msgs/cmake/rosidl_cmake_export_typesupport_libraries-extras.cmake
[11.371s] -- Up-to-date: /home/xtark/tarkbot/ros2_ws/install/orbbec_camera_msgs/share/orbbec_camera_msgs/cmake/rosidl_cmake_export_typesupport_targets-extras.cmake
[11.372s] -- Up-to-date: /home/xtark/tarkbot/ros2_ws/install/orbbec_camera_msgs/share/orbbec_camera_msgs/cmake/orbbec_camera_msgsConfig.cmake
[11.372s] -- Up-to-date: /home/xtark/tarkbot/ros2_ws/install/orbbec_camera_msgs/share/orbbec_camera_msgs/cmake/orbbec_camera_msgsConfig-version.cmake
[11.373s] -- Up-to-date: /home/xtark/tarkbot/ros2_ws/install/orbbec_camera_msgs/share/orbbec_camera_msgs/package.xml
[11.394s] Invoked command in '/home/xtark/tarkbot/ros2_ws/build/orbbec_camera_msgs' returned '0': CMAKE_PREFIX_PATH=${CMAKE_PREFIX_PATH}:/opt/ros/foxy /usr/bin/cmake --install /home/xtark/tarkbot/ros2_ws/build/orbbec_camera_msgs
