[3.057s] Invoking command in '/home/xtark/tarkbot/ros2_ws/build/orbbec_camera_msgs': CMAKE_PREFIX_PATH=${CMAKE_PREFIX_PATH}:/opt/ros/foxy /usr/bin/cmake --build /home/xtark/tarkbot/ros2_ws/build/orbbec_camera_msgs -- -j4 -l4
[3.410s] [  0%] Built target orbbec_camera_msgs__cpp
[3.487s] [ 12%] Built target orbbec_camera_msgs__rosidl_generator_c
[3.692s] [ 24%] Built target orbbec_camera_msgs__rosidl_typesupport_introspection_cpp
[3.821s] [ 36%] Built target orbbec_camera_msgs__rosidl_typesupport_cpp
[3.852s] [ 47%] Built target orbbec_camera_msgs__rosidl_typesupport_c
[3.893s] [ 58%] Built target orbbec_camera_msgs__rosidl_typesupport_fastrtps_cpp
[3.938s] [ 70%] Built target orbbec_camera_msgs__rosidl_typesupport_introspection_c
[4.114s] [ 82%] Built target orbbec_camera_msgs__rosidl_typesupport_fastrtps_c
[4.222s] [ 82%] Built target orbbec_camera_msgs
[4.346s] [ 83%] Built target orbbec_camera_msgs__py
[4.546s] [ 94%] Built target orbbec_camera_msgs__python
[4.727s] [ 96%] Built target orbbec_camera_msgs__rosidl_typesupport_introspection_c__pyext
[4.730s] [ 98%] Built target orbbec_camera_msgs__rosidl_typesupport_fastrtps_c__pyext
[4.748s] [100%] Built target orbbec_camera_msgs__rosidl_typesupport_c__pyext
[5.612s] Invoked command in '/home/xtark/tarkbot/ros2_ws/build/orbbec_camera_msgs' returned '0': CMAKE_PREFIX_PATH=${CMAKE_PREFIX_PATH}:/opt/ros/foxy /usr/bin/cmake --build /home/xtark/tarkbot/ros2_ws/build/orbbec_camera_msgs -- -j4 -l4
[8.721s] Invoking command in '/home/xtark/tarkbot/ros2_ws/build/orbbec_camera_msgs': CMAKE_PREFIX_PATH=${CMAKE_PREFIX_PATH}:/opt/ros/foxy /usr/bin/cmake --install /home/xtark/tarkbot/ros2_ws/build/orbbec_camera_msgs
[10.272s] -- Install configuration: ""
[10.274s] -- Up-to-date: /home/xtark/tarkbot/ros2_ws/install/orbbec_camera_msgs/share/ament_index/resource_index/rosidl_interfaces/orbbec_camera_msgs
[10.275s] -- Up-to-date: /home/xtark/tarkbot/ros2_ws/install/orbbec_camera_msgs/include/orbbec_camera_msgs
[10.276s] -- Up-to-date: /home/xtark/tarkbot/ros2_ws/install/orbbec_camera_msgs/include/orbbec_camera_msgs/msg
[10.276s] -- Up-to-date: /home/xtark/tarkbot/ros2_ws/install/orbbec_camera_msgs/include/orbbec_camera_msgs/msg/rosidl_generator_c__visibility_control.h
[10.278s] -- Up-to-date: /home/xtark/tarkbot/ros2_ws/install/orbbec_camera_msgs/include/orbbec_camera_msgs/msg/detail
[10.278s] -- Up-to-date: /home/xtark/tarkbot/ros2_ws/install/orbbec_camera_msgs/include/orbbec_camera_msgs/msg/detail/extrinsics__functions.h
[10.279s] -- Up-to-date: /home/xtark/tarkbot/ros2_ws/install/orbbec_camera_msgs/include/orbbec_camera_msgs/msg/detail/extrinsics__functions.c
[10.279s] -- Up-to-date: /home/xtark/tarkbot/ros2_ws/install/orbbec_camera_msgs/include/orbbec_camera_msgs/msg/detail/metadata__functions.c
[10.287s] -- Up-to-date: /home/xtark/tarkbot/ros2_ws/install/orbbec_camera_msgs/include/orbbec_camera_msgs/msg/detail/extrinsics__struct.h
[10.288s] -- Up-to-date: /home/xtark/tarkbot/ros2_ws/install/orbbec_camera_msgs/include/orbbec_camera_msgs/msg/detail/metadata__struct.h
[10.288s] -- Up-to-date: /home/xtark/tarkbot/ros2_ws/install/orbbec_camera_msgs/include/orbbec_camera_msgs/msg/detail/device_info__functions.h
[10.289s] -- Up-to-date: /home/xtark/tarkbot/ros2_ws/install/orbbec_camera_msgs/include/orbbec_camera_msgs/msg/detail/extrinsics__type_support.h
[10.289s] -- Up-to-date: /home/xtark/tarkbot/ros2_ws/install/orbbec_camera_msgs/include/orbbec_camera_msgs/msg/detail/metadata__functions.h
[10.290s] -- Up-to-date: /home/xtark/tarkbot/ros2_ws/install/orbbec_camera_msgs/include/orbbec_camera_msgs/msg/detail/metadata__type_support.h
[10.290s] -- Up-to-date: /home/xtark/tarkbot/ros2_ws/install/orbbec_camera_msgs/include/orbbec_camera_msgs/msg/detail/device_info__struct.h
[10.290s] -- Up-to-date: /home/xtark/tarkbot/ros2_ws/install/orbbec_camera_msgs/include/orbbec_camera_msgs/msg/detail/device_info__functions.c
[10.291s] -- Up-to-date: /home/xtark/tarkbot/ros2_ws/install/orbbec_camera_msgs/include/orbbec_camera_msgs/msg/detail/device_info__type_support.h
[10.291s] -- Up-to-date: /home/xtark/tarkbot/ros2_ws/install/orbbec_camera_msgs/include/orbbec_camera_msgs/msg/metadata.h
[10.292s] -- Up-to-date: /home/xtark/tarkbot/ros2_ws/install/orbbec_camera_msgs/include/orbbec_camera_msgs/msg/device_info.h
[10.293s] -- Up-to-date: /home/xtark/tarkbot/ros2_ws/install/orbbec_camera_msgs/include/orbbec_camera_msgs/msg/extrinsics.h
[10.293s] -- Up-to-date: /home/xtark/tarkbot/ros2_ws/install/orbbec_camera_msgs/include/orbbec_camera_msgs/srv
[10.293s] -- Up-to-date: /home/xtark/tarkbot/ros2_ws/install/orbbec_camera_msgs/include/orbbec_camera_msgs/srv/get_camera_info.h
[10.294s] -- Up-to-date: /home/xtark/tarkbot/ros2_ws/install/orbbec_camera_msgs/include/orbbec_camera_msgs/srv/get_int32.h
[10.294s] -- Up-to-date: /home/xtark/tarkbot/ros2_ws/install/orbbec_camera_msgs/include/orbbec_camera_msgs/srv/detail
[10.294s] -- Up-to-date: /home/xtark/tarkbot/ros2_ws/install/orbbec_camera_msgs/include/orbbec_camera_msgs/srv/detail/get_string__functions.h
[10.295s] -- Up-to-date: /home/xtark/tarkbot/ros2_ws/install/orbbec_camera_msgs/include/orbbec_camera_msgs/srv/detail/set_string__functions.h
[10.295s] -- Up-to-date: /home/xtark/tarkbot/ros2_ws/install/orbbec_camera_msgs/include/orbbec_camera_msgs/srv/detail/get_bool__struct.h
[10.296s] -- Up-to-date: /home/xtark/tarkbot/ros2_ws/install/orbbec_camera_msgs/include/orbbec_camera_msgs/srv/detail/get_string__struct.h
[10.296s] -- Up-to-date: /home/xtark/tarkbot/ros2_ws/install/orbbec_camera_msgs/include/orbbec_camera_msgs/srv/detail/get_bool__functions.c
[10.297s] -- Up-to-date: /home/xtark/tarkbot/ros2_ws/install/orbbec_camera_msgs/include/orbbec_camera_msgs/srv/detail/get_string__functions.c
[10.298s] -- Up-to-date: /home/xtark/tarkbot/ros2_ws/install/orbbec_camera_msgs/include/orbbec_camera_msgs/srv/detail/get_device_info__functions.c
[10.299s] -- Up-to-date: /home/xtark/tarkbot/ros2_ws/install/orbbec_camera_msgs/include/orbbec_camera_msgs/srv/detail/set_string__functions.c
[10.299s] -- Up-to-date: /home/xtark/tarkbot/ros2_ws/install/orbbec_camera_msgs/include/orbbec_camera_msgs/srv/detail/get_camera_info__type_support.h
[10.300s] -- Up-to-date: /home/xtark/tarkbot/ros2_ws/install/orbbec_camera_msgs/include/orbbec_camera_msgs/srv/detail/get_camera_info__functions.c
[10.300s] -- Up-to-date: /home/xtark/tarkbot/ros2_ws/install/orbbec_camera_msgs/include/orbbec_camera_msgs/srv/detail/get_camera_info__functions.h
[10.300s] -- Up-to-date: /home/xtark/tarkbot/ros2_ws/install/orbbec_camera_msgs/include/orbbec_camera_msgs/srv/detail/get_bool__functions.h
[10.301s] -- Up-to-date: /home/xtark/tarkbot/ros2_ws/install/orbbec_camera_msgs/include/orbbec_camera_msgs/srv/detail/set_string__struct.h
[10.301s] -- Up-to-date: /home/xtark/tarkbot/ros2_ws/install/orbbec_camera_msgs/include/orbbec_camera_msgs/srv/detail/get_bool__type_support.h
[10.301s] -- Up-to-date: /home/xtark/tarkbot/ros2_ws/install/orbbec_camera_msgs/include/orbbec_camera_msgs/srv/detail/get_device_info__struct.h
[10.301s] -- Up-to-date: /home/xtark/tarkbot/ros2_ws/install/orbbec_camera_msgs/include/orbbec_camera_msgs/srv/detail/get_camera_info__struct.h
[10.302s] -- Up-to-date: /home/xtark/tarkbot/ros2_ws/install/orbbec_camera_msgs/include/orbbec_camera_msgs/srv/detail/set_int32__struct.h
[10.302s] -- Up-to-date: /home/xtark/tarkbot/ros2_ws/install/orbbec_camera_msgs/include/orbbec_camera_msgs/srv/detail/get_int32__type_support.h
[10.302s] -- Up-to-date: /home/xtark/tarkbot/ros2_ws/install/orbbec_camera_msgs/include/orbbec_camera_msgs/srv/detail/get_string__type_support.h
[10.303s] -- Up-to-date: /home/xtark/tarkbot/ros2_ws/install/orbbec_camera_msgs/include/orbbec_camera_msgs/srv/detail/set_string__type_support.h
[10.303s] -- Up-to-date: /home/xtark/tarkbot/ros2_ws/install/orbbec_camera_msgs/include/orbbec_camera_msgs/srv/detail/get_device_info__type_support.h
[10.304s] -- Up-to-date: /home/xtark/tarkbot/ros2_ws/install/orbbec_camera_msgs/include/orbbec_camera_msgs/srv/detail/get_device_info__functions.h
[10.304s] -- Up-to-date: /home/xtark/tarkbot/ros2_ws/install/orbbec_camera_msgs/include/orbbec_camera_msgs/srv/detail/get_int32__functions.c
[10.305s] -- Up-to-date: /home/xtark/tarkbot/ros2_ws/install/orbbec_camera_msgs/include/orbbec_camera_msgs/srv/detail/set_int32__functions.c
[10.305s] -- Up-to-date: /home/xtark/tarkbot/ros2_ws/install/orbbec_camera_msgs/include/orbbec_camera_msgs/srv/detail/get_int32__struct.h
[10.306s] -- Up-to-date: /home/xtark/tarkbot/ros2_ws/install/orbbec_camera_msgs/include/orbbec_camera_msgs/srv/detail/set_int32__type_support.h
[10.306s] -- Up-to-date: /home/xtark/tarkbot/ros2_ws/install/orbbec_camera_msgs/include/orbbec_camera_msgs/srv/detail/get_int32__functions.h
[10.306s] -- Up-to-date: /home/xtark/tarkbot/ros2_ws/install/orbbec_camera_msgs/include/orbbec_camera_msgs/srv/detail/set_int32__functions.h
[10.307s] -- Up-to-date: /home/xtark/tarkbot/ros2_ws/install/orbbec_camera_msgs/include/orbbec_camera_msgs/srv/set_int32.h
[10.307s] -- Up-to-date: /home/xtark/tarkbot/ros2_ws/install/orbbec_camera_msgs/include/orbbec_camera_msgs/srv/set_string.h
[10.308s] -- Up-to-date: /home/xtark/tarkbot/ros2_ws/install/orbbec_camera_msgs/include/orbbec_camera_msgs/srv/get_device_info.h
[10.308s] -- Up-to-date: /home/xtark/tarkbot/ros2_ws/install/orbbec_camera_msgs/include/orbbec_camera_msgs/srv/get_string.h
[10.308s] -- Up-to-date: /home/xtark/tarkbot/ros2_ws/install/orbbec_camera_msgs/include/orbbec_camera_msgs/srv/get_bool.h
[10.309s] -- Up-to-date: /home/xtark/tarkbot/ros2_ws/install/orbbec_camera_msgs/share/orbbec_camera_msgs/environment/library_path.sh
[10.309s] -- Up-to-date: /home/xtark/tarkbot/ros2_ws/install/orbbec_camera_msgs/share/orbbec_camera_msgs/environment/library_path.dsv
[10.310s] -- Up-to-date: /home/xtark/tarkbot/ros2_ws/install/orbbec_camera_msgs/lib/liborbbec_camera_msgs__rosidl_generator_c.so
[10.311s] -- Up-to-date: /home/xtark/tarkbot/ros2_ws/install/orbbec_camera_msgs/include/orbbec_camera_msgs
[10.311s] -- Up-to-date: /home/xtark/tarkbot/ros2_ws/install/orbbec_camera_msgs/include/orbbec_camera_msgs/msg
[10.312s] -- Up-to-date: /home/xtark/tarkbot/ros2_ws/install/orbbec_camera_msgs/include/orbbec_camera_msgs/msg/detail
[10.313s] -- Up-to-date: /home/xtark/tarkbot/ros2_ws/install/orbbec_camera_msgs/include/orbbec_camera_msgs/msg/detail/extrinsics__rosidl_typesupport_fastrtps_c.h
[10.313s] -- Up-to-date: /home/xtark/tarkbot/ros2_ws/install/orbbec_camera_msgs/include/orbbec_camera_msgs/msg/detail/device_info__rosidl_typesupport_fastrtps_c.h
[10.314s] -- Up-to-date: /home/xtark/tarkbot/ros2_ws/install/orbbec_camera_msgs/include/orbbec_camera_msgs/msg/detail/metadata__rosidl_typesupport_fastrtps_c.h
[10.314s] -- Up-to-date: /home/xtark/tarkbot/ros2_ws/install/orbbec_camera_msgs/include/orbbec_camera_msgs/msg/rosidl_typesupport_fastrtps_c__visibility_control.h
[10.315s] -- Up-to-date: /home/xtark/tarkbot/ros2_ws/install/orbbec_camera_msgs/include/orbbec_camera_msgs/srv
[10.315s] -- Up-to-date: /home/xtark/tarkbot/ros2_ws/install/orbbec_camera_msgs/include/orbbec_camera_msgs/srv/detail
[10.316s] -- Up-to-date: /home/xtark/tarkbot/ros2_ws/install/orbbec_camera_msgs/include/orbbec_camera_msgs/srv/detail/get_device_info__rosidl_typesupport_fastrtps_c.h
[10.317s] -- Up-to-date: /home/xtark/tarkbot/ros2_ws/install/orbbec_camera_msgs/include/orbbec_camera_msgs/srv/detail/set_int32__rosidl_typesupport_fastrtps_c.h
[10.318s] -- Up-to-date: /home/xtark/tarkbot/ros2_ws/install/orbbec_camera_msgs/include/orbbec_camera_msgs/srv/detail/set_string__rosidl_typesupport_fastrtps_c.h
[10.319s] -- Up-to-date: /home/xtark/tarkbot/ros2_ws/install/orbbec_camera_msgs/include/orbbec_camera_msgs/srv/detail/get_camera_info__rosidl_typesupport_fastrtps_c.h
[10.320s] -- Up-to-date: /home/xtark/tarkbot/ros2_ws/install/orbbec_camera_msgs/include/orbbec_camera_msgs/srv/detail/get_string__rosidl_typesupport_fastrtps_c.h
[10.320s] -- Up-to-date: /home/xtark/tarkbot/ros2_ws/install/orbbec_camera_msgs/include/orbbec_camera_msgs/srv/detail/get_int32__rosidl_typesupport_fastrtps_c.h
[10.321s] -- Up-to-date: /home/xtark/tarkbot/ros2_ws/install/orbbec_camera_msgs/include/orbbec_camera_msgs/srv/detail/get_bool__rosidl_typesupport_fastrtps_c.h
[10.322s] -- Up-to-date: /home/xtark/tarkbot/ros2_ws/install/orbbec_camera_msgs/lib/liborbbec_camera_msgs__rosidl_typesupport_fastrtps_c.so
[10.323s] -- Up-to-date: /home/xtark/tarkbot/ros2_ws/install/orbbec_camera_msgs/include/orbbec_camera_msgs
[10.324s] -- Up-to-date: /home/xtark/tarkbot/ros2_ws/install/orbbec_camera_msgs/include/orbbec_camera_msgs/msg
[10.324s] -- Up-to-date: /home/xtark/tarkbot/ros2_ws/install/orbbec_camera_msgs/include/orbbec_camera_msgs/msg/detail
[10.324s] -- Up-to-date: /home/xtark/tarkbot/ros2_ws/install/orbbec_camera_msgs/include/orbbec_camera_msgs/msg/detail/extrinsics__rosidl_typesupport_fastrtps_cpp.hpp
[10.325s] -- Up-to-date: /home/xtark/tarkbot/ros2_ws/install/orbbec_camera_msgs/include/orbbec_camera_msgs/msg/detail/dds_fastrtps
[10.325s] -- Up-to-date: /home/xtark/tarkbot/ros2_ws/install/orbbec_camera_msgs/include/orbbec_camera_msgs/msg/detail/metadata__rosidl_typesupport_fastrtps_cpp.hpp
[10.325s] -- Up-to-date: /home/xtark/tarkbot/ros2_ws/install/orbbec_camera_msgs/include/orbbec_camera_msgs/msg/detail/device_info__rosidl_typesupport_fastrtps_cpp.hpp
[10.326s] -- Up-to-date: /home/xtark/tarkbot/ros2_ws/install/orbbec_camera_msgs/include/orbbec_camera_msgs/msg/rosidl_typesupport_fastrtps_cpp__visibility_control.h
[10.326s] -- Up-to-date: /home/xtark/tarkbot/ros2_ws/install/orbbec_camera_msgs/include/orbbec_camera_msgs/srv
[10.326s] -- Up-to-date: /home/xtark/tarkbot/ros2_ws/install/orbbec_camera_msgs/include/orbbec_camera_msgs/srv/detail
[10.327s] -- Up-to-date: /home/xtark/tarkbot/ros2_ws/install/orbbec_camera_msgs/include/orbbec_camera_msgs/srv/detail/get_int32__rosidl_typesupport_fastrtps_cpp.hpp
[10.327s] -- Up-to-date: /home/xtark/tarkbot/ros2_ws/install/orbbec_camera_msgs/include/orbbec_camera_msgs/srv/detail/dds_fastrtps
[10.327s] -- Up-to-date: /home/xtark/tarkbot/ros2_ws/install/orbbec_camera_msgs/include/orbbec_camera_msgs/srv/detail/get_string__rosidl_typesupport_fastrtps_cpp.hpp
[10.328s] -- Up-to-date: /home/xtark/tarkbot/ros2_ws/install/orbbec_camera_msgs/include/orbbec_camera_msgs/srv/detail/get_bool__rosidl_typesupport_fastrtps_cpp.hpp
[10.328s] -- Up-to-date: /home/xtark/tarkbot/ros2_ws/install/orbbec_camera_msgs/include/orbbec_camera_msgs/srv/detail/get_device_info__rosidl_typesupport_fastrtps_cpp.hpp
[10.329s] -- Up-to-date: /home/xtark/tarkbot/ros2_ws/install/orbbec_camera_msgs/include/orbbec_camera_msgs/srv/detail/set_string__rosidl_typesupport_fastrtps_cpp.hpp
[10.329s] -- Up-to-date: /home/xtark/tarkbot/ros2_ws/install/orbbec_camera_msgs/include/orbbec_camera_msgs/srv/detail/set_int32__rosidl_typesupport_fastrtps_cpp.hpp
[10.329s] -- Up-to-date: /home/xtark/tarkbot/ros2_ws/install/orbbec_camera_msgs/include/orbbec_camera_msgs/srv/detail/get_camera_info__rosidl_typesupport_fastrtps_cpp.hpp
[10.330s] -- Up-to-date: /home/xtark/tarkbot/ros2_ws/install/orbbec_camera_msgs/lib/liborbbec_camera_msgs__rosidl_typesupport_fastrtps_cpp.so
[10.330s] -- Up-to-date: /home/xtark/tarkbot/ros2_ws/install/orbbec_camera_msgs/include/orbbec_camera_msgs
[10.330s] -- Up-to-date: /home/xtark/tarkbot/ros2_ws/install/orbbec_camera_msgs/include/orbbec_camera_msgs/msg
[10.330s] -- Up-to-date: /home/xtark/tarkbot/ros2_ws/install/orbbec_camera_msgs/include/orbbec_camera_msgs/msg/rosidl_typesupport_introspection_c__visibility_control.h
[10.331s] -- Up-to-date: /home/xtark/tarkbot/ros2_ws/install/orbbec_camera_msgs/include/orbbec_camera_msgs/msg/detail
[10.331s] -- Up-to-date: /home/xtark/tarkbot/ros2_ws/install/orbbec_camera_msgs/include/orbbec_camera_msgs/msg/detail/metadata__rosidl_typesupport_introspection_c.h
[10.331s] -- Up-to-date: /home/xtark/tarkbot/ros2_ws/install/orbbec_camera_msgs/include/orbbec_camera_msgs/msg/detail/extrinsics__type_support.c
[10.332s] -- Up-to-date: /home/xtark/tarkbot/ros2_ws/install/orbbec_camera_msgs/include/orbbec_camera_msgs/msg/detail/metadata__type_support.c
[10.332s] -- Up-to-date: /home/xtark/tarkbot/ros2_ws/install/orbbec_camera_msgs/include/orbbec_camera_msgs/msg/detail/extrinsics__rosidl_typesupport_introspection_c.h
[10.333s] -- Up-to-date: /home/xtark/tarkbot/ros2_ws/install/orbbec_camera_msgs/include/orbbec_camera_msgs/msg/detail/device_info__rosidl_typesupport_introspection_c.h
[10.333s] -- Up-to-date: /home/xtark/tarkbot/ros2_ws/install/orbbec_camera_msgs/include/orbbec_camera_msgs/msg/detail/device_info__type_support.c
[10.333s] -- Up-to-date: /home/xtark/tarkbot/ros2_ws/install/orbbec_camera_msgs/include/orbbec_camera_msgs/srv
[10.334s] -- Up-to-date: /home/xtark/tarkbot/ros2_ws/install/orbbec_camera_msgs/include/orbbec_camera_msgs/srv/detail
[10.334s] -- Up-to-date: /home/xtark/tarkbot/ros2_ws/install/orbbec_camera_msgs/include/orbbec_camera_msgs/srv/detail/set_string__rosidl_typesupport_introspection_c.h
[10.334s] -- Up-to-date: /home/xtark/tarkbot/ros2_ws/install/orbbec_camera_msgs/include/orbbec_camera_msgs/srv/detail/get_bool__type_support.c
[10.335s] -- Up-to-date: /home/xtark/tarkbot/ros2_ws/install/orbbec_camera_msgs/include/orbbec_camera_msgs/srv/detail/get_device_info__rosidl_typesupport_introspection_c.h
[10.335s] -- Up-to-date: /home/xtark/tarkbot/ros2_ws/install/orbbec_camera_msgs/include/orbbec_camera_msgs/srv/detail/get_string__rosidl_typesupport_introspection_c.h
[10.335s] -- Up-to-date: /home/xtark/tarkbot/ros2_ws/install/orbbec_camera_msgs/include/orbbec_camera_msgs/srv/detail/get_string__type_support.c
[10.336s] -- Up-to-date: /home/xtark/tarkbot/ros2_ws/install/orbbec_camera_msgs/include/orbbec_camera_msgs/srv/detail/set_string__type_support.c
[10.336s] -- Up-to-date: /home/xtark/tarkbot/ros2_ws/install/orbbec_camera_msgs/include/orbbec_camera_msgs/srv/detail/set_int32__rosidl_typesupport_introspection_c.h
[10.337s] -- Up-to-date: /home/xtark/tarkbot/ros2_ws/install/orbbec_camera_msgs/include/orbbec_camera_msgs/srv/detail/get_int32__type_support.c
[10.337s] -- Up-to-date: /home/xtark/tarkbot/ros2_ws/install/orbbec_camera_msgs/include/orbbec_camera_msgs/srv/detail/get_int32__rosidl_typesupport_introspection_c.h
[10.337s] -- Up-to-date: /home/xtark/tarkbot/ros2_ws/install/orbbec_camera_msgs/include/orbbec_camera_msgs/srv/detail/get_bool__rosidl_typesupport_introspection_c.h
[10.338s] -- Up-to-date: /home/xtark/tarkbot/ros2_ws/install/orbbec_camera_msgs/include/orbbec_camera_msgs/srv/detail/get_device_info__type_support.c
[10.338s] -- Up-to-date: /home/xtark/tarkbot/ros2_ws/install/orbbec_camera_msgs/include/orbbec_camera_msgs/srv/detail/get_camera_info__rosidl_typesupport_introspection_c.h
[10.338s] -- Up-to-date: /home/xtark/tarkbot/ros2_ws/install/orbbec_camera_msgs/include/orbbec_camera_msgs/srv/detail/get_camera_info__type_support.c
[10.339s] -- Up-to-date: /home/xtark/tarkbot/ros2_ws/install/orbbec_camera_msgs/include/orbbec_camera_msgs/srv/detail/set_int32__type_support.c
[10.339s] -- Up-to-date: /home/xtark/tarkbot/ros2_ws/install/orbbec_camera_msgs/lib/liborbbec_camera_msgs__rosidl_typesupport_introspection_c.so
[10.339s] -- Up-to-date: /home/xtark/tarkbot/ros2_ws/install/orbbec_camera_msgs/lib/liborbbec_camera_msgs__rosidl_typesupport_c.so
[10.340s] -- Up-to-date: /home/xtark/tarkbot/ros2_ws/install/orbbec_camera_msgs/include/orbbec_camera_msgs
[10.340s] -- Up-to-date: /home/xtark/tarkbot/ros2_ws/install/orbbec_camera_msgs/include/orbbec_camera_msgs/msg
[10.340s] -- Up-to-date: /home/xtark/tarkbot/ros2_ws/install/orbbec_camera_msgs/include/orbbec_camera_msgs/msg/metadata.hpp
[10.341s] -- Up-to-date: /home/xtark/tarkbot/ros2_ws/install/orbbec_camera_msgs/include/orbbec_camera_msgs/msg/device_info.hpp
[10.341s] -- Up-to-date: /home/xtark/tarkbot/ros2_ws/install/orbbec_camera_msgs/include/orbbec_camera_msgs/msg/detail
[10.342s] -- Up-to-date: /home/xtark/tarkbot/ros2_ws/install/orbbec_camera_msgs/include/orbbec_camera_msgs/msg/detail/device_info__struct.hpp
[10.342s] -- Up-to-date: /home/xtark/tarkbot/ros2_ws/install/orbbec_camera_msgs/include/orbbec_camera_msgs/msg/detail/metadata__builder.hpp
[10.343s] -- Up-to-date: /home/xtark/tarkbot/ros2_ws/install/orbbec_camera_msgs/include/orbbec_camera_msgs/msg/detail/extrinsics__type_support.hpp
[10.343s] -- Up-to-date: /home/xtark/tarkbot/ros2_ws/install/orbbec_camera_msgs/include/orbbec_camera_msgs/msg/detail/extrinsics__builder.hpp
[10.344s] -- Up-to-date: /home/xtark/tarkbot/ros2_ws/install/orbbec_camera_msgs/include/orbbec_camera_msgs/msg/detail/device_info__builder.hpp
[10.344s] -- Up-to-date: /home/xtark/tarkbot/ros2_ws/install/orbbec_camera_msgs/include/orbbec_camera_msgs/msg/detail/metadata__type_support.hpp
[10.345s] -- Up-to-date: /home/xtark/tarkbot/ros2_ws/install/orbbec_camera_msgs/include/orbbec_camera_msgs/msg/detail/metadata__struct.hpp
[10.351s] -- Up-to-date: /home/xtark/tarkbot/ros2_ws/install/orbbec_camera_msgs/include/orbbec_camera_msgs/msg/detail/extrinsics__traits.hpp
[10.352s] -- Up-to-date: /home/xtark/tarkbot/ros2_ws/install/orbbec_camera_msgs/include/orbbec_camera_msgs/msg/detail/metadata__traits.hpp
[10.352s] -- Up-to-date: /home/xtark/tarkbot/ros2_ws/install/orbbec_camera_msgs/include/orbbec_camera_msgs/msg/detail/device_info__type_support.hpp
[10.353s] -- Up-to-date: /home/xtark/tarkbot/ros2_ws/install/orbbec_camera_msgs/include/orbbec_camera_msgs/msg/detail/device_info__traits.hpp
[10.353s] -- Up-to-date: /home/xtark/tarkbot/ros2_ws/install/orbbec_camera_msgs/include/orbbec_camera_msgs/msg/detail/extrinsics__struct.hpp
[10.353s] -- Up-to-date: /home/xtark/tarkbot/ros2_ws/install/orbbec_camera_msgs/include/orbbec_camera_msgs/msg/extrinsics.hpp
[10.354s] -- Up-to-date: /home/xtark/tarkbot/ros2_ws/install/orbbec_camera_msgs/include/orbbec_camera_msgs/msg/rosidl_generator_cpp__visibility_control.hpp
[10.354s] -- Up-to-date: /home/xtark/tarkbot/ros2_ws/install/orbbec_camera_msgs/include/orbbec_camera_msgs/srv
[10.355s] -- Up-to-date: /home/xtark/tarkbot/ros2_ws/install/orbbec_camera_msgs/include/orbbec_camera_msgs/srv/detail
[10.355s] -- Up-to-date: /home/xtark/tarkbot/ros2_ws/install/orbbec_camera_msgs/include/orbbec_camera_msgs/srv/detail/get_bool__type_support.hpp
[10.359s] -- Up-to-date: /home/xtark/tarkbot/ros2_ws/install/orbbec_camera_msgs/include/orbbec_camera_msgs/srv/detail/get_camera_info__struct.hpp
[10.362s] -- Up-to-date: /home/xtark/tarkbot/ros2_ws/install/orbbec_camera_msgs/include/orbbec_camera_msgs/srv/detail/get_int32__traits.hpp
[10.364s] -- Up-to-date: /home/xtark/tarkbot/ros2_ws/install/orbbec_camera_msgs/include/orbbec_camera_msgs/srv/detail/set_string__struct.hpp
[10.367s] -- Up-to-date: /home/xtark/tarkbot/ros2_ws/install/orbbec_camera_msgs/include/orbbec_camera_msgs/srv/detail/get_device_info__builder.hpp
[10.369s] -- Up-to-date: /home/xtark/tarkbot/ros2_ws/install/orbbec_camera_msgs/include/orbbec_camera_msgs/srv/detail/set_string__traits.hpp
[10.370s] -- Up-to-date: /home/xtark/tarkbot/ros2_ws/install/orbbec_camera_msgs/include/orbbec_camera_msgs/srv/detail/set_string__builder.hpp
[10.373s] -- Up-to-date: /home/xtark/tarkbot/ros2_ws/install/orbbec_camera_msgs/include/orbbec_camera_msgs/srv/detail/set_int32__type_support.hpp
[10.375s] -- Up-to-date: /home/xtark/tarkbot/ros2_ws/install/orbbec_camera_msgs/include/orbbec_camera_msgs/srv/detail/set_int32__builder.hpp
[10.378s] -- Up-to-date: /home/xtark/tarkbot/ros2_ws/install/orbbec_camera_msgs/include/orbbec_camera_msgs/srv/detail/get_string__struct.hpp
[10.382s] -- Up-to-date: /home/xtark/tarkbot/ros2_ws/install/orbbec_camera_msgs/include/orbbec_camera_msgs/srv/detail/get_bool__builder.hpp
[10.384s] -- Up-to-date: /home/xtark/tarkbot/ros2_ws/install/orbbec_camera_msgs/include/orbbec_camera_msgs/srv/detail/get_int32__struct.hpp
[10.387s] -- Up-to-date: /home/xtark/tarkbot/ros2_ws/install/orbbec_camera_msgs/include/orbbec_camera_msgs/srv/detail/get_device_info__struct.hpp
[10.388s] -- Up-to-date: /home/xtark/tarkbot/ros2_ws/install/orbbec_camera_msgs/include/orbbec_camera_msgs/srv/detail/get_camera_info__builder.hpp
[10.391s] -- Up-to-date: /home/xtark/tarkbot/ros2_ws/install/orbbec_camera_msgs/include/orbbec_camera_msgs/srv/detail/get_string__type_support.hpp
[10.394s] -- Up-to-date: /home/xtark/tarkbot/ros2_ws/install/orbbec_camera_msgs/include/orbbec_camera_msgs/srv/detail/get_bool__traits.hpp
[10.399s] -- Up-to-date: /home/xtark/tarkbot/ros2_ws/install/orbbec_camera_msgs/include/orbbec_camera_msgs/srv/detail/get_int32__builder.hpp
[10.401s] -- Up-to-date: /home/xtark/tarkbot/ros2_ws/install/orbbec_camera_msgs/include/orbbec_camera_msgs/srv/detail/get_device_info__traits.hpp
[10.403s] -- Up-to-date: /home/xtark/tarkbot/ros2_ws/install/orbbec_camera_msgs/include/orbbec_camera_msgs/srv/detail/set_int32__struct.hpp
[10.406s] -- Up-to-date: /home/xtark/tarkbot/ros2_ws/install/orbbec_camera_msgs/include/orbbec_camera_msgs/srv/detail/get_camera_info__traits.hpp
[10.407s] -- Up-to-date: /home/xtark/tarkbot/ros2_ws/install/orbbec_camera_msgs/include/orbbec_camera_msgs/srv/detail/get_int32__type_support.hpp
[10.411s] -- Up-to-date: /home/xtark/tarkbot/ros2_ws/install/orbbec_camera_msgs/include/orbbec_camera_msgs/srv/detail/set_int32__traits.hpp
[10.413s] -- Up-to-date: /home/xtark/tarkbot/ros2_ws/install/orbbec_camera_msgs/include/orbbec_camera_msgs/srv/detail/get_string__builder.hpp
[10.414s] -- Up-to-date: /home/xtark/tarkbot/ros2_ws/install/orbbec_camera_msgs/include/orbbec_camera_msgs/srv/detail/get_device_info__type_support.hpp
[10.416s] -- Up-to-date: /home/xtark/tarkbot/ros2_ws/install/orbbec_camera_msgs/include/orbbec_camera_msgs/srv/detail/get_camera_info__type_support.hpp
[10.418s] -- Up-to-date: /home/xtark/tarkbot/ros2_ws/install/orbbec_camera_msgs/include/orbbec_camera_msgs/srv/detail/set_string__type_support.hpp
[10.418s] -- Up-to-date: /home/xtark/tarkbot/ros2_ws/install/orbbec_camera_msgs/include/orbbec_camera_msgs/srv/detail/get_bool__struct.hpp
[10.419s] -- Up-to-date: /home/xtark/tarkbot/ros2_ws/install/orbbec_camera_msgs/include/orbbec_camera_msgs/srv/detail/get_string__traits.hpp
[10.419s] -- Up-to-date: /home/xtark/tarkbot/ros2_ws/install/orbbec_camera_msgs/include/orbbec_camera_msgs/srv/get_bool.hpp
[10.421s] -- Up-to-date: /home/xtark/tarkbot/ros2_ws/install/orbbec_camera_msgs/include/orbbec_camera_msgs/srv/get_string.hpp
[10.424s] -- Up-to-date: /home/xtark/tarkbot/ros2_ws/install/orbbec_camera_msgs/include/orbbec_camera_msgs/srv/get_device_info.hpp
[10.426s] -- Up-to-date: /home/xtark/tarkbot/ros2_ws/install/orbbec_camera_msgs/include/orbbec_camera_msgs/srv/get_camera_info.hpp
[10.428s] -- Up-to-date: /home/xtark/tarkbot/ros2_ws/install/orbbec_camera_msgs/include/orbbec_camera_msgs/srv/set_int32.hpp
[10.430s] -- Up-to-date: /home/xtark/tarkbot/ros2_ws/install/orbbec_camera_msgs/include/orbbec_camera_msgs/srv/set_string.hpp
[10.431s] -- Up-to-date: /home/xtark/tarkbot/ros2_ws/install/orbbec_camera_msgs/include/orbbec_camera_msgs/srv/get_int32.hpp
[10.434s] -- Up-to-date: /home/xtark/tarkbot/ros2_ws/install/orbbec_camera_msgs/include/orbbec_camera_msgs
[10.436s] -- Up-to-date: /home/xtark/tarkbot/ros2_ws/install/orbbec_camera_msgs/include/orbbec_camera_msgs/msg
[10.438s] -- Up-to-date: /home/xtark/tarkbot/ros2_ws/install/orbbec_camera_msgs/include/orbbec_camera_msgs/msg/detail
[10.440s] -- Up-to-date: /home/xtark/tarkbot/ros2_ws/install/orbbec_camera_msgs/include/orbbec_camera_msgs/msg/detail/metadata__type_support.cpp
[10.442s] -- Up-to-date: /home/xtark/tarkbot/ros2_ws/install/orbbec_camera_msgs/include/orbbec_camera_msgs/msg/detail/extrinsics__rosidl_typesupport_introspection_cpp.hpp
[10.443s] -- Up-to-date: /home/xtark/tarkbot/ros2_ws/install/orbbec_camera_msgs/include/orbbec_camera_msgs/msg/detail/metadata__rosidl_typesupport_introspection_cpp.hpp
[10.446s] -- Up-to-date: /home/xtark/tarkbot/ros2_ws/install/orbbec_camera_msgs/include/orbbec_camera_msgs/msg/detail/device_info__rosidl_typesupport_introspection_cpp.hpp
[10.448s] -- Up-to-date: /home/xtark/tarkbot/ros2_ws/install/orbbec_camera_msgs/include/orbbec_camera_msgs/msg/detail/device_info__type_support.cpp
[10.450s] -- Up-to-date: /home/xtark/tarkbot/ros2_ws/install/orbbec_camera_msgs/include/orbbec_camera_msgs/msg/detail/extrinsics__type_support.cpp
[10.452s] -- Up-to-date: /home/xtark/tarkbot/ros2_ws/install/orbbec_camera_msgs/include/orbbec_camera_msgs/srv
[10.454s] -- Up-to-date: /home/xtark/tarkbot/ros2_ws/install/orbbec_camera_msgs/include/orbbec_camera_msgs/srv/detail
[10.457s] -- Up-to-date: /home/xtark/tarkbot/ros2_ws/install/orbbec_camera_msgs/include/orbbec_camera_msgs/srv/detail/set_int32__type_support.cpp
[10.458s] -- Up-to-date: /home/xtark/tarkbot/ros2_ws/install/orbbec_camera_msgs/include/orbbec_camera_msgs/srv/detail/get_bool__type_support.cpp
[10.459s] -- Up-to-date: /home/xtark/tarkbot/ros2_ws/install/orbbec_camera_msgs/include/orbbec_camera_msgs/srv/detail/get_camera_info__type_support.cpp
[10.459s] -- Up-to-date: /home/xtark/tarkbot/ros2_ws/install/orbbec_camera_msgs/include/orbbec_camera_msgs/srv/detail/get_int32__rosidl_typesupport_introspection_cpp.hpp
[10.460s] -- Up-to-date: /home/xtark/tarkbot/ros2_ws/install/orbbec_camera_msgs/include/orbbec_camera_msgs/srv/detail/get_device_info__type_support.cpp
[10.460s] -- Up-to-date: /home/xtark/tarkbot/ros2_ws/install/orbbec_camera_msgs/include/orbbec_camera_msgs/srv/detail/get_camera_info__rosidl_typesupport_introspection_cpp.hpp
[10.461s] -- Up-to-date: /home/xtark/tarkbot/ros2_ws/install/orbbec_camera_msgs/include/orbbec_camera_msgs/srv/detail/set_int32__rosidl_typesupport_introspection_cpp.hpp
[10.462s] -- Up-to-date: /home/xtark/tarkbot/ros2_ws/install/orbbec_camera_msgs/include/orbbec_camera_msgs/srv/detail/get_device_info__rosidl_typesupport_introspection_cpp.hpp
[10.463s] -- Up-to-date: /home/xtark/tarkbot/ros2_ws/install/orbbec_camera_msgs/include/orbbec_camera_msgs/srv/detail/get_string__rosidl_typesupport_introspection_cpp.hpp
[10.463s] -- Up-to-date: /home/xtark/tarkbot/ros2_ws/install/orbbec_camera_msgs/include/orbbec_camera_msgs/srv/detail/set_string__rosidl_typesupport_introspection_cpp.hpp
[10.465s] -- Up-to-date: /home/xtark/tarkbot/ros2_ws/install/orbbec_camera_msgs/include/orbbec_camera_msgs/srv/detail/set_string__type_support.cpp
[10.467s] -- Up-to-date: /home/xtark/tarkbot/ros2_ws/install/orbbec_camera_msgs/include/orbbec_camera_msgs/srv/detail/get_bool__rosidl_typesupport_introspection_cpp.hpp
[10.469s] -- Up-to-date: /home/xtark/tarkbot/ros2_ws/install/orbbec_camera_msgs/include/orbbec_camera_msgs/srv/detail/get_int32__type_support.cpp
[10.472s] -- Up-to-date: /home/xtark/tarkbot/ros2_ws/install/orbbec_camera_msgs/include/orbbec_camera_msgs/srv/detail/get_string__type_support.cpp
[10.474s] -- Up-to-date: /home/xtark/tarkbot/ros2_ws/install/orbbec_camera_msgs/lib/liborbbec_camera_msgs__rosidl_typesupport_introspection_cpp.so
[10.478s] -- Up-to-date: /home/xtark/tarkbot/ros2_ws/install/orbbec_camera_msgs/lib/liborbbec_camera_msgs__rosidl_typesupport_cpp.so
[10.483s] -- Up-to-date: /home/xtark/tarkbot/ros2_ws/install/orbbec_camera_msgs/share/orbbec_camera_msgs/environment/pythonpath.sh
[10.485s] -- Up-to-date: /home/xtark/tarkbot/ros2_ws/install/orbbec_camera_msgs/share/orbbec_camera_msgs/environment/pythonpath.dsv
[10.486s] -- Up-to-date: /home/xtark/tarkbot/ros2_ws/install/orbbec_camera_msgs/lib/python3.8/site-packages/orbbec_camera_msgs/__init__.py
[10.505s] -- Up-to-date: /home/xtark/tarkbot/ros2_ws/install/orbbec_camera_msgs/lib/python3.8/site-packages/orbbec_camera_msgs/msg
[10.506s] -- Up-to-date: /home/xtark/tarkbot/ros2_ws/install/orbbec_camera_msgs/lib/python3.8/site-packages/orbbec_camera_msgs/msg/_device_info.py
[10.506s] -- Up-to-date: /home/xtark/tarkbot/ros2_ws/install/orbbec_camera_msgs/lib/python3.8/site-packages/orbbec_camera_msgs/msg/_metadata.py
[10.509s] -- Up-to-date: /home/xtark/tarkbot/ros2_ws/install/orbbec_camera_msgs/lib/python3.8/site-packages/orbbec_camera_msgs/msg/__init__.py
[10.510s] -- Up-to-date: /home/xtark/tarkbot/ros2_ws/install/orbbec_camera_msgs/lib/python3.8/site-packages/orbbec_camera_msgs/msg/_device_info_s.c
[10.513s] -- Up-to-date: /home/xtark/tarkbot/ros2_ws/install/orbbec_camera_msgs/lib/python3.8/site-packages/orbbec_camera_msgs/msg/_extrinsics.py
[10.515s] -- Up-to-date: /home/xtark/tarkbot/ros2_ws/install/orbbec_camera_msgs/lib/python3.8/site-packages/orbbec_camera_msgs/msg/_extrinsics_s.c
[10.516s] -- Up-to-date: /home/xtark/tarkbot/ros2_ws/install/orbbec_camera_msgs/lib/python3.8/site-packages/orbbec_camera_msgs/msg/_metadata_s.c
[10.517s] -- Up-to-date: /home/xtark/tarkbot/ros2_ws/install/orbbec_camera_msgs/lib/python3.8/site-packages/orbbec_camera_msgs/srv
[10.517s] -- Up-to-date: /home/xtark/tarkbot/ros2_ws/install/orbbec_camera_msgs/lib/python3.8/site-packages/orbbec_camera_msgs/srv/_get_camera_info_s.c
[10.517s] -- Up-to-date: /home/xtark/tarkbot/ros2_ws/install/orbbec_camera_msgs/lib/python3.8/site-packages/orbbec_camera_msgs/srv/_get_device_info_s.c
[10.518s] -- Up-to-date: /home/xtark/tarkbot/ros2_ws/install/orbbec_camera_msgs/lib/python3.8/site-packages/orbbec_camera_msgs/srv/_get_device_info.py
[10.518s] -- Up-to-date: /home/xtark/tarkbot/ros2_ws/install/orbbec_camera_msgs/lib/python3.8/site-packages/orbbec_camera_msgs/srv/__init__.py
[10.519s] -- Up-to-date: /home/xtark/tarkbot/ros2_ws/install/orbbec_camera_msgs/lib/python3.8/site-packages/orbbec_camera_msgs/srv/_set_string_s.c
[10.519s] -- Up-to-date: /home/xtark/tarkbot/ros2_ws/install/orbbec_camera_msgs/lib/python3.8/site-packages/orbbec_camera_msgs/srv/_set_int32.py
[10.523s] -- Up-to-date: /home/xtark/tarkbot/ros2_ws/install/orbbec_camera_msgs/lib/python3.8/site-packages/orbbec_camera_msgs/srv/_get_int32.py
[10.528s] -- Up-to-date: /home/xtark/tarkbot/ros2_ws/install/orbbec_camera_msgs/lib/python3.8/site-packages/orbbec_camera_msgs/srv/_get_camera_info.py
[10.531s] -- Up-to-date: /home/xtark/tarkbot/ros2_ws/install/orbbec_camera_msgs/lib/python3.8/site-packages/orbbec_camera_msgs/srv/_get_bool_s.c
[10.537s] -- Up-to-date: /home/xtark/tarkbot/ros2_ws/install/orbbec_camera_msgs/lib/python3.8/site-packages/orbbec_camera_msgs/srv/_set_string.py
[10.556s] -- Up-to-date: /home/xtark/tarkbot/ros2_ws/install/orbbec_camera_msgs/lib/python3.8/site-packages/orbbec_camera_msgs/srv/_get_bool.py
[10.557s] -- Up-to-date: /home/xtark/tarkbot/ros2_ws/install/orbbec_camera_msgs/lib/python3.8/site-packages/orbbec_camera_msgs/srv/_get_string.py
[10.557s] -- Up-to-date: /home/xtark/tarkbot/ros2_ws/install/orbbec_camera_msgs/lib/python3.8/site-packages/orbbec_camera_msgs/srv/_get_string_s.c
[10.558s] -- Up-to-date: /home/xtark/tarkbot/ros2_ws/install/orbbec_camera_msgs/lib/python3.8/site-packages/orbbec_camera_msgs/srv/_set_int32_s.c
[10.558s] -- Up-to-date: /home/xtark/tarkbot/ros2_ws/install/orbbec_camera_msgs/lib/python3.8/site-packages/orbbec_camera_msgs/srv/_get_int32_s.c
[10.559s] -- Up-to-date: /home/xtark/tarkbot/ros2_ws/install/orbbec_camera_msgs/lib/python3.8/site-packages/orbbec_camera_msgs/orbbec_camera_msgs_s__rosidl_typesupport_fastrtps_c.cpython-38-aarch64-linux-gnu.so
[10.560s] -- Up-to-date: /home/xtark/tarkbot/ros2_ws/install/orbbec_camera_msgs/lib/python3.8/site-packages/orbbec_camera_msgs/orbbec_camera_msgs_s__rosidl_typesupport_introspection_c.cpython-38-aarch64-linux-gnu.so
[10.561s] -- Up-to-date: /home/xtark/tarkbot/ros2_ws/install/orbbec_camera_msgs/lib/python3.8/site-packages/orbbec_camera_msgs/orbbec_camera_msgs_s__rosidl_typesupport_c.cpython-38-aarch64-linux-gnu.so
[10.562s] -- Up-to-date: /home/xtark/tarkbot/ros2_ws/install/orbbec_camera_msgs/lib/liborbbec_camera_msgs__python.so
[10.563s] -- Up-to-date: /home/xtark/tarkbot/ros2_ws/install/orbbec_camera_msgs/share/orbbec_camera_msgs/msg/DeviceInfo.idl
[10.563s] -- Up-to-date: /home/xtark/tarkbot/ros2_ws/install/orbbec_camera_msgs/share/orbbec_camera_msgs/msg/Extrinsics.idl
[10.564s] -- Up-to-date: /home/xtark/tarkbot/ros2_ws/install/orbbec_camera_msgs/share/orbbec_camera_msgs/msg/Metadata.idl
[10.564s] -- Up-to-date: /home/xtark/tarkbot/ros2_ws/install/orbbec_camera_msgs/share/orbbec_camera_msgs/srv/GetBool.idl
[10.564s] -- Up-to-date: /home/xtark/tarkbot/ros2_ws/install/orbbec_camera_msgs/share/orbbec_camera_msgs/srv/GetDeviceInfo.idl
[10.565s] -- Up-to-date: /home/xtark/tarkbot/ros2_ws/install/orbbec_camera_msgs/share/orbbec_camera_msgs/srv/GetCameraInfo.idl
[10.565s] -- Up-to-date: /home/xtark/tarkbot/ros2_ws/install/orbbec_camera_msgs/share/orbbec_camera_msgs/srv/GetInt32.idl
[10.565s] -- Up-to-date: /home/xtark/tarkbot/ros2_ws/install/orbbec_camera_msgs/share/orbbec_camera_msgs/srv/GetString.idl
[10.566s] -- Up-to-date: /home/xtark/tarkbot/ros2_ws/install/orbbec_camera_msgs/share/orbbec_camera_msgs/srv/SetInt32.idl
[10.566s] -- Up-to-date: /home/xtark/tarkbot/ros2_ws/install/orbbec_camera_msgs/share/orbbec_camera_msgs/srv/SetString.idl
[10.566s] -- Up-to-date: /home/xtark/tarkbot/ros2_ws/install/orbbec_camera_msgs/share/orbbec_camera_msgs/msg/DeviceInfo.msg
[10.567s] -- Up-to-date: /home/xtark/tarkbot/ros2_ws/install/orbbec_camera_msgs/share/orbbec_camera_msgs/msg/Extrinsics.msg
[10.567s] -- Up-to-date: /home/xtark/tarkbot/ros2_ws/install/orbbec_camera_msgs/share/orbbec_camera_msgs/msg/Metadata.msg
[10.567s] -- Up-to-date: /home/xtark/tarkbot/ros2_ws/install/orbbec_camera_msgs/share/orbbec_camera_msgs/srv/GetBool.srv
[10.568s] -- Up-to-date: /home/xtark/tarkbot/ros2_ws/install/orbbec_camera_msgs/share/orbbec_camera_msgs/srv/GetBool_Request.msg
[10.568s] -- Up-to-date: /home/xtark/tarkbot/ros2_ws/install/orbbec_camera_msgs/share/orbbec_camera_msgs/srv/GetBool_Response.msg
[10.568s] -- Up-to-date: /home/xtark/tarkbot/ros2_ws/install/orbbec_camera_msgs/share/orbbec_camera_msgs/srv/GetDeviceInfo.srv
[10.569s] -- Up-to-date: /home/xtark/tarkbot/ros2_ws/install/orbbec_camera_msgs/share/orbbec_camera_msgs/srv/GetDeviceInfo_Request.msg
[10.569s] -- Up-to-date: /home/xtark/tarkbot/ros2_ws/install/orbbec_camera_msgs/share/orbbec_camera_msgs/srv/GetDeviceInfo_Response.msg
[10.569s] -- Up-to-date: /home/xtark/tarkbot/ros2_ws/install/orbbec_camera_msgs/share/orbbec_camera_msgs/srv/GetCameraInfo.srv
[10.570s] -- Up-to-date: /home/xtark/tarkbot/ros2_ws/install/orbbec_camera_msgs/share/orbbec_camera_msgs/srv/GetCameraInfo_Request.msg
[10.570s] -- Up-to-date: /home/xtark/tarkbot/ros2_ws/install/orbbec_camera_msgs/share/orbbec_camera_msgs/srv/GetCameraInfo_Response.msg
[10.573s] -- Up-to-date: /home/xtark/tarkbot/ros2_ws/install/orbbec_camera_msgs/share/orbbec_camera_msgs/srv/GetInt32.srv
[10.574s] -- Up-to-date: /home/xtark/tarkbot/ros2_ws/install/orbbec_camera_msgs/share/orbbec_camera_msgs/srv/GetInt32_Request.msg
[10.576s] -- Up-to-date: /home/xtark/tarkbot/ros2_ws/install/orbbec_camera_msgs/share/orbbec_camera_msgs/srv/GetInt32_Response.msg
[10.577s] -- Up-to-date: /home/xtark/tarkbot/ros2_ws/install/orbbec_camera_msgs/share/orbbec_camera_msgs/srv/GetString.srv
[10.579s] -- Up-to-date: /home/xtark/tarkbot/ros2_ws/install/orbbec_camera_msgs/share/orbbec_camera_msgs/srv/GetString_Request.msg
[10.582s] -- Up-to-date: /home/xtark/tarkbot/ros2_ws/install/orbbec_camera_msgs/share/orbbec_camera_msgs/srv/GetString_Response.msg
[10.583s] -- Up-to-date: /home/xtark/tarkbot/ros2_ws/install/orbbec_camera_msgs/share/orbbec_camera_msgs/srv/SetInt32.srv
[10.585s] -- Up-to-date: /home/xtark/tarkbot/ros2_ws/install/orbbec_camera_msgs/share/orbbec_camera_msgs/srv/SetInt32_Request.msg
[10.587s] -- Up-to-date: /home/xtark/tarkbot/ros2_ws/install/orbbec_camera_msgs/share/orbbec_camera_msgs/srv/SetInt32_Response.msg
[10.589s] -- Up-to-date: /home/xtark/tarkbot/ros2_ws/install/orbbec_camera_msgs/share/orbbec_camera_msgs/srv/SetString.srv
[10.590s] -- Up-to-date: /home/xtark/tarkbot/ros2_ws/install/orbbec_camera_msgs/share/orbbec_camera_msgs/srv/SetString_Request.msg
[10.592s] -- Up-to-date: /home/xtark/tarkbot/ros2_ws/install/orbbec_camera_msgs/share/orbbec_camera_msgs/srv/SetString_Response.msg
[10.594s] -- Up-to-date: /home/xtark/tarkbot/ros2_ws/install/orbbec_camera_msgs/share/ament_index/resource_index/package_run_dependencies/orbbec_camera_msgs
[10.596s] -- Up-to-date: /home/xtark/tarkbot/ros2_ws/install/orbbec_camera_msgs/share/ament_index/resource_index/parent_prefix_path/orbbec_camera_msgs
[10.599s] -- Up-to-date: /home/xtark/tarkbot/ros2_ws/install/orbbec_camera_msgs/share/orbbec_camera_msgs/environment/ament_prefix_path.sh
[10.600s] -- Up-to-date: /home/xtark/tarkbot/ros2_ws/install/orbbec_camera_msgs/share/orbbec_camera_msgs/environment/ament_prefix_path.dsv
[10.603s] -- Up-to-date: /home/xtark/tarkbot/ros2_ws/install/orbbec_camera_msgs/share/orbbec_camera_msgs/environment/path.sh
[10.605s] -- Up-to-date: /home/xtark/tarkbot/ros2_ws/install/orbbec_camera_msgs/share/orbbec_camera_msgs/environment/path.dsv
[10.607s] -- Up-to-date: /home/xtark/tarkbot/ros2_ws/install/orbbec_camera_msgs/share/orbbec_camera_msgs/local_setup.bash
[10.609s] -- Up-to-date: /home/xtark/tarkbot/ros2_ws/install/orbbec_camera_msgs/share/orbbec_camera_msgs/local_setup.sh
[10.611s] -- Up-to-date: /home/xtark/tarkbot/ros2_ws/install/orbbec_camera_msgs/share/orbbec_camera_msgs/local_setup.zsh
[10.613s] -- Up-to-date: /home/xtark/tarkbot/ros2_ws/install/orbbec_camera_msgs/share/orbbec_camera_msgs/local_setup.dsv
[10.615s] -- Installing: /home/xtark/tarkbot/ros2_ws/install/orbbec_camera_msgs/share/orbbec_camera_msgs/package.dsv
[10.617s] -- Up-to-date: /home/xtark/tarkbot/ros2_ws/install/orbbec_camera_msgs/share/ament_index/resource_index/packages/orbbec_camera_msgs
[10.618s] -- Up-to-date: /home/xtark/tarkbot/ros2_ws/install/orbbec_camera_msgs/share/orbbec_camera_msgs/cmake/orbbec_camera_msgs__rosidl_generator_cExport.cmake
[10.619s] -- Up-to-date: /home/xtark/tarkbot/ros2_ws/install/orbbec_camera_msgs/share/orbbec_camera_msgs/cmake/orbbec_camera_msgs__rosidl_generator_cExport-noconfig.cmake
[10.622s] -- Up-to-date: /home/xtark/tarkbot/ros2_ws/install/orbbec_camera_msgs/share/orbbec_camera_msgs/cmake/orbbec_camera_msgs__rosidl_typesupport_introspection_cExport.cmake
[10.624s] -- Up-to-date: /home/xtark/tarkbot/ros2_ws/install/orbbec_camera_msgs/share/orbbec_camera_msgs/cmake/orbbec_camera_msgs__rosidl_typesupport_introspection_cExport-noconfig.cmake
[10.625s] -- Up-to-date: /home/xtark/tarkbot/ros2_ws/install/orbbec_camera_msgs/share/orbbec_camera_msgs/cmake/orbbec_camera_msgs__rosidl_typesupport_cExport.cmake
[10.629s] -- Up-to-date: /home/xtark/tarkbot/ros2_ws/install/orbbec_camera_msgs/share/orbbec_camera_msgs/cmake/orbbec_camera_msgs__rosidl_typesupport_cExport-noconfig.cmake
[10.631s] -- Up-to-date: /home/xtark/tarkbot/ros2_ws/install/orbbec_camera_msgs/share/orbbec_camera_msgs/cmake/orbbec_camera_msgs__rosidl_generator_cppExport.cmake
[10.632s] -- Up-to-date: /home/xtark/tarkbot/ros2_ws/install/orbbec_camera_msgs/share/orbbec_camera_msgs/cmake/orbbec_camera_msgs__rosidl_typesupport_introspection_cppExport.cmake
[10.634s] -- Up-to-date: /home/xtark/tarkbot/ros2_ws/install/orbbec_camera_msgs/share/orbbec_camera_msgs/cmake/orbbec_camera_msgs__rosidl_typesupport_introspection_cppExport-noconfig.cmake
[10.636s] -- Up-to-date: /home/xtark/tarkbot/ros2_ws/install/orbbec_camera_msgs/share/orbbec_camera_msgs/cmake/orbbec_camera_msgs__rosidl_typesupport_cppExport.cmake
[10.638s] -- Up-to-date: /home/xtark/tarkbot/ros2_ws/install/orbbec_camera_msgs/share/orbbec_camera_msgs/cmake/orbbec_camera_msgs__rosidl_typesupport_cppExport-noconfig.cmake
[10.639s] -- Up-to-date: /home/xtark/tarkbot/ros2_ws/install/orbbec_camera_msgs/share/orbbec_camera_msgs/cmake/rosidl_cmake-extras.cmake
[10.641s] -- Up-to-date: /home/xtark/tarkbot/ros2_ws/install/orbbec_camera_msgs/share/orbbec_camera_msgs/cmake/ament_cmake_export_dependencies-extras.cmake
[10.645s] -- Up-to-date: /home/xtark/tarkbot/ros2_ws/install/orbbec_camera_msgs/share/orbbec_camera_msgs/cmake/ament_cmake_export_libraries-extras.cmake
[10.648s] -- Up-to-date: /home/xtark/tarkbot/ros2_ws/install/orbbec_camera_msgs/share/orbbec_camera_msgs/cmake/ament_cmake_export_targets-extras.cmake
[10.650s] -- Up-to-date: /home/xtark/tarkbot/ros2_ws/install/orbbec_camera_msgs/share/orbbec_camera_msgs/cmake/ament_cmake_export_include_directories-extras.cmake
[10.652s] -- Up-to-date: /home/xtark/tarkbot/ros2_ws/install/orbbec_camera_msgs/share/orbbec_camera_msgs/cmake/rosidl_cmake_export_typesupport_libraries-extras.cmake
[10.654s] -- Up-to-date: /home/xtark/tarkbot/ros2_ws/install/orbbec_camera_msgs/share/orbbec_camera_msgs/cmake/rosidl_cmake_export_typesupport_targets-extras.cmake
[10.655s] -- Up-to-date: /home/xtark/tarkbot/ros2_ws/install/orbbec_camera_msgs/share/orbbec_camera_msgs/cmake/orbbec_camera_msgsConfig.cmake
[10.657s] -- Up-to-date: /home/xtark/tarkbot/ros2_ws/install/orbbec_camera_msgs/share/orbbec_camera_msgs/cmake/orbbec_camera_msgsConfig-version.cmake
[10.659s] -- Up-to-date: /home/xtark/tarkbot/ros2_ws/install/orbbec_camera_msgs/share/orbbec_camera_msgs/package.xml
[11.299s] Invoked command in '/home/xtark/tarkbot/ros2_ws/build/orbbec_camera_msgs' returned '0': CMAKE_PREFIX_PATH=${CMAKE_PREFIX_PATH}:/opt/ros/foxy /usr/bin/cmake --install /home/xtark/tarkbot/ros2_ws/build/orbbec_camera_msgs
