[2.086s] Invoking command in '/home/xtark/tarkbot/ros2_ws/build/m1ct_d2': CMAKE_PREFIX_PATH=${CMAKE_PREFIX_PATH}:/opt/ros/foxy /usr/bin/cmake --build /home/xtark/tarkbot/ros2_ws/build/m1ct_d2 -- -j4 -l4
[2.623s] [100%] Built target m1ct_d2
[2.773s] Invoked command in '/home/xtark/tarkbot/ros2_ws/build/m1ct_d2' returned '0': CMAKE_PREFIX_PATH=${CMAKE_PREFIX_PATH}:/opt/ros/foxy /usr/bin/cmake --build /home/xtark/tarkbot/ros2_ws/build/m1ct_d2 -- -j4 -l4
[3.141s] Invoking command in '/home/xtark/tarkbot/ros2_ws/build/m1ct_d2': CMAKE_PREFIX_PATH=${CMAKE_PREFIX_PATH}:/opt/ros/foxy /usr/bin/cmake --install /home/xtark/tarkbot/ros2_ws/build/m1ct_d2
[3.187s] -- Install configuration: "Release"
[3.192s] -- Execute custom install script
[3.203s] -- Up-to-date symlink: /home/xtark/tarkbot/ros2_ws/install/m1ct_d2/lib/m1ct_d2/m1ct_d2
[3.210s] -- Up-to-date symlink: /home/xtark/tarkbot/ros2_ws/install/m1ct_d2/share/m1ct_d2//launch/tarkbot_m1ct.launch.py
[3.218s] -- Up-to-date symlink: /home/xtark/tarkbot/ros2_ws/install/m1ct_d2/share/ament_index/resource_index/package_run_dependencies/m1ct_d2
[3.222s] -- Up-to-date symlink: /home/xtark/tarkbot/ros2_ws/install/m1ct_d2/share/ament_index/resource_index/parent_prefix_path/m1ct_d2
[3.224s] -- Up-to-date symlink: /home/xtark/tarkbot/ros2_ws/install/m1ct_d2/share/m1ct_d2/environment/ament_prefix_path.sh
[3.225s] -- Up-to-date symlink: /home/xtark/tarkbot/ros2_ws/install/m1ct_d2/share/m1ct_d2/environment/ament_prefix_path.dsv
[3.226s] -- Up-to-date symlink: /home/xtark/tarkbot/ros2_ws/install/m1ct_d2/share/m1ct_d2/environment/path.sh
[3.227s] -- Up-to-date symlink: /home/xtark/tarkbot/ros2_ws/install/m1ct_d2/share/m1ct_d2/environment/path.dsv
[3.228s] -- Up-to-date symlink: /home/xtark/tarkbot/ros2_ws/install/m1ct_d2/share/m1ct_d2/local_setup.bash
[3.229s] -- Up-to-date symlink: /home/xtark/tarkbot/ros2_ws/install/m1ct_d2/share/m1ct_d2/local_setup.sh
[3.230s] -- Up-to-date symlink: /home/xtark/tarkbot/ros2_ws/install/m1ct_d2/share/m1ct_d2/local_setup.zsh
[3.231s] -- Up-to-date symlink: /home/xtark/tarkbot/ros2_ws/install/m1ct_d2/share/m1ct_d2/local_setup.dsv
[3.232s] -- Symlinking: /home/xtark/tarkbot/ros2_ws/install/m1ct_d2/share/m1ct_d2/package.dsv
[3.280s] -- Up-to-date symlink: /home/xtark/tarkbot/ros2_ws/install/m1ct_d2/share/ament_index/resource_index/packages/m1ct_d2
[3.281s] -- Up-to-date symlink: /home/xtark/tarkbot/ros2_ws/install/m1ct_d2/share/m1ct_d2/cmake/m1ct_d2Config.cmake
[3.283s] -- Up-to-date symlink: /home/xtark/tarkbot/ros2_ws/install/m1ct_d2/share/m1ct_d2/cmake/m1ct_d2Config-version.cmake
[3.283s] -- Up-to-date symlink: /home/xtark/tarkbot/ros2_ws/install/m1ct_d2/share/m1ct_d2/package.xml
[4.925s] Invoked command in '/home/xtark/tarkbot/ros2_ws/build/m1ct_d2' returned '0': CMAKE_PREFIX_PATH=${CMAKE_PREFIX_PATH}:/opt/ros/foxy /usr/bin/cmake --install /home/xtark/tarkbot/ros2_ws/build/m1ct_d2
