[7.021s] Invoking command in '/home/xtark/tarkbot/ros2_ws/build/tarkbot_description': CMAKE_PREFIX_PATH=${CMAKE_PREFIX_PATH}:/opt/ros/foxy /usr/bin/cmake --build /home/xtark/tarkbot/ros2_ws/build/tarkbot_description -- -j4 -l4
[9.946s] Invoked command in '/home/xtark/tarkbot/ros2_ws/build/tarkbot_description' returned '0': CMAKE_PREFIX_PATH=${CMAKE_PREFIX_PATH}:/opt/ros/foxy /usr/bin/cmake --build /home/xtark/tarkbot/ros2_ws/build/tarkbot_description -- -j4 -l4
[10.136s] Invoking command in '/home/xtark/tarkbot/ros2_ws/build/tarkbot_description': CMAKE_PREFIX_PATH=${CMAKE_PREFIX_PATH}:/opt/ros/foxy /usr/bin/cmake --install /home/xtark/tarkbot/ros2_ws/build/tarkbot_description
[10.177s] -- Install configuration: "Release"
[10.180s] -- Execute custom install script
[10.182s] -- Up-to-date symlink: /home/xtark/tarkbot/ros2_ws/install/tarkbot_description/share/tarkbot_description/launch/model.launch.py
[10.185s] -- Up-to-date symlink: /home/xtark/tarkbot/ros2_ws/install/tarkbot_description/share/tarkbot_description/urdf/tarkbot_r10_akm.urdf
[10.186s] -- Up-to-date symlink: /home/xtark/tarkbot/ros2_ws/install/tarkbot_description/share/tarkbot_description/urdf/tarkbot_r10_fwd.urdf
[10.188s] -- Up-to-date symlink: /home/xtark/tarkbot/ros2_ws/install/tarkbot_description/share/tarkbot_description/urdf/tarkbot_r10_mec.urdf
[10.190s] -- Up-to-date symlink: /home/xtark/tarkbot/ros2_ws/install/tarkbot_description/share/tarkbot_description/urdf/tarkbot_r10_omni.urdf
[10.190s] -- Up-to-date symlink: /home/xtark/tarkbot/ros2_ws/install/tarkbot_description/share/tarkbot_description/urdf/tarkbot_r10_twd.urdf
[10.191s] -- Up-to-date symlink: /home/xtark/tarkbot/ros2_ws/install/tarkbot_description/share/tarkbot_description/urdf/tarkbot_r20_akm.urdf
[10.193s] -- Up-to-date symlink: /home/xtark/tarkbot/ros2_ws/install/tarkbot_description/share/tarkbot_description/urdf/tarkbot_r20_fwd.urdf
[10.194s] -- Up-to-date symlink: /home/xtark/tarkbot/ros2_ws/install/tarkbot_description/share/tarkbot_description/urdf/tarkbot_r20_mec.urdf
[10.196s] -- Up-to-date symlink: /home/xtark/tarkbot/ros2_ws/install/tarkbot_description/share/tarkbot_description/meshes/base_r10_akm.stl
[10.197s] -- Up-to-date symlink: /home/xtark/tarkbot/ros2_ws/install/tarkbot_description/share/tarkbot_description/meshes/base_r10_fwd.stl
[10.199s] -- Up-to-date symlink: /home/xtark/tarkbot/ros2_ws/install/tarkbot_description/share/tarkbot_description/meshes/base_r10_mec.stl
[10.200s] -- Up-to-date symlink: /home/xtark/tarkbot/ros2_ws/install/tarkbot_description/share/tarkbot_description/meshes/base_r10_omni.stl
[10.201s] -- Up-to-date symlink: /home/xtark/tarkbot/ros2_ws/install/tarkbot_description/share/tarkbot_description/meshes/base_r10_twd.stl
[10.202s] -- Up-to-date symlink: /home/xtark/tarkbot/ros2_ws/install/tarkbot_description/share/tarkbot_description/meshes/base_r20_akm.stl
[10.203s] -- Up-to-date symlink: /home/xtark/tarkbot/ros2_ws/install/tarkbot_description/share/tarkbot_description/meshes/base_r20_fwd.stl
[10.206s] -- Up-to-date symlink: /home/xtark/tarkbot/ros2_ws/install/tarkbot_description/share/tarkbot_description/meshes/base_r20_mec.stl
[10.208s] -- Up-to-date symlink: /home/xtark/tarkbot/ros2_ws/install/tarkbot_description/share/tarkbot_description/meshes/depthcamera.stl
[10.209s] -- Up-to-date symlink: /home/xtark/tarkbot/ros2_ws/install/tarkbot_description/share/tarkbot_description/meshes/laser.stl
[10.223s] -- Up-to-date symlink: /home/xtark/tarkbot/ros2_ws/install/tarkbot_description/share/ament_index/resource_index/package_run_dependencies/tarkbot_description
[10.226s] -- Up-to-date symlink: /home/xtark/tarkbot/ros2_ws/install/tarkbot_description/share/ament_index/resource_index/parent_prefix_path/tarkbot_description
[10.230s] -- Up-to-date symlink: /home/xtark/tarkbot/ros2_ws/install/tarkbot_description/share/tarkbot_description/environment/ament_prefix_path.sh
[10.234s] -- Up-to-date symlink: /home/xtark/tarkbot/ros2_ws/install/tarkbot_description/share/tarkbot_description/environment/ament_prefix_path.dsv
[10.237s] -- Up-to-date symlink: /home/xtark/tarkbot/ros2_ws/install/tarkbot_description/share/tarkbot_description/environment/path.sh
[10.241s] -- Up-to-date symlink: /home/xtark/tarkbot/ros2_ws/install/tarkbot_description/share/tarkbot_description/environment/path.dsv
[10.245s] -- Up-to-date symlink: /home/xtark/tarkbot/ros2_ws/install/tarkbot_description/share/tarkbot_description/local_setup.bash
[10.248s] -- Up-to-date symlink: /home/xtark/tarkbot/ros2_ws/install/tarkbot_description/share/tarkbot_description/local_setup.sh
[10.252s] -- Up-to-date symlink: /home/xtark/tarkbot/ros2_ws/install/tarkbot_description/share/tarkbot_description/local_setup.zsh
[10.256s] -- Up-to-date symlink: /home/xtark/tarkbot/ros2_ws/install/tarkbot_description/share/tarkbot_description/local_setup.dsv
[10.259s] -- Symlinking: /home/xtark/tarkbot/ros2_ws/install/tarkbot_description/share/tarkbot_description/package.dsv
[10.314s] -- Up-to-date symlink: /home/xtark/tarkbot/ros2_ws/install/tarkbot_description/share/ament_index/resource_index/packages/tarkbot_description
[10.315s] -- Up-to-date symlink: /home/xtark/tarkbot/ros2_ws/install/tarkbot_description/share/tarkbot_description/cmake/tarkbot_descriptionConfig.cmake
[10.316s] -- Up-to-date symlink: /home/xtark/tarkbot/ros2_ws/install/tarkbot_description/share/tarkbot_description/cmake/tarkbot_descriptionConfig-version.cmake
[10.327s] -- Up-to-date symlink: /home/xtark/tarkbot/ros2_ws/install/tarkbot_description/share/tarkbot_description/package.xml
[10.342s] Invoked command in '/home/xtark/tarkbot/ros2_ws/build/tarkbot_description' returned '0': CMAKE_PREFIX_PATH=${CMAKE_PREFIX_PATH}:/opt/ros/foxy /usr/bin/cmake --install /home/xtark/tarkbot/ros2_ws/build/tarkbot_description
