[10.759s] Invoking command in '/home/xtark/tarkbot/ros2_ws/build/tarkbot_slam': CMAKE_PREFIX_PATH=${CMAKE_PREFIX_PATH}:/opt/ros/foxy /usr/bin/cmake --build /home/xtark/tarkbot/ros2_ws/build/tarkbot_slam -- -j4 -l4
[14.505s] Invoked command in '/home/xtark/tarkbot/ros2_ws/build/tarkbot_slam' returned '0': CMAKE_PREFIX_PATH=${CMAKE_PREFIX_PATH}:/opt/ros/foxy /usr/bin/cmake --build /home/xtark/tarkbot/ros2_ws/build/tarkbot_slam -- -j4 -l4
[22.275s] Invoking command in '/home/xtark/tarkbot/ros2_ws/build/tarkbot_slam': CMAKE_PREFIX_PATH=${CMAKE_PREFIX_PATH}:/opt/ros/foxy /usr/bin/cmake --install /home/xtark/tarkbot/ros2_ws/build/tarkbot_slam
[22.359s] -- Install configuration: "Release"
[22.360s] -- Up-to-date: /home/xtark/tarkbot/ros2_ws/install/tarkbot_slam/share/tarkbot_slam/launch
[22.361s] -- Installing: /home/xtark/tarkbot/ros2_ws/install/tarkbot_slam/share/tarkbot_slam/launch/mapping.launch.py
[22.366s] -- Up-to-date: /home/xtark/tarkbot/ros2_ws/install/tarkbot_slam/share/tarkbot_slam/launch/include
[22.368s] -- Up-to-date: /home/xtark/tarkbot/ros2_ws/install/tarkbot_slam/share/tarkbot_slam/launch/include/online_async_launch.py
[22.369s] -- Up-to-date: /home/xtark/tarkbot/ros2_ws/install/tarkbot_slam/share/tarkbot_slam/config
[22.370s] -- Up-to-date: /home/xtark/tarkbot/ros2_ws/install/tarkbot_slam/share/tarkbot_slam/config/mapping
[22.371s] -- Up-to-date: /home/xtark/tarkbot/ros2_ws/install/tarkbot_slam/share/tarkbot_slam/config/mapping/mapper_params_online_async.yaml
[22.371s] -- Up-to-date: /home/xtark/tarkbot/ros2_ws/install/tarkbot_slam/share/tarkbot_slam/config/mapping/map_saver_params.yaml
[22.378s] -- Up-to-date: /home/xtark/tarkbot/ros2_ws/install/tarkbot_slam/share/tarkbot_slam/maps
[22.386s] -- Up-to-date: /home/xtark/tarkbot/ros2_ws/install/tarkbot_slam/share/tarkbot_slam/maps/test.yaml
[22.387s] -- Up-to-date: /home/xtark/tarkbot/ros2_ws/install/tarkbot_slam/share/tarkbot_slam/maps/my_map.yaml
[22.388s] -- Up-to-date: /home/xtark/tarkbot/ros2_ws/install/tarkbot_slam/share/tarkbot_slam/maps/my_map.pgm
[22.389s] -- Up-to-date: /home/xtark/tarkbot/ros2_ws/install/tarkbot_slam/share/tarkbot_slam/maps/test.pgm
[22.477s] -- Up-to-date: /home/xtark/tarkbot/ros2_ws/install/tarkbot_slam/share/ament_index/resource_index/package_run_dependencies/tarkbot_slam
[22.480s] -- Up-to-date: /home/xtark/tarkbot/ros2_ws/install/tarkbot_slam/share/ament_index/resource_index/parent_prefix_path/tarkbot_slam
[22.480s] -- Up-to-date: /home/xtark/tarkbot/ros2_ws/install/tarkbot_slam/share/tarkbot_slam/environment/ament_prefix_path.sh
[22.481s] -- Up-to-date: /home/xtark/tarkbot/ros2_ws/install/tarkbot_slam/share/tarkbot_slam/environment/ament_prefix_path.dsv
[22.482s] -- Up-to-date: /home/xtark/tarkbot/ros2_ws/install/tarkbot_slam/share/tarkbot_slam/environment/path.sh
[22.483s] -- Up-to-date: /home/xtark/tarkbot/ros2_ws/install/tarkbot_slam/share/tarkbot_slam/environment/path.dsv
[22.483s] -- Up-to-date: /home/xtark/tarkbot/ros2_ws/install/tarkbot_slam/share/tarkbot_slam/local_setup.bash
[22.484s] -- Up-to-date: /home/xtark/tarkbot/ros2_ws/install/tarkbot_slam/share/tarkbot_slam/local_setup.sh
[22.485s] -- Up-to-date: /home/xtark/tarkbot/ros2_ws/install/tarkbot_slam/share/tarkbot_slam/local_setup.zsh
[22.488s] -- Up-to-date: /home/xtark/tarkbot/ros2_ws/install/tarkbot_slam/share/tarkbot_slam/local_setup.dsv
[22.489s] -- Installing: /home/xtark/tarkbot/ros2_ws/install/tarkbot_slam/share/tarkbot_slam/package.dsv
[22.493s] -- Up-to-date: /home/xtark/tarkbot/ros2_ws/install/tarkbot_slam/share/ament_index/resource_index/packages/tarkbot_slam
[22.494s] -- Up-to-date: /home/xtark/tarkbot/ros2_ws/install/tarkbot_slam/share/tarkbot_slam/cmake/tarkbot_slamConfig.cmake
[22.495s] -- Up-to-date: /home/xtark/tarkbot/ros2_ws/install/tarkbot_slam/share/tarkbot_slam/cmake/tarkbot_slamConfig-version.cmake
[22.495s] -- Up-to-date: /home/xtark/tarkbot/ros2_ws/install/tarkbot_slam/share/tarkbot_slam/package.xml
[22.534s] Invoked command in '/home/xtark/tarkbot/ros2_ws/build/tarkbot_slam' returned '0': CMAKE_PREFIX_PATH=${CMAKE_PREFIX_PATH}:/opt/ros/foxy /usr/bin/cmake --install /home/xtark/tarkbot/ros2_ws/build/tarkbot_slam
