[2.800s] Invoking command in '/home/xtark/tarkbot/ros2_ws/build/rplidar_ros': CMAKE_PREFIX_PATH=${CMAKE_PREFIX_PATH}:/opt/ros/foxy /usr/bin/cmake --build /home/xtark/tarkbot/ros2_ws/build/rplidar_ros -- -j4 -l4
[3.923s] [100%] Built target rplidar_node
[5.619s] Invoked command in '/home/xtark/tarkbot/ros2_ws/build/rplidar_ros' returned '0': CMAKE_PREFIX_PATH=${CMAKE_PREFIX_PATH}:/opt/ros/foxy /usr/bin/cmake --build /home/xtark/tarkbot/ros2_ws/build/rplidar_ros -- -j4 -l4
[5.938s] Invoking command in '/home/xtark/tarkbot/ros2_ws/build/rplidar_ros': CMAKE_PREFIX_PATH=${CMAKE_PREFIX_PATH}:/opt/ros/foxy /usr/bin/cmake --install /home/xtark/tarkbot/ros2_ws/build/rplidar_ros
[5.969s] -- Install configuration: "Release"
[5.970s] -- Up-to-date: /home/xtark/tarkbot/ros2_ws/install/rplidar_ros/lib/rplidar_ros/rplidar_node
[5.971s] -- Up-to-date: /home/xtark/tarkbot/ros2_ws/install/rplidar_ros/share/rplidar_ros//launch
[5.972s] -- Up-to-date: /home/xtark/tarkbot/ros2_ws/install/rplidar_ros/share/rplidar_ros//launch/rplidar_a3.launch
[5.973s] -- Up-to-date: /home/xtark/tarkbot/ros2_ws/install/rplidar_ros/share/rplidar_ros//launch/view_rplidar_a3.launch
[5.973s] -- Up-to-date: /home/xtark/tarkbot/ros2_ws/install/rplidar_ros/share/rplidar_ros//launch/__pycache__
[5.978s] -- Up-to-date: /home/xtark/tarkbot/ros2_ws/install/rplidar_ros/share/rplidar_ros//launch/__pycache__/rplidar_tarkbot.launch.cpython-38.pyc
[5.978s] -- Up-to-date: /home/xtark/tarkbot/ros2_ws/install/rplidar_ros/share/rplidar_ros//launch/rplidar_tarkbot.launch.py
[5.978s] -- Up-to-date: /home/xtark/tarkbot/ros2_ws/install/rplidar_ros/share/rplidar_ros//launch/rplidar_s1.launch
[5.979s] -- Up-to-date: /home/xtark/tarkbot/ros2_ws/install/rplidar_ros/share/rplidar_ros//launch/rplidar.launch
[5.980s] -- Up-to-date: /home/xtark/tarkbot/ros2_ws/install/rplidar_ros/share/rplidar_ros//launch/rplidar_s1_tcp.launch
[5.986s] -- Up-to-date: /home/xtark/tarkbot/ros2_ws/install/rplidar_ros/share/rplidar_ros//launch/test_rplidar.launch
[5.987s] -- Up-to-date: /home/xtark/tarkbot/ros2_ws/install/rplidar_ros/share/rplidar_ros//launch/view_rplidar.launch
[5.989s] -- Up-to-date: /home/xtark/tarkbot/ros2_ws/install/rplidar_ros/share/rplidar_ros//launch/view_rplidar_s1.launch
[5.989s] -- Up-to-date: /home/xtark/tarkbot/ros2_ws/install/rplidar_ros/share/rplidar_ros//launch/test_rplidar_a3.launch
[5.989s] -- Up-to-date: /home/xtark/tarkbot/ros2_ws/install/rplidar_ros/share/rplidar_ros//launch/view_rplidar_s1_tcp.launch
[5.990s] -- Up-to-date: /home/xtark/tarkbot/ros2_ws/install/rplidar_ros/share/rplidar_ros//rviz
[5.993s] -- Up-to-date: /home/xtark/tarkbot/ros2_ws/install/rplidar_ros/share/rplidar_ros//rviz/rplidar.rviz
[5.996s] -- Up-to-date: /home/xtark/tarkbot/ros2_ws/install/rplidar_ros/share/rplidar_ros//sdk
[6.000s] -- Up-to-date: /home/xtark/tarkbot/ros2_ws/install/rplidar_ros/share/rplidar_ros//sdk/src
[6.003s] -- Up-to-date: /home/xtark/tarkbot/ros2_ws/install/rplidar_ros/share/rplidar_ros//sdk/src/rplidar_driver.cpp
[6.007s] -- Up-to-date: /home/xtark/tarkbot/ros2_ws/install/rplidar_ros/share/rplidar_ros//sdk/src/rplidar_driver_serial.h
[6.009s] -- Up-to-date: /home/xtark/tarkbot/ros2_ws/install/rplidar_ros/share/rplidar_ros//sdk/src/arch
[6.011s] -- Up-to-date: /home/xtark/tarkbot/ros2_ws/install/rplidar_ros/share/rplidar_ros//sdk/src/arch/linux
[6.013s] -- Up-to-date: /home/xtark/tarkbot/ros2_ws/install/rplidar_ros/share/rplidar_ros//sdk/src/arch/linux/arch_linux.h
[6.015s] -- Up-to-date: /home/xtark/tarkbot/ros2_ws/install/rplidar_ros/share/rplidar_ros//sdk/src/arch/linux/net_serial.h
[6.017s] -- Up-to-date: /home/xtark/tarkbot/ros2_ws/install/rplidar_ros/share/rplidar_ros//sdk/src/arch/linux/net_serial.cpp
[6.019s] -- Up-to-date: /home/xtark/tarkbot/ros2_ws/install/rplidar_ros/share/rplidar_ros//sdk/src/arch/linux/net_socket.cpp
[6.021s] -- Up-to-date: /home/xtark/tarkbot/ros2_ws/install/rplidar_ros/share/rplidar_ros//sdk/src/arch/linux/thread.hpp
[6.022s] -- Up-to-date: /home/xtark/tarkbot/ros2_ws/install/rplidar_ros/share/rplidar_ros//sdk/src/arch/linux/timer.h
[6.024s] -- Up-to-date: /home/xtark/tarkbot/ros2_ws/install/rplidar_ros/share/rplidar_ros//sdk/src/arch/linux/timer.cpp
[6.026s] -- Up-to-date: /home/xtark/tarkbot/ros2_ws/install/rplidar_ros/share/rplidar_ros//sdk/src/arch/win32
[6.028s] -- Up-to-date: /home/xtark/tarkbot/ros2_ws/install/rplidar_ros/share/rplidar_ros//sdk/src/arch/win32/net_serial.h
[6.030s] -- Up-to-date: /home/xtark/tarkbot/ros2_ws/install/rplidar_ros/share/rplidar_ros//sdk/src/arch/win32/net_serial.cpp
[6.032s] -- Up-to-date: /home/xtark/tarkbot/ros2_ws/install/rplidar_ros/share/rplidar_ros//sdk/src/arch/win32/net_socket.cpp
[6.034s] -- Up-to-date: /home/xtark/tarkbot/ros2_ws/install/rplidar_ros/share/rplidar_ros//sdk/src/arch/win32/winthread.hpp
[6.037s] -- Up-to-date: /home/xtark/tarkbot/ros2_ws/install/rplidar_ros/share/rplidar_ros//sdk/src/arch/win32/arch_win32.h
[6.038s] -- Up-to-date: /home/xtark/tarkbot/ros2_ws/install/rplidar_ros/share/rplidar_ros//sdk/src/arch/win32/timer.h
[6.041s] -- Up-to-date: /home/xtark/tarkbot/ros2_ws/install/rplidar_ros/share/rplidar_ros//sdk/src/arch/win32/timer.cpp
[6.043s] -- Up-to-date: /home/xtark/tarkbot/ros2_ws/install/rplidar_ros/share/rplidar_ros//sdk/src/arch/macOS
[6.045s] -- Up-to-date: /home/xtark/tarkbot/ros2_ws/install/rplidar_ros/share/rplidar_ros//sdk/src/arch/macOS/net_serial.h
[6.046s] -- Up-to-date: /home/xtark/tarkbot/ros2_ws/install/rplidar_ros/share/rplidar_ros//sdk/src/arch/macOS/net_serial.cpp
[6.048s] -- Up-to-date: /home/xtark/tarkbot/ros2_ws/install/rplidar_ros/share/rplidar_ros//sdk/src/arch/macOS/net_socket.cpp
[6.050s] -- Up-to-date: /home/xtark/tarkbot/ros2_ws/install/rplidar_ros/share/rplidar_ros//sdk/src/arch/macOS/thread.hpp
[6.052s] -- Up-to-date: /home/xtark/tarkbot/ros2_ws/install/rplidar_ros/share/rplidar_ros//sdk/src/arch/macOS/timer.h
[6.055s] -- Up-to-date: /home/xtark/tarkbot/ros2_ws/install/rplidar_ros/share/rplidar_ros//sdk/src/arch/macOS/arch_macOS.h
[6.056s] -- Up-to-date: /home/xtark/tarkbot/ros2_ws/install/rplidar_ros/share/rplidar_ros//sdk/src/arch/macOS/timer.cpp
[6.056s] -- Up-to-date: /home/xtark/tarkbot/ros2_ws/install/rplidar_ros/share/rplidar_ros//sdk/src/rplidar_driver_TCP.h
[6.060s] -- Up-to-date: /home/xtark/tarkbot/ros2_ws/install/rplidar_ros/share/rplidar_ros//sdk/src/rplidar_driver_impl.h
[6.063s] -- Up-to-date: /home/xtark/tarkbot/ros2_ws/install/rplidar_ros/share/rplidar_ros//sdk/src/hal
[6.065s] -- Up-to-date: /home/xtark/tarkbot/ros2_ws/install/rplidar_ros/share/rplidar_ros//sdk/src/hal/util.h
[6.069s] -- Up-to-date: /home/xtark/tarkbot/ros2_ws/install/rplidar_ros/share/rplidar_ros//sdk/src/hal/thread.cpp
[6.073s] -- Up-to-date: /home/xtark/tarkbot/ros2_ws/install/rplidar_ros/share/rplidar_ros//sdk/src/hal/thread.h
[6.077s] -- Up-to-date: /home/xtark/tarkbot/ros2_ws/install/rplidar_ros/share/rplidar_ros//sdk/src/hal/types.h
[6.079s] -- Up-to-date: /home/xtark/tarkbot/ros2_ws/install/rplidar_ros/share/rplidar_ros//sdk/src/hal/abs_rxtx.h
[6.080s] -- Up-to-date: /home/xtark/tarkbot/ros2_ws/install/rplidar_ros/share/rplidar_ros//sdk/src/hal/locker.h
[6.081s] -- Up-to-date: /home/xtark/tarkbot/ros2_ws/install/rplidar_ros/share/rplidar_ros//sdk/src/hal/byteops.h
[6.081s] -- Up-to-date: /home/xtark/tarkbot/ros2_ws/install/rplidar_ros/share/rplidar_ros//sdk/src/hal/socket.h
[6.082s] -- Up-to-date: /home/xtark/tarkbot/ros2_ws/install/rplidar_ros/share/rplidar_ros//sdk/src/hal/assert.h
[6.082s] -- Up-to-date: /home/xtark/tarkbot/ros2_ws/install/rplidar_ros/share/rplidar_ros//sdk/src/hal/event.h
[6.083s] -- Up-to-date: /home/xtark/tarkbot/ros2_ws/install/rplidar_ros/share/rplidar_ros//sdk/src/sdkcommon.h
[6.083s] -- Up-to-date: /home/xtark/tarkbot/ros2_ws/install/rplidar_ros/share/rplidar_ros//sdk/README.txt
[6.083s] -- Up-to-date: /home/xtark/tarkbot/ros2_ws/install/rplidar_ros/share/rplidar_ros//sdk/include
[6.084s] -- Up-to-date: /home/xtark/tarkbot/ros2_ws/install/rplidar_ros/share/rplidar_ros//sdk/include/rptypes.h
[6.084s] -- Up-to-date: /home/xtark/tarkbot/ros2_ws/install/rplidar_ros/share/rplidar_ros//sdk/include/rplidar_protocol.h
[6.085s] -- Up-to-date: /home/xtark/tarkbot/ros2_ws/install/rplidar_ros/share/rplidar_ros//sdk/include/rplidar.h
[6.085s] -- Up-to-date: /home/xtark/tarkbot/ros2_ws/install/rplidar_ros/share/rplidar_ros//sdk/include/rplidar_cmd.h
[6.086s] -- Up-to-date: /home/xtark/tarkbot/ros2_ws/install/rplidar_ros/share/rplidar_ros//sdk/include/rplidar_driver.h
[6.087s] -- Up-to-date: /home/xtark/tarkbot/ros2_ws/install/rplidar_ros/share/rplidar_ros//config
[6.088s] -- Up-to-date: /home/xtark/tarkbot/ros2_ws/install/rplidar_ros/share/rplidar_ros//config/rplidar_config.yaml
[6.090s] -- Up-to-date: /home/xtark/tarkbot/ros2_ws/install/rplidar_ros/share/ament_index/resource_index/package_run_dependencies/rplidar_ros
[6.092s] -- Up-to-date: /home/xtark/tarkbot/ros2_ws/install/rplidar_ros/share/ament_index/resource_index/parent_prefix_path/rplidar_ros
[6.094s] -- Up-to-date: /home/xtark/tarkbot/ros2_ws/install/rplidar_ros/share/rplidar_ros/environment/ament_prefix_path.sh
[6.096s] -- Up-to-date: /home/xtark/tarkbot/ros2_ws/install/rplidar_ros/share/rplidar_ros/environment/ament_prefix_path.dsv
[6.098s] -- Up-to-date: /home/xtark/tarkbot/ros2_ws/install/rplidar_ros/share/rplidar_ros/environment/path.sh
[6.099s] -- Up-to-date: /home/xtark/tarkbot/ros2_ws/install/rplidar_ros/share/rplidar_ros/environment/path.dsv
[6.099s] -- Up-to-date: /home/xtark/tarkbot/ros2_ws/install/rplidar_ros/share/rplidar_ros/local_setup.bash
[6.100s] -- Up-to-date: /home/xtark/tarkbot/ros2_ws/install/rplidar_ros/share/rplidar_ros/local_setup.sh
[6.101s] -- Up-to-date: /home/xtark/tarkbot/ros2_ws/install/rplidar_ros/share/rplidar_ros/local_setup.zsh
[6.101s] -- Up-to-date: /home/xtark/tarkbot/ros2_ws/install/rplidar_ros/share/rplidar_ros/local_setup.dsv
[6.102s] -- Installing: /home/xtark/tarkbot/ros2_ws/install/rplidar_ros/share/rplidar_ros/package.dsv
[6.103s] -- Up-to-date: /home/xtark/tarkbot/ros2_ws/install/rplidar_ros/share/ament_index/resource_index/packages/rplidar_ros
[6.104s] -- Up-to-date: /home/xtark/tarkbot/ros2_ws/install/rplidar_ros/share/rplidar_ros/cmake/rplidar_rosConfig.cmake
[6.106s] -- Up-to-date: /home/xtark/tarkbot/ros2_ws/install/rplidar_ros/share/rplidar_ros/cmake/rplidar_rosConfig-version.cmake
[6.108s] -- Up-to-date: /home/xtark/tarkbot/ros2_ws/install/rplidar_ros/share/rplidar_ros/package.xml
[6.697s] Invoked command in '/home/xtark/tarkbot/ros2_ws/build/rplidar_ros' returned '0': CMAKE_PREFIX_PATH=${CMAKE_PREFIX_PATH}:/opt/ros/foxy /usr/bin/cmake --install /home/xtark/tarkbot/ros2_ws/build/rplidar_ros
