[01m[K/home/xtark/tarkbot/ros2_ws/src/tarkbot_package/tarkbot_lidar/xtlidar_ros/src/udp_reader.cpp:[m[K In function ‘[01m[Kbool send_cmd_udp_f(int, const char*, int, int, int, int, const void*, bool)[m[K’:
[01m[K/home/xtark/tarkbot/ros2_ws/src/tarkbot_package/tarkbot_lidar/xtlidar_ros/src/udp_reader.cpp:104:6:[m[K [01;35m[Kwarning: [m[Kunused variable ‘[01m[Kn[m[K’ [[01;35m[K-Wunused-variable[m[K]
  104 |  int [01;35m[Kn[m[K = sizeof(CmdHeader);
      |      [01;35m[K^[m[K
[01m[K/home/xtark/tarkbot/ros2_ws/src/tarkbot_package/tarkbot_lidar/xtlidar_ros/src/udp_reader.cpp:[m[K In function ‘[01m[Kbool udp_talk(void*, int, const char*, int, const char*, int, char*)[m[K’:
[01m[K/home/xtark/tarkbot/ros2_ws/src/tarkbot_package/tarkbot_lidar/xtlidar_ros/src/udp_reader.cpp:147:6:[m[K [01;35m[Kwarning: [m[Kunused variable ‘[01m[Krt[m[K’ [[01;35m[K-Wunused-variable[m[K]
  147 |  int [01;35m[Krt[m[K = send_cmd_udp(fd_udp, info->lidar_ip, info->lidar_port, 0x0043, sn, n, cmd);
      |      [01;35m[K^~[m[K
[01m[K/home/xtark/tarkbot/ros2_ws/src/tarkbot_package/tarkbot_lidar/xtlidar_ros/src/udp_reader.cpp:[m[K In function ‘[01m[Kvoid* UdpThreadProc(void*)[m[K’:
[01m[K/home/xtark/tarkbot/ros2_ws/src/tarkbot_package/tarkbot_lidar/xtlidar_ros/src/udp_reader.cpp:209:6:[m[K [01;35m[Kwarning: [m[Kunused variable ‘[01m[Krt[m[K’ [[01;35m[K-Wunused-variable[m[K]
  209 |  int [01;35m[Krt[m[K = send_cmd_udp(fd_udp, info->lidar_ip, info->lidar_port, 0x0043, rand(), 6, cmd);
      |      [01;35m[K^~[m[K
[01m[K/home/xtark/tarkbot/ros2_ws/src/tarkbot_package/tarkbot_lidar/xtlidar_ros/src/parser.cpp:[m[K In function ‘[01m[KFanSegment* GetFanSegment(const RawDataHdr7&, uint8_t*, bool)[m[K’:
[01m[K/home/xtark/tarkbot/ros2_ws/src/tarkbot_package/tarkbot_lidar/xtlidar_ros/src/parser.cpp:237:78:[m[K [01;35m[Kwarning: [m[Kunused parameter ‘[01m[Kwith_chk[m[K’ [[01;35m[K-Wunused-parameter[m[K]
  237 | static FanSegment* GetFanSegment(const RawDataHdr7& hdr, uint8_t* pdat, [01;35m[Kbool with_chk[m[K)
      |                                                                         [01;35m[K~~~~~^~~~~~~~[m[K
[01m[K/home/xtark/tarkbot/ros2_ws/src/tarkbot_package/tarkbot_lidar/xtlidar_ros/src/parser.cpp:[m[K In function ‘[01m[KRawData* GetData0xC7(Parser*, const RawDataHdr7&, uint8_t*)[m[K’:
[01m[K/home/xtark/tarkbot/ros2_ws/src/tarkbot_package/tarkbot_lidar/xtlidar_ros/src/parser.cpp:347:21:[m[K [01;35m[Kwarning: [m[Kcomparison of integer expressions of different signedness: ‘[01m[Kuint32_t[m[K’ {aka ‘[01m[Kunsigned int[m[K’} and ‘[01m[Kint[m[K’ [[01;35m[K-Wsign-compare[m[K]
  347 |  if (parser->dev_id != ANYONE && hdr.dev_id != parser->dev_id) {
[01m[K/home/xtark/tarkbot/ros2_ws/src/tarkbot_package/tarkbot_lidar/xtlidar_ros/src/parser.cpp:410:10:[m[K [01;35m[Kwarning: [m[Kcomparison of integer expressions of different signedness: ‘[01m[Kint[m[K’ and ‘[01m[Klong unsigned int[m[K’ [[01;35m[K-Wsign-compare[m[K]
  410 |    if ([01;35m[KN > sizeof(dat->points)/sizeof(dat->points[0])[m[K )
      |        [01;35m[K~~^~~~~~~~~~~~~~~~~~~~~~~~~~~~~~~~~~~~~~~~~~~~[m[K
[01m[K/home/xtark/tarkbot/ros2_ws/src/tarkbot_package/tarkbot_lidar/xtlidar_ros/src/parser.cpp:[m[K In function ‘[01m[Kint ParserRun(HParser, int, unsigned char*, RawData**)[m[K’:
[01m[K/home/xtark/tarkbot/ros2_ws/src/tarkbot_package/tarkbot_lidar/xtlidar_ros/src/parser.cpp:841:11:[m[K [01;35m[Kwarning: [m[Kcomparison of integer expressions of different signedness: ‘[01m[Kint[m[K’ and ‘[01m[Klong unsigned int[m[K’ [[01;35m[K-Wsign-compare[m[K]
  841 |   if ([01;35m[Klen >= hdr.len + sizeof(PacketUart)[m[K )
      |       [01;35m[K~~~~^~~~~~~~~~~~~~~~~~~~~~~~~~~~~~~[m[K
[01m[K/home/xtark/tarkbot/ros2_ws/src/tarkbot_package/tarkbot_lidar/xtlidar_ros/src/parser.cpp:843:23:[m[K [01;35m[Kwarning: [m[Kcomparison of integer expressions of different signedness: ‘[01m[Kuint32_t[m[K’ {aka ‘[01m[Kunsigned int[m[K’} and ‘[01m[Kint[m[K’ [[01;35m[K-Wsign-compare[m[K]
  843 |    if (parser->dev_id != ANYONE && hdr.dev_id != parser->dev_id) {
