[4.200s] Invoking command in '/home/xtark/tarkbot/ros2_ws/build/xtlidar_ros': CMAKE_PREFIX_PATH=${CMAKE_PREFIX_PATH}:/opt/ros/foxy /usr/bin/cmake --build /home/xtark/tarkbot/ros2_ws/build/xtlidar_ros -- -j4 -l4
[6.714s] [100%] Built target xtlidar_driver2_node
[6.793s] Invoked command in '/home/xtark/tarkbot/ros2_ws/build/xtlidar_ros' returned '0': CMAKE_PREFIX_PATH=${CMAKE_PREFIX_PATH}:/opt/ros/foxy /usr/bin/cmake --build /home/xtark/tarkbot/ros2_ws/build/xtlidar_ros -- -j4 -l4
[9.081s] Invoking command in '/home/xtark/tarkbot/ros2_ws/build/xtlidar_ros': CMAKE_PREFIX_PATH=${CMAKE_PREFIX_PATH}:/opt/ros/foxy /usr/bin/cmake --install /home/xtark/tarkbot/ros2_ws/build/xtlidar_ros
[9.200s] -- Install configuration: "Release"
[9.201s] -- Up-to-date: /home/xtark/tarkbot/ros2_ws/install/xtlidar_ros/lib/xtlidar_ros/xtlidar_driver2_node
[9.202s] -- Up-to-date: /home/xtark/tarkbot/ros2_ws/install/xtlidar_ros/share/xtlidar_ros/launch
[9.203s] -- Up-to-date: /home/xtark/tarkbot/ros2_ws/install/xtlidar_ros/share/xtlidar_ros/launch/tarkbot_xtlidar_e300.launch.py
[9.204s] -- Up-to-date: /home/xtark/tarkbot/ros2_ws/install/xtlidar_ros/share/xtlidar_ros/params
[9.204s] -- Up-to-date: /home/xtark/tarkbot/ros2_ws/install/xtlidar_ros/share/xtlidar_ros/params/XTLIDAR_E300.yaml
[9.205s] -- Up-to-date: /home/xtark/tarkbot/ros2_ws/install/xtlidar_ros/share/ament_index/resource_index/package_run_dependencies/xtlidar_ros
[9.206s] -- Up-to-date: /home/xtark/tarkbot/ros2_ws/install/xtlidar_ros/share/ament_index/resource_index/parent_prefix_path/xtlidar_ros
[9.207s] -- Up-to-date: /home/xtark/tarkbot/ros2_ws/install/xtlidar_ros/share/xtlidar_ros/environment/ament_prefix_path.sh
[9.208s] -- Up-to-date: /home/xtark/tarkbot/ros2_ws/install/xtlidar_ros/share/xtlidar_ros/environment/ament_prefix_path.dsv
[9.208s] -- Up-to-date: /home/xtark/tarkbot/ros2_ws/install/xtlidar_ros/share/xtlidar_ros/environment/path.sh
[9.209s] -- Up-to-date: /home/xtark/tarkbot/ros2_ws/install/xtlidar_ros/share/xtlidar_ros/environment/path.dsv
[9.210s] -- Up-to-date: /home/xtark/tarkbot/ros2_ws/install/xtlidar_ros/share/xtlidar_ros/local_setup.bash
[9.210s] -- Up-to-date: /home/xtark/tarkbot/ros2_ws/install/xtlidar_ros/share/xtlidar_ros/local_setup.sh
[9.211s] -- Up-to-date: /home/xtark/tarkbot/ros2_ws/install/xtlidar_ros/share/xtlidar_ros/local_setup.zsh
[9.211s] -- Up-to-date: /home/xtark/tarkbot/ros2_ws/install/xtlidar_ros/share/xtlidar_ros/local_setup.dsv
[9.212s] -- Installing: /home/xtark/tarkbot/ros2_ws/install/xtlidar_ros/share/xtlidar_ros/package.dsv
[9.213s] -- Up-to-date: /home/xtark/tarkbot/ros2_ws/install/xtlidar_ros/share/ament_index/resource_index/packages/xtlidar_ros
[9.213s] -- Up-to-date: /home/xtark/tarkbot/ros2_ws/install/xtlidar_ros/share/xtlidar_ros/cmake/xtlidar_rosConfig.cmake
[9.214s] -- Up-to-date: /home/xtark/tarkbot/ros2_ws/install/xtlidar_ros/share/xtlidar_ros/cmake/xtlidar_rosConfig-version.cmake
[9.221s] -- Up-to-date: /home/xtark/tarkbot/ros2_ws/install/xtlidar_ros/share/xtlidar_ros/package.xml
[11.367s] Invoked command in '/home/xtark/tarkbot/ros2_ws/build/xtlidar_ros' returned '0': CMAKE_PREFIX_PATH=${CMAKE_PREFIX_PATH}:/opt/ros/foxy /usr/bin/cmake --install /home/xtark/tarkbot/ros2_ws/build/xtlidar_ros
