[2.245s] Invoking command in '/home/xtark/tarkbot/ros2_ws/build/orbbec_camera': CMAKE_PREFIX_PATH=/home/xtark/tarkbot/ros2_ws/install/orbbec_camera_msgs:/home/xtark/tarkbot/ros2_ws/install/xtlidar_ros:/home/xtark/tarkbot/ros2_ws/install/tarkbot_slam:/home/xtark/tarkbot/ros2_ws/install/tarkbot_robot:/home/xtark/tarkbot/ros2_ws/install/tarkbot_nav:/home/xtark/tarkbot/ros2_ws/install/tarkbot_description:/home/xtark/tarkbot/ros2_ws/install/rplidar_ros:/home/xtark/tarkbot/ros2_ws/install/orbbec_description:/home/xtark/tarkbot/ros2_ws/install/orbbec_camera:/home/xtark/tarkbot/ros2_ws/install/m1ct_d2:/home/xtark/tarkbot/ros2_ws/install/ldlidar_stl_ros2:/home/xtark/tarkbot/ros2_ws/install/lakibeam1:/opt/ros/foxy LD_LIBRARY_PATH=/home/xtark/tarkbot/ros2_ws/install/orbbec_camera_msgs/lib:/home/xtark/tarkbot/ros2_ws/install/orbbec_camera/lib:/opt/ros/foxy/opt/yaml_cpp_vendor/lib:/opt/ros/foxy/opt/rviz_ogre_vendor/lib:/opt/ros/foxy/lib/aarch64-linux-gnu:/opt/ros/foxy/lib /usr/bin/cmake --build /home/xtark/tarkbot/ros2_ws/build/orbbec_camera -- -j4 -l4
[3.235s] [ 11%] Built target orbbec_camera_node
[3.246s] [ 66%] Built target orbbec_camera
[3.247s] [ 77%] Built target list_devices_node
[3.247s] [ 88%] Built target list_depth_work_mode_node
[3.248s] [100%] Built target list_camera_profile_mode_node
[3.815s] Invoked command in '/home/xtark/tarkbot/ros2_ws/build/orbbec_camera' returned '0': CMAKE_PREFIX_PATH=/home/xtark/tarkbot/ros2_ws/install/orbbec_camera_msgs:/home/xtark/tarkbot/ros2_ws/install/xtlidar_ros:/home/xtark/tarkbot/ros2_ws/install/tarkbot_slam:/home/xtark/tarkbot/ros2_ws/install/tarkbot_robot:/home/xtark/tarkbot/ros2_ws/install/tarkbot_nav:/home/xtark/tarkbot/ros2_ws/install/tarkbot_description:/home/xtark/tarkbot/ros2_ws/install/rplidar_ros:/home/xtark/tarkbot/ros2_ws/install/orbbec_description:/home/xtark/tarkbot/ros2_ws/install/orbbec_camera:/home/xtark/tarkbot/ros2_ws/install/m1ct_d2:/home/xtark/tarkbot/ros2_ws/install/ldlidar_stl_ros2:/home/xtark/tarkbot/ros2_ws/install/lakibeam1:/opt/ros/foxy LD_LIBRARY_PATH=/home/xtark/tarkbot/ros2_ws/install/orbbec_camera_msgs/lib:/home/xtark/tarkbot/ros2_ws/install/orbbec_camera/lib:/opt/ros/foxy/opt/yaml_cpp_vendor/lib:/opt/ros/foxy/opt/rviz_ogre_vendor/lib:/opt/ros/foxy/lib/aarch64-linux-gnu:/opt/ros/foxy/lib /usr/bin/cmake --build /home/xtark/tarkbot/ros2_ws/build/orbbec_camera -- -j4 -l4
[4.790s] Invoking command in '/home/xtark/tarkbot/ros2_ws/build/orbbec_camera': CMAKE_PREFIX_PATH=/home/xtark/tarkbot/ros2_ws/install/orbbec_camera_msgs:/home/xtark/tarkbot/ros2_ws/install/xtlidar_ros:/home/xtark/tarkbot/ros2_ws/install/tarkbot_slam:/home/xtark/tarkbot/ros2_ws/install/tarkbot_robot:/home/xtark/tarkbot/ros2_ws/install/tarkbot_nav:/home/xtark/tarkbot/ros2_ws/install/tarkbot_description:/home/xtark/tarkbot/ros2_ws/install/rplidar_ros:/home/xtark/tarkbot/ros2_ws/install/orbbec_description:/home/xtark/tarkbot/ros2_ws/install/orbbec_camera:/home/xtark/tarkbot/ros2_ws/install/m1ct_d2:/home/xtark/tarkbot/ros2_ws/install/ldlidar_stl_ros2:/home/xtark/tarkbot/ros2_ws/install/lakibeam1:/opt/ros/foxy LD_LIBRARY_PATH=/home/xtark/tarkbot/ros2_ws/install/orbbec_camera_msgs/lib:/home/xtark/tarkbot/ros2_ws/install/orbbec_camera/lib:/opt/ros/foxy/opt/yaml_cpp_vendor/lib:/opt/ros/foxy/opt/rviz_ogre_vendor/lib:/opt/ros/foxy/lib/aarch64-linux-gnu:/opt/ros/foxy/lib /usr/bin/cmake --install /home/xtark/tarkbot/ros2_ws/build/orbbec_camera
[4.827s] -- Install configuration: "Release"
[4.828s] -- Up-to-date: /home/xtark/tarkbot/ros2_ws/install/orbbec_camera/lib/orbbec_camera/orbbec_camera_node
[4.830s] -- Up-to-date: /home/xtark/tarkbot/ros2_ws/install/orbbec_camera/lib/liborbbec_camera.so
[4.831s] -- Up-to-date: /home/xtark/tarkbot/ros2_ws/install/orbbec_camera/include
[4.832s] -- Installing: /home/xtark/tarkbot/ros2_ws/install/orbbec_camera/include/openni2
[4.832s] -- Installing: /home/xtark/tarkbot/ros2_ws/install/orbbec_camera/include/openni2/Win32
[4.833s] -- Installing: /home/xtark/tarkbot/ros2_ws/install/orbbec_camera/include/openni2/Win32/OniPlatformWin32.h
[4.834s] -- Installing: /home/xtark/tarkbot/ros2_ws/install/orbbec_camera/include/openni2/OniVersion.h
[4.834s] -- Installing: /home/xtark/tarkbot/ros2_ws/install/orbbec_camera/include/openni2/util.h
[4.835s] -- Installing: /home/xtark/tarkbot/ros2_ws/install/orbbec_camera/include/openni2/OniCEnums.h
[4.836s] -- Installing: /home/xtark/tarkbot/ros2_ws/install/orbbec_camera/include/openni2/PS1080.h
[4.837s] -- Installing: /home/xtark/tarkbot/ros2_ws/install/orbbec_camera/include/openni2/PSLink.h
[4.838s] -- Installing: /home/xtark/tarkbot/ros2_ws/install/orbbec_camera/include/openni2/PrimeSense.h
[4.839s] -- Installing: /home/xtark/tarkbot/ros2_ws/install/orbbec_camera/include/openni2/Driver
[4.839s] -- Installing: /home/xtark/tarkbot/ros2_ws/install/orbbec_camera/include/openni2/Driver/OniDriverTypes.h
[4.840s] -- Installing: /home/xtark/tarkbot/ros2_ws/install/orbbec_camera/include/openni2/Driver/OniDriverAPI.h
[4.841s] -- Installing: /home/xtark/tarkbot/ros2_ws/install/orbbec_camera/include/openni2/OniCProperties.h
[4.841s] -- Installing: /home/xtark/tarkbot/ros2_ws/install/orbbec_camera/include/openni2/OniEnums.h
[4.842s] -- Installing: /home/xtark/tarkbot/ros2_ws/install/orbbec_camera/include/openni2/OniProperties.h
[4.843s] -- Installing: /home/xtark/tarkbot/ros2_ws/install/orbbec_camera/include/openni2/OniTest.h
[4.844s] -- Installing: /home/xtark/tarkbot/ros2_ws/install/orbbec_camera/include/openni2/OniPlatform.h
[4.844s] -- Installing: /home/xtark/tarkbot/ros2_ws/install/orbbec_camera/include/openni2/SonixCamera.h
[4.845s] -- Installing: /home/xtark/tarkbot/ros2_ws/install/orbbec_camera/include/openni2/OniCAPI.h
[4.846s] -- Installing: /home/xtark/tarkbot/ros2_ws/install/orbbec_camera/include/openni2/OpenNI.h
[4.848s] -- Installing: /home/xtark/tarkbot/ros2_ws/install/orbbec_camera/include/openni2/Linux-x86
[4.848s] -- Installing: /home/xtark/tarkbot/ros2_ws/install/orbbec_camera/include/openni2/Linux-x86/OniPlatformLinux-x86.h
[4.849s] -- Installing: /home/xtark/tarkbot/ros2_ws/install/orbbec_camera/include/openni2/Android-Arm
[4.849s] -- Installing: /home/xtark/tarkbot/ros2_ws/install/orbbec_camera/include/openni2/Android-Arm/OniPlatformAndroid-Arm.h
[4.850s] -- Installing: /home/xtark/tarkbot/ros2_ws/install/orbbec_camera/include/openni2/OniCTypes.h
[4.851s] -- Installing: /home/xtark/tarkbot/ros2_ws/install/orbbec_camera/include/openni2/Linux-Arm
[4.852s] -- Installing: /home/xtark/tarkbot/ros2_ws/install/orbbec_camera/include/openni2/Linux-Arm/OniPlatformLinux-Arm.h
[4.852s] -- Installing: /home/xtark/tarkbot/ros2_ws/install/orbbec_camera/include/openni2/MacOSX
[4.853s] -- Installing: /home/xtark/tarkbot/ros2_ws/install/orbbec_camera/include/openni2/MacOSX/OniPlatformMacOSX.h
[4.854s] -- Installing: /home/xtark/tarkbot/ros2_ws/install/orbbec_camera/include/openni2/KinectProperties.h
[4.855s] -- Up-to-date: /home/xtark/tarkbot/ros2_ws/install/orbbec_camera/include/magic_enum
[4.855s] -- Up-to-date: /home/xtark/tarkbot/ros2_ws/install/orbbec_camera/include/magic_enum/magic_enum.hpp
[4.855s] -- Installing: /home/xtark/tarkbot/ros2_ws/install/orbbec_camera/include/libuvc_camera
[4.856s] -- Installing: /home/xtark/tarkbot/ros2_ws/install/orbbec_camera/include/libuvc_camera/camera_driver.h
[4.856s] -- Up-to-date: /home/xtark/tarkbot/ros2_ws/install/orbbec_camera/include/orbbec_camera
[4.857s] -- Up-to-date: /home/xtark/tarkbot/ros2_ws/install/orbbec_camera/include/orbbec_camera/jetson_nv_decoder.h
[4.857s] -- Up-to-date: /home/xtark/tarkbot/ros2_ws/install/orbbec_camera/include/orbbec_camera/synced_imu_publisher.h
[4.858s] -- Up-to-date: /home/xtark/tarkbot/ros2_ws/install/orbbec_camera/include/orbbec_camera/d2c_viewer.h
[4.858s] -- Up-to-date: /home/xtark/tarkbot/ros2_ws/install/orbbec_camera/include/orbbec_camera/jpeg_decoder.h
[4.859s] -- Up-to-date: /home/xtark/tarkbot/ros2_ws/install/orbbec_camera/include/orbbec_camera/dynamic_params.h
[4.859s] -- Up-to-date: /home/xtark/tarkbot/ros2_ws/install/orbbec_camera/include/orbbec_camera/ros_param_backend.h
[4.859s] -- Up-to-date: /home/xtark/tarkbot/ros2_ws/install/orbbec_camera/include/orbbec_camera/rk_mpp_decoder.h
[4.860s] -- Up-to-date: /home/xtark/tarkbot/ros2_ws/install/orbbec_camera/include/orbbec_camera/utils.h
[4.860s] -- Up-to-date: /home/xtark/tarkbot/ros2_ws/install/orbbec_camera/include/orbbec_camera/ob_camera_node_driver.h
[4.860s] -- Up-to-date: /home/xtark/tarkbot/ros2_ws/install/orbbec_camera/include/orbbec_camera/constants.h
[4.861s] -- Up-to-date: /home/xtark/tarkbot/ros2_ws/install/orbbec_camera/include/orbbec_camera/ob_camera_node.h
[4.861s] -- Installing: /home/xtark/tarkbot/ros2_ws/install/orbbec_camera/include/astra_camera
[4.861s] -- Installing: /home/xtark/tarkbot/ros2_ws/install/orbbec_camera/include/astra_camera/astra_exception.h
[4.862s] -- Installing: /home/xtark/tarkbot/ros2_ws/install/orbbec_camera/include/astra_camera/astra_frame_listener.h
[4.862s] -- Installing: /home/xtark/tarkbot/ros2_ws/install/orbbec_camera/include/astra_camera/astra_convert.h
[4.863s] -- Installing: /home/xtark/tarkbot/ros2_ws/install/orbbec_camera/include/astra_camera/astra_device_type.h
[4.863s] -- Installing: /home/xtark/tarkbot/ros2_ws/install/orbbec_camera/include/astra_camera/astra_version.h
[4.863s] -- Installing: /home/xtark/tarkbot/ros2_ws/install/orbbec_camera/include/astra_camera/astra_video_mode.h
[4.864s] -- Installing: /home/xtark/tarkbot/ros2_ws/install/orbbec_camera/include/astra_camera/astra_driver.h
[4.865s] -- Installing: /home/xtark/tarkbot/ros2_ws/install/orbbec_camera/include/astra_camera/astra_device_info.h
[4.866s] -- Installing: /home/xtark/tarkbot/ros2_ws/install/orbbec_camera/include/astra_camera/astra_device_manager.h
[4.867s] -- Installing: /home/xtark/tarkbot/ros2_ws/install/orbbec_camera/include/astra_camera/astra_timer_filter.h
[4.867s] -- Installing: /home/xtark/tarkbot/ros2_ws/install/orbbec_camera/include/astra_camera/astra_device.h
[4.868s] -- Installing: /home/xtark/tarkbot/ros2_ws/install/orbbec_camera/include/openni2_redist
[4.869s] -- Installing: /home/xtark/tarkbot/ros2_ws/install/orbbec_camera/include/openni2_redist/x64
[4.869s] -- Installing: /home/xtark/tarkbot/ros2_ws/install/orbbec_camera/include/openni2_redist/x64/libOpenNI2.so
[4.873s] -- Installing: /home/xtark/tarkbot/ros2_ws/install/orbbec_camera/include/openni2_redist/x64/libDepthUtils.a
[4.874s] -- Installing: /home/xtark/tarkbot/ros2_ws/install/orbbec_camera/include/openni2_redist/x64/PS1080Console
[4.877s] -- Installing: /home/xtark/tarkbot/ros2_ws/install/orbbec_camera/include/openni2_redist/x64/OpenNI.ini
[4.878s] -- Installing: /home/xtark/tarkbot/ros2_ws/install/orbbec_camera/include/openni2_redist/x64/OpenNI2
[4.878s] -- Installing: /home/xtark/tarkbot/ros2_ws/install/orbbec_camera/include/openni2_redist/x64/OpenNI2/Drivers
[4.879s] -- Installing: /home/xtark/tarkbot/ros2_ws/install/orbbec_camera/include/openni2_redist/x64/OpenNI2/Drivers/OniFile.ini
[4.880s] -- Installing: /home/xtark/tarkbot/ros2_ws/install/orbbec_camera/include/openni2_redist/x64/OpenNI2/Drivers/libOniFile.so
[4.883s] -- Installing: /home/xtark/tarkbot/ros2_ws/install/orbbec_camera/include/openni2_redist/x64/OpenNI2/Drivers/liborbbec.so
[4.893s] -- Installing: /home/xtark/tarkbot/ros2_ws/install/orbbec_camera/include/openni2_redist/x64/OpenNI2/Drivers/orbbec.ini
[4.894s] -- Installing: /home/xtark/tarkbot/ros2_ws/install/orbbec_camera/include/openni2_redist/x64/NiViewer
[4.898s] -- Installing: /home/xtark/tarkbot/ros2_ws/install/orbbec_camera/include/openni2_redist/x64/SimpleRead
[4.924s] -- Installing: /home/xtark/tarkbot/ros2_ws/install/orbbec_camera/include/openni2_redist/arm64
[4.924s] -- Installing: /home/xtark/tarkbot/ros2_ws/install/orbbec_camera/include/openni2_redist/arm64/libOpenNI2.so
[4.925s] -- Installing: /home/xtark/tarkbot/ros2_ws/install/orbbec_camera/include/openni2_redist/arm64/libDepthUtils.a
[4.925s] -- Installing: /home/xtark/tarkbot/ros2_ws/install/orbbec_camera/include/openni2_redist/arm64/PS1080Console
[4.926s] -- Installing: /home/xtark/tarkbot/ros2_ws/install/orbbec_camera/include/openni2_redist/arm64/OpenNI.ini
[4.926s] -- Installing: /home/xtark/tarkbot/ros2_ws/install/orbbec_camera/include/openni2_redist/arm64/OpenNI2
[4.927s] -- Installing: /home/xtark/tarkbot/ros2_ws/install/orbbec_camera/include/openni2_redist/arm64/OpenNI2/Drivers
[4.927s] -- Installing: /home/xtark/tarkbot/ros2_ws/install/orbbec_camera/include/openni2_redist/arm64/OpenNI2/Drivers/OniFile.ini
[4.927s] -- Installing: /home/xtark/tarkbot/ros2_ws/install/orbbec_camera/include/openni2_redist/arm64/OpenNI2/Drivers/libOniFile.so
[4.928s] -- Installing: /home/xtark/tarkbot/ros2_ws/install/orbbec_camera/include/openni2_redist/arm64/OpenNI2/Drivers/liborbbec.so
[4.928s] -- Installing: /home/xtark/tarkbot/ros2_ws/install/orbbec_camera/include/openni2_redist/arm64/OpenNI2/Drivers/orbbec.ini
[4.929s] -- Installing: /home/xtark/tarkbot/ros2_ws/install/orbbec_camera/include/openni2_redist/arm64/NiViewer
[4.929s] -- Installing: /home/xtark/tarkbot/ros2_ws/install/orbbec_camera/include/openni2_redist/arm64/SimpleRead
[4.930s] -- Installing: /home/xtark/tarkbot/ros2_ws/install/orbbec_camera/include/openni2_redist/arm
[4.934s] -- Installing: /home/xtark/tarkbot/ros2_ws/install/orbbec_camera/include/openni2_redist/arm/libOpenNI2.so
[4.935s] -- Installing: /home/xtark/tarkbot/ros2_ws/install/orbbec_camera/include/openni2_redist/arm/libDepthUtils.a
[4.936s] -- Installing: /home/xtark/tarkbot/ros2_ws/install/orbbec_camera/include/openni2_redist/arm/PS1080Console
[4.938s] -- Installing: /home/xtark/tarkbot/ros2_ws/install/orbbec_camera/include/openni2_redist/arm/OpenNI.ini
[4.939s] -- Installing: /home/xtark/tarkbot/ros2_ws/install/orbbec_camera/include/openni2_redist/arm/OpenNI2
[4.939s] -- Installing: /home/xtark/tarkbot/ros2_ws/install/orbbec_camera/include/openni2_redist/arm/OpenNI2/Drivers
[4.940s] -- Installing: /home/xtark/tarkbot/ros2_ws/install/orbbec_camera/include/openni2_redist/arm/OpenNI2/Drivers/OniFile.ini
[4.941s] -- Installing: /home/xtark/tarkbot/ros2_ws/install/orbbec_camera/include/openni2_redist/arm/OpenNI2/Drivers/libOniFile.so
[4.947s] -- Installing: /home/xtark/tarkbot/ros2_ws/install/orbbec_camera/include/openni2_redist/arm/OpenNI2/Drivers/liborbbec.so
[4.954s] -- Installing: /home/xtark/tarkbot/ros2_ws/install/orbbec_camera/include/openni2_redist/arm/OpenNI2/Drivers/orbbec.ini
[4.955s] -- Installing: /home/xtark/tarkbot/ros2_ws/install/orbbec_camera/include/openni2_redist/arm/NiViewer
[4.959s] -- Installing: /home/xtark/tarkbot/ros2_ws/install/orbbec_camera/include/openni2_redist/arm/SimpleRead
[4.960s] -- Up-to-date: /home/xtark/tarkbot/ros2_ws/install/orbbec_camera/share/orbbec_camera//launch
[4.961s] -- Up-to-date: /home/xtark/tarkbot/ros2_ws/install/orbbec_camera/share/orbbec_camera//launch/femto_mega.launch.py
[4.961s] -- Up-to-date: /home/xtark/tarkbot/ros2_ws/install/orbbec_camera/share/orbbec_camera//launch/gemini2L.launch.py
[4.962s] -- Up-to-date: /home/xtark/tarkbot/ros2_ws/install/orbbec_camera/share/orbbec_camera//launch/astra_stereo_u3.launch.py
[4.963s] -- Up-to-date: /home/xtark/tarkbot/ros2_ws/install/orbbec_camera/share/orbbec_camera//launch/dabai_d1.launch.py
[4.964s] -- Up-to-date: /home/xtark/tarkbot/ros2_ws/install/orbbec_camera/share/orbbec_camera//launch/gemini2VL.launch.py
[4.964s] -- Up-to-date: /home/xtark/tarkbot/ros2_ws/install/orbbec_camera/share/orbbec_camera//launch/dabai_dcw.launch.py
[4.965s] -- Up-to-date: /home/xtark/tarkbot/ros2_ws/install/orbbec_camera/share/orbbec_camera//launch/dabai_dcw2.launch.py
[4.965s] -- Up-to-date: /home/xtark/tarkbot/ros2_ws/install/orbbec_camera/share/orbbec_camera//launch/dabai_dw.launch.py
[4.966s] -- Up-to-date: /home/xtark/tarkbot/ros2_ws/install/orbbec_camera/share/orbbec_camera//launch/gemini2.launch.py
[4.966s] -- Up-to-date: /home/xtark/tarkbot/ros2_ws/install/orbbec_camera/share/orbbec_camera//launch/gemini_e_lite.launch.py
[4.967s] -- Up-to-date: /home/xtark/tarkbot/ros2_ws/install/orbbec_camera/share/orbbec_camera//launch/femto.launch.py
[4.967s] -- Up-to-date: /home/xtark/tarkbot/ros2_ws/install/orbbec_camera/share/orbbec_camera//launch/dabai.launch.py
[4.968s] -- Up-to-date: /home/xtark/tarkbot/ros2_ws/install/orbbec_camera/share/orbbec_camera//launch/astra2.launch.py
[4.968s] -- Up-to-date: /home/xtark/tarkbot/ros2_ws/install/orbbec_camera/share/orbbec_camera//launch/dabai_pro.launch.py
[4.969s] -- Up-to-date: /home/xtark/tarkbot/ros2_ws/install/orbbec_camera/share/orbbec_camera//launch/gemini_e.launch.py
[4.969s] -- Up-to-date: /home/xtark/tarkbot/ros2_ws/install/orbbec_camera/share/orbbec_camera//launch/astra.launch.py
[4.969s] -- Up-to-date: /home/xtark/tarkbot/ros2_ws/install/orbbec_camera/share/orbbec_camera//launch/ob_camera.launch.py
[4.970s] -- Up-to-date: /home/xtark/tarkbot/ros2_ws/install/orbbec_camera/share/orbbec_camera//launch/multi_camera.launch.py
[4.970s] -- Up-to-date: /home/xtark/tarkbot/ros2_ws/install/orbbec_camera/share/orbbec_camera//launch/deeya.launch.py
[4.971s] -- Up-to-date: /home/xtark/tarkbot/ros2_ws/install/orbbec_camera/share/orbbec_camera//launch/gemini2XL.launch.py
[4.971s] -- Up-to-date: /home/xtark/tarkbot/ros2_ws/install/orbbec_camera/share/orbbec_camera//launch/femto_bolt.launch.py
[4.972s] -- Up-to-date: /home/xtark/tarkbot/ros2_ws/install/orbbec_camera/share/orbbec_camera//launch/astra_embedded_s.launch.py
[4.972s] -- Up-to-date: /home/xtark/tarkbot/ros2_ws/install/orbbec_camera/share/orbbec_camera//launch/dabai_max.launch.py
[4.972s] -- Up-to-date: /home/xtark/tarkbot/ros2_ws/install/orbbec_camera/share/orbbec_camera//launch/astra_adv.launch.py
[4.973s] -- Up-to-date: /home/xtark/tarkbot/ros2_ws/install/orbbec_camera/share/orbbec_camera//config
[4.973s] -- Up-to-date: /home/xtark/tarkbot/ros2_ws/install/orbbec_camera/share/orbbec_camera//config/.gitkeep
[4.974s] -- Up-to-date: /home/xtark/tarkbot/ros2_ws/install/orbbec_camera/share/orbbec_camera//config/depthfilter
[4.974s] -- Up-to-date: /home/xtark/tarkbot/ros2_ws/install/orbbec_camera/share/orbbec_camera//config/depthfilter/Gemini2_v1.7.json
[4.975s] -- Up-to-date: /home/xtark/tarkbot/ros2_ws/install/orbbec_camera/share/orbbec_camera//config/depthfilter/Openni_device.json
[4.976s] -- Up-to-date: /home/xtark/tarkbot/ros2_ws/install/orbbec_camera/share/orbbec_camera//config/OrbbecSDKConfig_v1.0.xml
[4.976s] -- Up-to-date: /home/xtark/tarkbot/ros2_ws/install/orbbec_camera/include
[4.977s] -- Up-to-date: /home/xtark/tarkbot/ros2_ws/install/orbbec_camera/include/libobsensor
[4.977s] -- Up-to-date: /home/xtark/tarkbot/ros2_ws/install/orbbec_camera/include/libobsensor/ObSensor.h
[4.978s] -- Up-to-date: /home/xtark/tarkbot/ros2_ws/install/orbbec_camera/include/libobsensor/ObSensor.hpp
[4.978s] -- Up-to-date: /home/xtark/tarkbot/ros2_ws/install/orbbec_camera/include/libobsensor/h
[4.979s] -- Up-to-date: /home/xtark/tarkbot/ros2_ws/install/orbbec_camera/include/libobsensor/h/Version.h
[4.979s] -- Up-to-date: /home/xtark/tarkbot/ros2_ws/install/orbbec_camera/include/libobsensor/h/StreamProfile.h
[4.980s] -- Up-to-date: /home/xtark/tarkbot/ros2_ws/install/orbbec_camera/include/libobsensor/h/Device.h
[4.980s] -- Up-to-date: /home/xtark/tarkbot/ros2_ws/install/orbbec_camera/include/libobsensor/h/MultipleDevices.h
[4.981s] -- Up-to-date: /home/xtark/tarkbot/ros2_ws/install/orbbec_camera/include/libobsensor/h/Utils.h
[4.981s] -- Up-to-date: /home/xtark/tarkbot/ros2_ws/install/orbbec_camera/include/libobsensor/h/Sensor.h
[4.981s] -- Up-to-date: /home/xtark/tarkbot/ros2_ws/install/orbbec_camera/include/libobsensor/h/Error.h
[4.982s] -- Up-to-date: /home/xtark/tarkbot/ros2_ws/install/orbbec_camera/include/libobsensor/h/Filter.h
[4.982s] -- Up-to-date: /home/xtark/tarkbot/ros2_ws/install/orbbec_camera/include/libobsensor/h/Pipeline.h
[4.982s] -- Up-to-date: /home/xtark/tarkbot/ros2_ws/install/orbbec_camera/include/libobsensor/h/RecordPlayback.h
[4.983s] -- Up-to-date: /home/xtark/tarkbot/ros2_ws/install/orbbec_camera/include/libobsensor/h/Frame.h
[4.983s] -- Up-to-date: /home/xtark/tarkbot/ros2_ws/install/orbbec_camera/include/libobsensor/h/Property.h
[4.984s] -- Up-to-date: /home/xtark/tarkbot/ros2_ws/install/orbbec_camera/include/libobsensor/h/ObTypes.h
[4.984s] -- Up-to-date: /home/xtark/tarkbot/ros2_ws/install/orbbec_camera/include/libobsensor/h/Context.h
[4.984s] -- Up-to-date: /home/xtark/tarkbot/ros2_ws/install/orbbec_camera/include/libobsensor/hpp
[4.985s] -- Up-to-date: /home/xtark/tarkbot/ros2_ws/install/orbbec_camera/include/libobsensor/hpp/Pipeline.hpp
[4.985s] -- Up-to-date: /home/xtark/tarkbot/ros2_ws/install/orbbec_camera/include/libobsensor/hpp/Filter.hpp
[4.986s] -- Up-to-date: /home/xtark/tarkbot/ros2_ws/install/orbbec_camera/include/libobsensor/hpp/Error.hpp
[4.986s] -- Up-to-date: /home/xtark/tarkbot/ros2_ws/install/orbbec_camera/include/libobsensor/hpp/RecordPlayback.hpp
[4.987s] -- Up-to-date: /home/xtark/tarkbot/ros2_ws/install/orbbec_camera/include/libobsensor/hpp/Context.hpp
[4.987s] -- Up-to-date: /home/xtark/tarkbot/ros2_ws/install/orbbec_camera/include/libobsensor/hpp/Utils.hpp
[4.988s] -- Up-to-date: /home/xtark/tarkbot/ros2_ws/install/orbbec_camera/include/libobsensor/hpp/Types.hpp
[4.988s] -- Up-to-date: /home/xtark/tarkbot/ros2_ws/install/orbbec_camera/include/libobsensor/hpp/Device.hpp
[4.989s] -- Up-to-date: /home/xtark/tarkbot/ros2_ws/install/orbbec_camera/include/libobsensor/hpp/Version.hpp
[4.989s] -- Up-to-date: /home/xtark/tarkbot/ros2_ws/install/orbbec_camera/include/libobsensor/hpp/Frame.hpp
[4.989s] -- Up-to-date: /home/xtark/tarkbot/ros2_ws/install/orbbec_camera/include/libobsensor/hpp/Sensor.hpp
[4.990s] -- Up-to-date: /home/xtark/tarkbot/ros2_ws/install/orbbec_camera/include/libobsensor/hpp/StreamProfile.hpp
[4.990s] -- Up-to-date: /home/xtark/tarkbot/ros2_ws/install/orbbec_camera/lib/
[4.991s] -- Up-to-date: /home/xtark/tarkbot/ros2_ws/install/orbbec_camera/lib//libdepthengine.so
[4.991s] -- Up-to-date: /home/xtark/tarkbot/ros2_ws/install/orbbec_camera/lib//libdepthengine.so.2.0
[4.992s] -- Up-to-date: /home/xtark/tarkbot/ros2_ws/install/orbbec_camera/lib//libOrbbecSDK.so
[4.992s] -- Up-to-date: /home/xtark/tarkbot/ros2_ws/install/orbbec_camera/lib//libOrbbecSDK.so.1.9.1
[4.993s] -- Up-to-date: /home/xtark/tarkbot/ros2_ws/install/orbbec_camera/lib//libOrbbecSDK.so.1.9
[4.994s] -- Up-to-date: /home/xtark/tarkbot/ros2_ws/install/orbbec_camera/lib/orbbec_camera/list_devices_node
[4.994s] -- Up-to-date: /home/xtark/tarkbot/ros2_ws/install/orbbec_camera/lib/orbbec_camera/list_depth_work_mode_node
[4.995s] -- Up-to-date: /home/xtark/tarkbot/ros2_ws/install/orbbec_camera/lib/orbbec_camera/list_camera_profile_mode_node
[4.995s] -- Up-to-date: /home/xtark/tarkbot/ros2_ws/install/orbbec_camera/share/orbbec_camera/environment/library_path.sh
[4.996s] -- Up-to-date: /home/xtark/tarkbot/ros2_ws/install/orbbec_camera/share/orbbec_camera/environment/library_path.dsv
[4.997s] -- Up-to-date: /home/xtark/tarkbot/ros2_ws/install/orbbec_camera/share/ament_index/resource_index/package_run_dependencies/orbbec_camera
[4.998s] -- Up-to-date: /home/xtark/tarkbot/ros2_ws/install/orbbec_camera/share/ament_index/resource_index/parent_prefix_path/orbbec_camera
[4.999s] -- Up-to-date: /home/xtark/tarkbot/ros2_ws/install/orbbec_camera/share/orbbec_camera/environment/ament_prefix_path.sh
[5.000s] -- Up-to-date: /home/xtark/tarkbot/ros2_ws/install/orbbec_camera/share/orbbec_camera/environment/ament_prefix_path.dsv
[5.001s] -- Up-to-date: /home/xtark/tarkbot/ros2_ws/install/orbbec_camera/share/orbbec_camera/environment/path.sh
[5.001s] -- Up-to-date: /home/xtark/tarkbot/ros2_ws/install/orbbec_camera/share/orbbec_camera/environment/path.dsv
[5.001s] -- Up-to-date: /home/xtark/tarkbot/ros2_ws/install/orbbec_camera/share/orbbec_camera/local_setup.bash
[5.001s] -- Up-to-date: /home/xtark/tarkbot/ros2_ws/install/orbbec_camera/share/orbbec_camera/local_setup.sh
[5.002s] -- Up-to-date: /home/xtark/tarkbot/ros2_ws/install/orbbec_camera/share/orbbec_camera/local_setup.zsh
[5.002s] -- Up-to-date: /home/xtark/tarkbot/ros2_ws/install/orbbec_camera/share/orbbec_camera/local_setup.dsv
[5.002s] -- Installing: /home/xtark/tarkbot/ros2_ws/install/orbbec_camera/share/orbbec_camera/package.dsv
[5.003s] -- Up-to-date: /home/xtark/tarkbot/ros2_ws/install/orbbec_camera/share/ament_index/resource_index/packages/orbbec_camera
[5.003s] -- Up-to-date: /home/xtark/tarkbot/ros2_ws/install/orbbec_camera/share/ament_index/resource_index/rclcpp_components/orbbec_camera
[5.003s] -- Up-to-date: /home/xtark/tarkbot/ros2_ws/install/orbbec_camera/share/orbbec_camera/cmake/ament_cmake_export_include_directories-extras.cmake
[5.003s] -- Up-to-date: /home/xtark/tarkbot/ros2_ws/install/orbbec_camera/share/orbbec_camera/cmake/ament_cmake_export_libraries-extras.cmake
[5.004s] -- Up-to-date: /home/xtark/tarkbot/ros2_ws/install/orbbec_camera/share/orbbec_camera/cmake/ament_cmake_export_dependencies-extras.cmake
[5.004s] -- Up-to-date: /home/xtark/tarkbot/ros2_ws/install/orbbec_camera/share/orbbec_camera/cmake/orbbec_cameraConfig.cmake
[5.004s] -- Up-to-date: /home/xtark/tarkbot/ros2_ws/install/orbbec_camera/share/orbbec_camera/cmake/orbbec_cameraConfig-version.cmake
[5.004s] -- Up-to-date: /home/xtark/tarkbot/ros2_ws/install/orbbec_camera/share/orbbec_camera/package.xml
[5.005s] Invoked command in '/home/xtark/tarkbot/ros2_ws/build/orbbec_camera' returned '0': CMAKE_PREFIX_PATH=/home/xtark/tarkbot/ros2_ws/install/orbbec_camera_msgs:/home/xtark/tarkbot/ros2_ws/install/xtlidar_ros:/home/xtark/tarkbot/ros2_ws/install/tarkbot_slam:/home/xtark/tarkbot/ros2_ws/install/tarkbot_robot:/home/xtark/tarkbot/ros2_ws/install/tarkbot_nav:/home/xtark/tarkbot/ros2_ws/install/tarkbot_description:/home/xtark/tarkbot/ros2_ws/install/rplidar_ros:/home/xtark/tarkbot/ros2_ws/install/orbbec_description:/home/xtark/tarkbot/ros2_ws/install/orbbec_camera:/home/xtark/tarkbot/ros2_ws/install/m1ct_d2:/home/xtark/tarkbot/ros2_ws/install/ldlidar_stl_ros2:/home/xtark/tarkbot/ros2_ws/install/lakibeam1:/opt/ros/foxy LD_LIBRARY_PATH=/home/xtark/tarkbot/ros2_ws/install/orbbec_camera_msgs/lib:/home/xtark/tarkbot/ros2_ws/install/orbbec_camera/lib:/opt/ros/foxy/opt/yaml_cpp_vendor/lib:/opt/ros/foxy/opt/rviz_ogre_vendor/lib:/opt/ros/foxy/lib/aarch64-linux-gnu:/opt/ros/foxy/lib /usr/bin/cmake --install /home/xtark/tarkbot/ros2_ws/build/orbbec_camera
