[2.157s] Invoking command in '/home/xtark/tarkbot/ros2_ws/build/orbbec_camera': CMAKE_PREFIX_PATH=/home/xtark/tarkbot/ros2_ws/install/orbbec_camera_msgs:/home/xtark/tarkbot/ros2_ws/install/xtlidar_ros:/home/xtark/tarkbot/ros2_ws/install/tarkbot_slam:/home/xtark/tarkbot/ros2_ws/install/tarkbot_robot:/home/xtark/tarkbot/ros2_ws/install/tarkbot_nav:/home/xtark/tarkbot/ros2_ws/install/tarkbot_description:/home/xtark/tarkbot/ros2_ws/install/rplidar_ros:/home/xtark/tarkbot/ros2_ws/install/orbbec_description:/home/xtark/tarkbot/ros2_ws/install/orbbec_camera:/home/xtark/tarkbot/ros2_ws/install/m1ct_d2:/home/xtark/tarkbot/ros2_ws/install/ldlidar_stl_ros2:/home/xtark/tarkbot/ros2_ws/install/lakibeam1:/opt/ros/foxy LD_LIBRARY_PATH=/home/xtark/tarkbot/ros2_ws/install/orbbec_camera_msgs/lib:/home/xtark/tarkbot/ros2_ws/install/orbbec_camera/lib:/opt/ros/foxy/opt/yaml_cpp_vendor/lib:/opt/ros/foxy/opt/rviz_ogre_vendor/lib:/opt/ros/foxy/lib/aarch64-linux-gnu:/opt/ros/foxy/lib /usr/bin/cmake --build /home/xtark/tarkbot/ros2_ws/build/orbbec_camera -- -j4 -l4
[2.515s] [ 11%] Built target orbbec_camera_node
[2.711s] [ 66%] Built target orbbec_camera
[3.015s] [ 77%] Built target list_depth_work_mode_node
[3.026s] [ 88%] Built target list_devices_node
[3.052s] [100%] Built target list_camera_profile_mode_node
[4.497s] Invoked command in '/home/xtark/tarkbot/ros2_ws/build/orbbec_camera' returned '0': CMAKE_PREFIX_PATH=/home/xtark/tarkbot/ros2_ws/install/orbbec_camera_msgs:/home/xtark/tarkbot/ros2_ws/install/xtlidar_ros:/home/xtark/tarkbot/ros2_ws/install/tarkbot_slam:/home/xtark/tarkbot/ros2_ws/install/tarkbot_robot:/home/xtark/tarkbot/ros2_ws/install/tarkbot_nav:/home/xtark/tarkbot/ros2_ws/install/tarkbot_description:/home/xtark/tarkbot/ros2_ws/install/rplidar_ros:/home/xtark/tarkbot/ros2_ws/install/orbbec_description:/home/xtark/tarkbot/ros2_ws/install/orbbec_camera:/home/xtark/tarkbot/ros2_ws/install/m1ct_d2:/home/xtark/tarkbot/ros2_ws/install/ldlidar_stl_ros2:/home/xtark/tarkbot/ros2_ws/install/lakibeam1:/opt/ros/foxy LD_LIBRARY_PATH=/home/xtark/tarkbot/ros2_ws/install/orbbec_camera_msgs/lib:/home/xtark/tarkbot/ros2_ws/install/orbbec_camera/lib:/opt/ros/foxy/opt/yaml_cpp_vendor/lib:/opt/ros/foxy/opt/rviz_ogre_vendor/lib:/opt/ros/foxy/lib/aarch64-linux-gnu:/opt/ros/foxy/lib /usr/bin/cmake --build /home/xtark/tarkbot/ros2_ws/build/orbbec_camera -- -j4 -l4
[4.815s] Invoking command in '/home/xtark/tarkbot/ros2_ws/build/orbbec_camera': CMAKE_PREFIX_PATH=/home/xtark/tarkbot/ros2_ws/install/orbbec_camera_msgs:/home/xtark/tarkbot/ros2_ws/install/xtlidar_ros:/home/xtark/tarkbot/ros2_ws/install/tarkbot_slam:/home/xtark/tarkbot/ros2_ws/install/tarkbot_robot:/home/xtark/tarkbot/ros2_ws/install/tarkbot_nav:/home/xtark/tarkbot/ros2_ws/install/tarkbot_description:/home/xtark/tarkbot/ros2_ws/install/rplidar_ros:/home/xtark/tarkbot/ros2_ws/install/orbbec_description:/home/xtark/tarkbot/ros2_ws/install/orbbec_camera:/home/xtark/tarkbot/ros2_ws/install/m1ct_d2:/home/xtark/tarkbot/ros2_ws/install/ldlidar_stl_ros2:/home/xtark/tarkbot/ros2_ws/install/lakibeam1:/opt/ros/foxy LD_LIBRARY_PATH=/home/xtark/tarkbot/ros2_ws/install/orbbec_camera_msgs/lib:/home/xtark/tarkbot/ros2_ws/install/orbbec_camera/lib:/opt/ros/foxy/opt/yaml_cpp_vendor/lib:/opt/ros/foxy/opt/rviz_ogre_vendor/lib:/opt/ros/foxy/lib/aarch64-linux-gnu:/opt/ros/foxy/lib /usr/bin/cmake --install /home/xtark/tarkbot/ros2_ws/build/orbbec_camera
[4.850s] -- Install configuration: "Release"
[4.851s] -- Up-to-date: /home/xtark/tarkbot/ros2_ws/install/orbbec_camera/lib/orbbec_camera/orbbec_camera_node
[4.854s] -- Up-to-date: /home/xtark/tarkbot/ros2_ws/install/orbbec_camera/lib/liborbbec_camera.so
[4.855s] -- Up-to-date: /home/xtark/tarkbot/ros2_ws/install/orbbec_camera/include
[4.856s] -- Up-to-date: /home/xtark/tarkbot/ros2_ws/install/orbbec_camera/include/magic_enum
[4.856s] -- Up-to-date: /home/xtark/tarkbot/ros2_ws/install/orbbec_camera/include/magic_enum/magic_enum.hpp
[4.857s] -- Up-to-date: /home/xtark/tarkbot/ros2_ws/install/orbbec_camera/include/orbbec_camera
[4.857s] -- Up-to-date: /home/xtark/tarkbot/ros2_ws/install/orbbec_camera/include/orbbec_camera/jetson_nv_decoder.h
[4.858s] -- Up-to-date: /home/xtark/tarkbot/ros2_ws/install/orbbec_camera/include/orbbec_camera/synced_imu_publisher.h
[4.858s] -- Up-to-date: /home/xtark/tarkbot/ros2_ws/install/orbbec_camera/include/orbbec_camera/d2c_viewer.h
[4.859s] -- Up-to-date: /home/xtark/tarkbot/ros2_ws/install/orbbec_camera/include/orbbec_camera/jpeg_decoder.h
[4.859s] -- Up-to-date: /home/xtark/tarkbot/ros2_ws/install/orbbec_camera/include/orbbec_camera/dynamic_params.h
[4.860s] -- Up-to-date: /home/xtark/tarkbot/ros2_ws/install/orbbec_camera/include/orbbec_camera/ros_param_backend.h
[4.860s] -- Up-to-date: /home/xtark/tarkbot/ros2_ws/install/orbbec_camera/include/orbbec_camera/rk_mpp_decoder.h
[4.861s] -- Up-to-date: /home/xtark/tarkbot/ros2_ws/install/orbbec_camera/include/orbbec_camera/utils.h
[4.861s] -- Up-to-date: /home/xtark/tarkbot/ros2_ws/install/orbbec_camera/include/orbbec_camera/ob_camera_node_driver.h
[4.862s] -- Up-to-date: /home/xtark/tarkbot/ros2_ws/install/orbbec_camera/include/orbbec_camera/constants.h
[4.862s] -- Up-to-date: /home/xtark/tarkbot/ros2_ws/install/orbbec_camera/include/orbbec_camera/ob_camera_node.h
[4.863s] -- Up-to-date: /home/xtark/tarkbot/ros2_ws/install/orbbec_camera/share/orbbec_camera//launch
[4.863s] -- Up-to-date: /home/xtark/tarkbot/ros2_ws/install/orbbec_camera/share/orbbec_camera//launch/femto_mega.launch.py
[4.863s] -- Up-to-date: /home/xtark/tarkbot/ros2_ws/install/orbbec_camera/share/orbbec_camera//launch/gemini2L.launch.py
[4.864s] -- Up-to-date: /home/xtark/tarkbot/ros2_ws/install/orbbec_camera/share/orbbec_camera//launch/astra_stereo_u3.launch.py
[4.864s] -- Up-to-date: /home/xtark/tarkbot/ros2_ws/install/orbbec_camera/share/orbbec_camera//launch/dabai_d1.launch.py
[4.865s] -- Up-to-date: /home/xtark/tarkbot/ros2_ws/install/orbbec_camera/share/orbbec_camera//launch/gemini2VL.launch.py
[4.865s] -- Up-to-date: /home/xtark/tarkbot/ros2_ws/install/orbbec_camera/share/orbbec_camera//launch/dabai_dcw.launch.py
[4.866s] -- Up-to-date: /home/xtark/tarkbot/ros2_ws/install/orbbec_camera/share/orbbec_camera//launch/dabai_dcw2.launch.py
[4.866s] -- Up-to-date: /home/xtark/tarkbot/ros2_ws/install/orbbec_camera/share/orbbec_camera//launch/dabai_dw.launch.py
[4.867s] -- Up-to-date: /home/xtark/tarkbot/ros2_ws/install/orbbec_camera/share/orbbec_camera//launch/gemini2.launch.py
[4.869s] -- Up-to-date: /home/xtark/tarkbot/ros2_ws/install/orbbec_camera/share/orbbec_camera//launch/gemini_e_lite.launch.py
[4.869s] -- Up-to-date: /home/xtark/tarkbot/ros2_ws/install/orbbec_camera/share/orbbec_camera//launch/femto.launch.py
[4.870s] -- Up-to-date: /home/xtark/tarkbot/ros2_ws/install/orbbec_camera/share/orbbec_camera//launch/dabai.launch.py
[4.870s] -- Up-to-date: /home/xtark/tarkbot/ros2_ws/install/orbbec_camera/share/orbbec_camera//launch/astra2.launch.py
[4.871s] -- Up-to-date: /home/xtark/tarkbot/ros2_ws/install/orbbec_camera/share/orbbec_camera//launch/dabai_pro.launch.py
[4.871s] -- Up-to-date: /home/xtark/tarkbot/ros2_ws/install/orbbec_camera/share/orbbec_camera//launch/gemini_e.launch.py
[4.872s] -- Installing: /home/xtark/tarkbot/ros2_ws/install/orbbec_camera/share/orbbec_camera//launch/astra.launch.py
[4.872s] -- Up-to-date: /home/xtark/tarkbot/ros2_ws/install/orbbec_camera/share/orbbec_camera//launch/ob_camera.launch.py
[4.873s] -- Up-to-date: /home/xtark/tarkbot/ros2_ws/install/orbbec_camera/share/orbbec_camera//launch/multi_camera.launch.py
[4.873s] -- Up-to-date: /home/xtark/tarkbot/ros2_ws/install/orbbec_camera/share/orbbec_camera//launch/deeya.launch.py
[4.874s] -- Up-to-date: /home/xtark/tarkbot/ros2_ws/install/orbbec_camera/share/orbbec_camera//launch/gemini2XL.launch.py
[4.874s] -- Up-to-date: /home/xtark/tarkbot/ros2_ws/install/orbbec_camera/share/orbbec_camera//launch/femto_bolt.launch.py
[4.875s] -- Up-to-date: /home/xtark/tarkbot/ros2_ws/install/orbbec_camera/share/orbbec_camera//launch/astra_embedded_s.launch.py
[4.875s] -- Up-to-date: /home/xtark/tarkbot/ros2_ws/install/orbbec_camera/share/orbbec_camera//launch/dabai_max.launch.py
[4.876s] -- Up-to-date: /home/xtark/tarkbot/ros2_ws/install/orbbec_camera/share/orbbec_camera//launch/astra_adv.launch.py
[4.876s] -- Up-to-date: /home/xtark/tarkbot/ros2_ws/install/orbbec_camera/share/orbbec_camera//config
[4.877s] -- Up-to-date: /home/xtark/tarkbot/ros2_ws/install/orbbec_camera/share/orbbec_camera//config/.gitkeep
[4.877s] -- Up-to-date: /home/xtark/tarkbot/ros2_ws/install/orbbec_camera/share/orbbec_camera//config/depthfilter
[4.877s] -- Up-to-date: /home/xtark/tarkbot/ros2_ws/install/orbbec_camera/share/orbbec_camera//config/depthfilter/Gemini2_v1.7.json
[4.877s] -- Up-to-date: /home/xtark/tarkbot/ros2_ws/install/orbbec_camera/share/orbbec_camera//config/depthfilter/Openni_device.json
[4.878s] -- Up-to-date: /home/xtark/tarkbot/ros2_ws/install/orbbec_camera/share/orbbec_camera//config/OrbbecSDKConfig_v1.0.xml
[4.878s] -- Up-to-date: /home/xtark/tarkbot/ros2_ws/install/orbbec_camera/include
[4.878s] -- Up-to-date: /home/xtark/tarkbot/ros2_ws/install/orbbec_camera/include/libobsensor
[4.879s] -- Up-to-date: /home/xtark/tarkbot/ros2_ws/install/orbbec_camera/include/libobsensor/ObSensor.h
[4.879s] -- Up-to-date: /home/xtark/tarkbot/ros2_ws/install/orbbec_camera/include/libobsensor/ObSensor.hpp
[4.879s] -- Up-to-date: /home/xtark/tarkbot/ros2_ws/install/orbbec_camera/include/libobsensor/h
[4.879s] -- Up-to-date: /home/xtark/tarkbot/ros2_ws/install/orbbec_camera/include/libobsensor/h/Version.h
[4.880s] -- Up-to-date: /home/xtark/tarkbot/ros2_ws/install/orbbec_camera/include/libobsensor/h/StreamProfile.h
[4.880s] -- Up-to-date: /home/xtark/tarkbot/ros2_ws/install/orbbec_camera/include/libobsensor/h/Device.h
[4.881s] -- Up-to-date: /home/xtark/tarkbot/ros2_ws/install/orbbec_camera/include/libobsensor/h/MultipleDevices.h
[4.881s] -- Up-to-date: /home/xtark/tarkbot/ros2_ws/install/orbbec_camera/include/libobsensor/h/Utils.h
[4.881s] -- Up-to-date: /home/xtark/tarkbot/ros2_ws/install/orbbec_camera/include/libobsensor/h/Sensor.h
[4.882s] -- Up-to-date: /home/xtark/tarkbot/ros2_ws/install/orbbec_camera/include/libobsensor/h/Error.h
[4.882s] -- Up-to-date: /home/xtark/tarkbot/ros2_ws/install/orbbec_camera/include/libobsensor/h/Filter.h
[4.882s] -- Up-to-date: /home/xtark/tarkbot/ros2_ws/install/orbbec_camera/include/libobsensor/h/Pipeline.h
[4.883s] -- Up-to-date: /home/xtark/tarkbot/ros2_ws/install/orbbec_camera/include/libobsensor/h/RecordPlayback.h
[4.883s] -- Up-to-date: /home/xtark/tarkbot/ros2_ws/install/orbbec_camera/include/libobsensor/h/Frame.h
[4.883s] -- Up-to-date: /home/xtark/tarkbot/ros2_ws/install/orbbec_camera/include/libobsensor/h/Property.h
[4.884s] -- Up-to-date: /home/xtark/tarkbot/ros2_ws/install/orbbec_camera/include/libobsensor/h/ObTypes.h
[4.884s] -- Up-to-date: /home/xtark/tarkbot/ros2_ws/install/orbbec_camera/include/libobsensor/h/Context.h
[4.884s] -- Up-to-date: /home/xtark/tarkbot/ros2_ws/install/orbbec_camera/include/libobsensor/hpp
[4.885s] -- Up-to-date: /home/xtark/tarkbot/ros2_ws/install/orbbec_camera/include/libobsensor/hpp/Pipeline.hpp
[4.885s] -- Up-to-date: /home/xtark/tarkbot/ros2_ws/install/orbbec_camera/include/libobsensor/hpp/Filter.hpp
[4.885s] -- Up-to-date: /home/xtark/tarkbot/ros2_ws/install/orbbec_camera/include/libobsensor/hpp/Error.hpp
[4.886s] -- Up-to-date: /home/xtark/tarkbot/ros2_ws/install/orbbec_camera/include/libobsensor/hpp/RecordPlayback.hpp
[4.886s] -- Up-to-date: /home/xtark/tarkbot/ros2_ws/install/orbbec_camera/include/libobsensor/hpp/Context.hpp
[4.886s] -- Up-to-date: /home/xtark/tarkbot/ros2_ws/install/orbbec_camera/include/libobsensor/hpp/Utils.hpp
[4.887s] -- Up-to-date: /home/xtark/tarkbot/ros2_ws/install/orbbec_camera/include/libobsensor/hpp/Types.hpp
[4.887s] -- Up-to-date: /home/xtark/tarkbot/ros2_ws/install/orbbec_camera/include/libobsensor/hpp/Device.hpp
[4.887s] -- Up-to-date: /home/xtark/tarkbot/ros2_ws/install/orbbec_camera/include/libobsensor/hpp/Version.hpp
[4.888s] -- Up-to-date: /home/xtark/tarkbot/ros2_ws/install/orbbec_camera/include/libobsensor/hpp/Frame.hpp
[4.888s] -- Up-to-date: /home/xtark/tarkbot/ros2_ws/install/orbbec_camera/include/libobsensor/hpp/Sensor.hpp
[4.889s] -- Up-to-date: /home/xtark/tarkbot/ros2_ws/install/orbbec_camera/include/libobsensor/hpp/StreamProfile.hpp
[4.889s] -- Up-to-date: /home/xtark/tarkbot/ros2_ws/install/orbbec_camera/lib/
[4.889s] -- Up-to-date: /home/xtark/tarkbot/ros2_ws/install/orbbec_camera/lib//libdepthengine.so
[4.889s] -- Up-to-date: /home/xtark/tarkbot/ros2_ws/install/orbbec_camera/lib//libdepthengine.so.2.0
[4.890s] -- Up-to-date: /home/xtark/tarkbot/ros2_ws/install/orbbec_camera/lib//libOrbbecSDK.so
[4.890s] -- Up-to-date: /home/xtark/tarkbot/ros2_ws/install/orbbec_camera/lib//libOrbbecSDK.so.1.9.1
[4.891s] -- Up-to-date: /home/xtark/tarkbot/ros2_ws/install/orbbec_camera/lib//libOrbbecSDK.so.1.9
[4.891s] -- Up-to-date: /home/xtark/tarkbot/ros2_ws/install/orbbec_camera/lib/orbbec_camera/list_devices_node
[4.891s] -- Up-to-date: /home/xtark/tarkbot/ros2_ws/install/orbbec_camera/lib/orbbec_camera/list_depth_work_mode_node
[4.892s] -- Up-to-date: /home/xtark/tarkbot/ros2_ws/install/orbbec_camera/lib/orbbec_camera/list_camera_profile_mode_node
[4.892s] -- Up-to-date: /home/xtark/tarkbot/ros2_ws/install/orbbec_camera/share/orbbec_camera/environment/library_path.sh
[4.893s] -- Up-to-date: /home/xtark/tarkbot/ros2_ws/install/orbbec_camera/share/orbbec_camera/environment/library_path.dsv
[4.893s] -- Up-to-date: /home/xtark/tarkbot/ros2_ws/install/orbbec_camera/share/ament_index/resource_index/package_run_dependencies/orbbec_camera
[4.893s] -- Up-to-date: /home/xtark/tarkbot/ros2_ws/install/orbbec_camera/share/ament_index/resource_index/parent_prefix_path/orbbec_camera
[4.894s] -- Up-to-date: /home/xtark/tarkbot/ros2_ws/install/orbbec_camera/share/orbbec_camera/environment/ament_prefix_path.sh
[4.894s] -- Up-to-date: /home/xtark/tarkbot/ros2_ws/install/orbbec_camera/share/orbbec_camera/environment/ament_prefix_path.dsv
[4.895s] -- Up-to-date: /home/xtark/tarkbot/ros2_ws/install/orbbec_camera/share/orbbec_camera/environment/path.sh
[4.895s] -- Up-to-date: /home/xtark/tarkbot/ros2_ws/install/orbbec_camera/share/orbbec_camera/environment/path.dsv
[4.896s] -- Up-to-date: /home/xtark/tarkbot/ros2_ws/install/orbbec_camera/share/orbbec_camera/local_setup.bash
[4.896s] -- Up-to-date: /home/xtark/tarkbot/ros2_ws/install/orbbec_camera/share/orbbec_camera/local_setup.sh
[4.897s] -- Up-to-date: /home/xtark/tarkbot/ros2_ws/install/orbbec_camera/share/orbbec_camera/local_setup.zsh
[4.897s] -- Up-to-date: /home/xtark/tarkbot/ros2_ws/install/orbbec_camera/share/orbbec_camera/local_setup.dsv
[4.897s] -- Installing: /home/xtark/tarkbot/ros2_ws/install/orbbec_camera/share/orbbec_camera/package.dsv
[4.899s] -- Up-to-date: /home/xtark/tarkbot/ros2_ws/install/orbbec_camera/share/ament_index/resource_index/packages/orbbec_camera
[4.900s] -- Up-to-date: /home/xtark/tarkbot/ros2_ws/install/orbbec_camera/share/ament_index/resource_index/rclcpp_components/orbbec_camera
[4.900s] -- Up-to-date: /home/xtark/tarkbot/ros2_ws/install/orbbec_camera/share/orbbec_camera/cmake/ament_cmake_export_include_directories-extras.cmake
[4.901s] -- Up-to-date: /home/xtark/tarkbot/ros2_ws/install/orbbec_camera/share/orbbec_camera/cmake/ament_cmake_export_libraries-extras.cmake
[4.901s] -- Up-to-date: /home/xtark/tarkbot/ros2_ws/install/orbbec_camera/share/orbbec_camera/cmake/ament_cmake_export_dependencies-extras.cmake
[4.902s] -- Up-to-date: /home/xtark/tarkbot/ros2_ws/install/orbbec_camera/share/orbbec_camera/cmake/orbbec_cameraConfig.cmake
[4.902s] -- Up-to-date: /home/xtark/tarkbot/ros2_ws/install/orbbec_camera/share/orbbec_camera/cmake/orbbec_cameraConfig-version.cmake
[4.903s] -- Up-to-date: /home/xtark/tarkbot/ros2_ws/install/orbbec_camera/share/orbbec_camera/package.xml
[4.908s] Invoked command in '/home/xtark/tarkbot/ros2_ws/build/orbbec_camera' returned '0': CMAKE_PREFIX_PATH=/home/xtark/tarkbot/ros2_ws/install/orbbec_camera_msgs:/home/xtark/tarkbot/ros2_ws/install/xtlidar_ros:/home/xtark/tarkbot/ros2_ws/install/tarkbot_slam:/home/xtark/tarkbot/ros2_ws/install/tarkbot_robot:/home/xtark/tarkbot/ros2_ws/install/tarkbot_nav:/home/xtark/tarkbot/ros2_ws/install/tarkbot_description:/home/xtark/tarkbot/ros2_ws/install/rplidar_ros:/home/xtark/tarkbot/ros2_ws/install/orbbec_description:/home/xtark/tarkbot/ros2_ws/install/orbbec_camera:/home/xtark/tarkbot/ros2_ws/install/m1ct_d2:/home/xtark/tarkbot/ros2_ws/install/ldlidar_stl_ros2:/home/xtark/tarkbot/ros2_ws/install/lakibeam1:/opt/ros/foxy LD_LIBRARY_PATH=/home/xtark/tarkbot/ros2_ws/install/orbbec_camera_msgs/lib:/home/xtark/tarkbot/ros2_ws/install/orbbec_camera/lib:/opt/ros/foxy/opt/yaml_cpp_vendor/lib:/opt/ros/foxy/opt/rviz_ogre_vendor/lib:/opt/ros/foxy/lib/aarch64-linux-gnu:/opt/ros/foxy/lib /usr/bin/cmake --install /home/xtark/tarkbot/ros2_ws/build/orbbec_camera
