[1.601s] Invoking command in '/home/xtark/tarkbot/ros2_ws/build/orbbec_camera': CMAKE_PREFIX_PATH=/home/xtark/tarkbot/ros2_ws/install/orbbec_camera_msgs:/home/xtark/tarkbot/ros2_ws/install/xtlidar_ros:/home/xtark/tarkbot/ros2_ws/install/tarkbot_slam:/home/xtark/tarkbot/ros2_ws/install/tarkbot_robot:/home/xtark/tarkbot/ros2_ws/install/tarkbot_nav:/home/xtark/tarkbot/ros2_ws/install/tarkbot_description:/home/xtark/tarkbot/ros2_ws/install/rplidar_ros:/home/xtark/tarkbot/ros2_ws/install/orbbec_description:/home/xtark/tarkbot/ros2_ws/install/orbbec_camera:/home/xtark/tarkbot/ros2_ws/install/m1ct_d2:/home/xtark/tarkbot/ros2_ws/install/ldlidar_stl_ros2:/home/xtark/tarkbot/ros2_ws/install/lakibeam1:/opt/ros/foxy LD_LIBRARY_PATH=/home/xtark/tarkbot/ros2_ws/install/orbbec_camera_msgs/lib:/home/xtark/tarkbot/ros2_ws/install/orbbec_camera/lib:/opt/ros/foxy/opt/yaml_cpp_vendor/lib:/opt/ros/foxy/opt/rviz_ogre_vendor/lib:/opt/ros/foxy/lib/aarch64-linux-gnu:/opt/ros/foxy/lib /usr/bin/cmake --build /home/xtark/tarkbot/ros2_ws/build/orbbec_camera -- -j4 -l4
[1.950s] [ 11%] Built target orbbec_camera_node
[2.098s] [ 66%] Built target orbbec_camera
[2.397s] [ 77%] Built target list_camera_profile_mode_node
[2.448s] [ 88%] Built target list_depth_work_mode_node
[2.460s] [100%] Built target list_devices_node
[2.501s] Invoked command in '/home/xtark/tarkbot/ros2_ws/build/orbbec_camera' returned '0': CMAKE_PREFIX_PATH=/home/xtark/tarkbot/ros2_ws/install/orbbec_camera_msgs:/home/xtark/tarkbot/ros2_ws/install/xtlidar_ros:/home/xtark/tarkbot/ros2_ws/install/tarkbot_slam:/home/xtark/tarkbot/ros2_ws/install/tarkbot_robot:/home/xtark/tarkbot/ros2_ws/install/tarkbot_nav:/home/xtark/tarkbot/ros2_ws/install/tarkbot_description:/home/xtark/tarkbot/ros2_ws/install/rplidar_ros:/home/xtark/tarkbot/ros2_ws/install/orbbec_description:/home/xtark/tarkbot/ros2_ws/install/orbbec_camera:/home/xtark/tarkbot/ros2_ws/install/m1ct_d2:/home/xtark/tarkbot/ros2_ws/install/ldlidar_stl_ros2:/home/xtark/tarkbot/ros2_ws/install/lakibeam1:/opt/ros/foxy LD_LIBRARY_PATH=/home/xtark/tarkbot/ros2_ws/install/orbbec_camera_msgs/lib:/home/xtark/tarkbot/ros2_ws/install/orbbec_camera/lib:/opt/ros/foxy/opt/yaml_cpp_vendor/lib:/opt/ros/foxy/opt/rviz_ogre_vendor/lib:/opt/ros/foxy/lib/aarch64-linux-gnu:/opt/ros/foxy/lib /usr/bin/cmake --build /home/xtark/tarkbot/ros2_ws/build/orbbec_camera -- -j4 -l4
[3.438s] Invoking command in '/home/xtark/tarkbot/ros2_ws/build/orbbec_camera': CMAKE_PREFIX_PATH=/home/xtark/tarkbot/ros2_ws/install/orbbec_camera_msgs:/home/xtark/tarkbot/ros2_ws/install/xtlidar_ros:/home/xtark/tarkbot/ros2_ws/install/tarkbot_slam:/home/xtark/tarkbot/ros2_ws/install/tarkbot_robot:/home/xtark/tarkbot/ros2_ws/install/tarkbot_nav:/home/xtark/tarkbot/ros2_ws/install/tarkbot_description:/home/xtark/tarkbot/ros2_ws/install/rplidar_ros:/home/xtark/tarkbot/ros2_ws/install/orbbec_description:/home/xtark/tarkbot/ros2_ws/install/orbbec_camera:/home/xtark/tarkbot/ros2_ws/install/m1ct_d2:/home/xtark/tarkbot/ros2_ws/install/ldlidar_stl_ros2:/home/xtark/tarkbot/ros2_ws/install/lakibeam1:/opt/ros/foxy LD_LIBRARY_PATH=/home/xtark/tarkbot/ros2_ws/install/orbbec_camera_msgs/lib:/home/xtark/tarkbot/ros2_ws/install/orbbec_camera/lib:/opt/ros/foxy/opt/yaml_cpp_vendor/lib:/opt/ros/foxy/opt/rviz_ogre_vendor/lib:/opt/ros/foxy/lib/aarch64-linux-gnu:/opt/ros/foxy/lib /usr/bin/cmake --install /home/xtark/tarkbot/ros2_ws/build/orbbec_camera
[3.478s] -- Install configuration: "Release"
[3.479s] -- Up-to-date: /home/xtark/tarkbot/ros2_ws/install/orbbec_camera/lib/orbbec_camera/orbbec_camera_node
[3.481s] -- Up-to-date: /home/xtark/tarkbot/ros2_ws/install/orbbec_camera/lib/liborbbec_camera.so
[3.483s] -- Up-to-date: /home/xtark/tarkbot/ros2_ws/install/orbbec_camera/include
[3.483s] -- Up-to-date: /home/xtark/tarkbot/ros2_ws/install/orbbec_camera/include/magic_enum
[3.484s] -- Up-to-date: /home/xtark/tarkbot/ros2_ws/install/orbbec_camera/include/magic_enum/magic_enum.hpp
[3.484s] -- Up-to-date: /home/xtark/tarkbot/ros2_ws/install/orbbec_camera/include/orbbec_camera
[3.485s] -- Up-to-date: /home/xtark/tarkbot/ros2_ws/install/orbbec_camera/include/orbbec_camera/jetson_nv_decoder.h
[3.485s] -- Up-to-date: /home/xtark/tarkbot/ros2_ws/install/orbbec_camera/include/orbbec_camera/synced_imu_publisher.h
[3.486s] -- Up-to-date: /home/xtark/tarkbot/ros2_ws/install/orbbec_camera/include/orbbec_camera/d2c_viewer.h
[3.486s] -- Up-to-date: /home/xtark/tarkbot/ros2_ws/install/orbbec_camera/include/orbbec_camera/jpeg_decoder.h
[3.486s] -- Up-to-date: /home/xtark/tarkbot/ros2_ws/install/orbbec_camera/include/orbbec_camera/dynamic_params.h
[3.487s] -- Up-to-date: /home/xtark/tarkbot/ros2_ws/install/orbbec_camera/include/orbbec_camera/ros_param_backend.h
[3.487s] -- Up-to-date: /home/xtark/tarkbot/ros2_ws/install/orbbec_camera/include/orbbec_camera/rk_mpp_decoder.h
[3.488s] -- Up-to-date: /home/xtark/tarkbot/ros2_ws/install/orbbec_camera/include/orbbec_camera/utils.h
[3.488s] -- Up-to-date: /home/xtark/tarkbot/ros2_ws/install/orbbec_camera/include/orbbec_camera/ob_camera_node_driver.h
[3.489s] -- Up-to-date: /home/xtark/tarkbot/ros2_ws/install/orbbec_camera/include/orbbec_camera/constants.h
[3.489s] -- Up-to-date: /home/xtark/tarkbot/ros2_ws/install/orbbec_camera/include/orbbec_camera/ob_camera_node.h
[3.489s] -- Up-to-date: /home/xtark/tarkbot/ros2_ws/install/orbbec_camera/share/orbbec_camera//launch
[3.490s] -- Up-to-date: /home/xtark/tarkbot/ros2_ws/install/orbbec_camera/share/orbbec_camera//launch/femto_mega.launch.py
[3.490s] -- Up-to-date: /home/xtark/tarkbot/ros2_ws/install/orbbec_camera/share/orbbec_camera//launch/gemini2L.launch.py
[3.491s] -- Up-to-date: /home/xtark/tarkbot/ros2_ws/install/orbbec_camera/share/orbbec_camera//launch/astra_stereo_u3.launch.py
[3.491s] -- Up-to-date: /home/xtark/tarkbot/ros2_ws/install/orbbec_camera/share/orbbec_camera//launch/dabai_d1.launch.py
[3.492s] -- Up-to-date: /home/xtark/tarkbot/ros2_ws/install/orbbec_camera/share/orbbec_camera//launch/gemini2VL.launch.py
[3.492s] -- Up-to-date: /home/xtark/tarkbot/ros2_ws/install/orbbec_camera/share/orbbec_camera//launch/dabai_dcw.launch.py
[3.493s] -- Up-to-date: /home/xtark/tarkbot/ros2_ws/install/orbbec_camera/share/orbbec_camera//launch/dabai_dcw2.launch.py
[3.493s] -- Up-to-date: /home/xtark/tarkbot/ros2_ws/install/orbbec_camera/share/orbbec_camera//launch/dabai_dw.launch.py
[3.493s] -- Up-to-date: /home/xtark/tarkbot/ros2_ws/install/orbbec_camera/share/orbbec_camera//launch/gemini2.launch.py
[3.494s] -- Up-to-date: /home/xtark/tarkbot/ros2_ws/install/orbbec_camera/share/orbbec_camera//launch/gemini_e_lite.launch.py
[3.494s] -- Up-to-date: /home/xtark/tarkbot/ros2_ws/install/orbbec_camera/share/orbbec_camera//launch/femto.launch.py
[3.495s] -- Up-to-date: /home/xtark/tarkbot/ros2_ws/install/orbbec_camera/share/orbbec_camera//launch/dabai.launch.py
[3.495s] -- Up-to-date: /home/xtark/tarkbot/ros2_ws/install/orbbec_camera/share/orbbec_camera//launch/astra2.launch.py
[3.496s] -- Up-to-date: /home/xtark/tarkbot/ros2_ws/install/orbbec_camera/share/orbbec_camera//launch/dabai_pro.launch.py
[3.496s] -- Up-to-date: /home/xtark/tarkbot/ros2_ws/install/orbbec_camera/share/orbbec_camera//launch/gemini_e.launch.py
[3.497s] -- Installing: /home/xtark/tarkbot/ros2_ws/install/orbbec_camera/share/orbbec_camera//launch/astra.launch.py
[3.497s] -- Up-to-date: /home/xtark/tarkbot/ros2_ws/install/orbbec_camera/share/orbbec_camera//launch/ob_camera.launch.py
[3.497s] -- Up-to-date: /home/xtark/tarkbot/ros2_ws/install/orbbec_camera/share/orbbec_camera//launch/multi_camera.launch.py
[3.498s] -- Up-to-date: /home/xtark/tarkbot/ros2_ws/install/orbbec_camera/share/orbbec_camera//launch/deeya.launch.py
[3.498s] -- Up-to-date: /home/xtark/tarkbot/ros2_ws/install/orbbec_camera/share/orbbec_camera//launch/gemini2XL.launch.py
[3.499s] -- Up-to-date: /home/xtark/tarkbot/ros2_ws/install/orbbec_camera/share/orbbec_camera//launch/femto_bolt.launch.py
[3.499s] -- Up-to-date: /home/xtark/tarkbot/ros2_ws/install/orbbec_camera/share/orbbec_camera//launch/astra_embedded_s.launch.py
[3.500s] -- Up-to-date: /home/xtark/tarkbot/ros2_ws/install/orbbec_camera/share/orbbec_camera//launch/dabai_max.launch.py
[3.500s] -- Up-to-date: /home/xtark/tarkbot/ros2_ws/install/orbbec_camera/share/orbbec_camera//launch/astra_adv.launch.py
[3.501s] -- Up-to-date: /home/xtark/tarkbot/ros2_ws/install/orbbec_camera/share/orbbec_camera//config
[3.501s] -- Up-to-date: /home/xtark/tarkbot/ros2_ws/install/orbbec_camera/share/orbbec_camera//config/.gitkeep
[3.502s] -- Up-to-date: /home/xtark/tarkbot/ros2_ws/install/orbbec_camera/share/orbbec_camera//config/depthfilter
[3.502s] -- Up-to-date: /home/xtark/tarkbot/ros2_ws/install/orbbec_camera/share/orbbec_camera//config/depthfilter/Gemini2_v1.7.json
[3.502s] -- Up-to-date: /home/xtark/tarkbot/ros2_ws/install/orbbec_camera/share/orbbec_camera//config/depthfilter/Openni_device.json
[3.503s] -- Up-to-date: /home/xtark/tarkbot/ros2_ws/install/orbbec_camera/share/orbbec_camera//config/OrbbecSDKConfig_v1.0.xml
[3.503s] -- Up-to-date: /home/xtark/tarkbot/ros2_ws/install/orbbec_camera/include
[3.503s] -- Up-to-date: /home/xtark/tarkbot/ros2_ws/install/orbbec_camera/include/libobsensor
[3.504s] -- Up-to-date: /home/xtark/tarkbot/ros2_ws/install/orbbec_camera/include/libobsensor/ObSensor.h
[3.504s] -- Up-to-date: /home/xtark/tarkbot/ros2_ws/install/orbbec_camera/include/libobsensor/ObSensor.hpp
[3.504s] -- Up-to-date: /home/xtark/tarkbot/ros2_ws/install/orbbec_camera/include/libobsensor/h
[3.505s] -- Up-to-date: /home/xtark/tarkbot/ros2_ws/install/orbbec_camera/include/libobsensor/h/Version.h
[3.505s] -- Up-to-date: /home/xtark/tarkbot/ros2_ws/install/orbbec_camera/include/libobsensor/h/StreamProfile.h
[3.506s] -- Up-to-date: /home/xtark/tarkbot/ros2_ws/install/orbbec_camera/include/libobsensor/h/Device.h
[3.506s] -- Up-to-date: /home/xtark/tarkbot/ros2_ws/install/orbbec_camera/include/libobsensor/h/MultipleDevices.h
[3.506s] -- Up-to-date: /home/xtark/tarkbot/ros2_ws/install/orbbec_camera/include/libobsensor/h/Utils.h
[3.506s] -- Up-to-date: /home/xtark/tarkbot/ros2_ws/install/orbbec_camera/include/libobsensor/h/Sensor.h
[3.507s] -- Up-to-date: /home/xtark/tarkbot/ros2_ws/install/orbbec_camera/include/libobsensor/h/Error.h
[3.507s] -- Up-to-date: /home/xtark/tarkbot/ros2_ws/install/orbbec_camera/include/libobsensor/h/Filter.h
[3.508s] -- Up-to-date: /home/xtark/tarkbot/ros2_ws/install/orbbec_camera/include/libobsensor/h/Pipeline.h
[3.508s] -- Up-to-date: /home/xtark/tarkbot/ros2_ws/install/orbbec_camera/include/libobsensor/h/RecordPlayback.h
[3.508s] -- Up-to-date: /home/xtark/tarkbot/ros2_ws/install/orbbec_camera/include/libobsensor/h/Frame.h
[3.509s] -- Up-to-date: /home/xtark/tarkbot/ros2_ws/install/orbbec_camera/include/libobsensor/h/Property.h
[3.509s] -- Up-to-date: /home/xtark/tarkbot/ros2_ws/install/orbbec_camera/include/libobsensor/h/ObTypes.h
[3.510s] -- Up-to-date: /home/xtark/tarkbot/ros2_ws/install/orbbec_camera/include/libobsensor/h/Context.h
[3.510s] -- Up-to-date: /home/xtark/tarkbot/ros2_ws/install/orbbec_camera/include/libobsensor/hpp
[3.510s] -- Up-to-date: /home/xtark/tarkbot/ros2_ws/install/orbbec_camera/include/libobsensor/hpp/Pipeline.hpp
[3.511s] -- Up-to-date: /home/xtark/tarkbot/ros2_ws/install/orbbec_camera/include/libobsensor/hpp/Filter.hpp
[3.511s] -- Up-to-date: /home/xtark/tarkbot/ros2_ws/install/orbbec_camera/include/libobsensor/hpp/Error.hpp
[3.512s] -- Up-to-date: /home/xtark/tarkbot/ros2_ws/install/orbbec_camera/include/libobsensor/hpp/RecordPlayback.hpp
[3.512s] -- Up-to-date: /home/xtark/tarkbot/ros2_ws/install/orbbec_camera/include/libobsensor/hpp/Context.hpp
[3.513s] -- Up-to-date: /home/xtark/tarkbot/ros2_ws/install/orbbec_camera/include/libobsensor/hpp/Utils.hpp
[3.513s] -- Up-to-date: /home/xtark/tarkbot/ros2_ws/install/orbbec_camera/include/libobsensor/hpp/Types.hpp
[3.514s] -- Up-to-date: /home/xtark/tarkbot/ros2_ws/install/orbbec_camera/include/libobsensor/hpp/Device.hpp
[3.514s] -- Up-to-date: /home/xtark/tarkbot/ros2_ws/install/orbbec_camera/include/libobsensor/hpp/Version.hpp
[3.514s] -- Up-to-date: /home/xtark/tarkbot/ros2_ws/install/orbbec_camera/include/libobsensor/hpp/Frame.hpp
[3.515s] -- Up-to-date: /home/xtark/tarkbot/ros2_ws/install/orbbec_camera/include/libobsensor/hpp/Sensor.hpp
[3.515s] -- Up-to-date: /home/xtark/tarkbot/ros2_ws/install/orbbec_camera/include/libobsensor/hpp/StreamProfile.hpp
[3.516s] -- Up-to-date: /home/xtark/tarkbot/ros2_ws/install/orbbec_camera/lib/
[3.516s] -- Up-to-date: /home/xtark/tarkbot/ros2_ws/install/orbbec_camera/lib//libdepthengine.so
[3.517s] -- Up-to-date: /home/xtark/tarkbot/ros2_ws/install/orbbec_camera/lib//libdepthengine.so.2.0
[3.517s] -- Up-to-date: /home/xtark/tarkbot/ros2_ws/install/orbbec_camera/lib//libOrbbecSDK.so
[3.518s] -- Up-to-date: /home/xtark/tarkbot/ros2_ws/install/orbbec_camera/lib//libOrbbecSDK.so.1.9.1
[3.518s] -- Up-to-date: /home/xtark/tarkbot/ros2_ws/install/orbbec_camera/lib//libOrbbecSDK.so.1.9
[3.519s] -- Up-to-date: /home/xtark/tarkbot/ros2_ws/install/orbbec_camera/lib/orbbec_camera/list_devices_node
[3.519s] -- Up-to-date: /home/xtark/tarkbot/ros2_ws/install/orbbec_camera/lib/orbbec_camera/list_depth_work_mode_node
[3.519s] -- Up-to-date: /home/xtark/tarkbot/ros2_ws/install/orbbec_camera/lib/orbbec_camera/list_camera_profile_mode_node
[3.520s] -- Up-to-date: /home/xtark/tarkbot/ros2_ws/install/orbbec_camera/share/orbbec_camera/environment/library_path.sh
[3.521s] -- Up-to-date: /home/xtark/tarkbot/ros2_ws/install/orbbec_camera/share/orbbec_camera/environment/library_path.dsv
[3.522s] -- Up-to-date: /home/xtark/tarkbot/ros2_ws/install/orbbec_camera/share/ament_index/resource_index/package_run_dependencies/orbbec_camera
[3.522s] -- Up-to-date: /home/xtark/tarkbot/ros2_ws/install/orbbec_camera/share/ament_index/resource_index/parent_prefix_path/orbbec_camera
[3.523s] -- Up-to-date: /home/xtark/tarkbot/ros2_ws/install/orbbec_camera/share/orbbec_camera/environment/ament_prefix_path.sh
[3.525s] -- Up-to-date: /home/xtark/tarkbot/ros2_ws/install/orbbec_camera/share/orbbec_camera/environment/ament_prefix_path.dsv
[3.525s] -- Up-to-date: /home/xtark/tarkbot/ros2_ws/install/orbbec_camera/share/orbbec_camera/environment/path.sh
[3.526s] -- Up-to-date: /home/xtark/tarkbot/ros2_ws/install/orbbec_camera/share/orbbec_camera/environment/path.dsv
[3.526s] -- Up-to-date: /home/xtark/tarkbot/ros2_ws/install/orbbec_camera/share/orbbec_camera/local_setup.bash
[3.526s] -- Up-to-date: /home/xtark/tarkbot/ros2_ws/install/orbbec_camera/share/orbbec_camera/local_setup.sh
[3.527s] -- Up-to-date: /home/xtark/tarkbot/ros2_ws/install/orbbec_camera/share/orbbec_camera/local_setup.zsh
[3.527s] -- Up-to-date: /home/xtark/tarkbot/ros2_ws/install/orbbec_camera/share/orbbec_camera/local_setup.dsv
[3.527s] -- Installing: /home/xtark/tarkbot/ros2_ws/install/orbbec_camera/share/orbbec_camera/package.dsv
[3.527s] -- Up-to-date: /home/xtark/tarkbot/ros2_ws/install/orbbec_camera/share/ament_index/resource_index/packages/orbbec_camera
[3.528s] -- Up-to-date: /home/xtark/tarkbot/ros2_ws/install/orbbec_camera/share/ament_index/resource_index/rclcpp_components/orbbec_camera
[3.528s] -- Up-to-date: /home/xtark/tarkbot/ros2_ws/install/orbbec_camera/share/orbbec_camera/cmake/ament_cmake_export_include_directories-extras.cmake
[3.528s] -- Up-to-date: /home/xtark/tarkbot/ros2_ws/install/orbbec_camera/share/orbbec_camera/cmake/ament_cmake_export_libraries-extras.cmake
[3.529s] -- Up-to-date: /home/xtark/tarkbot/ros2_ws/install/orbbec_camera/share/orbbec_camera/cmake/ament_cmake_export_dependencies-extras.cmake
[3.529s] -- Up-to-date: /home/xtark/tarkbot/ros2_ws/install/orbbec_camera/share/orbbec_camera/cmake/orbbec_cameraConfig.cmake
[3.529s] -- Up-to-date: /home/xtark/tarkbot/ros2_ws/install/orbbec_camera/share/orbbec_camera/cmake/orbbec_cameraConfig-version.cmake
[3.529s] -- Up-to-date: /home/xtark/tarkbot/ros2_ws/install/orbbec_camera/share/orbbec_camera/package.xml
[3.530s] Invoked command in '/home/xtark/tarkbot/ros2_ws/build/orbbec_camera' returned '0': CMAKE_PREFIX_PATH=/home/xtark/tarkbot/ros2_ws/install/orbbec_camera_msgs:/home/xtark/tarkbot/ros2_ws/install/xtlidar_ros:/home/xtark/tarkbot/ros2_ws/install/tarkbot_slam:/home/xtark/tarkbot/ros2_ws/install/tarkbot_robot:/home/xtark/tarkbot/ros2_ws/install/tarkbot_nav:/home/xtark/tarkbot/ros2_ws/install/tarkbot_description:/home/xtark/tarkbot/ros2_ws/install/rplidar_ros:/home/xtark/tarkbot/ros2_ws/install/orbbec_description:/home/xtark/tarkbot/ros2_ws/install/orbbec_camera:/home/xtark/tarkbot/ros2_ws/install/m1ct_d2:/home/xtark/tarkbot/ros2_ws/install/ldlidar_stl_ros2:/home/xtark/tarkbot/ros2_ws/install/lakibeam1:/opt/ros/foxy LD_LIBRARY_PATH=/home/xtark/tarkbot/ros2_ws/install/orbbec_camera_msgs/lib:/home/xtark/tarkbot/ros2_ws/install/orbbec_camera/lib:/opt/ros/foxy/opt/yaml_cpp_vendor/lib:/opt/ros/foxy/opt/rviz_ogre_vendor/lib:/opt/ros/foxy/lib/aarch64-linux-gnu:/opt/ros/foxy/lib /usr/bin/cmake --install /home/xtark/tarkbot/ros2_ws/build/orbbec_camera
