[8.178s] Invoking command in '/home/xtark/tarkbot/ros2_ws/build/astra_camera_msgs': CMAKE_PREFIX_PATH=${CMAKE_PREFIX_PATH}:/opt/ros/foxy /usr/bin/cmake --build /home/xtark/tarkbot/ros2_ws/build/astra_camera_msgs -- -j4 -l4
[8.595s] [  1%] Built target astra_camera_msgs__cpp
[8.693s] [ 12%] Built target astra_camera_msgs__rosidl_generator_c
[8.862s] [ 24%] Built target astra_camera_msgs__rosidl_typesupport_cpp
[8.995s] [ 47%] Built target astra_camera_msgs__rosidl_typesupport_fastrtps_cpp
[8.999s] [ 47%] Built target astra_camera_msgs__rosidl_typesupport_introspection_cpp
[9.050s] [ 58%] Built target astra_camera_msgs__rosidl_typesupport_introspection_c
[9.173s] [ 70%] Built target astra_camera_msgs__rosidl_typesupport_c
[9.255s] [ 82%] Built target astra_camera_msgs__rosidl_typesupport_fastrtps_c
[9.375s] [ 82%] Built target astra_camera_msgs
[9.536s] [ 83%] Built target astra_camera_msgs__py
[9.752s] [ 93%] Built target astra_camera_msgs__python
[9.953s] [ 95%] Built target astra_camera_msgs__rosidl_typesupport_c__pyext
[9.974s] [ 97%] Built target astra_camera_msgs__rosidl_typesupport_fastrtps_c__pyext
[9.981s] [100%] Built target astra_camera_msgs__rosidl_typesupport_introspection_c__pyext
[12.838s] Invoked command in '/home/xtark/tarkbot/ros2_ws/build/astra_camera_msgs' returned '0': CMAKE_PREFIX_PATH=${CMAKE_PREFIX_PATH}:/opt/ros/foxy /usr/bin/cmake --build /home/xtark/tarkbot/ros2_ws/build/astra_camera_msgs -- -j4 -l4
[24.363s] Invoking command in '/home/xtark/tarkbot/ros2_ws/build/astra_camera_msgs': CMAKE_PREFIX_PATH=${CMAKE_PREFIX_PATH}:/opt/ros/foxy /usr/bin/cmake --install /home/xtark/tarkbot/ros2_ws/build/astra_camera_msgs
[27.509s] -- Install configuration: "Release"
[27.511s] -- Up-to-date: /home/xtark/tarkbot/ros2_ws/install/astra_camera_msgs/share/ament_index/resource_index/rosidl_interfaces/astra_camera_msgs
[27.511s] -- Up-to-date: /home/xtark/tarkbot/ros2_ws/install/astra_camera_msgs/include/astra_camera_msgs
[27.512s] -- Up-to-date: /home/xtark/tarkbot/ros2_ws/install/astra_camera_msgs/include/astra_camera_msgs/msg
[27.512s] -- Up-to-date: /home/xtark/tarkbot/ros2_ws/install/astra_camera_msgs/include/astra_camera_msgs/msg/rosidl_generator_c__visibility_control.h
[27.513s] -- Up-to-date: /home/xtark/tarkbot/ros2_ws/install/astra_camera_msgs/include/astra_camera_msgs/msg/detail
[27.514s] -- Up-to-date: /home/xtark/tarkbot/ros2_ws/install/astra_camera_msgs/include/astra_camera_msgs/msg/detail/extrinsics__functions.h
[27.514s] -- Up-to-date: /home/xtark/tarkbot/ros2_ws/install/astra_camera_msgs/include/astra_camera_msgs/msg/detail/extrinsics__functions.c
[27.515s] -- Up-to-date: /home/xtark/tarkbot/ros2_ws/install/astra_camera_msgs/include/astra_camera_msgs/msg/detail/metadata__functions.c
[27.516s] -- Up-to-date: /home/xtark/tarkbot/ros2_ws/install/astra_camera_msgs/include/astra_camera_msgs/msg/detail/extrinsics__struct.h
[27.516s] -- Up-to-date: /home/xtark/tarkbot/ros2_ws/install/astra_camera_msgs/include/astra_camera_msgs/msg/detail/metadata__struct.h
[27.517s] -- Up-to-date: /home/xtark/tarkbot/ros2_ws/install/astra_camera_msgs/include/astra_camera_msgs/msg/detail/device_info__functions.h
[27.523s] -- Up-to-date: /home/xtark/tarkbot/ros2_ws/install/astra_camera_msgs/include/astra_camera_msgs/msg/detail/extrinsics__type_support.h
[27.524s] -- Up-to-date: /home/xtark/tarkbot/ros2_ws/install/astra_camera_msgs/include/astra_camera_msgs/msg/detail/metadata__functions.h
[27.528s] -- Up-to-date: /home/xtark/tarkbot/ros2_ws/install/astra_camera_msgs/include/astra_camera_msgs/msg/detail/metadata__type_support.h
[27.531s] -- Up-to-date: /home/xtark/tarkbot/ros2_ws/install/astra_camera_msgs/include/astra_camera_msgs/msg/detail/device_info__struct.h
[27.532s] -- Up-to-date: /home/xtark/tarkbot/ros2_ws/install/astra_camera_msgs/include/astra_camera_msgs/msg/detail/device_info__functions.c
[27.535s] -- Up-to-date: /home/xtark/tarkbot/ros2_ws/install/astra_camera_msgs/include/astra_camera_msgs/msg/detail/device_info__type_support.h
[27.540s] -- Up-to-date: /home/xtark/tarkbot/ros2_ws/install/astra_camera_msgs/include/astra_camera_msgs/msg/metadata.h
[27.549s] -- Up-to-date: /home/xtark/tarkbot/ros2_ws/install/astra_camera_msgs/include/astra_camera_msgs/msg/device_info.h
[27.553s] -- Up-to-date: /home/xtark/tarkbot/ros2_ws/install/astra_camera_msgs/include/astra_camera_msgs/msg/extrinsics.h
[27.553s] -- Up-to-date: /home/xtark/tarkbot/ros2_ws/install/astra_camera_msgs/include/astra_camera_msgs/srv
[27.559s] -- Up-to-date: /home/xtark/tarkbot/ros2_ws/install/astra_camera_msgs/include/astra_camera_msgs/srv/get_camera_info.h
[27.565s] -- Up-to-date: /home/xtark/tarkbot/ros2_ws/install/astra_camera_msgs/include/astra_camera_msgs/srv/get_int32.h
[27.566s] -- Up-to-date: /home/xtark/tarkbot/ros2_ws/install/astra_camera_msgs/include/astra_camera_msgs/srv/detail
[27.567s] -- Up-to-date: /home/xtark/tarkbot/ros2_ws/install/astra_camera_msgs/include/astra_camera_msgs/srv/detail/get_string__functions.h
[27.567s] -- Up-to-date: /home/xtark/tarkbot/ros2_ws/install/astra_camera_msgs/include/astra_camera_msgs/srv/detail/get_string__struct.h
[27.568s] -- Up-to-date: /home/xtark/tarkbot/ros2_ws/install/astra_camera_msgs/include/astra_camera_msgs/srv/detail/get_camera_params__functions.c
[27.569s] -- Up-to-date: /home/xtark/tarkbot/ros2_ws/install/astra_camera_msgs/include/astra_camera_msgs/srv/detail/get_camera_params__struct.h
[27.570s] -- Up-to-date: /home/xtark/tarkbot/ros2_ws/install/astra_camera_msgs/include/astra_camera_msgs/srv/detail/get_string__functions.c
[27.571s] -- Up-to-date: /home/xtark/tarkbot/ros2_ws/install/astra_camera_msgs/include/astra_camera_msgs/srv/detail/get_device_info__functions.c
[27.571s] -- Up-to-date: /home/xtark/tarkbot/ros2_ws/install/astra_camera_msgs/include/astra_camera_msgs/srv/detail/get_camera_info__type_support.h
[27.572s] -- Up-to-date: /home/xtark/tarkbot/ros2_ws/install/astra_camera_msgs/include/astra_camera_msgs/srv/detail/get_camera_info__functions.c
[27.587s] -- Up-to-date: /home/xtark/tarkbot/ros2_ws/install/astra_camera_msgs/include/astra_camera_msgs/srv/detail/get_camera_info__functions.h
[27.588s] -- Up-to-date: /home/xtark/tarkbot/ros2_ws/install/astra_camera_msgs/include/astra_camera_msgs/srv/detail/get_device_info__struct.h
[27.589s] -- Up-to-date: /home/xtark/tarkbot/ros2_ws/install/astra_camera_msgs/include/astra_camera_msgs/srv/detail/get_camera_info__struct.h
[27.590s] -- Up-to-date: /home/xtark/tarkbot/ros2_ws/install/astra_camera_msgs/include/astra_camera_msgs/srv/detail/set_int32__struct.h
[27.591s] -- Up-to-date: /home/xtark/tarkbot/ros2_ws/install/astra_camera_msgs/include/astra_camera_msgs/srv/detail/get_int32__type_support.h
[27.596s] -- Up-to-date: /home/xtark/tarkbot/ros2_ws/install/astra_camera_msgs/include/astra_camera_msgs/srv/detail/get_string__type_support.h
[27.597s] -- Up-to-date: /home/xtark/tarkbot/ros2_ws/install/astra_camera_msgs/include/astra_camera_msgs/srv/detail/get_device_info__type_support.h
[27.597s] -- Up-to-date: /home/xtark/tarkbot/ros2_ws/install/astra_camera_msgs/include/astra_camera_msgs/srv/detail/get_device_info__functions.h
[27.598s] -- Up-to-date: /home/xtark/tarkbot/ros2_ws/install/astra_camera_msgs/include/astra_camera_msgs/srv/detail/get_int32__functions.c
[27.599s] -- Up-to-date: /home/xtark/tarkbot/ros2_ws/install/astra_camera_msgs/include/astra_camera_msgs/srv/detail/get_camera_params__functions.h
[27.599s] -- Up-to-date: /home/xtark/tarkbot/ros2_ws/install/astra_camera_msgs/include/astra_camera_msgs/srv/detail/get_camera_params__type_support.h
[27.600s] -- Up-to-date: /home/xtark/tarkbot/ros2_ws/install/astra_camera_msgs/include/astra_camera_msgs/srv/detail/set_int32__functions.c
[27.601s] -- Up-to-date: /home/xtark/tarkbot/ros2_ws/install/astra_camera_msgs/include/astra_camera_msgs/srv/detail/get_int32__struct.h
[27.601s] -- Up-to-date: /home/xtark/tarkbot/ros2_ws/install/astra_camera_msgs/include/astra_camera_msgs/srv/detail/set_int32__type_support.h
[27.602s] -- Up-to-date: /home/xtark/tarkbot/ros2_ws/install/astra_camera_msgs/include/astra_camera_msgs/srv/detail/get_int32__functions.h
[27.617s] -- Up-to-date: /home/xtark/tarkbot/ros2_ws/install/astra_camera_msgs/include/astra_camera_msgs/srv/detail/set_int32__functions.h
[27.618s] -- Up-to-date: /home/xtark/tarkbot/ros2_ws/install/astra_camera_msgs/include/astra_camera_msgs/srv/set_int32.h
[27.619s] -- Up-to-date: /home/xtark/tarkbot/ros2_ws/install/astra_camera_msgs/include/astra_camera_msgs/srv/get_device_info.h
[27.620s] -- Up-to-date: /home/xtark/tarkbot/ros2_ws/install/astra_camera_msgs/include/astra_camera_msgs/srv/get_string.h
[27.621s] -- Up-to-date: /home/xtark/tarkbot/ros2_ws/install/astra_camera_msgs/include/astra_camera_msgs/srv/get_camera_params.h
[27.621s] -- Up-to-date: /home/xtark/tarkbot/ros2_ws/install/astra_camera_msgs/share/astra_camera_msgs/environment/library_path.sh
[27.622s] -- Up-to-date: /home/xtark/tarkbot/ros2_ws/install/astra_camera_msgs/share/astra_camera_msgs/environment/library_path.dsv
[27.623s] -- Up-to-date: /home/xtark/tarkbot/ros2_ws/install/astra_camera_msgs/lib/libastra_camera_msgs__rosidl_generator_c.so
[27.624s] -- Up-to-date: /home/xtark/tarkbot/ros2_ws/install/astra_camera_msgs/include/astra_camera_msgs
[27.635s] -- Up-to-date: /home/xtark/tarkbot/ros2_ws/install/astra_camera_msgs/include/astra_camera_msgs/msg
[27.641s] -- Up-to-date: /home/xtark/tarkbot/ros2_ws/install/astra_camera_msgs/include/astra_camera_msgs/msg/detail
[27.648s] -- Up-to-date: /home/xtark/tarkbot/ros2_ws/install/astra_camera_msgs/include/astra_camera_msgs/msg/detail/extrinsics__rosidl_typesupport_fastrtps_c.h
[27.649s] -- Up-to-date: /home/xtark/tarkbot/ros2_ws/install/astra_camera_msgs/include/astra_camera_msgs/msg/detail/device_info__rosidl_typesupport_fastrtps_c.h
[27.659s] -- Up-to-date: /home/xtark/tarkbot/ros2_ws/install/astra_camera_msgs/include/astra_camera_msgs/msg/detail/metadata__rosidl_typesupport_fastrtps_c.h
[27.660s] -- Up-to-date: /home/xtark/tarkbot/ros2_ws/install/astra_camera_msgs/include/astra_camera_msgs/msg/rosidl_typesupport_fastrtps_c__visibility_control.h
[27.661s] -- Up-to-date: /home/xtark/tarkbot/ros2_ws/install/astra_camera_msgs/include/astra_camera_msgs/srv
[27.662s] -- Up-to-date: /home/xtark/tarkbot/ros2_ws/install/astra_camera_msgs/include/astra_camera_msgs/srv/detail
[27.679s] -- Up-to-date: /home/xtark/tarkbot/ros2_ws/install/astra_camera_msgs/include/astra_camera_msgs/srv/detail/get_device_info__rosidl_typesupport_fastrtps_c.h
[27.679s] -- Up-to-date: /home/xtark/tarkbot/ros2_ws/install/astra_camera_msgs/include/astra_camera_msgs/srv/detail/get_camera_params__rosidl_typesupport_fastrtps_c.h
[27.680s] -- Up-to-date: /home/xtark/tarkbot/ros2_ws/install/astra_camera_msgs/include/astra_camera_msgs/srv/detail/set_int32__rosidl_typesupport_fastrtps_c.h
[27.681s] -- Up-to-date: /home/xtark/tarkbot/ros2_ws/install/astra_camera_msgs/include/astra_camera_msgs/srv/detail/get_camera_info__rosidl_typesupport_fastrtps_c.h
[27.682s] -- Up-to-date: /home/xtark/tarkbot/ros2_ws/install/astra_camera_msgs/include/astra_camera_msgs/srv/detail/get_string__rosidl_typesupport_fastrtps_c.h
[27.682s] -- Up-to-date: /home/xtark/tarkbot/ros2_ws/install/astra_camera_msgs/include/astra_camera_msgs/srv/detail/get_int32__rosidl_typesupport_fastrtps_c.h
[27.683s] -- Up-to-date: /home/xtark/tarkbot/ros2_ws/install/astra_camera_msgs/lib/libastra_camera_msgs__rosidl_typesupport_fastrtps_c.so
[27.683s] -- Up-to-date: /home/xtark/tarkbot/ros2_ws/install/astra_camera_msgs/include/astra_camera_msgs
[27.684s] -- Up-to-date: /home/xtark/tarkbot/ros2_ws/install/astra_camera_msgs/include/astra_camera_msgs/msg
[27.684s] -- Up-to-date: /home/xtark/tarkbot/ros2_ws/install/astra_camera_msgs/include/astra_camera_msgs/msg/detail
[27.699s] -- Up-to-date: /home/xtark/tarkbot/ros2_ws/install/astra_camera_msgs/include/astra_camera_msgs/msg/detail/extrinsics__rosidl_typesupport_fastrtps_cpp.hpp
[27.699s] -- Up-to-date: /home/xtark/tarkbot/ros2_ws/install/astra_camera_msgs/include/astra_camera_msgs/msg/detail/dds_fastrtps
[27.700s] -- Up-to-date: /home/xtark/tarkbot/ros2_ws/install/astra_camera_msgs/include/astra_camera_msgs/msg/detail/metadata__rosidl_typesupport_fastrtps_cpp.hpp
[27.708s] -- Up-to-date: /home/xtark/tarkbot/ros2_ws/install/astra_camera_msgs/include/astra_camera_msgs/msg/detail/device_info__rosidl_typesupport_fastrtps_cpp.hpp
[27.708s] -- Up-to-date: /home/xtark/tarkbot/ros2_ws/install/astra_camera_msgs/include/astra_camera_msgs/msg/rosidl_typesupport_fastrtps_cpp__visibility_control.h
[27.709s] -- Up-to-date: /home/xtark/tarkbot/ros2_ws/install/astra_camera_msgs/include/astra_camera_msgs/srv
[27.710s] -- Up-to-date: /home/xtark/tarkbot/ros2_ws/install/astra_camera_msgs/include/astra_camera_msgs/srv/detail
[27.710s] -- Up-to-date: /home/xtark/tarkbot/ros2_ws/install/astra_camera_msgs/include/astra_camera_msgs/srv/detail/get_int32__rosidl_typesupport_fastrtps_cpp.hpp
[27.711s] -- Up-to-date: /home/xtark/tarkbot/ros2_ws/install/astra_camera_msgs/include/astra_camera_msgs/srv/detail/dds_fastrtps
[27.712s] -- Up-to-date: /home/xtark/tarkbot/ros2_ws/install/astra_camera_msgs/include/astra_camera_msgs/srv/detail/get_string__rosidl_typesupport_fastrtps_cpp.hpp
[27.712s] -- Up-to-date: /home/xtark/tarkbot/ros2_ws/install/astra_camera_msgs/include/astra_camera_msgs/srv/detail/get_camera_params__rosidl_typesupport_fastrtps_cpp.hpp
[27.713s] -- Up-to-date: /home/xtark/tarkbot/ros2_ws/install/astra_camera_msgs/include/astra_camera_msgs/srv/detail/get_device_info__rosidl_typesupport_fastrtps_cpp.hpp
[27.713s] -- Up-to-date: /home/xtark/tarkbot/ros2_ws/install/astra_camera_msgs/include/astra_camera_msgs/srv/detail/set_int32__rosidl_typesupport_fastrtps_cpp.hpp
[27.714s] -- Up-to-date: /home/xtark/tarkbot/ros2_ws/install/astra_camera_msgs/include/astra_camera_msgs/srv/detail/get_camera_info__rosidl_typesupport_fastrtps_cpp.hpp
[27.715s] -- Up-to-date: /home/xtark/tarkbot/ros2_ws/install/astra_camera_msgs/lib/libastra_camera_msgs__rosidl_typesupport_fastrtps_cpp.so
[27.715s] -- Up-to-date: /home/xtark/tarkbot/ros2_ws/install/astra_camera_msgs/include/astra_camera_msgs
[27.716s] -- Up-to-date: /home/xtark/tarkbot/ros2_ws/install/astra_camera_msgs/include/astra_camera_msgs/msg
[27.731s] -- Up-to-date: /home/xtark/tarkbot/ros2_ws/install/astra_camera_msgs/include/astra_camera_msgs/msg/rosidl_typesupport_introspection_c__visibility_control.h
[27.737s] -- Up-to-date: /home/xtark/tarkbot/ros2_ws/install/astra_camera_msgs/include/astra_camera_msgs/msg/detail
[27.738s] -- Up-to-date: /home/xtark/tarkbot/ros2_ws/install/astra_camera_msgs/include/astra_camera_msgs/msg/detail/metadata__rosidl_typesupport_introspection_c.h
[27.739s] -- Up-to-date: /home/xtark/tarkbot/ros2_ws/install/astra_camera_msgs/include/astra_camera_msgs/msg/detail/extrinsics__type_support.c
[27.739s] -- Up-to-date: /home/xtark/tarkbot/ros2_ws/install/astra_camera_msgs/include/astra_camera_msgs/msg/detail/metadata__type_support.c
[27.740s] -- Up-to-date: /home/xtark/tarkbot/ros2_ws/install/astra_camera_msgs/include/astra_camera_msgs/msg/detail/extrinsics__rosidl_typesupport_introspection_c.h
[27.761s] -- Up-to-date: /home/xtark/tarkbot/ros2_ws/install/astra_camera_msgs/include/astra_camera_msgs/msg/detail/device_info__rosidl_typesupport_introspection_c.h
[27.763s] -- Up-to-date: /home/xtark/tarkbot/ros2_ws/install/astra_camera_msgs/include/astra_camera_msgs/msg/detail/device_info__type_support.c
[27.764s] -- Up-to-date: /home/xtark/tarkbot/ros2_ws/install/astra_camera_msgs/include/astra_camera_msgs/srv
[27.765s] -- Up-to-date: /home/xtark/tarkbot/ros2_ws/install/astra_camera_msgs/include/astra_camera_msgs/srv/detail
[27.766s] -- Up-to-date: /home/xtark/tarkbot/ros2_ws/install/astra_camera_msgs/include/astra_camera_msgs/srv/detail/get_camera_params__rosidl_typesupport_introspection_c.h
[27.773s] -- Up-to-date: /home/xtark/tarkbot/ros2_ws/install/astra_camera_msgs/include/astra_camera_msgs/srv/detail/get_device_info__rosidl_typesupport_introspection_c.h
[27.774s] -- Up-to-date: /home/xtark/tarkbot/ros2_ws/install/astra_camera_msgs/include/astra_camera_msgs/srv/detail/get_string__rosidl_typesupport_introspection_c.h
[27.775s] -- Up-to-date: /home/xtark/tarkbot/ros2_ws/install/astra_camera_msgs/include/astra_camera_msgs/srv/detail/get_string__type_support.c
[27.776s] -- Up-to-date: /home/xtark/tarkbot/ros2_ws/install/astra_camera_msgs/include/astra_camera_msgs/srv/detail/set_int32__rosidl_typesupport_introspection_c.h
[27.777s] -- Up-to-date: /home/xtark/tarkbot/ros2_ws/install/astra_camera_msgs/include/astra_camera_msgs/srv/detail/get_int32__type_support.c
[27.777s] -- Up-to-date: /home/xtark/tarkbot/ros2_ws/install/astra_camera_msgs/include/astra_camera_msgs/srv/detail/get_int32__rosidl_typesupport_introspection_c.h
[27.779s] -- Up-to-date: /home/xtark/tarkbot/ros2_ws/install/astra_camera_msgs/include/astra_camera_msgs/srv/detail/get_device_info__type_support.c
[27.821s] -- Up-to-date: /home/xtark/tarkbot/ros2_ws/install/astra_camera_msgs/include/astra_camera_msgs/srv/detail/get_camera_params__type_support.c
[27.822s] -- Up-to-date: /home/xtark/tarkbot/ros2_ws/install/astra_camera_msgs/include/astra_camera_msgs/srv/detail/get_camera_info__rosidl_typesupport_introspection_c.h
[27.823s] -- Up-to-date: /home/xtark/tarkbot/ros2_ws/install/astra_camera_msgs/include/astra_camera_msgs/srv/detail/get_camera_info__type_support.c
[27.824s] -- Up-to-date: /home/xtark/tarkbot/ros2_ws/install/astra_camera_msgs/include/astra_camera_msgs/srv/detail/set_int32__type_support.c
[27.824s] -- Up-to-date: /home/xtark/tarkbot/ros2_ws/install/astra_camera_msgs/lib/libastra_camera_msgs__rosidl_typesupport_introspection_c.so
[27.825s] -- Up-to-date: /home/xtark/tarkbot/ros2_ws/install/astra_camera_msgs/lib/libastra_camera_msgs__rosidl_typesupport_c.so
[27.833s] -- Up-to-date: /home/xtark/tarkbot/ros2_ws/install/astra_camera_msgs/include/astra_camera_msgs
[27.834s] -- Up-to-date: /home/xtark/tarkbot/ros2_ws/install/astra_camera_msgs/include/astra_camera_msgs/msg
[27.835s] -- Up-to-date: /home/xtark/tarkbot/ros2_ws/install/astra_camera_msgs/include/astra_camera_msgs/msg/metadata.hpp
[27.836s] -- Up-to-date: /home/xtark/tarkbot/ros2_ws/install/astra_camera_msgs/include/astra_camera_msgs/msg/device_info.hpp
[27.839s] -- Up-to-date: /home/xtark/tarkbot/ros2_ws/install/astra_camera_msgs/include/astra_camera_msgs/msg/detail
[27.840s] -- Up-to-date: /home/xtark/tarkbot/ros2_ws/install/astra_camera_msgs/include/astra_camera_msgs/msg/detail/device_info__struct.hpp
[27.849s] -- Up-to-date: /home/xtark/tarkbot/ros2_ws/install/astra_camera_msgs/include/astra_camera_msgs/msg/detail/metadata__builder.hpp
[27.850s] -- Up-to-date: /home/xtark/tarkbot/ros2_ws/install/astra_camera_msgs/include/astra_camera_msgs/msg/detail/extrinsics__type_support.hpp
[27.851s] -- Up-to-date: /home/xtark/tarkbot/ros2_ws/install/astra_camera_msgs/include/astra_camera_msgs/msg/detail/extrinsics__builder.hpp
[27.852s] -- Up-to-date: /home/xtark/tarkbot/ros2_ws/install/astra_camera_msgs/include/astra_camera_msgs/msg/detail/device_info__builder.hpp
[27.853s] -- Up-to-date: /home/xtark/tarkbot/ros2_ws/install/astra_camera_msgs/include/astra_camera_msgs/msg/detail/metadata__type_support.hpp
[27.873s] -- Up-to-date: /home/xtark/tarkbot/ros2_ws/install/astra_camera_msgs/include/astra_camera_msgs/msg/detail/metadata__struct.hpp
[27.881s] -- Up-to-date: /home/xtark/tarkbot/ros2_ws/install/astra_camera_msgs/include/astra_camera_msgs/msg/detail/extrinsics__traits.hpp
[27.884s] -- Up-to-date: /home/xtark/tarkbot/ros2_ws/install/astra_camera_msgs/include/astra_camera_msgs/msg/detail/metadata__traits.hpp
[27.893s] -- Up-to-date: /home/xtark/tarkbot/ros2_ws/install/astra_camera_msgs/include/astra_camera_msgs/msg/detail/device_info__type_support.hpp
[27.897s] -- Up-to-date: /home/xtark/tarkbot/ros2_ws/install/astra_camera_msgs/include/astra_camera_msgs/msg/detail/device_info__traits.hpp
[27.898s] -- Up-to-date: /home/xtark/tarkbot/ros2_ws/install/astra_camera_msgs/include/astra_camera_msgs/msg/detail/extrinsics__struct.hpp
[27.900s] -- Up-to-date: /home/xtark/tarkbot/ros2_ws/install/astra_camera_msgs/include/astra_camera_msgs/msg/extrinsics.hpp
[27.901s] -- Up-to-date: /home/xtark/tarkbot/ros2_ws/install/astra_camera_msgs/include/astra_camera_msgs/msg/rosidl_generator_cpp__visibility_control.hpp
[27.902s] -- Up-to-date: /home/xtark/tarkbot/ros2_ws/install/astra_camera_msgs/include/astra_camera_msgs/srv
[27.903s] -- Up-to-date: /home/xtark/tarkbot/ros2_ws/install/astra_camera_msgs/include/astra_camera_msgs/srv/detail
[27.903s] -- Up-to-date: /home/xtark/tarkbot/ros2_ws/install/astra_camera_msgs/include/astra_camera_msgs/srv/detail/get_camera_info__struct.hpp
[27.904s] -- Up-to-date: /home/xtark/tarkbot/ros2_ws/install/astra_camera_msgs/include/astra_camera_msgs/srv/detail/get_int32__traits.hpp
[27.909s] -- Up-to-date: /home/xtark/tarkbot/ros2_ws/install/astra_camera_msgs/include/astra_camera_msgs/srv/detail/get_device_info__builder.hpp
[27.912s] -- Up-to-date: /home/xtark/tarkbot/ros2_ws/install/astra_camera_msgs/include/astra_camera_msgs/srv/detail/get_camera_params__struct.hpp
[27.913s] -- Up-to-date: /home/xtark/tarkbot/ros2_ws/install/astra_camera_msgs/include/astra_camera_msgs/srv/detail/set_int32__type_support.hpp
[27.914s] -- Up-to-date: /home/xtark/tarkbot/ros2_ws/install/astra_camera_msgs/include/astra_camera_msgs/srv/detail/get_camera_params__type_support.hpp
[27.915s] -- Up-to-date: /home/xtark/tarkbot/ros2_ws/install/astra_camera_msgs/include/astra_camera_msgs/srv/detail/set_int32__builder.hpp
[27.915s] -- Up-to-date: /home/xtark/tarkbot/ros2_ws/install/astra_camera_msgs/include/astra_camera_msgs/srv/detail/get_string__struct.hpp
[27.916s] -- Up-to-date: /home/xtark/tarkbot/ros2_ws/install/astra_camera_msgs/include/astra_camera_msgs/srv/detail/get_int32__struct.hpp
[27.917s] -- Up-to-date: /home/xtark/tarkbot/ros2_ws/install/astra_camera_msgs/include/astra_camera_msgs/srv/detail/get_device_info__struct.hpp
[27.917s] -- Up-to-date: /home/xtark/tarkbot/ros2_ws/install/astra_camera_msgs/include/astra_camera_msgs/srv/detail/get_camera_info__builder.hpp
[27.918s] -- Up-to-date: /home/xtark/tarkbot/ros2_ws/install/astra_camera_msgs/include/astra_camera_msgs/srv/detail/get_string__type_support.hpp
[27.919s] -- Up-to-date: /home/xtark/tarkbot/ros2_ws/install/astra_camera_msgs/include/astra_camera_msgs/srv/detail/get_int32__builder.hpp
[27.919s] -- Up-to-date: /home/xtark/tarkbot/ros2_ws/install/astra_camera_msgs/include/astra_camera_msgs/srv/detail/get_device_info__traits.hpp
[27.920s] -- Up-to-date: /home/xtark/tarkbot/ros2_ws/install/astra_camera_msgs/include/astra_camera_msgs/srv/detail/set_int32__struct.hpp
[27.920s] -- Up-to-date: /home/xtark/tarkbot/ros2_ws/install/astra_camera_msgs/include/astra_camera_msgs/srv/detail/get_camera_info__traits.hpp
[27.957s] -- Up-to-date: /home/xtark/tarkbot/ros2_ws/install/astra_camera_msgs/include/astra_camera_msgs/srv/detail/get_int32__type_support.hpp
[27.959s] -- Up-to-date: /home/xtark/tarkbot/ros2_ws/install/astra_camera_msgs/include/astra_camera_msgs/srv/detail/set_int32__traits.hpp
[27.959s] -- Up-to-date: /home/xtark/tarkbot/ros2_ws/install/astra_camera_msgs/include/astra_camera_msgs/srv/detail/get_string__builder.hpp
[27.960s] -- Up-to-date: /home/xtark/tarkbot/ros2_ws/install/astra_camera_msgs/include/astra_camera_msgs/srv/detail/get_device_info__type_support.hpp
[27.961s] -- Up-to-date: /home/xtark/tarkbot/ros2_ws/install/astra_camera_msgs/include/astra_camera_msgs/srv/detail/get_camera_info__type_support.hpp
[27.963s] -- Up-to-date: /home/xtark/tarkbot/ros2_ws/install/astra_camera_msgs/include/astra_camera_msgs/srv/detail/get_camera_params__traits.hpp
[27.964s] -- Up-to-date: /home/xtark/tarkbot/ros2_ws/install/astra_camera_msgs/include/astra_camera_msgs/srv/detail/get_camera_params__builder.hpp
[27.966s] -- Up-to-date: /home/xtark/tarkbot/ros2_ws/install/astra_camera_msgs/include/astra_camera_msgs/srv/detail/get_string__traits.hpp
[27.967s] -- Up-to-date: /home/xtark/tarkbot/ros2_ws/install/astra_camera_msgs/include/astra_camera_msgs/srv/get_camera_params.hpp
[27.996s] -- Up-to-date: /home/xtark/tarkbot/ros2_ws/install/astra_camera_msgs/include/astra_camera_msgs/srv/get_string.hpp
[28.002s] -- Up-to-date: /home/xtark/tarkbot/ros2_ws/install/astra_camera_msgs/include/astra_camera_msgs/srv/get_device_info.hpp
[28.003s] -- Up-to-date: /home/xtark/tarkbot/ros2_ws/install/astra_camera_msgs/include/astra_camera_msgs/srv/get_camera_info.hpp
[28.003s] -- Up-to-date: /home/xtark/tarkbot/ros2_ws/install/astra_camera_msgs/include/astra_camera_msgs/srv/set_int32.hpp
[28.004s] -- Up-to-date: /home/xtark/tarkbot/ros2_ws/install/astra_camera_msgs/include/astra_camera_msgs/srv/get_int32.hpp
[28.005s] -- Up-to-date: /home/xtark/tarkbot/ros2_ws/install/astra_camera_msgs/include/astra_camera_msgs
[28.009s] -- Up-to-date: /home/xtark/tarkbot/ros2_ws/install/astra_camera_msgs/include/astra_camera_msgs/msg
[28.014s] -- Up-to-date: /home/xtark/tarkbot/ros2_ws/install/astra_camera_msgs/include/astra_camera_msgs/msg/detail
[28.015s] -- Up-to-date: /home/xtark/tarkbot/ros2_ws/install/astra_camera_msgs/include/astra_camera_msgs/msg/detail/metadata__type_support.cpp
[28.016s] -- Up-to-date: /home/xtark/tarkbot/ros2_ws/install/astra_camera_msgs/include/astra_camera_msgs/msg/detail/extrinsics__rosidl_typesupport_introspection_cpp.hpp
[28.017s] -- Up-to-date: /home/xtark/tarkbot/ros2_ws/install/astra_camera_msgs/include/astra_camera_msgs/msg/detail/metadata__rosidl_typesupport_introspection_cpp.hpp
[28.018s] -- Up-to-date: /home/xtark/tarkbot/ros2_ws/install/astra_camera_msgs/include/astra_camera_msgs/msg/detail/device_info__rosidl_typesupport_introspection_cpp.hpp
[28.018s] -- Up-to-date: /home/xtark/tarkbot/ros2_ws/install/astra_camera_msgs/include/astra_camera_msgs/msg/detail/device_info__type_support.cpp
[28.019s] -- Up-to-date: /home/xtark/tarkbot/ros2_ws/install/astra_camera_msgs/include/astra_camera_msgs/msg/detail/extrinsics__type_support.cpp
[28.020s] -- Up-to-date: /home/xtark/tarkbot/ros2_ws/install/astra_camera_msgs/include/astra_camera_msgs/srv
[28.021s] -- Up-to-date: /home/xtark/tarkbot/ros2_ws/install/astra_camera_msgs/include/astra_camera_msgs/srv/detail
[28.022s] -- Up-to-date: /home/xtark/tarkbot/ros2_ws/install/astra_camera_msgs/include/astra_camera_msgs/srv/detail/set_int32__type_support.cpp
[28.049s] -- Up-to-date: /home/xtark/tarkbot/ros2_ws/install/astra_camera_msgs/include/astra_camera_msgs/srv/detail/get_camera_info__type_support.cpp
[28.050s] -- Up-to-date: /home/xtark/tarkbot/ros2_ws/install/astra_camera_msgs/include/astra_camera_msgs/srv/detail/get_int32__rosidl_typesupport_introspection_cpp.hpp
[28.050s] -- Up-to-date: /home/xtark/tarkbot/ros2_ws/install/astra_camera_msgs/include/astra_camera_msgs/srv/detail/get_device_info__type_support.cpp
[28.051s] -- Up-to-date: /home/xtark/tarkbot/ros2_ws/install/astra_camera_msgs/include/astra_camera_msgs/srv/detail/get_camera_info__rosidl_typesupport_introspection_cpp.hpp
[28.051s] -- Up-to-date: /home/xtark/tarkbot/ros2_ws/install/astra_camera_msgs/include/astra_camera_msgs/srv/detail/get_camera_params__type_support.cpp
[28.056s] -- Up-to-date: /home/xtark/tarkbot/ros2_ws/install/astra_camera_msgs/include/astra_camera_msgs/srv/detail/get_camera_params__rosidl_typesupport_introspection_cpp.hpp
[28.081s] -- Up-to-date: /home/xtark/tarkbot/ros2_ws/install/astra_camera_msgs/include/astra_camera_msgs/srv/detail/set_int32__rosidl_typesupport_introspection_cpp.hpp
[28.081s] -- Up-to-date: /home/xtark/tarkbot/ros2_ws/install/astra_camera_msgs/include/astra_camera_msgs/srv/detail/get_device_info__rosidl_typesupport_introspection_cpp.hpp
[28.082s] -- Up-to-date: /home/xtark/tarkbot/ros2_ws/install/astra_camera_msgs/include/astra_camera_msgs/srv/detail/get_string__rosidl_typesupport_introspection_cpp.hpp
[28.082s] -- Up-to-date: /home/xtark/tarkbot/ros2_ws/install/astra_camera_msgs/include/astra_camera_msgs/srv/detail/get_int32__type_support.cpp
[28.083s] -- Up-to-date: /home/xtark/tarkbot/ros2_ws/install/astra_camera_msgs/include/astra_camera_msgs/srv/detail/get_string__type_support.cpp
[28.083s] -- Up-to-date: /home/xtark/tarkbot/ros2_ws/install/astra_camera_msgs/lib/libastra_camera_msgs__rosidl_typesupport_introspection_cpp.so
[28.084s] -- Up-to-date: /home/xtark/tarkbot/ros2_ws/install/astra_camera_msgs/lib/libastra_camera_msgs__rosidl_typesupport_cpp.so
[28.085s] -- Up-to-date: /home/xtark/tarkbot/ros2_ws/install/astra_camera_msgs/share/astra_camera_msgs/environment/pythonpath.sh
[28.085s] -- Up-to-date: /home/xtark/tarkbot/ros2_ws/install/astra_camera_msgs/share/astra_camera_msgs/environment/pythonpath.dsv
[28.086s] -- Up-to-date: /home/xtark/tarkbot/ros2_ws/install/astra_camera_msgs/lib/python3.8/site-packages/astra_camera_msgs/__init__.py
[28.086s] -- Up-to-date: /home/xtark/tarkbot/ros2_ws/install/astra_camera_msgs/lib/python3.8/site-packages/astra_camera_msgs/msg
[28.087s] -- Up-to-date: /home/xtark/tarkbot/ros2_ws/install/astra_camera_msgs/lib/python3.8/site-packages/astra_camera_msgs/msg/_device_info.py
[28.087s] -- Up-to-date: /home/xtark/tarkbot/ros2_ws/install/astra_camera_msgs/lib/python3.8/site-packages/astra_camera_msgs/msg/_metadata.py
[28.088s] -- Up-to-date: /home/xtark/tarkbot/ros2_ws/install/astra_camera_msgs/lib/python3.8/site-packages/astra_camera_msgs/msg/__init__.py
[28.097s] -- Up-to-date: /home/xtark/tarkbot/ros2_ws/install/astra_camera_msgs/lib/python3.8/site-packages/astra_camera_msgs/msg/_device_info_s.c
[28.098s] -- Up-to-date: /home/xtark/tarkbot/ros2_ws/install/astra_camera_msgs/lib/python3.8/site-packages/astra_camera_msgs/msg/_extrinsics.py
[28.099s] -- Up-to-date: /home/xtark/tarkbot/ros2_ws/install/astra_camera_msgs/lib/python3.8/site-packages/astra_camera_msgs/msg/_extrinsics_s.c
[28.100s] -- Up-to-date: /home/xtark/tarkbot/ros2_ws/install/astra_camera_msgs/lib/python3.8/site-packages/astra_camera_msgs/msg/_metadata_s.c
[28.100s] -- Up-to-date: /home/xtark/tarkbot/ros2_ws/install/astra_camera_msgs/lib/python3.8/site-packages/astra_camera_msgs/srv
[28.101s] -- Up-to-date: /home/xtark/tarkbot/ros2_ws/install/astra_camera_msgs/lib/python3.8/site-packages/astra_camera_msgs/srv/_get_camera_info_s.c
[28.102s] -- Up-to-date: /home/xtark/tarkbot/ros2_ws/install/astra_camera_msgs/lib/python3.8/site-packages/astra_camera_msgs/srv/_get_device_info_s.c
[28.102s] -- Up-to-date: /home/xtark/tarkbot/ros2_ws/install/astra_camera_msgs/lib/python3.8/site-packages/astra_camera_msgs/srv/_get_device_info.py
[28.103s] -- Up-to-date: /home/xtark/tarkbot/ros2_ws/install/astra_camera_msgs/lib/python3.8/site-packages/astra_camera_msgs/srv/__init__.py
[28.103s] -- Up-to-date: /home/xtark/tarkbot/ros2_ws/install/astra_camera_msgs/lib/python3.8/site-packages/astra_camera_msgs/srv/_set_int32.py
[28.104s] -- Up-to-date: /home/xtark/tarkbot/ros2_ws/install/astra_camera_msgs/lib/python3.8/site-packages/astra_camera_msgs/srv/_get_int32.py
[28.126s] -- Up-to-date: /home/xtark/tarkbot/ros2_ws/install/astra_camera_msgs/lib/python3.8/site-packages/astra_camera_msgs/srv/_get_camera_info.py
[28.126s] -- Up-to-date: /home/xtark/tarkbot/ros2_ws/install/astra_camera_msgs/lib/python3.8/site-packages/astra_camera_msgs/srv/_get_camera_params.py
[28.127s] -- Up-to-date: /home/xtark/tarkbot/ros2_ws/install/astra_camera_msgs/lib/python3.8/site-packages/astra_camera_msgs/srv/_get_string.py
[28.127s] -- Up-to-date: /home/xtark/tarkbot/ros2_ws/install/astra_camera_msgs/lib/python3.8/site-packages/astra_camera_msgs/srv/_get_string_s.c
[28.128s] -- Up-to-date: /home/xtark/tarkbot/ros2_ws/install/astra_camera_msgs/lib/python3.8/site-packages/astra_camera_msgs/srv/_set_int32_s.c
[28.129s] -- Up-to-date: /home/xtark/tarkbot/ros2_ws/install/astra_camera_msgs/lib/python3.8/site-packages/astra_camera_msgs/srv/_get_camera_params_s.c
[28.129s] -- Up-to-date: /home/xtark/tarkbot/ros2_ws/install/astra_camera_msgs/lib/python3.8/site-packages/astra_camera_msgs/srv/_get_int32_s.c
[28.130s] -- Up-to-date: /home/xtark/tarkbot/ros2_ws/install/astra_camera_msgs/lib/python3.8/site-packages/astra_camera_msgs/astra_camera_msgs_s__rosidl_typesupport_fastrtps_c.cpython-38-aarch64-linux-gnu.so
[28.130s] -- Up-to-date: /home/xtark/tarkbot/ros2_ws/install/astra_camera_msgs/lib/python3.8/site-packages/astra_camera_msgs/astra_camera_msgs_s__rosidl_typesupport_introspection_c.cpython-38-aarch64-linux-gnu.so
[28.131s] -- Up-to-date: /home/xtark/tarkbot/ros2_ws/install/astra_camera_msgs/lib/python3.8/site-packages/astra_camera_msgs/astra_camera_msgs_s__rosidl_typesupport_c.cpython-38-aarch64-linux-gnu.so
[28.131s] -- Up-to-date: /home/xtark/tarkbot/ros2_ws/install/astra_camera_msgs/lib/libastra_camera_msgs__python.so
[28.132s] -- Up-to-date: /home/xtark/tarkbot/ros2_ws/install/astra_camera_msgs/share/astra_camera_msgs/msg/DeviceInfo.idl
[28.133s] -- Up-to-date: /home/xtark/tarkbot/ros2_ws/install/astra_camera_msgs/share/astra_camera_msgs/msg/Extrinsics.idl
[28.133s] -- Up-to-date: /home/xtark/tarkbot/ros2_ws/install/astra_camera_msgs/share/astra_camera_msgs/msg/Metadata.idl
[28.134s] -- Up-to-date: /home/xtark/tarkbot/ros2_ws/install/astra_camera_msgs/share/astra_camera_msgs/srv/GetDeviceInfo.idl
[28.134s] -- Up-to-date: /home/xtark/tarkbot/ros2_ws/install/astra_camera_msgs/share/astra_camera_msgs/srv/GetCameraInfo.idl
[28.135s] -- Up-to-date: /home/xtark/tarkbot/ros2_ws/install/astra_camera_msgs/share/astra_camera_msgs/srv/GetCameraParams.idl
[28.135s] -- Up-to-date: /home/xtark/tarkbot/ros2_ws/install/astra_camera_msgs/share/astra_camera_msgs/srv/GetInt32.idl
[28.136s] -- Up-to-date: /home/xtark/tarkbot/ros2_ws/install/astra_camera_msgs/share/astra_camera_msgs/srv/GetString.idl
[28.137s] -- Up-to-date: /home/xtark/tarkbot/ros2_ws/install/astra_camera_msgs/share/astra_camera_msgs/srv/SetInt32.idl
[28.137s] -- Up-to-date: /home/xtark/tarkbot/ros2_ws/install/astra_camera_msgs/share/astra_camera_msgs/msg/DeviceInfo.msg
[28.138s] -- Up-to-date: /home/xtark/tarkbot/ros2_ws/install/astra_camera_msgs/share/astra_camera_msgs/msg/Extrinsics.msg
[28.138s] -- Up-to-date: /home/xtark/tarkbot/ros2_ws/install/astra_camera_msgs/share/astra_camera_msgs/msg/Metadata.msg
[28.139s] -- Up-to-date: /home/xtark/tarkbot/ros2_ws/install/astra_camera_msgs/share/astra_camera_msgs/srv/GetDeviceInfo.srv
[28.139s] -- Up-to-date: /home/xtark/tarkbot/ros2_ws/install/astra_camera_msgs/share/astra_camera_msgs/srv/GetDeviceInfo_Request.msg
[28.140s] -- Up-to-date: /home/xtark/tarkbot/ros2_ws/install/astra_camera_msgs/share/astra_camera_msgs/srv/GetDeviceInfo_Response.msg
[28.140s] -- Up-to-date: /home/xtark/tarkbot/ros2_ws/install/astra_camera_msgs/share/astra_camera_msgs/srv/GetCameraInfo.srv
[28.179s] -- Up-to-date: /home/xtark/tarkbot/ros2_ws/install/astra_camera_msgs/share/astra_camera_msgs/srv/GetCameraInfo_Request.msg
[28.180s] -- Up-to-date: /home/xtark/tarkbot/ros2_ws/install/astra_camera_msgs/share/astra_camera_msgs/srv/GetCameraInfo_Response.msg
[28.180s] -- Up-to-date: /home/xtark/tarkbot/ros2_ws/install/astra_camera_msgs/share/astra_camera_msgs/srv/GetCameraParams.srv
[28.181s] -- Up-to-date: /home/xtark/tarkbot/ros2_ws/install/astra_camera_msgs/share/astra_camera_msgs/srv/GetCameraParams_Request.msg
[28.181s] -- Up-to-date: /home/xtark/tarkbot/ros2_ws/install/astra_camera_msgs/share/astra_camera_msgs/srv/GetCameraParams_Response.msg
[28.182s] -- Up-to-date: /home/xtark/tarkbot/ros2_ws/install/astra_camera_msgs/share/astra_camera_msgs/srv/GetInt32.srv
[28.182s] -- Up-to-date: /home/xtark/tarkbot/ros2_ws/install/astra_camera_msgs/share/astra_camera_msgs/srv/GetInt32_Request.msg
[28.183s] -- Up-to-date: /home/xtark/tarkbot/ros2_ws/install/astra_camera_msgs/share/astra_camera_msgs/srv/GetInt32_Response.msg
[28.183s] -- Up-to-date: /home/xtark/tarkbot/ros2_ws/install/astra_camera_msgs/share/astra_camera_msgs/srv/GetString.srv
[28.183s] -- Up-to-date: /home/xtark/tarkbot/ros2_ws/install/astra_camera_msgs/share/astra_camera_msgs/srv/GetString_Request.msg
[28.184s] -- Up-to-date: /home/xtark/tarkbot/ros2_ws/install/astra_camera_msgs/share/astra_camera_msgs/srv/GetString_Response.msg
[28.184s] -- Up-to-date: /home/xtark/tarkbot/ros2_ws/install/astra_camera_msgs/share/astra_camera_msgs/srv/SetInt32.srv
[28.185s] -- Up-to-date: /home/xtark/tarkbot/ros2_ws/install/astra_camera_msgs/share/astra_camera_msgs/srv/SetInt32_Request.msg
[28.185s] -- Up-to-date: /home/xtark/tarkbot/ros2_ws/install/astra_camera_msgs/share/astra_camera_msgs/srv/SetInt32_Response.msg
[28.185s] -- Up-to-date: /home/xtark/tarkbot/ros2_ws/install/astra_camera_msgs/share/ament_index/resource_index/package_run_dependencies/astra_camera_msgs
[28.186s] -- Up-to-date: /home/xtark/tarkbot/ros2_ws/install/astra_camera_msgs/share/ament_index/resource_index/parent_prefix_path/astra_camera_msgs
[28.186s] -- Up-to-date: /home/xtark/tarkbot/ros2_ws/install/astra_camera_msgs/share/astra_camera_msgs/environment/ament_prefix_path.sh
[28.187s] -- Up-to-date: /home/xtark/tarkbot/ros2_ws/install/astra_camera_msgs/share/astra_camera_msgs/environment/ament_prefix_path.dsv
[28.187s] -- Up-to-date: /home/xtark/tarkbot/ros2_ws/install/astra_camera_msgs/share/astra_camera_msgs/environment/path.sh
[28.188s] -- Up-to-date: /home/xtark/tarkbot/ros2_ws/install/astra_camera_msgs/share/astra_camera_msgs/environment/path.dsv
[28.188s] -- Up-to-date: /home/xtark/tarkbot/ros2_ws/install/astra_camera_msgs/share/astra_camera_msgs/local_setup.bash
[28.189s] -- Up-to-date: /home/xtark/tarkbot/ros2_ws/install/astra_camera_msgs/share/astra_camera_msgs/local_setup.sh
[28.189s] -- Up-to-date: /home/xtark/tarkbot/ros2_ws/install/astra_camera_msgs/share/astra_camera_msgs/local_setup.zsh
[28.190s] -- Up-to-date: /home/xtark/tarkbot/ros2_ws/install/astra_camera_msgs/share/astra_camera_msgs/local_setup.dsv
[28.190s] -- Installing: /home/xtark/tarkbot/ros2_ws/install/astra_camera_msgs/share/astra_camera_msgs/package.dsv
[28.191s] -- Up-to-date: /home/xtark/tarkbot/ros2_ws/install/astra_camera_msgs/share/ament_index/resource_index/packages/astra_camera_msgs
[28.192s] -- Up-to-date: /home/xtark/tarkbot/ros2_ws/install/astra_camera_msgs/share/astra_camera_msgs/cmake/astra_camera_msgs__rosidl_generator_cExport.cmake
[28.192s] -- Up-to-date: /home/xtark/tarkbot/ros2_ws/install/astra_camera_msgs/share/astra_camera_msgs/cmake/astra_camera_msgs__rosidl_generator_cExport-release.cmake
[28.193s] -- Up-to-date: /home/xtark/tarkbot/ros2_ws/install/astra_camera_msgs/share/astra_camera_msgs/cmake/astra_camera_msgs__rosidl_typesupport_introspection_cExport.cmake
[28.193s] -- Up-to-date: /home/xtark/tarkbot/ros2_ws/install/astra_camera_msgs/share/astra_camera_msgs/cmake/astra_camera_msgs__rosidl_typesupport_introspection_cExport-release.cmake
[28.194s] -- Up-to-date: /home/xtark/tarkbot/ros2_ws/install/astra_camera_msgs/share/astra_camera_msgs/cmake/astra_camera_msgs__rosidl_typesupport_cExport.cmake
[28.195s] -- Up-to-date: /home/xtark/tarkbot/ros2_ws/install/astra_camera_msgs/share/astra_camera_msgs/cmake/astra_camera_msgs__rosidl_typesupport_cExport-release.cmake
[28.195s] -- Up-to-date: /home/xtark/tarkbot/ros2_ws/install/astra_camera_msgs/share/astra_camera_msgs/cmake/astra_camera_msgs__rosidl_generator_cppExport.cmake
[28.196s] -- Up-to-date: /home/xtark/tarkbot/ros2_ws/install/astra_camera_msgs/share/astra_camera_msgs/cmake/astra_camera_msgs__rosidl_typesupport_introspection_cppExport.cmake
[28.219s] -- Up-to-date: /home/xtark/tarkbot/ros2_ws/install/astra_camera_msgs/share/astra_camera_msgs/cmake/astra_camera_msgs__rosidl_typesupport_introspection_cppExport-release.cmake
[28.219s] -- Up-to-date: /home/xtark/tarkbot/ros2_ws/install/astra_camera_msgs/share/astra_camera_msgs/cmake/astra_camera_msgs__rosidl_typesupport_cppExport.cmake
[28.220s] -- Up-to-date: /home/xtark/tarkbot/ros2_ws/install/astra_camera_msgs/share/astra_camera_msgs/cmake/astra_camera_msgs__rosidl_typesupport_cppExport-release.cmake
[28.221s] -- Up-to-date: /home/xtark/tarkbot/ros2_ws/install/astra_camera_msgs/share/astra_camera_msgs/cmake/rosidl_cmake-extras.cmake
[28.221s] -- Up-to-date: /home/xtark/tarkbot/ros2_ws/install/astra_camera_msgs/share/astra_camera_msgs/cmake/ament_cmake_export_dependencies-extras.cmake
[28.222s] -- Up-to-date: /home/xtark/tarkbot/ros2_ws/install/astra_camera_msgs/share/astra_camera_msgs/cmake/ament_cmake_export_libraries-extras.cmake
[28.223s] -- Up-to-date: /home/xtark/tarkbot/ros2_ws/install/astra_camera_msgs/share/astra_camera_msgs/cmake/ament_cmake_export_targets-extras.cmake
[28.224s] -- Up-to-date: /home/xtark/tarkbot/ros2_ws/install/astra_camera_msgs/share/astra_camera_msgs/cmake/ament_cmake_export_include_directories-extras.cmake
[28.224s] -- Up-to-date: /home/xtark/tarkbot/ros2_ws/install/astra_camera_msgs/share/astra_camera_msgs/cmake/rosidl_cmake_export_typesupport_libraries-extras.cmake
[28.237s] -- Up-to-date: /home/xtark/tarkbot/ros2_ws/install/astra_camera_msgs/share/astra_camera_msgs/cmake/rosidl_cmake_export_typesupport_targets-extras.cmake
[28.238s] -- Up-to-date: /home/xtark/tarkbot/ros2_ws/install/astra_camera_msgs/share/astra_camera_msgs/cmake/astra_camera_msgsConfig.cmake
[28.238s] -- Up-to-date: /home/xtark/tarkbot/ros2_ws/install/astra_camera_msgs/share/astra_camera_msgs/cmake/astra_camera_msgsConfig-version.cmake
[28.239s] -- Up-to-date: /home/xtark/tarkbot/ros2_ws/install/astra_camera_msgs/share/astra_camera_msgs/package.xml
[33.738s] Invoked command in '/home/xtark/tarkbot/ros2_ws/build/astra_camera_msgs' returned '0': CMAKE_PREFIX_PATH=${CMAKE_PREFIX_PATH}:/opt/ros/foxy /usr/bin/cmake --install /home/xtark/tarkbot/ros2_ws/build/astra_camera_msgs
