[0.928s] Invoking command in '/home/xtark/tarkbot/ros2_ws/build/m1ct_d2': CMAKE_PREFIX_PATH=${CMAKE_PREFIX_PATH}:/opt/ros/foxy /usr/bin/cmake --build /home/xtark/tarkbot/ros2_ws/build/m1ct_d2 -- -j4 -l4
[1.586s] [100%] Built target m1ct_d2
[1.672s] Invoked command in '/home/xtark/tarkbot/ros2_ws/build/m1ct_d2' returned '0': CMAKE_PREFIX_PATH=${CMAKE_PREFIX_PATH}:/opt/ros/foxy /usr/bin/cmake --build /home/xtark/tarkbot/ros2_ws/build/m1ct_d2 -- -j4 -l4
[3.490s] Invoking command in '/home/xtark/tarkbot/ros2_ws/build/m1ct_d2': CMAKE_PREFIX_PATH=${CMAKE_PREFIX_PATH}:/opt/ros/foxy /usr/bin/cmake --install /home/xtark/tarkbot/ros2_ws/build/m1ct_d2
[3.532s] -- Install configuration: ""
[3.536s] -- Up-to-date: /home/xtark/tarkbot/ros2_ws/install/m1ct_d2/lib/m1ct_d2/m1ct_d2
[3.539s] -- Up-to-date: /home/xtark/tarkbot/ros2_ws/install/m1ct_d2/share/m1ct_d2//launch
[3.540s] -- Up-to-date: /home/xtark/tarkbot/ros2_ws/install/m1ct_d2/share/m1ct_d2//launch/tarkbot_m1ct.launch.py
[3.540s] -- Up-to-date: /home/xtark/tarkbot/ros2_ws/install/m1ct_d2/share/ament_index/resource_index/package_run_dependencies/m1ct_d2
[3.541s] -- Up-to-date: /home/xtark/tarkbot/ros2_ws/install/m1ct_d2/share/ament_index/resource_index/parent_prefix_path/m1ct_d2
[3.541s] -- Up-to-date: /home/xtark/tarkbot/ros2_ws/install/m1ct_d2/share/m1ct_d2/environment/ament_prefix_path.sh
[3.542s] -- Up-to-date: /home/xtark/tarkbot/ros2_ws/install/m1ct_d2/share/m1ct_d2/environment/ament_prefix_path.dsv
[3.543s] -- Up-to-date: /home/xtark/tarkbot/ros2_ws/install/m1ct_d2/share/m1ct_d2/environment/path.sh
[3.545s] -- Up-to-date: /home/xtark/tarkbot/ros2_ws/install/m1ct_d2/share/m1ct_d2/environment/path.dsv
[3.545s] -- Up-to-date: /home/xtark/tarkbot/ros2_ws/install/m1ct_d2/share/m1ct_d2/local_setup.bash
[3.546s] -- Up-to-date: /home/xtark/tarkbot/ros2_ws/install/m1ct_d2/share/m1ct_d2/local_setup.sh
[3.546s] -- Up-to-date: /home/xtark/tarkbot/ros2_ws/install/m1ct_d2/share/m1ct_d2/local_setup.zsh
[3.546s] -- Up-to-date: /home/xtark/tarkbot/ros2_ws/install/m1ct_d2/share/m1ct_d2/local_setup.dsv
[3.547s] -- Installing: /home/xtark/tarkbot/ros2_ws/install/m1ct_d2/share/m1ct_d2/package.dsv
[3.554s] -- Up-to-date: /home/xtark/tarkbot/ros2_ws/install/m1ct_d2/share/ament_index/resource_index/packages/m1ct_d2
[3.554s] -- Up-to-date: /home/xtark/tarkbot/ros2_ws/install/m1ct_d2/share/m1ct_d2/cmake/m1ct_d2Config.cmake
[3.555s] -- Up-to-date: /home/xtark/tarkbot/ros2_ws/install/m1ct_d2/share/m1ct_d2/cmake/m1ct_d2Config-version.cmake
[3.555s] -- Up-to-date: /home/xtark/tarkbot/ros2_ws/install/m1ct_d2/share/m1ct_d2/package.xml
[5.262s] Invoked command in '/home/xtark/tarkbot/ros2_ws/build/m1ct_d2' returned '0': CMAKE_PREFIX_PATH=${CMAKE_PREFIX_PATH}:/opt/ros/foxy /usr/bin/cmake --install /home/xtark/tarkbot/ros2_ws/build/m1ct_d2
