[2.412s] Invoking command in '/home/xtark/tarkbot/ros2_ws/build/lakibeam1': CMAKE_PREFIX_PATH=${CMAKE_PREFIX_PATH}:/opt/ros/foxy /usr/bin/cmake --build /home/xtark/tarkbot/ros2_ws/build/lakibeam1 -- -j4 -l4
[2.919s] [100%] Built target lakibeam1_scan_node
[3.005s] Invoked command in '/home/xtark/tarkbot/ros2_ws/build/lakibeam1' returned '0': CMAKE_PREFIX_PATH=${CMAKE_PREFIX_PATH}:/opt/ros/foxy /usr/bin/cmake --build /home/xtark/tarkbot/ros2_ws/build/lakibeam1 -- -j4 -l4
[3.347s] Invoking command in '/home/xtark/tarkbot/ros2_ws/build/lakibeam1': CMAKE_PREFIX_PATH=${CMAKE_PREFIX_PATH}:/opt/ros/foxy /usr/bin/cmake --install /home/xtark/tarkbot/ros2_ws/build/lakibeam1
[3.398s] -- Install configuration: "Release"
[3.420s] -- Up-to-date: /home/xtark/tarkbot/ros2_ws/install/lakibeam1/share/ament_index/resource_index/package_run_dependencies/lakibeam1
[3.424s] -- Up-to-date: /home/xtark/tarkbot/ros2_ws/install/lakibeam1/share/ament_index/resource_index/parent_prefix_path/lakibeam1
[3.424s] -- Up-to-date: /home/xtark/tarkbot/ros2_ws/install/lakibeam1/share/lakibeam1/environment/ament_prefix_path.sh
[3.425s] -- Up-to-date: /home/xtark/tarkbot/ros2_ws/install/lakibeam1/share/lakibeam1/environment/ament_prefix_path.dsv
[3.425s] -- Up-to-date: /home/xtark/tarkbot/ros2_ws/install/lakibeam1/share/lakibeam1/environment/path.sh
[3.425s] -- Up-to-date: /home/xtark/tarkbot/ros2_ws/install/lakibeam1/share/lakibeam1/environment/path.dsv
[3.429s] -- Up-to-date: /home/xtark/tarkbot/ros2_ws/install/lakibeam1/share/lakibeam1/local_setup.bash
[3.430s] -- Up-to-date: /home/xtark/tarkbot/ros2_ws/install/lakibeam1/share/lakibeam1/local_setup.sh
[3.431s] -- Up-to-date: /home/xtark/tarkbot/ros2_ws/install/lakibeam1/share/lakibeam1/local_setup.zsh
[3.431s] -- Up-to-date: /home/xtark/tarkbot/ros2_ws/install/lakibeam1/share/lakibeam1/local_setup.dsv
[3.432s] -- Installing: /home/xtark/tarkbot/ros2_ws/install/lakibeam1/share/lakibeam1/package.dsv
[3.432s] -- Up-to-date: /home/xtark/tarkbot/ros2_ws/install/lakibeam1/share/ament_index/resource_index/packages/lakibeam1
[3.432s] -- Up-to-date: /home/xtark/tarkbot/ros2_ws/install/lakibeam1/share/lakibeam1/cmake/lakibeam1Config.cmake
[3.433s] -- Up-to-date: /home/xtark/tarkbot/ros2_ws/install/lakibeam1/share/lakibeam1/cmake/lakibeam1Config-version.cmake
[3.433s] -- Up-to-date: /home/xtark/tarkbot/ros2_ws/install/lakibeam1/share/lakibeam1/package.xml
[3.440s] -- Up-to-date: /home/xtark/tarkbot/ros2_ws/install/lakibeam1/lib/lakibeam1/lakibeam1_scan_node
[3.440s] -- Up-to-date: /home/xtark/tarkbot/ros2_ws/install/lakibeam1/share/lakibeam1/launch
[3.441s] -- Up-to-date: /home/xtark/tarkbot/ros2_ws/install/lakibeam1/share/lakibeam1/launch/tarkbot_lakibeam1_scan.launch.py
[3.441s] -- Up-to-date: /home/xtark/tarkbot/ros2_ws/install/lakibeam1/share/lakibeam1/launch/lakibeam1_scan.launch.py
[3.442s] -- Up-to-date: /home/xtark/tarkbot/ros2_ws/install/lakibeam1/share/lakibeam1/launch/lakibeam1_scan_dual_lidar.launch.py
[3.442s] -- Up-to-date: /home/xtark/tarkbot/ros2_ws/install/lakibeam1/share/lakibeam1/launch/lakibeam1_scan_view.launch.py
[3.443s] -- Up-to-date: /home/xtark/tarkbot/ros2_ws/install/lakibeam1/share/lakibeam1/launch/lakibeam1_scan_dual_lidar_view.launch.py
[3.443s] -- Up-to-date: /home/xtark/tarkbot/ros2_ws/install/lakibeam1/share/lakibeam1/rviz
[3.443s] -- Up-to-date: /home/xtark/tarkbot/ros2_ws/install/lakibeam1/share/lakibeam1/rviz/rviz_scan.rviz
[3.444s] -- Up-to-date: /home/xtark/tarkbot/ros2_ws/install/lakibeam1/share/lakibeam1/rviz/lakibeam1_scan.rviz
[3.444s] -- Up-to-date: /home/xtark/tarkbot/ros2_ws/install/lakibeam1/share/lakibeam1/rviz/lakibeam1_scan_dual.rviz
[3.465s] Invoked command in '/home/xtark/tarkbot/ros2_ws/build/lakibeam1' returned '0': CMAKE_PREFIX_PATH=${CMAKE_PREFIX_PATH}:/opt/ros/foxy /usr/bin/cmake --install /home/xtark/tarkbot/ros2_ws/build/lakibeam1
