[1.620s] Invoking command in '/home/xtark/tarkbot/ros2_ws/build/ldlidar_stl_ros2': CMAKE_PREFIX_PATH=${CMAKE_PREFIX_PATH}:/opt/ros/foxy /usr/bin/cmake --build /home/xtark/tarkbot/ros2_ws/build/ldlidar_stl_ros2 -- -j4 -l4
[2.104s] [100%] Built target ldlidar_stl_ros2_node
[2.242s] Invoked command in '/home/xtark/tarkbot/ros2_ws/build/ldlidar_stl_ros2' returned '0': CMAKE_PREFIX_PATH=${CMAKE_PREFIX_PATH}:/opt/ros/foxy /usr/bin/cmake --build /home/xtark/tarkbot/ros2_ws/build/ldlidar_stl_ros2 -- -j4 -l4
[2.596s] Invoking command in '/home/xtark/tarkbot/ros2_ws/build/ldlidar_stl_ros2': CMAKE_PREFIX_PATH=${CMAKE_PREFIX_PATH}:/opt/ros/foxy /usr/bin/cmake --install /home/xtark/tarkbot/ros2_ws/build/ldlidar_stl_ros2
[2.704s] -- Install configuration: ""
[2.705s] -- Up-to-date: /home/xtark/tarkbot/ros2_ws/install/ldlidar_stl_ros2/share/ldlidar_stl_ros2/launch
[2.707s] -- Up-to-date: /home/xtark/tarkbot/ros2_ws/install/ldlidar_stl_ros2/share/ldlidar_stl_ros2/launch/ld19.launch.py
[2.707s] -- Up-to-date: /home/xtark/tarkbot/ros2_ws/install/ldlidar_stl_ros2/share/ldlidar_stl_ros2/launch/__pycache__
[2.708s] -- Up-to-date: /home/xtark/tarkbot/ros2_ws/install/ldlidar_stl_ros2/share/ldlidar_stl_ros2/launch/__pycache__/ld06.launch.cpython-38.pyc
[2.711s] -- Up-to-date: /home/xtark/tarkbot/ros2_ws/install/ldlidar_stl_ros2/share/ldlidar_stl_ros2/launch/viewer_ld19.launch.py
[2.713s] -- Up-to-date: /home/xtark/tarkbot/ros2_ws/install/ldlidar_stl_ros2/share/ldlidar_stl_ros2/launch/ld06.launch.py
[2.718s] -- Up-to-date: /home/xtark/tarkbot/ros2_ws/install/ldlidar_stl_ros2/share/ldlidar_stl_ros2/launch/viewer_ld06.launch.py
[2.718s] -- Up-to-date: /home/xtark/tarkbot/ros2_ws/install/ldlidar_stl_ros2/share/ldlidar_stl_ros2/launch/tarkbot_ld19.launch.py
[2.719s] -- Up-to-date: /home/xtark/tarkbot/ros2_ws/install/ldlidar_stl_ros2/share/ldlidar_stl_ros2/params
[2.735s] -- Up-to-date: /home/xtark/tarkbot/ros2_ws/install/ldlidar_stl_ros2/share/ldlidar_stl_ros2/params/LD19.yaml
[2.737s] -- Up-to-date: /home/xtark/tarkbot/ros2_ws/install/ldlidar_stl_ros2/lib/ldlidar_stl_ros2/ldlidar_stl_ros2_node
[2.738s] -- Up-to-date: /home/xtark/tarkbot/ros2_ws/install/ldlidar_stl_ros2/share/ldlidar_stl_ros2//launch
[2.738s] -- Up-to-date: /home/xtark/tarkbot/ros2_ws/install/ldlidar_stl_ros2/share/ldlidar_stl_ros2//launch/ld19.launch.py
[2.739s] -- Up-to-date: /home/xtark/tarkbot/ros2_ws/install/ldlidar_stl_ros2/share/ldlidar_stl_ros2//launch/__pycache__
[2.739s] -- Up-to-date: /home/xtark/tarkbot/ros2_ws/install/ldlidar_stl_ros2/share/ldlidar_stl_ros2//launch/__pycache__/ld06.launch.cpython-38.pyc
[2.740s] -- Up-to-date: /home/xtark/tarkbot/ros2_ws/install/ldlidar_stl_ros2/share/ldlidar_stl_ros2//launch/viewer_ld19.launch.py
[2.740s] -- Up-to-date: /home/xtark/tarkbot/ros2_ws/install/ldlidar_stl_ros2/share/ldlidar_stl_ros2//launch/ld06.launch.py
[2.741s] -- Up-to-date: /home/xtark/tarkbot/ros2_ws/install/ldlidar_stl_ros2/share/ldlidar_stl_ros2//launch/viewer_ld06.launch.py
[2.741s] -- Up-to-date: /home/xtark/tarkbot/ros2_ws/install/ldlidar_stl_ros2/share/ldlidar_stl_ros2//launch/tarkbot_ld19.launch.py
[2.745s] -- Up-to-date: /home/xtark/tarkbot/ros2_ws/install/ldlidar_stl_ros2/share/ldlidar_stl_ros2//rviz2
[2.746s] -- Up-to-date: /home/xtark/tarkbot/ros2_ws/install/ldlidar_stl_ros2/share/ldlidar_stl_ros2//rviz2/ldlidar.rviz
[2.746s] -- Up-to-date: /home/xtark/tarkbot/ros2_ws/install/ldlidar_stl_ros2/share/ament_index/resource_index/package_run_dependencies/ldlidar_stl_ros2
[2.746s] -- Up-to-date: /home/xtark/tarkbot/ros2_ws/install/ldlidar_stl_ros2/share/ament_index/resource_index/parent_prefix_path/ldlidar_stl_ros2
[2.747s] -- Up-to-date: /home/xtark/tarkbot/ros2_ws/install/ldlidar_stl_ros2/share/ldlidar_stl_ros2/environment/ament_prefix_path.sh
[2.747s] -- Up-to-date: /home/xtark/tarkbot/ros2_ws/install/ldlidar_stl_ros2/share/ldlidar_stl_ros2/environment/ament_prefix_path.dsv
[2.748s] -- Up-to-date: /home/xtark/tarkbot/ros2_ws/install/ldlidar_stl_ros2/share/ldlidar_stl_ros2/environment/path.sh
[2.748s] -- Up-to-date: /home/xtark/tarkbot/ros2_ws/install/ldlidar_stl_ros2/share/ldlidar_stl_ros2/environment/path.dsv
[2.749s] -- Up-to-date: /home/xtark/tarkbot/ros2_ws/install/ldlidar_stl_ros2/share/ldlidar_stl_ros2/local_setup.bash
[2.750s] -- Up-to-date: /home/xtark/tarkbot/ros2_ws/install/ldlidar_stl_ros2/share/ldlidar_stl_ros2/local_setup.sh
[2.751s] -- Up-to-date: /home/xtark/tarkbot/ros2_ws/install/ldlidar_stl_ros2/share/ldlidar_stl_ros2/local_setup.zsh
[2.752s] -- Up-to-date: /home/xtark/tarkbot/ros2_ws/install/ldlidar_stl_ros2/share/ldlidar_stl_ros2/local_setup.dsv
[2.752s] -- Installing: /home/xtark/tarkbot/ros2_ws/install/ldlidar_stl_ros2/share/ldlidar_stl_ros2/package.dsv
[2.752s] -- Up-to-date: /home/xtark/tarkbot/ros2_ws/install/ldlidar_stl_ros2/share/ament_index/resource_index/packages/ldlidar_stl_ros2
[2.753s] -- Up-to-date: /home/xtark/tarkbot/ros2_ws/install/ldlidar_stl_ros2/share/ldlidar_stl_ros2/cmake/ldlidar_stl_ros2Config.cmake
[2.753s] -- Up-to-date: /home/xtark/tarkbot/ros2_ws/install/ldlidar_stl_ros2/share/ldlidar_stl_ros2/cmake/ldlidar_stl_ros2Config-version.cmake
[2.755s] -- Up-to-date: /home/xtark/tarkbot/ros2_ws/install/ldlidar_stl_ros2/share/ldlidar_stl_ros2/package.xml
[3.557s] Invoked command in '/home/xtark/tarkbot/ros2_ws/build/ldlidar_stl_ros2' returned '0': CMAKE_PREFIX_PATH=${CMAKE_PREFIX_PATH}:/opt/ros/foxy /usr/bin/cmake --install /home/xtark/tarkbot/ros2_ws/build/ldlidar_stl_ros2
