[4.004s] Invoking command in '/home/xtark/tarkbot/ros2_ws/build/tarkbot_description': CMAKE_PREFIX_PATH=${CMAKE_PREFIX_PATH}:/opt/ros/foxy /usr/bin/cmake --build /home/xtark/tarkbot/ros2_ws/build/tarkbot_description -- -j4 -l4
[4.233s] Invoked command in '/home/xtark/tarkbot/ros2_ws/build/tarkbot_description' returned '0': CMAKE_PREFIX_PATH=${CMAKE_PREFIX_PATH}:/opt/ros/foxy /usr/bin/cmake --build /home/xtark/tarkbot/ros2_ws/build/tarkbot_description -- -j4 -l4
[5.081s] Invoking command in '/home/xtark/tarkbot/ros2_ws/build/tarkbot_description': CMAKE_PREFIX_PATH=${CMAKE_PREFIX_PATH}:/opt/ros/foxy /usr/bin/cmake --install /home/xtark/tarkbot/ros2_ws/build/tarkbot_description
[6.328s] -- Install configuration: "Release"
[6.328s] -- Up-to-date: /home/xtark/tarkbot/ros2_ws/install/tarkbot_description/share/tarkbot_description/launch
[6.329s] -- Up-to-date: /home/xtark/tarkbot/ros2_ws/install/tarkbot_description/share/tarkbot_description/launch/model.launch.py
[6.329s] -- Up-to-date: /home/xtark/tarkbot/ros2_ws/install/tarkbot_description/share/tarkbot_description/urdf
[6.329s] -- Up-to-date: /home/xtark/tarkbot/ros2_ws/install/tarkbot_description/share/tarkbot_description/urdf/tarkbot_r10_twd.urdf
[6.330s] -- Up-to-date: /home/xtark/tarkbot/ros2_ws/install/tarkbot_description/share/tarkbot_description/urdf/tarkbot_r20_akm.urdf
[6.330s] -- Up-to-date: /home/xtark/tarkbot/ros2_ws/install/tarkbot_description/share/tarkbot_description/urdf/tarkbot_r20_fwd.urdf
[6.330s] -- Up-to-date: /home/xtark/tarkbot/ros2_ws/install/tarkbot_description/share/tarkbot_description/urdf/tarkbot_r10_akm.urdf
[6.331s] -- Up-to-date: /home/xtark/tarkbot/ros2_ws/install/tarkbot_description/share/tarkbot_description/urdf/tarkbot_r20_mec.urdf
[6.331s] -- Up-to-date: /home/xtark/tarkbot/ros2_ws/install/tarkbot_description/share/tarkbot_description/urdf/tarkbot_r10_mec.urdf
[6.331s] -- Up-to-date: /home/xtark/tarkbot/ros2_ws/install/tarkbot_description/share/tarkbot_description/urdf/tarkbot_r10_fwd.urdf
[6.332s] -- Up-to-date: /home/xtark/tarkbot/ros2_ws/install/tarkbot_description/share/tarkbot_description/urdf/tarkbot_r10_omni.urdf
[6.332s] -- Up-to-date: /home/xtark/tarkbot/ros2_ws/install/tarkbot_description/share/tarkbot_description/meshes
[6.333s] -- Up-to-date: /home/xtark/tarkbot/ros2_ws/install/tarkbot_description/share/tarkbot_description/meshes/base_r10_omni.stl
[6.333s] -- Up-to-date: /home/xtark/tarkbot/ros2_ws/install/tarkbot_description/share/tarkbot_description/meshes/base_r20_mec.stl
[6.333s] -- Up-to-date: /home/xtark/tarkbot/ros2_ws/install/tarkbot_description/share/tarkbot_description/meshes/base_r10_fwd.stl
[6.334s] -- Up-to-date: /home/xtark/tarkbot/ros2_ws/install/tarkbot_description/share/tarkbot_description/meshes/depthcamera.stl
[6.334s] -- Up-to-date: /home/xtark/tarkbot/ros2_ws/install/tarkbot_description/share/tarkbot_description/meshes/laser.stl
[6.334s] -- Up-to-date: /home/xtark/tarkbot/ros2_ws/install/tarkbot_description/share/tarkbot_description/meshes/base_r10_mec.stl
[6.335s] -- Up-to-date: /home/xtark/tarkbot/ros2_ws/install/tarkbot_description/share/tarkbot_description/meshes/base_r20_akm.stl
[6.335s] -- Up-to-date: /home/xtark/tarkbot/ros2_ws/install/tarkbot_description/share/tarkbot_description/meshes/base_r10_twd.stl
[6.335s] -- Up-to-date: /home/xtark/tarkbot/ros2_ws/install/tarkbot_description/share/tarkbot_description/meshes/base_r10_akm.stl
[6.336s] -- Up-to-date: /home/xtark/tarkbot/ros2_ws/install/tarkbot_description/share/tarkbot_description/meshes/base_r20_fwd.stl
[6.336s] -- Up-to-date: /home/xtark/tarkbot/ros2_ws/install/tarkbot_description/share/ament_index/resource_index/package_run_dependencies/tarkbot_description
[6.337s] -- Up-to-date: /home/xtark/tarkbot/ros2_ws/install/tarkbot_description/share/ament_index/resource_index/parent_prefix_path/tarkbot_description
[6.337s] -- Up-to-date: /home/xtark/tarkbot/ros2_ws/install/tarkbot_description/share/tarkbot_description/environment/ament_prefix_path.sh
[6.338s] -- Up-to-date: /home/xtark/tarkbot/ros2_ws/install/tarkbot_description/share/tarkbot_description/environment/ament_prefix_path.dsv
[6.338s] -- Up-to-date: /home/xtark/tarkbot/ros2_ws/install/tarkbot_description/share/tarkbot_description/environment/path.sh
[6.339s] -- Up-to-date: /home/xtark/tarkbot/ros2_ws/install/tarkbot_description/share/tarkbot_description/environment/path.dsv
[6.339s] -- Up-to-date: /home/xtark/tarkbot/ros2_ws/install/tarkbot_description/share/tarkbot_description/local_setup.bash
[6.340s] -- Up-to-date: /home/xtark/tarkbot/ros2_ws/install/tarkbot_description/share/tarkbot_description/local_setup.sh
[6.340s] -- Up-to-date: /home/xtark/tarkbot/ros2_ws/install/tarkbot_description/share/tarkbot_description/local_setup.zsh
[6.340s] -- Up-to-date: /home/xtark/tarkbot/ros2_ws/install/tarkbot_description/share/tarkbot_description/local_setup.dsv
[6.341s] -- Installing: /home/xtark/tarkbot/ros2_ws/install/tarkbot_description/share/tarkbot_description/package.dsv
[6.341s] -- Up-to-date: /home/xtark/tarkbot/ros2_ws/install/tarkbot_description/share/ament_index/resource_index/packages/tarkbot_description
[6.341s] -- Up-to-date: /home/xtark/tarkbot/ros2_ws/install/tarkbot_description/share/tarkbot_description/cmake/tarkbot_descriptionConfig.cmake
[6.342s] -- Up-to-date: /home/xtark/tarkbot/ros2_ws/install/tarkbot_description/share/tarkbot_description/cmake/tarkbot_descriptionConfig-version.cmake
[6.342s] -- Up-to-date: /home/xtark/tarkbot/ros2_ws/install/tarkbot_description/share/tarkbot_description/package.xml
[7.763s] Invoked command in '/home/xtark/tarkbot/ros2_ws/build/tarkbot_description' returned '0': CMAKE_PREFIX_PATH=${CMAKE_PREFIX_PATH}:/opt/ros/foxy /usr/bin/cmake --install /home/xtark/tarkbot/ros2_ws/build/tarkbot_description
