[2.247s] Invoking command in '/home/xtark/tarkbot/ros2_ws/build/lakibeam1': CMAKE_PREFIX_PATH=${CMAKE_PREFIX_PATH}:/opt/ros/foxy /usr/bin/cmake /home/xtark/tarkbot/ros2_ws/src/tarkbot_package/tarkbot_lidar/lakibeam1 -DCMAKE_BUILD_TYPE=Release -DCMAKE_INSTALL_PREFIX=/home/xtark/tarkbot/ros2_ws/install/lakibeam1
[2.322s] -- Found ament_cmake: 0.9.12 (/opt/ros/foxy/share/ament_cmake/cmake)
[2.515s] -- Using PYTHON_EXECUTABLE: /usr/bin/python3
[4.029s] -- Found rclcpp: 2.4.3 (/opt/ros/foxy/share/rclcpp/cmake)
[4.276s] -- Using all available rosidl_typesupport_c: rosidl_typesupport_fastrtps_c;rosidl_typesupport_introspection_c
[4.301s] -- Found rosidl_adapter: 1.3.1 (/opt/ros/foxy/share/rosidl_adapter/cmake)
[5.635s] -- Using all available rosidl_typesupport_cpp: rosidl_typesupport_fastrtps_cpp;rosidl_typesupport_introspection_cpp
[5.917s] -- Found rmw_implementation_cmake: 1.0.4 (/opt/ros/foxy/share/rmw_implementation_cmake/cmake)
[5.928s] -- Using RMW implementation 'rmw_fastrtps_cpp' as default
[6.621s] -- Found pcl_conversions: 2.2.1 (/opt/ros/foxy/share/pcl_conversions/cmake)
[7.861s] -- Found rclpy: 1.0.13 (/opt/ros/foxy/share/rclpy/cmake)
[7.986s] -- Found ament_lint_auto: 0.9.8 (/opt/ros/foxy/share/ament_lint_auto/cmake)
[8.495s] -- Added test 'cppcheck' to perform static code analysis on C / C++ code
[8.496s] -- Configured cppcheck include dirs: 
[8.496s] -- Configured cppcheck exclude dirs and/or files: 
[8.501s] -- Added test 'flake8' to check Python code syntax and style conventions
[8.510s] -- Added test 'lint_cmake' to check CMake code style
[8.516s] -- Added test 'pep257' to check Python code against some of the style conventions in PEP 257
[8.546s] -- Added test 'uncrustify' to check C / C++ code style
[8.548s] -- Configured uncrustify additional arguments: 
[8.551s] -- Added test 'xmllint' to check XML markup files
[8.592s] -- Configuring done
[8.693s] -- Generating done
[8.721s] -- Build files have been written to: /home/xtark/tarkbot/ros2_ws/build/lakibeam1
[8.851s] Invoked command in '/home/xtark/tarkbot/ros2_ws/build/lakibeam1' returned '0': CMAKE_PREFIX_PATH=${CMAKE_PREFIX_PATH}:/opt/ros/foxy /usr/bin/cmake /home/xtark/tarkbot/ros2_ws/src/tarkbot_package/tarkbot_lidar/lakibeam1 -DCMAKE_BUILD_TYPE=Release -DCMAKE_INSTALL_PREFIX=/home/xtark/tarkbot/ros2_ws/install/lakibeam1
[8.854s] Invoking command in '/home/xtark/tarkbot/ros2_ws/build/lakibeam1': CMAKE_PREFIX_PATH=${CMAKE_PREFIX_PATH}:/opt/ros/foxy /usr/bin/cmake --build /home/xtark/tarkbot/ros2_ws/build/lakibeam1 -- -j4 -l4
[9.971s] [ 33%] [32mBuilding CXX object CMakeFiles/lakibeam1_scan_node.dir/src/lakibeam1_scan.cpp.o[0m
[10.006s] [ 66%] [32mBuilding CXX object CMakeFiles/lakibeam1_scan_node.dir/src/remote.cpp.o[0m
[29.308s] [01m[K/home/xtark/tarkbot/ros2_ws/src/tarkbot_package/tarkbot_lidar/lakibeam1/src/remote.cpp:[m[K In function ‘[01m[Ksize_t dummy_callback(void*, size_t, size_t, void*)[m[K’:
[29.309s] [01m[K/home/xtark/tarkbot/ros2_ws/src/tarkbot_package/tarkbot_lidar/lakibeam1/src/remote.cpp:16:36:[m[K [01;35m[Kwarning: [m[Kunused parameter ‘[01m[Kbuffer[m[K’ [[01;35m[K-Wunused-parameter[m[K]
[29.310s]    16 | static size_t dummy_callback([01;35m[Kvoid *buffer[m[K, size_t size, size_t nmemb, void *userp)
[29.311s]       |                              [01;35m[K~~~~~~^~~~~~[m[K
[29.316s] [01m[K/home/xtark/tarkbot/ros2_ws/src/tarkbot_package/tarkbot_lidar/lakibeam1/src/remote.cpp:16:77:[m[K [01;35m[Kwarning: [m[Kunused parameter ‘[01m[Kuserp[m[K’ [[01;35m[K-Wunused-parameter[m[K]
[29.317s]    16 | static size_t dummy_callback(void *buffer, size_t size, size_t nmemb, [01;35m[Kvoid *userp[m[K)
[29.318s]       |                                                                       [01;35m[K~~~~~~^~~~~[m[K
[33.033s] In file included from [01m[K/home/xtark/tarkbot/ros2_ws/src/tarkbot_package/tarkbot_lidar/lakibeam1/src/remote.cpp:4[m[K:
[33.035s] /home/xtark/tarkbot/ros2_ws/src/tarkbot_package/tarkbot_lidar/lakibeam1/src/../thirdparty/rapidjson/document.h: In instantiation of ‘[01m[Kvoid rapidjson::GenericValue<Encoding, Allocator>::SetObjectRaw(rapidjson::GenericValue<Encoding, Allocator>::Member*, rapidjson::SizeType, Allocator&) [with Encoding = rapidjson::UTF8<>; Allocator = rapidjson::MemoryPoolAllocator<>; rapidjson::GenericValue<Encoding, Allocator>::Member = rapidjson::GenericMember<rapidjson::UTF8<>, rapidjson::MemoryPoolAllocator<> >; rapidjson::SizeType = unsigned int][m[K’:
[33.036s] [01m[K/home/xtark/tarkbot/ros2_ws/src/tarkbot_package/tarkbot_lidar/lakibeam1/src/../thirdparty/rapidjson/document.h:2363:9:[m[K   required from ‘[01m[Kbool rapidjson::GenericDocument<Encoding, Allocator, StackAllocator>::EndObject(rapidjson::SizeType) [with Encoding = rapidjson::UTF8<>; Allocator = rapidjson::MemoryPoolAllocator<>; StackAllocator = rapidjson::CrtAllocator; rapidjson::SizeType = unsigned int][m[K’
[33.036s] [01m[K/home/xtark/tarkbot/ros2_ws/src/tarkbot_package/tarkbot_lidar/lakibeam1/src/../thirdparty/rapidjson/reader.h:1736:18:[m[K   required from ‘[01m[Krapidjson::GenericReader<SourceEncoding, TargetEncoding, StackAllocator>::IterativeParsingState rapidjson::GenericReader<SourceEncoding, TargetEncoding, StackAllocator>::Transit(rapidjson::GenericReader<SourceEncoding, TargetEncoding, StackAllocator>::IterativeParsingState, rapidjson::GenericReader<SourceEncoding, TargetEncoding, StackAllocator>::Token, rapidjson::GenericReader<SourceEncoding, TargetEncoding, StackAllocator>::IterativeParsingState, InputStream&, Handler&) [with unsigned int parseFlags = 0; InputStream = rapidjson::GenericStringStream<rapidjson::UTF8<> >; Handler = rapidjson::GenericDocument<rapidjson::UTF8<> >; SourceEncoding = rapidjson::UTF8<>; TargetEncoding = rapidjson::UTF8<>; StackAllocator = rapidjson::CrtAllocator][m[K’
[33.037s] [01m[K/home/xtark/tarkbot/ros2_ws/src/tarkbot_package/tarkbot_lidar/lakibeam1/src/../thirdparty/rapidjson/reader.h:1832:35:[m[K   required from ‘[01m[Krapidjson::ParseResult rapidjson::GenericReader<SourceEncoding, TargetEncoding, StackAllocator>::IterativeParse(InputStream&, Handler&) [with unsigned int parseFlags = 0; InputStream = rapidjson::GenericStringStream<rapidjson::UTF8<> >; Handler = rapidjson::GenericDocument<rapidjson::UTF8<> >; SourceEncoding = rapidjson::UTF8<>; TargetEncoding = rapidjson::UTF8<>; StackAllocator = rapidjson::CrtAllocator][m[K’
[33.038s] [01m[K/home/xtark/tarkbot/ros2_ws/src/tarkbot_package/tarkbot_lidar/lakibeam1/src/../thirdparty/rapidjson/reader.h:487:58:[m[K   required from ‘[01m[Krapidjson::ParseResult rapidjson::GenericReader<SourceEncoding, TargetEncoding, StackAllocator>::Parse(InputStream&, Handler&) [with unsigned int parseFlags = 0; InputStream = rapidjson::GenericStringStream<rapidjson::UTF8<> >; Handler = rapidjson::GenericDocument<rapidjson::UTF8<> >; SourceEncoding = rapidjson::UTF8<>; TargetEncoding = rapidjson::UTF8<>; StackAllocator = rapidjson::CrtAllocator][m[K’
[33.039s] [01m[K/home/xtark/tarkbot/ros2_ws/src/tarkbot_package/tarkbot_lidar/lakibeam1/src/../thirdparty/rapidjson/document.h:2159:22:[m[K   required from ‘[01m[Krapidjson::GenericDocument<Encoding, Allocator, StackAllocator>& rapidjson::GenericDocument<Encoding, Allocator, StackAllocator>::ParseStream(InputStream&) [with unsigned int parseFlags = 0; SourceEncoding = rapidjson::UTF8<>; InputStream = rapidjson::GenericStringStream<rapidjson::UTF8<> >; Encoding = rapidjson::UTF8<>; Allocator = rapidjson::MemoryPoolAllocator<>; StackAllocator = rapidjson::CrtAllocator][m[K’
[33.040s] [01m[K/home/xtark/tarkbot/ros2_ws/src/tarkbot_package/tarkbot_lidar/lakibeam1/src/../thirdparty/rapidjson/document.h:2224:57:[m[K   required from ‘[01m[Krapidjson::GenericDocument<Encoding, Allocator, StackAllocator>& rapidjson::GenericDocument<Encoding, Allocator, StackAllocator>::Parse(const typename SourceEncoding::Ch*) [with unsigned int parseFlags = 0; SourceEncoding = rapidjson::UTF8<>; Encoding = rapidjson::UTF8<>; Allocator = rapidjson::MemoryPoolAllocator<>; StackAllocator = rapidjson::CrtAllocator; typename SourceEncoding::Ch = char][m[K’
[33.041s] [01m[K/home/xtark/tarkbot/ros2_ws/src/tarkbot_package/tarkbot_lidar/lakibeam1/src/../thirdparty/rapidjson/document.h:2233:47:[m[K   required from ‘[01m[Krapidjson::GenericDocument<Encoding, Allocator, StackAllocator>& rapidjson::GenericDocument<Encoding, Allocator, StackAllocator>::Parse(const Ch*) [with unsigned int parseFlags = 0; Encoding = rapidjson::UTF8<>; Allocator = rapidjson::MemoryPoolAllocator<>; StackAllocator = rapidjson::CrtAllocator; rapidjson::GenericDocument<Encoding, Allocator, StackAllocator>::Ch = char][m[K’
[33.042s] [01m[K/home/xtark/tarkbot/ros2_ws/src/tarkbot_package/tarkbot_lidar/lakibeam1/src/../thirdparty/rapidjson/document.h:2240:45:[m[K   required from ‘[01m[Krapidjson::GenericDocument<Encoding, Allocator, StackAllocator>& rapidjson::GenericDocument<Encoding, Allocator, StackAllocator>::Parse(const Ch*) [with Encoding = rapidjson::UTF8<>; Allocator = rapidjson::MemoryPoolAllocator<>; StackAllocator = rapidjson::CrtAllocator; rapidjson::GenericDocument<Encoding, Allocator, StackAllocator>::Ch = char][m[K’
[33.043s] [01m[K/home/xtark/tarkbot/ros2_ws/src/tarkbot_package/tarkbot_lidar/lakibeam1/src/remote.cpp:76:21:[m[K   required from here
[33.044s] [01m[K/home/xtark/tarkbot/ros2_ws/src/tarkbot_package/tarkbot_lidar/lakibeam1/src/../thirdparty/rapidjson/document.h:1952:24:[m[K [01;35m[Kwarning: [m[K‘[01m[Kvoid* memcpy(void*, const void*, size_t)[m[K’ writing to an object of type ‘[01m[Krapidjson::GenericValue<rapidjson::UTF8<> >::Member[m[K’ {aka ‘[01m[Kstruct rapidjson::GenericMember<rapidjson::UTF8<>, rapidjson::MemoryPoolAllocator<> >[m[K’} with no trivial copy-assignment; use copy-assignment instead [[01;35m[K-Wclass-memaccess[m[K]
[33.045s]  1952 |             [01;35m[Kstd::memcpy(m, members, count * sizeof(Member))[m[K;
[33.046s]       |             [01;35m[K~~~~~~~~~~~^~~~~~~~~~~~~~~~~~~~~~~~~~~~~~~~~~~~[m[K
[33.047s] In file included from [01m[K/home/xtark/tarkbot/ros2_ws/src/tarkbot_package/tarkbot_lidar/lakibeam1/src/remote.cpp:4[m[K:
[33.048s] [01m[K/home/xtark/tarkbot/ros2_ws/src/tarkbot_package/tarkbot_lidar/lakibeam1/src/../thirdparty/rapidjson/document.h:71:8:[m[K [01;36m[Knote: [m[K‘[01m[Krapidjson::GenericValue<rapidjson::UTF8<> >::Member[m[K’ {aka ‘[01m[Kstruct rapidjson::GenericMember<rapidjson::UTF8<>, rapidjson::MemoryPoolAllocator<> >[m[K’} declared here
[33.048s]    71 | struct [01;36m[KGenericMember[m[K {
[33.049s]       |        [01;36m[K^~~~~~~~~~~~~[m[K
[33.062s] In file included from [01m[K/home/xtark/tarkbot/ros2_ws/src/tarkbot_package/tarkbot_lidar/lakibeam1/src/remote.cpp:4[m[K:
[33.063s] /home/xtark/tarkbot/ros2_ws/src/tarkbot_package/tarkbot_lidar/lakibeam1/src/../thirdparty/rapidjson/document.h: In instantiation of ‘[01m[Kvoid rapidjson::GenericValue<Encoding, Allocator>::SetArrayRaw(rapidjson::GenericValue<Encoding, Allocator>*, rapidjson::SizeType, Allocator&) [with Encoding = rapidjson::UTF8<>; Allocator = rapidjson::MemoryPoolAllocator<>; rapidjson::SizeType = unsigned int][m[K’:
[33.064s] [01m[K/home/xtark/tarkbot/ros2_ws/src/tarkbot_package/tarkbot_lidar/lakibeam1/src/../thirdparty/rapidjson/document.h:2371:9:[m[K   required from ‘[01m[Kbool rapidjson::GenericDocument<Encoding, Allocator, StackAllocator>::EndArray(rapidjson::SizeType) [with Encoding = rapidjson::UTF8<>; Allocator = rapidjson::MemoryPoolAllocator<>; StackAllocator = rapidjson::CrtAllocator; rapidjson::SizeType = unsigned int][m[K’
[33.065s] [01m[K/home/xtark/tarkbot/ros2_ws/src/tarkbot_package/tarkbot_lidar/lakibeam1/src/../thirdparty/rapidjson/reader.h:1766:18:[m[K   required from ‘[01m[Krapidjson::GenericReader<SourceEncoding, TargetEncoding, StackAllocator>::IterativeParsingState rapidjson::GenericReader<SourceEncoding, TargetEncoding, StackAllocator>::Transit(rapidjson::GenericReader<SourceEncoding, TargetEncoding, StackAllocator>::IterativeParsingState, rapidjson::GenericReader<SourceEncoding, TargetEncoding, StackAllocator>::Token, rapidjson::GenericReader<SourceEncoding, TargetEncoding, StackAllocator>::IterativeParsingState, InputStream&, Handler&) [with unsigned int parseFlags = 0; InputStream = rapidjson::GenericStringStream<rapidjson::UTF8<> >; Handler = rapidjson::GenericDocument<rapidjson::UTF8<> >; SourceEncoding = rapidjson::UTF8<>; TargetEncoding = rapidjson::UTF8<>; StackAllocator = rapidjson::CrtAllocator][m[K’
[33.066s] [01m[K/home/xtark/tarkbot/ros2_ws/src/tarkbot_package/tarkbot_lidar/lakibeam1/src/../thirdparty/rapidjson/reader.h:1832:35:[m[K   required from ‘[01m[Krapidjson::ParseResult rapidjson::GenericReader<SourceEncoding, TargetEncoding, StackAllocator>::IterativeParse(InputStream&, Handler&) [with unsigned int parseFlags = 0; InputStream = rapidjson::GenericStringStream<rapidjson::UTF8<> >; Handler = rapidjson::GenericDocument<rapidjson::UTF8<> >; SourceEncoding = rapidjson::UTF8<>; TargetEncoding = rapidjson::UTF8<>; StackAllocator = rapidjson::CrtAllocator][m[K’
[33.068s] [01m[K/home/xtark/tarkbot/ros2_ws/src/tarkbot_package/tarkbot_lidar/lakibeam1/src/../thirdparty/rapidjson/reader.h:487:58:[m[K   required from ‘[01m[Krapidjson::ParseResult rapidjson::GenericReader<SourceEncoding, TargetEncoding, StackAllocator>::Parse(InputStream&, Handler&) [with unsigned int parseFlags = 0; InputStream = rapidjson::GenericStringStream<rapidjson::UTF8<> >; Handler = rapidjson::GenericDocument<rapidjson::UTF8<> >; SourceEncoding = rapidjson::UTF8<>; TargetEncoding = rapidjson::UTF8<>; StackAllocator = rapidjson::CrtAllocator][m[K’
[33.074s] [01m[K/home/xtark/tarkbot/ros2_ws/src/tarkbot_package/tarkbot_lidar/lakibeam1/src/../thirdparty/rapidjson/document.h:2159:22:[m[K   required from ‘[01m[Krapidjson::GenericDocument<Encoding, Allocator, StackAllocator>& rapidjson::GenericDocument<Encoding, Allocator, StackAllocator>::ParseStream(InputStream&) [with unsigned int parseFlags = 0; SourceEncoding = rapidjson::UTF8<>; InputStream = rapidjson::GenericStringStream<rapidjson::UTF8<> >; Encoding = rapidjson::UTF8<>; Allocator = rapidjson::MemoryPoolAllocator<>; StackAllocator = rapidjson::CrtAllocator][m[K’
[33.075s] [01m[K/home/xtark/tarkbot/ros2_ws/src/tarkbot_package/tarkbot_lidar/lakibeam1/src/../thirdparty/rapidjson/document.h:2224:57:[m[K   required from ‘[01m[Krapidjson::GenericDocument<Encoding, Allocator, StackAllocator>& rapidjson::GenericDocument<Encoding, Allocator, StackAllocator>::Parse(const typename SourceEncoding::Ch*) [with unsigned int parseFlags = 0; SourceEncoding = rapidjson::UTF8<>; Encoding = rapidjson::UTF8<>; Allocator = rapidjson::MemoryPoolAllocator<>; StackAllocator = rapidjson::CrtAllocator; typename SourceEncoding::Ch = char][m[K’
[33.078s] [01m[K/home/xtark/tarkbot/ros2_ws/src/tarkbot_package/tarkbot_lidar/lakibeam1/src/../thirdparty/rapidjson/document.h:2233:47:[m[K   required from ‘[01m[Krapidjson::GenericDocument<Encoding, Allocator, StackAllocator>& rapidjson::GenericDocument<Encoding, Allocator, StackAllocator>::Parse(const Ch*) [with unsigned int parseFlags = 0; Encoding = rapidjson::UTF8<>; Allocator = rapidjson::MemoryPoolAllocator<>; StackAllocator = rapidjson::CrtAllocator; rapidjson::GenericDocument<Encoding, Allocator, StackAllocator>::Ch = char][m[K’
[33.079s] [01m[K/home/xtark/tarkbot/ros2_ws/src/tarkbot_package/tarkbot_lidar/lakibeam1/src/../thirdparty/rapidjson/document.h:2240:45:[m[K   required from ‘[01m[Krapidjson::GenericDocument<Encoding, Allocator, StackAllocator>& rapidjson::GenericDocument<Encoding, Allocator, StackAllocator>::Parse(const Ch*) [with Encoding = rapidjson::UTF8<>; Allocator = rapidjson::MemoryPoolAllocator<>; StackAllocator = rapidjson::CrtAllocator; rapidjson::GenericDocument<Encoding, Allocator, StackAllocator>::Ch = char][m[K’
[33.080s] [01m[K/home/xtark/tarkbot/ros2_ws/src/tarkbot_package/tarkbot_lidar/lakibeam1/src/remote.cpp:76:21:[m[K   required from here
[33.081s] [01m[K/home/xtark/tarkbot/ros2_ws/src/tarkbot_package/tarkbot_lidar/lakibeam1/src/../thirdparty/rapidjson/document.h:1939:24:[m[K [01;35m[Kwarning: [m[K‘[01m[Kvoid* memcpy(void*, const void*, size_t)[m[K’ writing to an object of type ‘[01m[Kclass rapidjson::GenericValue<rapidjson::UTF8<> >[m[K’ with no trivial copy-assignment; use copy-assignment or copy-initialization instead [[01;35m[K-Wclass-memaccess[m[K]
[33.082s]  1939 |             [01;35m[Kstd::memcpy(e, values, count * sizeof(GenericValue))[m[K;
[33.083s]       |             [01;35m[K~~~~~~~~~~~^~~~~~~~~~~~~~~~~~~~~~~~~~~~~~~~~~~~~~~~~[m[K
[33.083s] [01m[K/home/xtark/tarkbot/ros2_ws/src/tarkbot_package/tarkbot_lidar/lakibeam1/src/../thirdparty/rapidjson/document.h:540:7:[m[K [01;36m[Knote: [m[K‘[01m[Kclass rapidjson::GenericValue<rapidjson::UTF8<> >[m[K’ declared here
[33.084s]   540 | class [01;36m[KGenericValue[m[K {
[33.085s]       |       [01;36m[K^~~~~~~~~~~~[m[K
[52.036s] [100%] [32m[1mLinking CXX executable lakibeam1_scan_node[0m
[53.475s] [100%] Built target lakibeam1_scan_node
[53.581s] Invoked command in '/home/xtark/tarkbot/ros2_ws/build/lakibeam1' returned '0': CMAKE_PREFIX_PATH=${CMAKE_PREFIX_PATH}:/opt/ros/foxy /usr/bin/cmake --build /home/xtark/tarkbot/ros2_ws/build/lakibeam1 -- -j4 -l4
[54.832s] Invoking command in '/home/xtark/tarkbot/ros2_ws/build/lakibeam1': CMAKE_PREFIX_PATH=${CMAKE_PREFIX_PATH}:/opt/ros/foxy /usr/bin/cmake --install /home/xtark/tarkbot/ros2_ws/build/lakibeam1
[54.902s] -- Install configuration: "Release"
[54.905s] -- Up-to-date: /home/xtark/tarkbot/ros2_ws/install/lakibeam1/share/ament_index/resource_index/package_run_dependencies/lakibeam1
[54.910s] -- Installing: /home/xtark/tarkbot/ros2_ws/install/lakibeam1/share/ament_index/resource_index/parent_prefix_path/lakibeam1
[54.912s] -- Up-to-date: /home/xtark/tarkbot/ros2_ws/install/lakibeam1/share/lakibeam1/environment/ament_prefix_path.sh
[54.916s] -- Installing: /home/xtark/tarkbot/ros2_ws/install/lakibeam1/share/lakibeam1/environment/ament_prefix_path.dsv
[54.917s] -- Up-to-date: /home/xtark/tarkbot/ros2_ws/install/lakibeam1/share/lakibeam1/environment/path.sh
[54.918s] -- Installing: /home/xtark/tarkbot/ros2_ws/install/lakibeam1/share/lakibeam1/environment/path.dsv
[54.924s] -- Up-to-date: /home/xtark/tarkbot/ros2_ws/install/lakibeam1/share/lakibeam1/local_setup.bash
[54.926s] -- Up-to-date: /home/xtark/tarkbot/ros2_ws/install/lakibeam1/share/lakibeam1/local_setup.sh
[54.927s] -- Up-to-date: /home/xtark/tarkbot/ros2_ws/install/lakibeam1/share/lakibeam1/local_setup.zsh
[54.929s] -- Installing: /home/xtark/tarkbot/ros2_ws/install/lakibeam1/share/lakibeam1/local_setup.dsv
[54.933s] -- Installing: /home/xtark/tarkbot/ros2_ws/install/lakibeam1/share/lakibeam1/package.dsv
[54.949s] -- Up-to-date: /home/xtark/tarkbot/ros2_ws/install/lakibeam1/share/ament_index/resource_index/packages/lakibeam1
[54.950s] -- Up-to-date: /home/xtark/tarkbot/ros2_ws/install/lakibeam1/share/lakibeam1/cmake/lakibeam1Config.cmake
[54.951s] -- Up-to-date: /home/xtark/tarkbot/ros2_ws/install/lakibeam1/share/lakibeam1/cmake/lakibeam1Config-version.cmake
[54.952s] -- Up-to-date: /home/xtark/tarkbot/ros2_ws/install/lakibeam1/share/lakibeam1/package.xml
[54.953s] -- Installing: /home/xtark/tarkbot/ros2_ws/install/lakibeam1/lib/lakibeam1/lakibeam1_scan_node
[54.953s] -- Set runtime path of "/home/xtark/tarkbot/ros2_ws/install/lakibeam1/lib/lakibeam1/lakibeam1_scan_node" to ""
[54.954s] -- Up-to-date: /home/xtark/tarkbot/ros2_ws/install/lakibeam1/share/lakibeam1/launch
[54.955s] -- Up-to-date: /home/xtark/tarkbot/ros2_ws/install/lakibeam1/share/lakibeam1/launch/tarkbot_lakibeam1_scan.launch.py
[54.956s] -- Up-to-date: /home/xtark/tarkbot/ros2_ws/install/lakibeam1/share/lakibeam1/launch/lakibeam1_scan.launch.py
[54.957s] -- Up-to-date: /home/xtark/tarkbot/ros2_ws/install/lakibeam1/share/lakibeam1/launch/lakibeam1_scan_dual_lidar.launch.py
[54.974s] -- Up-to-date: /home/xtark/tarkbot/ros2_ws/install/lakibeam1/share/lakibeam1/launch/lakibeam1_scan_view.launch.py
[54.976s] -- Up-to-date: /home/xtark/tarkbot/ros2_ws/install/lakibeam1/share/lakibeam1/launch/lakibeam1_scan_dual_lidar_view.launch.py
[54.978s] -- Up-to-date: /home/xtark/tarkbot/ros2_ws/install/lakibeam1/share/lakibeam1/rviz
[54.986s] -- Up-to-date: /home/xtark/tarkbot/ros2_ws/install/lakibeam1/share/lakibeam1/rviz/rviz_scan.rviz
[54.987s] -- Up-to-date: /home/xtark/tarkbot/ros2_ws/install/lakibeam1/share/lakibeam1/rviz/lakibeam1_scan.rviz
[54.989s] -- Up-to-date: /home/xtark/tarkbot/ros2_ws/install/lakibeam1/share/lakibeam1/rviz/lakibeam1_scan_dual.rviz
[54.991s] Invoked command in '/home/xtark/tarkbot/ros2_ws/build/lakibeam1' returned '0': CMAKE_PREFIX_PATH=${CMAKE_PREFIX_PATH}:/opt/ros/foxy /usr/bin/cmake --install /home/xtark/tarkbot/ros2_ws/build/lakibeam1
