[2.321s] Invoking command in '/home/xtark/tarkbot/ros2_ws/build/rplidar_ros': CMAKE_PREFIX_PATH=${CMAKE_PREFIX_PATH}:/opt/ros/foxy /usr/bin/cmake --build /home/xtark/tarkbot/ros2_ws/build/rplidar_ros -- -j4 -l4
[2.834s] [100%] Built target rplidar_node
[4.337s] Invoked command in '/home/xtark/tarkbot/ros2_ws/build/rplidar_ros' returned '0': CMAKE_PREFIX_PATH=${CMAKE_PREFIX_PATH}:/opt/ros/foxy /usr/bin/cmake --build /home/xtark/tarkbot/ros2_ws/build/rplidar_ros -- -j4 -l4
[6.698s] Invoking command in '/home/xtark/tarkbot/ros2_ws/build/rplidar_ros': CMAKE_PREFIX_PATH=${CMAKE_PREFIX_PATH}:/opt/ros/foxy /usr/bin/cmake --install /home/xtark/tarkbot/ros2_ws/build/rplidar_ros
[6.736s] -- Install configuration: ""
[6.741s] -- Up-to-date: /home/xtark/tarkbot/ros2_ws/install/rplidar_ros/lib/rplidar_ros/rplidar_node
[6.748s] -- Up-to-date: /home/xtark/tarkbot/ros2_ws/install/rplidar_ros/share/rplidar_ros//launch
[6.750s] -- Up-to-date: /home/xtark/tarkbot/ros2_ws/install/rplidar_ros/share/rplidar_ros//launch/rplidar_a3.launch
[6.751s] -- Up-to-date: /home/xtark/tarkbot/ros2_ws/install/rplidar_ros/share/rplidar_ros//launch/view_rplidar_a3.launch
[6.752s] -- Up-to-date: /home/xtark/tarkbot/ros2_ws/install/rplidar_ros/share/rplidar_ros//launch/__pycache__
[6.752s] -- Up-to-date: /home/xtark/tarkbot/ros2_ws/install/rplidar_ros/share/rplidar_ros//launch/__pycache__/rplidar_tarkbot.launch.cpython-38.pyc
[6.752s] -- Up-to-date: /home/xtark/tarkbot/ros2_ws/install/rplidar_ros/share/rplidar_ros//launch/rplidar_tarkbot.launch.py
[6.753s] -- Up-to-date: /home/xtark/tarkbot/ros2_ws/install/rplidar_ros/share/rplidar_ros//launch/rplidar_s1.launch
[6.753s] -- Up-to-date: /home/xtark/tarkbot/ros2_ws/install/rplidar_ros/share/rplidar_ros//launch/rplidar.launch
[6.754s] -- Up-to-date: /home/xtark/tarkbot/ros2_ws/install/rplidar_ros/share/rplidar_ros//launch/rplidar_s1_tcp.launch
[6.754s] -- Up-to-date: /home/xtark/tarkbot/ros2_ws/install/rplidar_ros/share/rplidar_ros//launch/test_rplidar.launch
[6.755s] -- Up-to-date: /home/xtark/tarkbot/ros2_ws/install/rplidar_ros/share/rplidar_ros//launch/view_rplidar.launch
[6.755s] -- Up-to-date: /home/xtark/tarkbot/ros2_ws/install/rplidar_ros/share/rplidar_ros//launch/view_rplidar_s1.launch
[6.755s] -- Up-to-date: /home/xtark/tarkbot/ros2_ws/install/rplidar_ros/share/rplidar_ros//launch/test_rplidar_a3.launch
[6.756s] -- Up-to-date: /home/xtark/tarkbot/ros2_ws/install/rplidar_ros/share/rplidar_ros//launch/view_rplidar_s1_tcp.launch
[6.756s] -- Up-to-date: /home/xtark/tarkbot/ros2_ws/install/rplidar_ros/share/rplidar_ros//rviz
[6.756s] -- Up-to-date: /home/xtark/tarkbot/ros2_ws/install/rplidar_ros/share/rplidar_ros//rviz/rplidar.rviz
[6.757s] -- Up-to-date: /home/xtark/tarkbot/ros2_ws/install/rplidar_ros/share/rplidar_ros//sdk
[6.757s] -- Up-to-date: /home/xtark/tarkbot/ros2_ws/install/rplidar_ros/share/rplidar_ros//sdk/src
[6.757s] -- Up-to-date: /home/xtark/tarkbot/ros2_ws/install/rplidar_ros/share/rplidar_ros//sdk/src/rplidar_driver.cpp
[6.759s] -- Up-to-date: /home/xtark/tarkbot/ros2_ws/install/rplidar_ros/share/rplidar_ros//sdk/src/rplidar_driver_serial.h
[6.762s] -- Up-to-date: /home/xtark/tarkbot/ros2_ws/install/rplidar_ros/share/rplidar_ros//sdk/src/arch
[6.766s] -- Up-to-date: /home/xtark/tarkbot/ros2_ws/install/rplidar_ros/share/rplidar_ros//sdk/src/arch/linux
[6.772s] -- Up-to-date: /home/xtark/tarkbot/ros2_ws/install/rplidar_ros/share/rplidar_ros//sdk/src/arch/linux/arch_linux.h
[6.775s] -- Up-to-date: /home/xtark/tarkbot/ros2_ws/install/rplidar_ros/share/rplidar_ros//sdk/src/arch/linux/net_serial.h
[6.776s] -- Up-to-date: /home/xtark/tarkbot/ros2_ws/install/rplidar_ros/share/rplidar_ros//sdk/src/arch/linux/net_serial.cpp
[6.778s] -- Up-to-date: /home/xtark/tarkbot/ros2_ws/install/rplidar_ros/share/rplidar_ros//sdk/src/arch/linux/net_socket.cpp
[6.780s] -- Up-to-date: /home/xtark/tarkbot/ros2_ws/install/rplidar_ros/share/rplidar_ros//sdk/src/arch/linux/thread.hpp
[6.782s] -- Up-to-date: /home/xtark/tarkbot/ros2_ws/install/rplidar_ros/share/rplidar_ros//sdk/src/arch/linux/timer.h
[6.783s] -- Up-to-date: /home/xtark/tarkbot/ros2_ws/install/rplidar_ros/share/rplidar_ros//sdk/src/arch/linux/timer.cpp
[6.786s] -- Up-to-date: /home/xtark/tarkbot/ros2_ws/install/rplidar_ros/share/rplidar_ros//sdk/src/arch/win32
[6.787s] -- Up-to-date: /home/xtark/tarkbot/ros2_ws/install/rplidar_ros/share/rplidar_ros//sdk/src/arch/win32/net_serial.h
[6.790s] -- Up-to-date: /home/xtark/tarkbot/ros2_ws/install/rplidar_ros/share/rplidar_ros//sdk/src/arch/win32/net_serial.cpp
[6.792s] -- Up-to-date: /home/xtark/tarkbot/ros2_ws/install/rplidar_ros/share/rplidar_ros//sdk/src/arch/win32/net_socket.cpp
[6.795s] -- Up-to-date: /home/xtark/tarkbot/ros2_ws/install/rplidar_ros/share/rplidar_ros//sdk/src/arch/win32/winthread.hpp
[6.796s] -- Up-to-date: /home/xtark/tarkbot/ros2_ws/install/rplidar_ros/share/rplidar_ros//sdk/src/arch/win32/arch_win32.h
[6.798s] -- Up-to-date: /home/xtark/tarkbot/ros2_ws/install/rplidar_ros/share/rplidar_ros//sdk/src/arch/win32/timer.h
[6.801s] -- Up-to-date: /home/xtark/tarkbot/ros2_ws/install/rplidar_ros/share/rplidar_ros//sdk/src/arch/win32/timer.cpp
[6.803s] -- Up-to-date: /home/xtark/tarkbot/ros2_ws/install/rplidar_ros/share/rplidar_ros//sdk/src/arch/macOS
[6.804s] -- Up-to-date: /home/xtark/tarkbot/ros2_ws/install/rplidar_ros/share/rplidar_ros//sdk/src/arch/macOS/net_serial.h
[6.806s] -- Up-to-date: /home/xtark/tarkbot/ros2_ws/install/rplidar_ros/share/rplidar_ros//sdk/src/arch/macOS/net_serial.cpp
[6.808s] -- Up-to-date: /home/xtark/tarkbot/ros2_ws/install/rplidar_ros/share/rplidar_ros//sdk/src/arch/macOS/net_socket.cpp
[6.809s] -- Up-to-date: /home/xtark/tarkbot/ros2_ws/install/rplidar_ros/share/rplidar_ros//sdk/src/arch/macOS/thread.hpp
[6.811s] -- Up-to-date: /home/xtark/tarkbot/ros2_ws/install/rplidar_ros/share/rplidar_ros//sdk/src/arch/macOS/timer.h
[6.813s] -- Up-to-date: /home/xtark/tarkbot/ros2_ws/install/rplidar_ros/share/rplidar_ros//sdk/src/arch/macOS/arch_macOS.h
[6.815s] -- Up-to-date: /home/xtark/tarkbot/ros2_ws/install/rplidar_ros/share/rplidar_ros//sdk/src/arch/macOS/timer.cpp
[6.817s] -- Up-to-date: /home/xtark/tarkbot/ros2_ws/install/rplidar_ros/share/rplidar_ros//sdk/src/rplidar_driver_TCP.h
[6.818s] -- Up-to-date: /home/xtark/tarkbot/ros2_ws/install/rplidar_ros/share/rplidar_ros//sdk/src/rplidar_driver_impl.h
[6.820s] -- Up-to-date: /home/xtark/tarkbot/ros2_ws/install/rplidar_ros/share/rplidar_ros//sdk/src/hal
[6.821s] -- Up-to-date: /home/xtark/tarkbot/ros2_ws/install/rplidar_ros/share/rplidar_ros//sdk/src/hal/util.h
[6.823s] -- Up-to-date: /home/xtark/tarkbot/ros2_ws/install/rplidar_ros/share/rplidar_ros//sdk/src/hal/thread.cpp
[6.825s] -- Up-to-date: /home/xtark/tarkbot/ros2_ws/install/rplidar_ros/share/rplidar_ros//sdk/src/hal/thread.h
[6.827s] -- Up-to-date: /home/xtark/tarkbot/ros2_ws/install/rplidar_ros/share/rplidar_ros//sdk/src/hal/types.h
[6.829s] -- Up-to-date: /home/xtark/tarkbot/ros2_ws/install/rplidar_ros/share/rplidar_ros//sdk/src/hal/abs_rxtx.h
[6.830s] -- Up-to-date: /home/xtark/tarkbot/ros2_ws/install/rplidar_ros/share/rplidar_ros//sdk/src/hal/locker.h
[6.832s] -- Up-to-date: /home/xtark/tarkbot/ros2_ws/install/rplidar_ros/share/rplidar_ros//sdk/src/hal/byteops.h
[6.833s] -- Up-to-date: /home/xtark/tarkbot/ros2_ws/install/rplidar_ros/share/rplidar_ros//sdk/src/hal/socket.h
[6.833s] -- Up-to-date: /home/xtark/tarkbot/ros2_ws/install/rplidar_ros/share/rplidar_ros//sdk/src/hal/assert.h
[6.834s] -- Up-to-date: /home/xtark/tarkbot/ros2_ws/install/rplidar_ros/share/rplidar_ros//sdk/src/hal/event.h
[6.834s] -- Up-to-date: /home/xtark/tarkbot/ros2_ws/install/rplidar_ros/share/rplidar_ros//sdk/src/sdkcommon.h
[6.834s] -- Up-to-date: /home/xtark/tarkbot/ros2_ws/install/rplidar_ros/share/rplidar_ros//sdk/README.txt
[6.835s] -- Up-to-date: /home/xtark/tarkbot/ros2_ws/install/rplidar_ros/share/rplidar_ros//sdk/include
[6.835s] -- Up-to-date: /home/xtark/tarkbot/ros2_ws/install/rplidar_ros/share/rplidar_ros//sdk/include/rptypes.h
[6.835s] -- Up-to-date: /home/xtark/tarkbot/ros2_ws/install/rplidar_ros/share/rplidar_ros//sdk/include/rplidar_protocol.h
[6.836s] -- Up-to-date: /home/xtark/tarkbot/ros2_ws/install/rplidar_ros/share/rplidar_ros//sdk/include/rplidar.h
[6.837s] -- Up-to-date: /home/xtark/tarkbot/ros2_ws/install/rplidar_ros/share/rplidar_ros//sdk/include/rplidar_cmd.h
[6.837s] -- Up-to-date: /home/xtark/tarkbot/ros2_ws/install/rplidar_ros/share/rplidar_ros//sdk/include/rplidar_driver.h
[6.838s] -- Up-to-date: /home/xtark/tarkbot/ros2_ws/install/rplidar_ros/share/rplidar_ros//config
[6.838s] -- Up-to-date: /home/xtark/tarkbot/ros2_ws/install/rplidar_ros/share/rplidar_ros//config/rplidar_config.yaml
[6.840s] -- Up-to-date: /home/xtark/tarkbot/ros2_ws/install/rplidar_ros/share/ament_index/resource_index/package_run_dependencies/rplidar_ros
[6.842s] -- Up-to-date: /home/xtark/tarkbot/ros2_ws/install/rplidar_ros/share/ament_index/resource_index/parent_prefix_path/rplidar_ros
[6.843s] -- Up-to-date: /home/xtark/tarkbot/ros2_ws/install/rplidar_ros/share/rplidar_ros/environment/ament_prefix_path.sh
[6.847s] -- Up-to-date: /home/xtark/tarkbot/ros2_ws/install/rplidar_ros/share/rplidar_ros/environment/ament_prefix_path.dsv
[6.848s] -- Up-to-date: /home/xtark/tarkbot/ros2_ws/install/rplidar_ros/share/rplidar_ros/environment/path.sh
[6.850s] -- Up-to-date: /home/xtark/tarkbot/ros2_ws/install/rplidar_ros/share/rplidar_ros/environment/path.dsv
[6.851s] -- Up-to-date: /home/xtark/tarkbot/ros2_ws/install/rplidar_ros/share/rplidar_ros/local_setup.bash
[6.851s] -- Up-to-date: /home/xtark/tarkbot/ros2_ws/install/rplidar_ros/share/rplidar_ros/local_setup.sh
[6.852s] -- Up-to-date: /home/xtark/tarkbot/ros2_ws/install/rplidar_ros/share/rplidar_ros/local_setup.zsh
[6.852s] -- Up-to-date: /home/xtark/tarkbot/ros2_ws/install/rplidar_ros/share/rplidar_ros/local_setup.dsv
[6.852s] -- Installing: /home/xtark/tarkbot/ros2_ws/install/rplidar_ros/share/rplidar_ros/package.dsv
[6.853s] -- Up-to-date: /home/xtark/tarkbot/ros2_ws/install/rplidar_ros/share/ament_index/resource_index/packages/rplidar_ros
[6.853s] -- Up-to-date: /home/xtark/tarkbot/ros2_ws/install/rplidar_ros/share/rplidar_ros/cmake/rplidar_rosConfig.cmake
[6.853s] -- Up-to-date: /home/xtark/tarkbot/ros2_ws/install/rplidar_ros/share/rplidar_ros/cmake/rplidar_rosConfig-version.cmake
[6.853s] -- Up-to-date: /home/xtark/tarkbot/ros2_ws/install/rplidar_ros/share/rplidar_ros/package.xml
[8.619s] Invoked command in '/home/xtark/tarkbot/ros2_ws/build/rplidar_ros' returned '0': CMAKE_PREFIX_PATH=${CMAKE_PREFIX_PATH}:/opt/ros/foxy /usr/bin/cmake --install /home/xtark/tarkbot/ros2_ws/build/rplidar_ros
