[2.396s] Invoking command in '/home/xtark/tarkbot/ros2_ws/build/orbbec_camera': CMAKE_PREFIX_PATH=/home/xtark/tarkbot/ros2_ws/install/orbbec_camera_msgs:/home/xtark/tarkbot/ros2_ws/install/xtlidar_ros:/home/xtark/tarkbot/ros2_ws/install/tarkbot_slam:/home/xtark/tarkbot/ros2_ws/install/tarkbot_robot:/home/xtark/tarkbot/ros2_ws/install/tarkbot_nav:/home/xtark/tarkbot/ros2_ws/install/tarkbot_description:/home/xtark/tarkbot/ros2_ws/install/rplidar_ros:/home/xtark/tarkbot/ros2_ws/install/orbbec_description:/home/xtark/tarkbot/ros2_ws/install/orbbec_camera:/home/xtark/tarkbot/ros2_ws/install/m1ct_d2:/home/xtark/tarkbot/ros2_ws/install/ldlidar_stl_ros2:/home/xtark/tarkbot/ros2_ws/install/lakibeam1:/opt/ros/foxy LD_LIBRARY_PATH=/home/xtark/tarkbot/ros2_ws/install/orbbec_camera_msgs/lib:/home/xtark/tarkbot/ros2_ws/install/orbbec_camera/lib:/opt/ros/foxy/opt/yaml_cpp_vendor/lib:/opt/ros/foxy/opt/rviz_ogre_vendor/lib:/opt/ros/foxy/lib/aarch64-linux-gnu:/opt/ros/foxy/lib /usr/bin/cmake --build /home/xtark/tarkbot/ros2_ws/build/orbbec_camera -- -j4 -l4
[2.719s] [ 11%] Built target orbbec_camera_node
[2.874s] [ 66%] Built target orbbec_camera
[3.165s] [ 77%] Built target list_camera_profile_mode_node
[3.195s] [ 88%] Built target list_depth_work_mode_node
[3.212s] [100%] Built target list_devices_node
[3.272s] Invoked command in '/home/xtark/tarkbot/ros2_ws/build/orbbec_camera' returned '0': CMAKE_PREFIX_PATH=/home/xtark/tarkbot/ros2_ws/install/orbbec_camera_msgs:/home/xtark/tarkbot/ros2_ws/install/xtlidar_ros:/home/xtark/tarkbot/ros2_ws/install/tarkbot_slam:/home/xtark/tarkbot/ros2_ws/install/tarkbot_robot:/home/xtark/tarkbot/ros2_ws/install/tarkbot_nav:/home/xtark/tarkbot/ros2_ws/install/tarkbot_description:/home/xtark/tarkbot/ros2_ws/install/rplidar_ros:/home/xtark/tarkbot/ros2_ws/install/orbbec_description:/home/xtark/tarkbot/ros2_ws/install/orbbec_camera:/home/xtark/tarkbot/ros2_ws/install/m1ct_d2:/home/xtark/tarkbot/ros2_ws/install/ldlidar_stl_ros2:/home/xtark/tarkbot/ros2_ws/install/lakibeam1:/opt/ros/foxy LD_LIBRARY_PATH=/home/xtark/tarkbot/ros2_ws/install/orbbec_camera_msgs/lib:/home/xtark/tarkbot/ros2_ws/install/orbbec_camera/lib:/opt/ros/foxy/opt/yaml_cpp_vendor/lib:/opt/ros/foxy/opt/rviz_ogre_vendor/lib:/opt/ros/foxy/lib/aarch64-linux-gnu:/opt/ros/foxy/lib /usr/bin/cmake --build /home/xtark/tarkbot/ros2_ws/build/orbbec_camera -- -j4 -l4
[4.213s] Invoking command in '/home/xtark/tarkbot/ros2_ws/build/orbbec_camera': CMAKE_PREFIX_PATH=/home/xtark/tarkbot/ros2_ws/install/orbbec_camera_msgs:/home/xtark/tarkbot/ros2_ws/install/xtlidar_ros:/home/xtark/tarkbot/ros2_ws/install/tarkbot_slam:/home/xtark/tarkbot/ros2_ws/install/tarkbot_robot:/home/xtark/tarkbot/ros2_ws/install/tarkbot_nav:/home/xtark/tarkbot/ros2_ws/install/tarkbot_description:/home/xtark/tarkbot/ros2_ws/install/rplidar_ros:/home/xtark/tarkbot/ros2_ws/install/orbbec_description:/home/xtark/tarkbot/ros2_ws/install/orbbec_camera:/home/xtark/tarkbot/ros2_ws/install/m1ct_d2:/home/xtark/tarkbot/ros2_ws/install/ldlidar_stl_ros2:/home/xtark/tarkbot/ros2_ws/install/lakibeam1:/opt/ros/foxy LD_LIBRARY_PATH=/home/xtark/tarkbot/ros2_ws/install/orbbec_camera_msgs/lib:/home/xtark/tarkbot/ros2_ws/install/orbbec_camera/lib:/opt/ros/foxy/opt/yaml_cpp_vendor/lib:/opt/ros/foxy/opt/rviz_ogre_vendor/lib:/opt/ros/foxy/lib/aarch64-linux-gnu:/opt/ros/foxy/lib /usr/bin/cmake --install /home/xtark/tarkbot/ros2_ws/build/orbbec_camera
[4.245s] -- Install configuration: "Release"
[4.246s] -- Up-to-date: /home/xtark/tarkbot/ros2_ws/install/orbbec_camera/lib/orbbec_camera/orbbec_camera_node
[4.248s] -- Up-to-date: /home/xtark/tarkbot/ros2_ws/install/orbbec_camera/lib/liborbbec_camera.so
[4.249s] -- Up-to-date: /home/xtark/tarkbot/ros2_ws/install/orbbec_camera/include
[4.250s] -- Up-to-date: /home/xtark/tarkbot/ros2_ws/install/orbbec_camera/include/magic_enum
[4.250s] -- Up-to-date: /home/xtark/tarkbot/ros2_ws/install/orbbec_camera/include/magic_enum/magic_enum.hpp
[4.251s] -- Up-to-date: /home/xtark/tarkbot/ros2_ws/install/orbbec_camera/include/orbbec_camera
[4.251s] -- Up-to-date: /home/xtark/tarkbot/ros2_ws/install/orbbec_camera/include/orbbec_camera/jetson_nv_decoder.h
[4.252s] -- Up-to-date: /home/xtark/tarkbot/ros2_ws/install/orbbec_camera/include/orbbec_camera/synced_imu_publisher.h
[4.252s] -- Up-to-date: /home/xtark/tarkbot/ros2_ws/install/orbbec_camera/include/orbbec_camera/d2c_viewer.h
[4.253s] -- Up-to-date: /home/xtark/tarkbot/ros2_ws/install/orbbec_camera/include/orbbec_camera/jpeg_decoder.h
[4.253s] -- Up-to-date: /home/xtark/tarkbot/ros2_ws/install/orbbec_camera/include/orbbec_camera/dynamic_params.h
[4.254s] -- Up-to-date: /home/xtark/tarkbot/ros2_ws/install/orbbec_camera/include/orbbec_camera/ros_param_backend.h
[4.255s] -- Up-to-date: /home/xtark/tarkbot/ros2_ws/install/orbbec_camera/include/orbbec_camera/rk_mpp_decoder.h
[4.255s] -- Up-to-date: /home/xtark/tarkbot/ros2_ws/install/orbbec_camera/include/orbbec_camera/utils.h
[4.256s] -- Up-to-date: /home/xtark/tarkbot/ros2_ws/install/orbbec_camera/include/orbbec_camera/ob_camera_node_driver.h
[4.257s] -- Up-to-date: /home/xtark/tarkbot/ros2_ws/install/orbbec_camera/include/orbbec_camera/constants.h
[4.257s] -- Up-to-date: /home/xtark/tarkbot/ros2_ws/install/orbbec_camera/include/orbbec_camera/ob_camera_node.h
[4.258s] -- Up-to-date: /home/xtark/tarkbot/ros2_ws/install/orbbec_camera/share/orbbec_camera//launch
[4.258s] -- Up-to-date: /home/xtark/tarkbot/ros2_ws/install/orbbec_camera/share/orbbec_camera//launch/femto_mega.launch.py
[4.259s] -- Up-to-date: /home/xtark/tarkbot/ros2_ws/install/orbbec_camera/share/orbbec_camera//launch/gemini2L.launch.py
[4.259s] -- Up-to-date: /home/xtark/tarkbot/ros2_ws/install/orbbec_camera/share/orbbec_camera//launch/astra_stereo_u3.launch.py
[4.260s] -- Up-to-date: /home/xtark/tarkbot/ros2_ws/install/orbbec_camera/share/orbbec_camera//launch/dabai_d1.launch.py
[4.260s] -- Up-to-date: /home/xtark/tarkbot/ros2_ws/install/orbbec_camera/share/orbbec_camera//launch/gemini2VL.launch.py
[4.261s] -- Up-to-date: /home/xtark/tarkbot/ros2_ws/install/orbbec_camera/share/orbbec_camera//launch/dabai_dcw.launch.py
[4.261s] -- Up-to-date: /home/xtark/tarkbot/ros2_ws/install/orbbec_camera/share/orbbec_camera//launch/dabai_dcw2.launch.py
[4.261s] -- Up-to-date: /home/xtark/tarkbot/ros2_ws/install/orbbec_camera/share/orbbec_camera//launch/dabai_dw.launch.py
[4.262s] -- Up-to-date: /home/xtark/tarkbot/ros2_ws/install/orbbec_camera/share/orbbec_camera//launch/gemini2.launch.py
[4.262s] -- Up-to-date: /home/xtark/tarkbot/ros2_ws/install/orbbec_camera/share/orbbec_camera//launch/gemini_e_lite.launch.py
[4.263s] -- Up-to-date: /home/xtark/tarkbot/ros2_ws/install/orbbec_camera/share/orbbec_camera//launch/femto.launch.py
[4.263s] -- Up-to-date: /home/xtark/tarkbot/ros2_ws/install/orbbec_camera/share/orbbec_camera//launch/dabai.launch.py
[4.264s] -- Up-to-date: /home/xtark/tarkbot/ros2_ws/install/orbbec_camera/share/orbbec_camera//launch/astra2.launch.py
[4.264s] -- Up-to-date: /home/xtark/tarkbot/ros2_ws/install/orbbec_camera/share/orbbec_camera//launch/dabai_pro.launch.py
[4.264s] -- Up-to-date: /home/xtark/tarkbot/ros2_ws/install/orbbec_camera/share/orbbec_camera//launch/gemini_e.launch.py
[4.265s] -- Up-to-date: /home/xtark/tarkbot/ros2_ws/install/orbbec_camera/share/orbbec_camera//launch/astra.launch.py
[4.265s] -- Up-to-date: /home/xtark/tarkbot/ros2_ws/install/orbbec_camera/share/orbbec_camera//launch/ob_camera.launch.py
[4.266s] -- Up-to-date: /home/xtark/tarkbot/ros2_ws/install/orbbec_camera/share/orbbec_camera//launch/multi_camera.launch.py
[4.266s] -- Up-to-date: /home/xtark/tarkbot/ros2_ws/install/orbbec_camera/share/orbbec_camera//launch/deeya.launch.py
[4.267s] -- Up-to-date: /home/xtark/tarkbot/ros2_ws/install/orbbec_camera/share/orbbec_camera//launch/gemini2XL.launch.py
[4.268s] -- Up-to-date: /home/xtark/tarkbot/ros2_ws/install/orbbec_camera/share/orbbec_camera//launch/femto_bolt.launch.py
[4.268s] -- Up-to-date: /home/xtark/tarkbot/ros2_ws/install/orbbec_camera/share/orbbec_camera//launch/astra_embedded_s.launch.py
[4.268s] -- Up-to-date: /home/xtark/tarkbot/ros2_ws/install/orbbec_camera/share/orbbec_camera//launch/dabai_max.launch.py
[4.269s] -- Up-to-date: /home/xtark/tarkbot/ros2_ws/install/orbbec_camera/share/orbbec_camera//launch/astra_adv.launch.py
[4.269s] -- Up-to-date: /home/xtark/tarkbot/ros2_ws/install/orbbec_camera/share/orbbec_camera//config
[4.270s] -- Up-to-date: /home/xtark/tarkbot/ros2_ws/install/orbbec_camera/share/orbbec_camera//config/.gitkeep
[4.270s] -- Up-to-date: /home/xtark/tarkbot/ros2_ws/install/orbbec_camera/share/orbbec_camera//config/depthfilter
[4.270s] -- Up-to-date: /home/xtark/tarkbot/ros2_ws/install/orbbec_camera/share/orbbec_camera//config/depthfilter/Gemini2_v1.7.json
[4.271s] -- Up-to-date: /home/xtark/tarkbot/ros2_ws/install/orbbec_camera/share/orbbec_camera//config/depthfilter/Openni_device.json
[4.271s] -- Up-to-date: /home/xtark/tarkbot/ros2_ws/install/orbbec_camera/share/orbbec_camera//config/OrbbecSDKConfig_v1.0.xml
[4.271s] -- Up-to-date: /home/xtark/tarkbot/ros2_ws/install/orbbec_camera/include
[4.272s] -- Up-to-date: /home/xtark/tarkbot/ros2_ws/install/orbbec_camera/include/libobsensor
[4.272s] -- Up-to-date: /home/xtark/tarkbot/ros2_ws/install/orbbec_camera/include/libobsensor/ObSensor.h
[4.272s] -- Up-to-date: /home/xtark/tarkbot/ros2_ws/install/orbbec_camera/include/libobsensor/ObSensor.hpp
[4.273s] -- Up-to-date: /home/xtark/tarkbot/ros2_ws/install/orbbec_camera/include/libobsensor/h
[4.273s] -- Up-to-date: /home/xtark/tarkbot/ros2_ws/install/orbbec_camera/include/libobsensor/h/Version.h
[4.274s] -- Up-to-date: /home/xtark/tarkbot/ros2_ws/install/orbbec_camera/include/libobsensor/h/StreamProfile.h
[4.274s] -- Up-to-date: /home/xtark/tarkbot/ros2_ws/install/orbbec_camera/include/libobsensor/h/Device.h
[4.275s] -- Up-to-date: /home/xtark/tarkbot/ros2_ws/install/orbbec_camera/include/libobsensor/h/MultipleDevices.h
[4.275s] -- Up-to-date: /home/xtark/tarkbot/ros2_ws/install/orbbec_camera/include/libobsensor/h/Utils.h
[4.275s] -- Up-to-date: /home/xtark/tarkbot/ros2_ws/install/orbbec_camera/include/libobsensor/h/Sensor.h
[4.276s] -- Up-to-date: /home/xtark/tarkbot/ros2_ws/install/orbbec_camera/include/libobsensor/h/Error.h
[4.277s] -- Up-to-date: /home/xtark/tarkbot/ros2_ws/install/orbbec_camera/include/libobsensor/h/Filter.h
[4.277s] -- Up-to-date: /home/xtark/tarkbot/ros2_ws/install/orbbec_camera/include/libobsensor/h/Pipeline.h
[4.278s] -- Up-to-date: /home/xtark/tarkbot/ros2_ws/install/orbbec_camera/include/libobsensor/h/RecordPlayback.h
[4.278s] -- Up-to-date: /home/xtark/tarkbot/ros2_ws/install/orbbec_camera/include/libobsensor/h/Frame.h
[4.279s] -- Up-to-date: /home/xtark/tarkbot/ros2_ws/install/orbbec_camera/include/libobsensor/h/Property.h
[4.279s] -- Up-to-date: /home/xtark/tarkbot/ros2_ws/install/orbbec_camera/include/libobsensor/h/ObTypes.h
[4.279s] -- Up-to-date: /home/xtark/tarkbot/ros2_ws/install/orbbec_camera/include/libobsensor/h/Context.h
[4.280s] -- Up-to-date: /home/xtark/tarkbot/ros2_ws/install/orbbec_camera/include/libobsensor/hpp
[4.280s] -- Up-to-date: /home/xtark/tarkbot/ros2_ws/install/orbbec_camera/include/libobsensor/hpp/Pipeline.hpp
[4.280s] -- Up-to-date: /home/xtark/tarkbot/ros2_ws/install/orbbec_camera/include/libobsensor/hpp/Filter.hpp
[4.281s] -- Up-to-date: /home/xtark/tarkbot/ros2_ws/install/orbbec_camera/include/libobsensor/hpp/Error.hpp
[4.281s] -- Up-to-date: /home/xtark/tarkbot/ros2_ws/install/orbbec_camera/include/libobsensor/hpp/RecordPlayback.hpp
[4.282s] -- Up-to-date: /home/xtark/tarkbot/ros2_ws/install/orbbec_camera/include/libobsensor/hpp/Context.hpp
[4.282s] -- Up-to-date: /home/xtark/tarkbot/ros2_ws/install/orbbec_camera/include/libobsensor/hpp/Utils.hpp
[4.282s] -- Up-to-date: /home/xtark/tarkbot/ros2_ws/install/orbbec_camera/include/libobsensor/hpp/Types.hpp
[4.283s] -- Up-to-date: /home/xtark/tarkbot/ros2_ws/install/orbbec_camera/include/libobsensor/hpp/Device.hpp
[4.283s] -- Up-to-date: /home/xtark/tarkbot/ros2_ws/install/orbbec_camera/include/libobsensor/hpp/Version.hpp
[4.284s] -- Up-to-date: /home/xtark/tarkbot/ros2_ws/install/orbbec_camera/include/libobsensor/hpp/Frame.hpp
[4.284s] -- Up-to-date: /home/xtark/tarkbot/ros2_ws/install/orbbec_camera/include/libobsensor/hpp/Sensor.hpp
[4.285s] -- Up-to-date: /home/xtark/tarkbot/ros2_ws/install/orbbec_camera/include/libobsensor/hpp/StreamProfile.hpp
[4.285s] -- Up-to-date: /home/xtark/tarkbot/ros2_ws/install/orbbec_camera/lib/
[4.286s] -- Up-to-date: /home/xtark/tarkbot/ros2_ws/install/orbbec_camera/lib//libdepthengine.so
[4.286s] -- Up-to-date: /home/xtark/tarkbot/ros2_ws/install/orbbec_camera/lib//libdepthengine.so.2.0
[4.287s] -- Up-to-date: /home/xtark/tarkbot/ros2_ws/install/orbbec_camera/lib//libOrbbecSDK.so
[4.287s] -- Up-to-date: /home/xtark/tarkbot/ros2_ws/install/orbbec_camera/lib//libOrbbecSDK.so.1.9.1
[4.288s] -- Up-to-date: /home/xtark/tarkbot/ros2_ws/install/orbbec_camera/lib//libOrbbecSDK.so.1.9
[4.289s] -- Up-to-date: /home/xtark/tarkbot/ros2_ws/install/orbbec_camera/lib/orbbec_camera/list_devices_node
[4.289s] -- Up-to-date: /home/xtark/tarkbot/ros2_ws/install/orbbec_camera/lib/orbbec_camera/list_depth_work_mode_node
[4.290s] -- Up-to-date: /home/xtark/tarkbot/ros2_ws/install/orbbec_camera/lib/orbbec_camera/list_camera_profile_mode_node
[4.290s] -- Up-to-date: /home/xtark/tarkbot/ros2_ws/install/orbbec_camera/share/orbbec_camera/environment/library_path.sh
[4.292s] -- Up-to-date: /home/xtark/tarkbot/ros2_ws/install/orbbec_camera/share/orbbec_camera/environment/library_path.dsv
[4.300s] -- Up-to-date: /home/xtark/tarkbot/ros2_ws/install/orbbec_camera/share/ament_index/resource_index/package_run_dependencies/orbbec_camera
[4.301s] -- Up-to-date: /home/xtark/tarkbot/ros2_ws/install/orbbec_camera/share/ament_index/resource_index/parent_prefix_path/orbbec_camera
[4.301s] -- Up-to-date: /home/xtark/tarkbot/ros2_ws/install/orbbec_camera/share/orbbec_camera/environment/ament_prefix_path.sh
[4.301s] -- Up-to-date: /home/xtark/tarkbot/ros2_ws/install/orbbec_camera/share/orbbec_camera/environment/ament_prefix_path.dsv
[4.303s] -- Up-to-date: /home/xtark/tarkbot/ros2_ws/install/orbbec_camera/share/orbbec_camera/environment/path.sh
[4.305s] -- Up-to-date: /home/xtark/tarkbot/ros2_ws/install/orbbec_camera/share/orbbec_camera/environment/path.dsv
[4.306s] -- Up-to-date: /home/xtark/tarkbot/ros2_ws/install/orbbec_camera/share/orbbec_camera/local_setup.bash
[4.306s] -- Up-to-date: /home/xtark/tarkbot/ros2_ws/install/orbbec_camera/share/orbbec_camera/local_setup.sh
[4.307s] -- Up-to-date: /home/xtark/tarkbot/ros2_ws/install/orbbec_camera/share/orbbec_camera/local_setup.zsh
[4.307s] -- Up-to-date: /home/xtark/tarkbot/ros2_ws/install/orbbec_camera/share/orbbec_camera/local_setup.dsv
[4.307s] -- Installing: /home/xtark/tarkbot/ros2_ws/install/orbbec_camera/share/orbbec_camera/package.dsv
[4.307s] -- Up-to-date: /home/xtark/tarkbot/ros2_ws/install/orbbec_camera/share/ament_index/resource_index/packages/orbbec_camera
[4.308s] -- Up-to-date: /home/xtark/tarkbot/ros2_ws/install/orbbec_camera/share/ament_index/resource_index/rclcpp_components/orbbec_camera
[4.308s] -- Up-to-date: /home/xtark/tarkbot/ros2_ws/install/orbbec_camera/share/orbbec_camera/cmake/ament_cmake_export_include_directories-extras.cmake
[4.308s] -- Up-to-date: /home/xtark/tarkbot/ros2_ws/install/orbbec_camera/share/orbbec_camera/cmake/ament_cmake_export_libraries-extras.cmake
[4.309s] -- Up-to-date: /home/xtark/tarkbot/ros2_ws/install/orbbec_camera/share/orbbec_camera/cmake/ament_cmake_export_dependencies-extras.cmake
[4.309s] -- Up-to-date: /home/xtark/tarkbot/ros2_ws/install/orbbec_camera/share/orbbec_camera/cmake/orbbec_cameraConfig.cmake
[4.309s] -- Up-to-date: /home/xtark/tarkbot/ros2_ws/install/orbbec_camera/share/orbbec_camera/cmake/orbbec_cameraConfig-version.cmake
[4.309s] -- Up-to-date: /home/xtark/tarkbot/ros2_ws/install/orbbec_camera/share/orbbec_camera/package.xml
[4.310s] Invoked command in '/home/xtark/tarkbot/ros2_ws/build/orbbec_camera' returned '0': CMAKE_PREFIX_PATH=/home/xtark/tarkbot/ros2_ws/install/orbbec_camera_msgs:/home/xtark/tarkbot/ros2_ws/install/xtlidar_ros:/home/xtark/tarkbot/ros2_ws/install/tarkbot_slam:/home/xtark/tarkbot/ros2_ws/install/tarkbot_robot:/home/xtark/tarkbot/ros2_ws/install/tarkbot_nav:/home/xtark/tarkbot/ros2_ws/install/tarkbot_description:/home/xtark/tarkbot/ros2_ws/install/rplidar_ros:/home/xtark/tarkbot/ros2_ws/install/orbbec_description:/home/xtark/tarkbot/ros2_ws/install/orbbec_camera:/home/xtark/tarkbot/ros2_ws/install/m1ct_d2:/home/xtark/tarkbot/ros2_ws/install/ldlidar_stl_ros2:/home/xtark/tarkbot/ros2_ws/install/lakibeam1:/opt/ros/foxy LD_LIBRARY_PATH=/home/xtark/tarkbot/ros2_ws/install/orbbec_camera_msgs/lib:/home/xtark/tarkbot/ros2_ws/install/orbbec_camera/lib:/opt/ros/foxy/opt/yaml_cpp_vendor/lib:/opt/ros/foxy/opt/rviz_ogre_vendor/lib:/opt/ros/foxy/lib/aarch64-linux-gnu:/opt/ros/foxy/lib /usr/bin/cmake --install /home/xtark/tarkbot/ros2_ws/build/orbbec_camera
