[2.908s] Invoking command in '/home/xtark/tarkbot/ros2_ws/build/tarkbot_robot': CMAKE_PREFIX_PATH=${CMAKE_PREFIX_PATH}:/opt/ros/foxy /usr/bin/cmake --build /home/xtark/tarkbot/ros2_ws/build/tarkbot_robot -- -j4 -l4
[3.303s] [100%] Built target tarkbot_robot_node
[4.714s] Invoked command in '/home/xtark/tarkbot/ros2_ws/build/tarkbot_robot' returned '0': CMAKE_PREFIX_PATH=${CMAKE_PREFIX_PATH}:/opt/ros/foxy /usr/bin/cmake --build /home/xtark/tarkbot/ros2_ws/build/tarkbot_robot -- -j4 -l4
[4.943s] Invoking command in '/home/xtark/tarkbot/ros2_ws/build/tarkbot_robot': CMAKE_PREFIX_PATH=${CMAKE_PREFIX_PATH}:/opt/ros/foxy /usr/bin/cmake --install /home/xtark/tarkbot/ros2_ws/build/tarkbot_robot
[5.042s] -- Install configuration: ""
[5.044s] -- Up-to-date: /home/xtark/tarkbot/ros2_ws/install/tarkbot_robot/lib/tarkbot_robot/tarkbot_robot_node
[5.045s] -- Up-to-date: /home/xtark/tarkbot/ros2_ws/install/tarkbot_robot/share/tarkbot_robot/launch
[5.047s] -- Up-to-date: /home/xtark/tarkbot/ros2_ws/install/tarkbot_robot/share/tarkbot_robot/launch/__pycache__
[5.063s] -- Up-to-date: /home/xtark/tarkbot/ros2_ws/install/tarkbot_robot/share/tarkbot_robot/launch/__pycache__/robot.launch.cpython-38.pyc
[5.064s] -- Up-to-date: /home/xtark/tarkbot/ros2_ws/install/tarkbot_robot/share/tarkbot_robot/launch/robot.launch.py
[5.065s] -- Installing: /home/xtark/tarkbot/ros2_ws/install/tarkbot_robot/share/tarkbot_robot/launch/robot2_lidar.launch.py
[5.065s] -- Up-to-date: /home/xtark/tarkbot/ros2_ws/install/tarkbot_robot/share/tarkbot_robot/config
[5.065s] -- Up-to-date: /home/xtark/tarkbot/ros2_ws/install/tarkbot_robot/share/tarkbot_robot/config/tarkbot_config.yaml
[5.066s] -- Up-to-date: /home/xtark/tarkbot/ros2_ws/install/tarkbot_robot/share/ament_index/resource_index/package_run_dependencies/tarkbot_robot
[5.066s] -- Up-to-date: /home/xtark/tarkbot/ros2_ws/install/tarkbot_robot/share/ament_index/resource_index/parent_prefix_path/tarkbot_robot
[5.067s] -- Up-to-date: /home/xtark/tarkbot/ros2_ws/install/tarkbot_robot/share/tarkbot_robot/environment/ament_prefix_path.sh
[5.067s] -- Up-to-date: /home/xtark/tarkbot/ros2_ws/install/tarkbot_robot/share/tarkbot_robot/environment/ament_prefix_path.dsv
[5.067s] -- Up-to-date: /home/xtark/tarkbot/ros2_ws/install/tarkbot_robot/share/tarkbot_robot/environment/path.sh
[5.068s] -- Up-to-date: /home/xtark/tarkbot/ros2_ws/install/tarkbot_robot/share/tarkbot_robot/environment/path.dsv
[5.068s] -- Up-to-date: /home/xtark/tarkbot/ros2_ws/install/tarkbot_robot/share/tarkbot_robot/local_setup.bash
[5.069s] -- Up-to-date: /home/xtark/tarkbot/ros2_ws/install/tarkbot_robot/share/tarkbot_robot/local_setup.sh
[5.069s] -- Up-to-date: /home/xtark/tarkbot/ros2_ws/install/tarkbot_robot/share/tarkbot_robot/local_setup.zsh
[5.069s] -- Up-to-date: /home/xtark/tarkbot/ros2_ws/install/tarkbot_robot/share/tarkbot_robot/local_setup.dsv
[5.069s] -- Installing: /home/xtark/tarkbot/ros2_ws/install/tarkbot_robot/share/tarkbot_robot/package.dsv
[5.070s] -- Up-to-date: /home/xtark/tarkbot/ros2_ws/install/tarkbot_robot/share/ament_index/resource_index/packages/tarkbot_robot
[5.070s] -- Up-to-date: /home/xtark/tarkbot/ros2_ws/install/tarkbot_robot/share/tarkbot_robot/cmake/tarkbot_robotConfig.cmake
[5.070s] -- Up-to-date: /home/xtark/tarkbot/ros2_ws/install/tarkbot_robot/share/tarkbot_robot/cmake/tarkbot_robotConfig-version.cmake
[5.071s] -- Up-to-date: /home/xtark/tarkbot/ros2_ws/install/tarkbot_robot/share/tarkbot_robot/package.xml
[6.477s] Invoked command in '/home/xtark/tarkbot/ros2_ws/build/tarkbot_robot' returned '0': CMAKE_PREFIX_PATH=${CMAKE_PREFIX_PATH}:/opt/ros/foxy /usr/bin/cmake --install /home/xtark/tarkbot/ros2_ws/build/tarkbot_robot
