[2.675s] Invoking command in '/home/xtark/tarkbot/ros2_ws/build/rplidar_ros': CMAKE_PREFIX_PATH=${CMAKE_PREFIX_PATH}:/opt/ros/foxy /usr/bin/cmake --build /home/xtark/tarkbot/ros2_ws/build/rplidar_ros -- -j4 -l4
[3.750s] [100%] Built target rplidar_node
[3.755s] Invoked command in '/home/xtark/tarkbot/ros2_ws/build/rplidar_ros' returned '0': CMAKE_PREFIX_PATH=${CMAKE_PREFIX_PATH}:/opt/ros/foxy /usr/bin/cmake --build /home/xtark/tarkbot/ros2_ws/build/rplidar_ros -- -j4 -l4
[4.684s] Invoking command in '/home/xtark/tarkbot/ros2_ws/build/rplidar_ros': CMAKE_PREFIX_PATH=${CMAKE_PREFIX_PATH}:/opt/ros/foxy /usr/bin/cmake --install /home/xtark/tarkbot/ros2_ws/build/rplidar_ros
[4.710s] -- Install configuration: ""
[4.711s] -- Up-to-date: /home/xtark/tarkbot/ros2_ws/install/rplidar_ros/lib/rplidar_ros/rplidar_node
[4.713s] -- Up-to-date: /home/xtark/tarkbot/ros2_ws/install/rplidar_ros/share/rplidar_ros//launch
[4.713s] -- Up-to-date: /home/xtark/tarkbot/ros2_ws/install/rplidar_ros/share/rplidar_ros//launch/rplidar_a3.launch
[4.714s] -- Up-to-date: /home/xtark/tarkbot/ros2_ws/install/rplidar_ros/share/rplidar_ros//launch/view_rplidar_a3.launch
[4.715s] -- Up-to-date: /home/xtark/tarkbot/ros2_ws/install/rplidar_ros/share/rplidar_ros//launch/__pycache__
[4.716s] -- Up-to-date: /home/xtark/tarkbot/ros2_ws/install/rplidar_ros/share/rplidar_ros//launch/__pycache__/rplidar_tarkbot.launch.cpython-38.pyc
[4.717s] -- Up-to-date: /home/xtark/tarkbot/ros2_ws/install/rplidar_ros/share/rplidar_ros//launch/rplidar_tarkbot.launch.py
[4.718s] -- Up-to-date: /home/xtark/tarkbot/ros2_ws/install/rplidar_ros/share/rplidar_ros//launch/rplidar_s1.launch
[4.719s] -- Up-to-date: /home/xtark/tarkbot/ros2_ws/install/rplidar_ros/share/rplidar_ros//launch/rplidar.launch
[4.719s] -- Up-to-date: /home/xtark/tarkbot/ros2_ws/install/rplidar_ros/share/rplidar_ros//launch/rplidar_s1_tcp.launch
[4.719s] -- Up-to-date: /home/xtark/tarkbot/ros2_ws/install/rplidar_ros/share/rplidar_ros//launch/test_rplidar.launch
[4.720s] -- Up-to-date: /home/xtark/tarkbot/ros2_ws/install/rplidar_ros/share/rplidar_ros//launch/view_rplidar.launch
[4.720s] -- Up-to-date: /home/xtark/tarkbot/ros2_ws/install/rplidar_ros/share/rplidar_ros//launch/view_rplidar_s1.launch
[4.721s] -- Up-to-date: /home/xtark/tarkbot/ros2_ws/install/rplidar_ros/share/rplidar_ros//launch/test_rplidar_a3.launch
[4.721s] -- Up-to-date: /home/xtark/tarkbot/ros2_ws/install/rplidar_ros/share/rplidar_ros//launch/view_rplidar_s1_tcp.launch
[4.723s] -- Up-to-date: /home/xtark/tarkbot/ros2_ws/install/rplidar_ros/share/rplidar_ros//rviz
[4.723s] -- Up-to-date: /home/xtark/tarkbot/ros2_ws/install/rplidar_ros/share/rplidar_ros//rviz/rplidar.rviz
[4.724s] -- Up-to-date: /home/xtark/tarkbot/ros2_ws/install/rplidar_ros/share/rplidar_ros//sdk
[4.724s] -- Up-to-date: /home/xtark/tarkbot/ros2_ws/install/rplidar_ros/share/rplidar_ros//sdk/src
[4.725s] -- Up-to-date: /home/xtark/tarkbot/ros2_ws/install/rplidar_ros/share/rplidar_ros//sdk/src/rplidar_driver.cpp
[4.725s] -- Up-to-date: /home/xtark/tarkbot/ros2_ws/install/rplidar_ros/share/rplidar_ros//sdk/src/rplidar_driver_serial.h
[4.726s] -- Up-to-date: /home/xtark/tarkbot/ros2_ws/install/rplidar_ros/share/rplidar_ros//sdk/src/arch
[4.726s] -- Up-to-date: /home/xtark/tarkbot/ros2_ws/install/rplidar_ros/share/rplidar_ros//sdk/src/arch/linux
[4.730s] -- Up-to-date: /home/xtark/tarkbot/ros2_ws/install/rplidar_ros/share/rplidar_ros//sdk/src/arch/linux/arch_linux.h
[4.731s] -- Up-to-date: /home/xtark/tarkbot/ros2_ws/install/rplidar_ros/share/rplidar_ros//sdk/src/arch/linux/net_serial.h
[4.732s] -- Up-to-date: /home/xtark/tarkbot/ros2_ws/install/rplidar_ros/share/rplidar_ros//sdk/src/arch/linux/net_serial.cpp
[4.733s] -- Up-to-date: /home/xtark/tarkbot/ros2_ws/install/rplidar_ros/share/rplidar_ros//sdk/src/arch/linux/net_socket.cpp
[4.734s] -- Up-to-date: /home/xtark/tarkbot/ros2_ws/install/rplidar_ros/share/rplidar_ros//sdk/src/arch/linux/thread.hpp
[4.734s] -- Up-to-date: /home/xtark/tarkbot/ros2_ws/install/rplidar_ros/share/rplidar_ros//sdk/src/arch/linux/timer.h
[4.735s] -- Up-to-date: /home/xtark/tarkbot/ros2_ws/install/rplidar_ros/share/rplidar_ros//sdk/src/arch/linux/timer.cpp
[4.735s] -- Up-to-date: /home/xtark/tarkbot/ros2_ws/install/rplidar_ros/share/rplidar_ros//sdk/src/arch/win32
[4.737s] -- Up-to-date: /home/xtark/tarkbot/ros2_ws/install/rplidar_ros/share/rplidar_ros//sdk/src/arch/win32/net_serial.h
[4.738s] -- Up-to-date: /home/xtark/tarkbot/ros2_ws/install/rplidar_ros/share/rplidar_ros//sdk/src/arch/win32/net_serial.cpp
[4.738s] -- Up-to-date: /home/xtark/tarkbot/ros2_ws/install/rplidar_ros/share/rplidar_ros//sdk/src/arch/win32/net_socket.cpp
[4.739s] -- Up-to-date: /home/xtark/tarkbot/ros2_ws/install/rplidar_ros/share/rplidar_ros//sdk/src/arch/win32/winthread.hpp
[4.740s] -- Up-to-date: /home/xtark/tarkbot/ros2_ws/install/rplidar_ros/share/rplidar_ros//sdk/src/arch/win32/arch_win32.h
[4.741s] -- Up-to-date: /home/xtark/tarkbot/ros2_ws/install/rplidar_ros/share/rplidar_ros//sdk/src/arch/win32/timer.h
[4.742s] -- Up-to-date: /home/xtark/tarkbot/ros2_ws/install/rplidar_ros/share/rplidar_ros//sdk/src/arch/win32/timer.cpp
[4.742s] -- Up-to-date: /home/xtark/tarkbot/ros2_ws/install/rplidar_ros/share/rplidar_ros//sdk/src/arch/macOS
[4.743s] -- Up-to-date: /home/xtark/tarkbot/ros2_ws/install/rplidar_ros/share/rplidar_ros//sdk/src/arch/macOS/net_serial.h
[4.744s] -- Up-to-date: /home/xtark/tarkbot/ros2_ws/install/rplidar_ros/share/rplidar_ros//sdk/src/arch/macOS/net_serial.cpp
[4.745s] -- Up-to-date: /home/xtark/tarkbot/ros2_ws/install/rplidar_ros/share/rplidar_ros//sdk/src/arch/macOS/net_socket.cpp
[4.746s] -- Up-to-date: /home/xtark/tarkbot/ros2_ws/install/rplidar_ros/share/rplidar_ros//sdk/src/arch/macOS/thread.hpp
[4.752s] -- Up-to-date: /home/xtark/tarkbot/ros2_ws/install/rplidar_ros/share/rplidar_ros//sdk/src/arch/macOS/timer.h
[4.753s] -- Up-to-date: /home/xtark/tarkbot/ros2_ws/install/rplidar_ros/share/rplidar_ros//sdk/src/arch/macOS/arch_macOS.h
[4.753s] -- Up-to-date: /home/xtark/tarkbot/ros2_ws/install/rplidar_ros/share/rplidar_ros//sdk/src/arch/macOS/timer.cpp
[4.753s] -- Up-to-date: /home/xtark/tarkbot/ros2_ws/install/rplidar_ros/share/rplidar_ros//sdk/src/rplidar_driver_TCP.h
[4.754s] -- Up-to-date: /home/xtark/tarkbot/ros2_ws/install/rplidar_ros/share/rplidar_ros//sdk/src/rplidar_driver_impl.h
[4.754s] -- Up-to-date: /home/xtark/tarkbot/ros2_ws/install/rplidar_ros/share/rplidar_ros//sdk/src/hal
[4.754s] -- Up-to-date: /home/xtark/tarkbot/ros2_ws/install/rplidar_ros/share/rplidar_ros//sdk/src/hal/util.h
[4.755s] -- Up-to-date: /home/xtark/tarkbot/ros2_ws/install/rplidar_ros/share/rplidar_ros//sdk/src/hal/thread.cpp
[4.755s] -- Up-to-date: /home/xtark/tarkbot/ros2_ws/install/rplidar_ros/share/rplidar_ros//sdk/src/hal/thread.h
[4.756s] -- Up-to-date: /home/xtark/tarkbot/ros2_ws/install/rplidar_ros/share/rplidar_ros//sdk/src/hal/types.h
[4.756s] -- Up-to-date: /home/xtark/tarkbot/ros2_ws/install/rplidar_ros/share/rplidar_ros//sdk/src/hal/abs_rxtx.h
[4.756s] -- Up-to-date: /home/xtark/tarkbot/ros2_ws/install/rplidar_ros/share/rplidar_ros//sdk/src/hal/locker.h
[4.757s] -- Up-to-date: /home/xtark/tarkbot/ros2_ws/install/rplidar_ros/share/rplidar_ros//sdk/src/hal/byteops.h
[4.757s] -- Up-to-date: /home/xtark/tarkbot/ros2_ws/install/rplidar_ros/share/rplidar_ros//sdk/src/hal/socket.h
[4.758s] -- Up-to-date: /home/xtark/tarkbot/ros2_ws/install/rplidar_ros/share/rplidar_ros//sdk/src/hal/assert.h
[4.758s] -- Up-to-date: /home/xtark/tarkbot/ros2_ws/install/rplidar_ros/share/rplidar_ros//sdk/src/hal/event.h
[4.758s] -- Up-to-date: /home/xtark/tarkbot/ros2_ws/install/rplidar_ros/share/rplidar_ros//sdk/src/sdkcommon.h
[4.763s] -- Up-to-date: /home/xtark/tarkbot/ros2_ws/install/rplidar_ros/share/rplidar_ros//sdk/README.txt
[4.764s] -- Up-to-date: /home/xtark/tarkbot/ros2_ws/install/rplidar_ros/share/rplidar_ros//sdk/include
[4.765s] -- Up-to-date: /home/xtark/tarkbot/ros2_ws/install/rplidar_ros/share/rplidar_ros//sdk/include/rptypes.h
[4.765s] -- Up-to-date: /home/xtark/tarkbot/ros2_ws/install/rplidar_ros/share/rplidar_ros//sdk/include/rplidar_protocol.h
[4.765s] -- Up-to-date: /home/xtark/tarkbot/ros2_ws/install/rplidar_ros/share/rplidar_ros//sdk/include/rplidar.h
[4.766s] -- Up-to-date: /home/xtark/tarkbot/ros2_ws/install/rplidar_ros/share/rplidar_ros//sdk/include/rplidar_cmd.h
[4.766s] -- Up-to-date: /home/xtark/tarkbot/ros2_ws/install/rplidar_ros/share/rplidar_ros//sdk/include/rplidar_driver.h
[4.767s] -- Up-to-date: /home/xtark/tarkbot/ros2_ws/install/rplidar_ros/share/rplidar_ros//config
[4.767s] -- Up-to-date: /home/xtark/tarkbot/ros2_ws/install/rplidar_ros/share/rplidar_ros//config/rplidar_config.yaml
[4.768s] -- Up-to-date: /home/xtark/tarkbot/ros2_ws/install/rplidar_ros/share/ament_index/resource_index/package_run_dependencies/rplidar_ros
[4.769s] -- Up-to-date: /home/xtark/tarkbot/ros2_ws/install/rplidar_ros/share/ament_index/resource_index/parent_prefix_path/rplidar_ros
[4.769s] -- Up-to-date: /home/xtark/tarkbot/ros2_ws/install/rplidar_ros/share/rplidar_ros/environment/ament_prefix_path.sh
[4.770s] -- Up-to-date: /home/xtark/tarkbot/ros2_ws/install/rplidar_ros/share/rplidar_ros/environment/ament_prefix_path.dsv
[4.770s] -- Up-to-date: /home/xtark/tarkbot/ros2_ws/install/rplidar_ros/share/rplidar_ros/environment/path.sh
[4.771s] -- Up-to-date: /home/xtark/tarkbot/ros2_ws/install/rplidar_ros/share/rplidar_ros/environment/path.dsv
[4.771s] -- Up-to-date: /home/xtark/tarkbot/ros2_ws/install/rplidar_ros/share/rplidar_ros/local_setup.bash
[4.771s] -- Up-to-date: /home/xtark/tarkbot/ros2_ws/install/rplidar_ros/share/rplidar_ros/local_setup.sh
[4.772s] -- Up-to-date: /home/xtark/tarkbot/ros2_ws/install/rplidar_ros/share/rplidar_ros/local_setup.zsh
[4.772s] -- Up-to-date: /home/xtark/tarkbot/ros2_ws/install/rplidar_ros/share/rplidar_ros/local_setup.dsv
[4.773s] -- Installing: /home/xtark/tarkbot/ros2_ws/install/rplidar_ros/share/rplidar_ros/package.dsv
[4.773s] -- Up-to-date: /home/xtark/tarkbot/ros2_ws/install/rplidar_ros/share/ament_index/resource_index/packages/rplidar_ros
[4.780s] -- Up-to-date: /home/xtark/tarkbot/ros2_ws/install/rplidar_ros/share/rplidar_ros/cmake/rplidar_rosConfig.cmake
[4.781s] -- Up-to-date: /home/xtark/tarkbot/ros2_ws/install/rplidar_ros/share/rplidar_ros/cmake/rplidar_rosConfig-version.cmake
[4.781s] -- Up-to-date: /home/xtark/tarkbot/ros2_ws/install/rplidar_ros/share/rplidar_ros/package.xml
[4.782s] Invoked command in '/home/xtark/tarkbot/ros2_ws/build/rplidar_ros' returned '0': CMAKE_PREFIX_PATH=${CMAKE_PREFIX_PATH}:/opt/ros/foxy /usr/bin/cmake --install /home/xtark/tarkbot/ros2_ws/build/rplidar_ros
