[2.954s] Invoking command in '/home/xtark/tarkbot/ros2_ws/build/tarkbot_robot': CMAKE_PREFIX_PATH=${CMAKE_PREFIX_PATH}:/opt/ros/foxy /usr/bin/cmake --build /home/xtark/tarkbot/ros2_ws/build/tarkbot_robot -- -j4 -l4
[3.896s] [100%] Built target tarkbot_robot_node
[4.689s] Invoked command in '/home/xtark/tarkbot/ros2_ws/build/tarkbot_robot' returned '0': CMAKE_PREFIX_PATH=${CMAKE_PREFIX_PATH}:/opt/ros/foxy /usr/bin/cmake --build /home/xtark/tarkbot/ros2_ws/build/tarkbot_robot -- -j4 -l4
[4.875s] Invoking command in '/home/xtark/tarkbot/ros2_ws/build/tarkbot_robot': CMAKE_PREFIX_PATH=${CMAKE_PREFIX_PATH}:/opt/ros/foxy /usr/bin/cmake --install /home/xtark/tarkbot/ros2_ws/build/tarkbot_robot
[4.967s] -- Install configuration: ""
[4.969s] -- Up-to-date: /home/xtark/tarkbot/ros2_ws/install/tarkbot_robot/lib/tarkbot_robot/tarkbot_robot_node
[4.970s] -- Up-to-date: /home/xtark/tarkbot/ros2_ws/install/tarkbot_robot/share/tarkbot_robot/launch
[4.971s] -- Up-to-date: /home/xtark/tarkbot/ros2_ws/install/tarkbot_robot/share/tarkbot_robot/launch/__pycache__
[4.971s] -- Up-to-date: /home/xtark/tarkbot/ros2_ws/install/tarkbot_robot/share/tarkbot_robot/launch/__pycache__/robot.launch.cpython-38.pyc
[4.972s] -- Up-to-date: /home/xtark/tarkbot/ros2_ws/install/tarkbot_robot/share/tarkbot_robot/launch/robot.launch.py
[4.972s] -- Up-to-date: /home/xtark/tarkbot/ros2_ws/install/tarkbot_robot/share/tarkbot_robot/launch/robot2_lidar.launch.py
[4.973s] -- Up-to-date: /home/xtark/tarkbot/ros2_ws/install/tarkbot_robot/share/tarkbot_robot/config
[4.974s] -- Up-to-date: /home/xtark/tarkbot/ros2_ws/install/tarkbot_robot/share/tarkbot_robot/config/tarkbot_config.yaml
[4.975s] -- Up-to-date: /home/xtark/tarkbot/ros2_ws/install/tarkbot_robot/share/ament_index/resource_index/package_run_dependencies/tarkbot_robot
[4.975s] -- Up-to-date: /home/xtark/tarkbot/ros2_ws/install/tarkbot_robot/share/ament_index/resource_index/parent_prefix_path/tarkbot_robot
[4.976s] -- Up-to-date: /home/xtark/tarkbot/ros2_ws/install/tarkbot_robot/share/tarkbot_robot/environment/ament_prefix_path.sh
[4.976s] -- Up-to-date: /home/xtark/tarkbot/ros2_ws/install/tarkbot_robot/share/tarkbot_robot/environment/ament_prefix_path.dsv
[4.977s] -- Up-to-date: /home/xtark/tarkbot/ros2_ws/install/tarkbot_robot/share/tarkbot_robot/environment/path.sh
[4.978s] -- Up-to-date: /home/xtark/tarkbot/ros2_ws/install/tarkbot_robot/share/tarkbot_robot/environment/path.dsv
[4.979s] -- Up-to-date: /home/xtark/tarkbot/ros2_ws/install/tarkbot_robot/share/tarkbot_robot/local_setup.bash
[4.980s] -- Up-to-date: /home/xtark/tarkbot/ros2_ws/install/tarkbot_robot/share/tarkbot_robot/local_setup.sh
[4.980s] -- Up-to-date: /home/xtark/tarkbot/ros2_ws/install/tarkbot_robot/share/tarkbot_robot/local_setup.zsh
[4.981s] -- Up-to-date: /home/xtark/tarkbot/ros2_ws/install/tarkbot_robot/share/tarkbot_robot/local_setup.dsv
[4.982s] -- Installing: /home/xtark/tarkbot/ros2_ws/install/tarkbot_robot/share/tarkbot_robot/package.dsv
[4.984s] -- Up-to-date: /home/xtark/tarkbot/ros2_ws/install/tarkbot_robot/share/ament_index/resource_index/packages/tarkbot_robot
[4.985s] -- Up-to-date: /home/xtark/tarkbot/ros2_ws/install/tarkbot_robot/share/tarkbot_robot/cmake/tarkbot_robotConfig.cmake
[4.986s] -- Up-to-date: /home/xtark/tarkbot/ros2_ws/install/tarkbot_robot/share/tarkbot_robot/cmake/tarkbot_robotConfig-version.cmake
[4.986s] -- Up-to-date: /home/xtark/tarkbot/ros2_ws/install/tarkbot_robot/share/tarkbot_robot/package.xml
[5.689s] Invoked command in '/home/xtark/tarkbot/ros2_ws/build/tarkbot_robot' returned '0': CMAKE_PREFIX_PATH=${CMAKE_PREFIX_PATH}:/opt/ros/foxy /usr/bin/cmake --install /home/xtark/tarkbot/ros2_ws/build/tarkbot_robot
