[4.902s] Invoking command in '/home/xtark/tarkbot/ros2_ws/build/tarkbot_nav': CMAKE_PREFIX_PATH=${CMAKE_PREFIX_PATH}:/opt/ros/foxy /usr/bin/cmake --build /home/xtark/tarkbot/ros2_ws/build/tarkbot_nav -- -j4 -l4
[8.694s] Invoked command in '/home/xtark/tarkbot/ros2_ws/build/tarkbot_nav' returned '0': CMAKE_PREFIX_PATH=${CMAKE_PREFIX_PATH}:/opt/ros/foxy /usr/bin/cmake --build /home/xtark/tarkbot/ros2_ws/build/tarkbot_nav -- -j4 -l4
[8.837s] Invoking command in '/home/xtark/tarkbot/ros2_ws/build/tarkbot_nav': CMAKE_PREFIX_PATH=${CMAKE_PREFIX_PATH}:/opt/ros/foxy /usr/bin/cmake --install /home/xtark/tarkbot/ros2_ws/build/tarkbot_nav
[8.878s] -- Install configuration: ""
[8.883s] -- Up-to-date: /home/xtark/tarkbot/ros2_ws/install/tarkbot_nav/share/tarkbot_nav/launch
[8.885s] -- Up-to-date: /home/xtark/tarkbot/ros2_ws/install/tarkbot_nav/share/tarkbot_nav/launch/navigation.launch.py
[8.888s] -- Up-to-date: /home/xtark/tarkbot/ros2_ws/install/tarkbot_nav/share/tarkbot_nav/launch/include
[8.899s] -- Up-to-date: /home/xtark/tarkbot/ros2_ws/install/tarkbot_nav/share/tarkbot_nav/launch/include/localization_launch.py
[8.899s] -- Up-to-date: /home/xtark/tarkbot/ros2_ws/install/tarkbot_nav/share/tarkbot_nav/launch/include/bringup_nav_launch.py
[8.900s] -- Up-to-date: /home/xtark/tarkbot/ros2_ws/install/tarkbot_nav/share/tarkbot_nav/launch/include/navigation_core_launch.py
[8.901s] -- Up-to-date: /home/xtark/tarkbot/ros2_ws/install/tarkbot_nav/share/tarkbot_nav/config
[8.902s] -- Up-to-date: /home/xtark/tarkbot/ros2_ws/install/tarkbot_nav/share/tarkbot_nav/config/navigation
[8.902s] -- Up-to-date: /home/xtark/tarkbot/ros2_ws/install/tarkbot_nav/share/tarkbot_nav/config/navigation/nav2_params.yaml
[8.903s] -- Up-to-date: /home/xtark/tarkbot/ros2_ws/install/tarkbot_nav/share/tarkbot_nav/maps
[8.904s] -- Up-to-date: /home/xtark/tarkbot/ros2_ws/install/tarkbot_nav/share/tarkbot_nav/maps/test.yaml
[8.913s] -- Up-to-date: /home/xtark/tarkbot/ros2_ws/install/tarkbot_nav/share/tarkbot_nav/maps/atom_test1.yaml
[8.914s] -- Up-to-date: /home/xtark/tarkbot/ros2_ws/install/tarkbot_nav/share/tarkbot_nav/maps/atom_test.pgm
[8.915s] -- Up-to-date: /home/xtark/tarkbot/ros2_ws/install/tarkbot_nav/share/tarkbot_nav/maps/atom_test.yaml
[8.915s] -- Up-to-date: /home/xtark/tarkbot/ros2_ws/install/tarkbot_nav/share/tarkbot_nav/maps/web_test.pgm
[8.916s] -- Up-to-date: /home/xtark/tarkbot/ros2_ws/install/tarkbot_nav/share/tarkbot_nav/maps/atom_test1.pgm
[8.917s] -- Up-to-date: /home/xtark/tarkbot/ros2_ws/install/tarkbot_nav/share/tarkbot_nav/maps/test.pgm
[8.919s] -- Up-to-date: /home/xtark/tarkbot/ros2_ws/install/tarkbot_nav/share/tarkbot_nav/maps/web_test.yaml
[8.921s] -- Up-to-date: /home/xtark/tarkbot/ros2_ws/install/tarkbot_nav/share/tarkbot_nav/behavior_trees
[8.923s] -- Up-to-date: /home/xtark/tarkbot/ros2_ws/install/tarkbot_nav/share/tarkbot_nav/behavior_trees/navigate_w_replanning_distance.xml
[8.923s] -- Up-to-date: /home/xtark/tarkbot/ros2_ws/install/tarkbot_nav/share/tarkbot_nav/behavior_trees/navigate_w_replanning_time.xml
[8.924s] -- Up-to-date: /home/xtark/tarkbot/ros2_ws/install/tarkbot_nav/share/tarkbot_nav/behavior_trees/navigate_w_replanning_and_round_robin_recovery.xml
[8.925s] -- Up-to-date: /home/xtark/tarkbot/ros2_ws/install/tarkbot_nav/share/tarkbot_nav/behavior_trees/navigate_w_replanning_and_recovery.xml
[8.925s] -- Up-to-date: /home/xtark/tarkbot/ros2_ws/install/tarkbot_nav/share/tarkbot_nav/behavior_trees/follow_point.xml
[8.925s] -- Up-to-date: /home/xtark/tarkbot/ros2_ws/install/tarkbot_nav/share/tarkbot_nav/behavior_trees/navigate_w_replanning_speed.xml
[8.926s] -- Up-to-date: /home/xtark/tarkbot/ros2_ws/install/tarkbot_nav/share/ament_index/resource_index/package_run_dependencies/tarkbot_nav
[8.927s] -- Up-to-date: /home/xtark/tarkbot/ros2_ws/install/tarkbot_nav/share/ament_index/resource_index/parent_prefix_path/tarkbot_nav
[8.928s] -- Up-to-date: /home/xtark/tarkbot/ros2_ws/install/tarkbot_nav/share/tarkbot_nav/environment/ament_prefix_path.sh
[8.933s] -- Up-to-date: /home/xtark/tarkbot/ros2_ws/install/tarkbot_nav/share/tarkbot_nav/environment/ament_prefix_path.dsv
[8.934s] -- Up-to-date: /home/xtark/tarkbot/ros2_ws/install/tarkbot_nav/share/tarkbot_nav/environment/path.sh
[8.935s] -- Up-to-date: /home/xtark/tarkbot/ros2_ws/install/tarkbot_nav/share/tarkbot_nav/environment/path.dsv
[8.940s] -- Up-to-date: /home/xtark/tarkbot/ros2_ws/install/tarkbot_nav/share/tarkbot_nav/local_setup.bash
[8.942s] -- Up-to-date: /home/xtark/tarkbot/ros2_ws/install/tarkbot_nav/share/tarkbot_nav/local_setup.sh
[8.944s] -- Up-to-date: /home/xtark/tarkbot/ros2_ws/install/tarkbot_nav/share/tarkbot_nav/local_setup.zsh
[8.945s] -- Up-to-date: /home/xtark/tarkbot/ros2_ws/install/tarkbot_nav/share/tarkbot_nav/local_setup.dsv
[8.945s] -- Installing: /home/xtark/tarkbot/ros2_ws/install/tarkbot_nav/share/tarkbot_nav/package.dsv
[8.946s] -- Up-to-date: /home/xtark/tarkbot/ros2_ws/install/tarkbot_nav/share/ament_index/resource_index/packages/tarkbot_nav
[8.946s] -- Up-to-date: /home/xtark/tarkbot/ros2_ws/install/tarkbot_nav/share/tarkbot_nav/cmake/tarkbot_navConfig.cmake
[8.947s] -- Up-to-date: /home/xtark/tarkbot/ros2_ws/install/tarkbot_nav/share/tarkbot_nav/cmake/tarkbot_navConfig-version.cmake
[8.947s] -- Up-to-date: /home/xtark/tarkbot/ros2_ws/install/tarkbot_nav/share/tarkbot_nav/package.xml
[8.950s] Invoked command in '/home/xtark/tarkbot/ros2_ws/build/tarkbot_nav' returned '0': CMAKE_PREFIX_PATH=${CMAKE_PREFIX_PATH}:/opt/ros/foxy /usr/bin/cmake --install /home/xtark/tarkbot/ros2_ws/build/tarkbot_nav
