Performing C SOURCE FILE Test CMAKE_HAVE_LIBC_PTHREAD failed with the following output:
Change Dir: /home/xtark/tarkbot/ros2_ws/build/astra_camera/CMakeFiles/CMakeTmp

Run Build Command(s):/usr/bin/make cmTC_24cf1/fast && /usr/bin/make -f CMakeFiles/cmTC_24cf1.dir/build.make CMakeFiles/cmTC_24cf1.dir/build
make[1]: Entering directory '/home/xtark/tarkbot/ros2_ws/build/astra_camera/CMakeFiles/CMakeTmp'
Building C object CMakeFiles/cmTC_24cf1.dir/src.c.o
/usr/bin/cc   -fPIC -O3 -DCMAKE_HAVE_LIBC_PTHREAD   -std=gnu11 -o CMakeFiles/cmTC_24cf1.dir/src.c.o   -c /home/xtark/tarkbot/ros2_ws/build/astra_camera/CMakeFiles/CMakeTmp/src.c
Linking C executable cmTC_24cf1
/usr/bin/cmake -E cmake_link_script CMakeFiles/cmTC_24cf1.dir/link.txt --verbose=1
/usr/bin/cc  -fPIC -O3 -DCMAKE_HAVE_LIBC_PTHREAD    CMakeFiles/cmTC_24cf1.dir/src.c.o  -o cmTC_24cf1 
/usr/bin/ld: CMakeFiles/cmTC_24cf1.dir/src.c.o: in function `main':
src.c:(.text.startup+0x30): undefined reference to `pthread_create'
/usr/bin/ld: src.c:(.text.startup+0x38): undefined reference to `pthread_detach'
/usr/bin/ld: src.c:(.text.startup+0x44): undefined reference to `pthread_join'
collect2: error: ld returned 1 exit status
make[1]: *** [CMakeFiles/cmTC_24cf1.dir/build.make:87: cmTC_24cf1] Error 1
make[1]: Leaving directory '/home/xtark/tarkbot/ros2_ws/build/astra_camera/CMakeFiles/CMakeTmp'
make: *** [Makefile:121: cmTC_24cf1/fast] Error 2


Source file was:
#include <pthread.h>

void* test_func(void* data)
{
  return data;
}

int main(void)
{
  pthread_t thread;
  pthread_create(&thread, NULL, test_func, NULL);
  pthread_detach(thread);
  pthread_join(thread, NULL);
  pthread_atfork(NULL, NULL, NULL);
  pthread_exit(NULL);

  return 0;
}

Determining if the function pthread_create exists in the pthreads failed with the following output:
Change Dir: /home/xtark/tarkbot/ros2_ws/build/astra_camera/CMakeFiles/CMakeTmp

Run Build Command(s):/usr/bin/make cmTC_270a0/fast && /usr/bin/make -f CMakeFiles/cmTC_270a0.dir/build.make CMakeFiles/cmTC_270a0.dir/build
make[1]: Entering directory '/home/xtark/tarkbot/ros2_ws/build/astra_camera/CMakeFiles/CMakeTmp'
Building C object CMakeFiles/cmTC_270a0.dir/CheckFunctionExists.c.o
/usr/bin/cc   -fPIC -O3 -DCHECK_FUNCTION_EXISTS=pthread_create   -std=gnu11 -o CMakeFiles/cmTC_270a0.dir/CheckFunctionExists.c.o   -c /usr/share/cmake-3.16/Modules/CheckFunctionExists.c
Linking C executable cmTC_270a0
/usr/bin/cmake -E cmake_link_script CMakeFiles/cmTC_270a0.dir/link.txt --verbose=1
/usr/bin/cc  -fPIC -O3 -DCHECK_FUNCTION_EXISTS=pthread_create    CMakeFiles/cmTC_270a0.dir/CheckFunctionExists.c.o  -o cmTC_270a0  -lpthreads 
/usr/bin/ld: cannot find -lpthreads
collect2: error: ld returned 1 exit status
make[1]: *** [CMakeFiles/cmTC_270a0.dir/build.make:87: cmTC_270a0] Error 1
make[1]: Leaving directory '/home/xtark/tarkbot/ros2_ws/build/astra_camera/CMakeFiles/CMakeTmp'
make: *** [Makefile:121: cmTC_270a0/fast] Error 2



