[4.391s] Invoking command in '/home/xtark/tarkbot/ros2_ws/build/ldlidar_stl_ros2': CMAKE_PREFIX_PATH=${CMAKE_PREFIX_PATH}:/opt/ros/foxy /usr/bin/cmake --build /home/xtark/tarkbot/ros2_ws/build/ldlidar_stl_ros2 -- -j4 -l4
[5.004s] [100%] Built target ldlidar_stl_ros2_node
[5.137s] Invoked command in '/home/xtark/tarkbot/ros2_ws/build/ldlidar_stl_ros2' returned '0': CMAKE_PREFIX_PATH=${CMAKE_PREFIX_PATH}:/opt/ros/foxy /usr/bin/cmake --build /home/xtark/tarkbot/ros2_ws/build/ldlidar_stl_ros2 -- -j4 -l4
[5.497s] Invoking command in '/home/xtark/tarkbot/ros2_ws/build/ldlidar_stl_ros2': CMAKE_PREFIX_PATH=${CMAKE_PREFIX_PATH}:/opt/ros/foxy /usr/bin/cmake --install /home/xtark/tarkbot/ros2_ws/build/ldlidar_stl_ros2
[5.553s] -- Install configuration: "Release"
[5.558s] -- Execute custom install script
[5.575s] -- Up-to-date symlink: /home/xtark/tarkbot/ros2_ws/install/ldlidar_stl_ros2/share/ldlidar_stl_ros2/launch/__pycache__/ld06.launch.cpython-38.pyc
[5.577s] -- Up-to-date symlink: /home/xtark/tarkbot/ros2_ws/install/ldlidar_stl_ros2/share/ldlidar_stl_ros2/launch/ld06.launch.py
[5.580s] -- Up-to-date symlink: /home/xtark/tarkbot/ros2_ws/install/ldlidar_stl_ros2/share/ldlidar_stl_ros2/launch/ld19.launch.py
[5.582s] -- Up-to-date symlink: /home/xtark/tarkbot/ros2_ws/install/ldlidar_stl_ros2/share/ldlidar_stl_ros2/launch/tarkbot_ld19.launch.py
[5.584s] -- Up-to-date symlink: /home/xtark/tarkbot/ros2_ws/install/ldlidar_stl_ros2/share/ldlidar_stl_ros2/launch/viewer_ld06.launch.py
[5.586s] -- Up-to-date symlink: /home/xtark/tarkbot/ros2_ws/install/ldlidar_stl_ros2/share/ldlidar_stl_ros2/launch/viewer_ld19.launch.py
[5.587s] -- Up-to-date symlink: /home/xtark/tarkbot/ros2_ws/install/ldlidar_stl_ros2/share/ldlidar_stl_ros2/params/LD19.yaml
[5.590s] -- Up-to-date symlink: /home/xtark/tarkbot/ros2_ws/install/ldlidar_stl_ros2/lib/ldlidar_stl_ros2/ldlidar_stl_ros2_node
[5.598s] -- Up-to-date symlink: /home/xtark/tarkbot/ros2_ws/install/ldlidar_stl_ros2/share/ldlidar_stl_ros2//launch/__pycache__/ld06.launch.cpython-38.pyc
[5.600s] -- Up-to-date symlink: /home/xtark/tarkbot/ros2_ws/install/ldlidar_stl_ros2/share/ldlidar_stl_ros2//launch/ld06.launch.py
[5.601s] -- Up-to-date symlink: /home/xtark/tarkbot/ros2_ws/install/ldlidar_stl_ros2/share/ldlidar_stl_ros2//launch/ld19.launch.py
[5.603s] -- Up-to-date symlink: /home/xtark/tarkbot/ros2_ws/install/ldlidar_stl_ros2/share/ldlidar_stl_ros2//launch/tarkbot_ld19.launch.py
[5.604s] -- Up-to-date symlink: /home/xtark/tarkbot/ros2_ws/install/ldlidar_stl_ros2/share/ldlidar_stl_ros2//launch/viewer_ld06.launch.py
[5.606s] -- Up-to-date symlink: /home/xtark/tarkbot/ros2_ws/install/ldlidar_stl_ros2/share/ldlidar_stl_ros2//launch/viewer_ld19.launch.py
[5.608s] -- Up-to-date symlink: /home/xtark/tarkbot/ros2_ws/install/ldlidar_stl_ros2/share/ldlidar_stl_ros2//rviz2/ldlidar.rviz
[5.610s] -- Up-to-date symlink: /home/xtark/tarkbot/ros2_ws/install/ldlidar_stl_ros2/share/ament_index/resource_index/package_run_dependencies/ldlidar_stl_ros2
[5.611s] -- Up-to-date symlink: /home/xtark/tarkbot/ros2_ws/install/ldlidar_stl_ros2/share/ament_index/resource_index/parent_prefix_path/ldlidar_stl_ros2
[5.614s] -- Up-to-date symlink: /home/xtark/tarkbot/ros2_ws/install/ldlidar_stl_ros2/share/ldlidar_stl_ros2/environment/ament_prefix_path.sh
[5.615s] -- Up-to-date symlink: /home/xtark/tarkbot/ros2_ws/install/ldlidar_stl_ros2/share/ldlidar_stl_ros2/environment/ament_prefix_path.dsv
[5.618s] -- Up-to-date symlink: /home/xtark/tarkbot/ros2_ws/install/ldlidar_stl_ros2/share/ldlidar_stl_ros2/environment/path.sh
[5.620s] -- Up-to-date symlink: /home/xtark/tarkbot/ros2_ws/install/ldlidar_stl_ros2/share/ldlidar_stl_ros2/environment/path.dsv
[5.622s] -- Up-to-date symlink: /home/xtark/tarkbot/ros2_ws/install/ldlidar_stl_ros2/share/ldlidar_stl_ros2/local_setup.bash
[5.624s] -- Up-to-date symlink: /home/xtark/tarkbot/ros2_ws/install/ldlidar_stl_ros2/share/ldlidar_stl_ros2/local_setup.sh
[5.627s] -- Up-to-date symlink: /home/xtark/tarkbot/ros2_ws/install/ldlidar_stl_ros2/share/ldlidar_stl_ros2/local_setup.zsh
[5.628s] -- Up-to-date symlink: /home/xtark/tarkbot/ros2_ws/install/ldlidar_stl_ros2/share/ldlidar_stl_ros2/local_setup.dsv
[5.629s] -- Symlinking: /home/xtark/tarkbot/ros2_ws/install/ldlidar_stl_ros2/share/ldlidar_stl_ros2/package.dsv
[5.687s] -- Up-to-date symlink: /home/xtark/tarkbot/ros2_ws/install/ldlidar_stl_ros2/share/ament_index/resource_index/packages/ldlidar_stl_ros2
[5.689s] -- Up-to-date symlink: /home/xtark/tarkbot/ros2_ws/install/ldlidar_stl_ros2/share/ldlidar_stl_ros2/cmake/ldlidar_stl_ros2Config.cmake
[5.692s] -- Up-to-date symlink: /home/xtark/tarkbot/ros2_ws/install/ldlidar_stl_ros2/share/ldlidar_stl_ros2/cmake/ldlidar_stl_ros2Config-version.cmake
[5.695s] -- Up-to-date symlink: /home/xtark/tarkbot/ros2_ws/install/ldlidar_stl_ros2/share/ldlidar_stl_ros2/package.xml
[7.516s] Invoked command in '/home/xtark/tarkbot/ros2_ws/build/ldlidar_stl_ros2' returned '0': CMAKE_PREFIX_PATH=${CMAKE_PREFIX_PATH}:/opt/ros/foxy /usr/bin/cmake --install /home/xtark/tarkbot/ros2_ws/build/ldlidar_stl_ros2
