[0.064s] Invoking command in '/home/xtark/tarkbot/ros2_ws/build/xtlidar_ros': CMAKE_PREFIX_PATH=${CMAKE_PREFIX_PATH}:/opt/ros/foxy /usr/bin/cmake --build /home/xtark/tarkbot/ros2_ws/build/xtlidar_ros -- -j4 -l4
[0.092s] ERROR: ld.so: object '/usr/lib/x86_64-linux-gnu/libgomp.so.1' from LD_PRELOAD cannot be preloaded (cannot open shared object file): ignored.
[0.166s] ERROR: ld.so: object '/usr/lib/x86_64-linux-gnu/libgomp.so.1' from LD_PRELOAD cannot be preloaded (cannot open shared object file): ignored.
[0.184s] ERROR: ld.so: object '/usr/lib/x86_64-linux-gnu/libgomp.so.1' from LD_PRELOAD cannot be preloaded (cannot open shared object file): ignored.
[0.265s] ERROR: ld.so: object '/usr/lib/x86_64-linux-gnu/libgomp.so.1' from LD_PRELOAD cannot be preloaded (cannot open shared object file): ignored.
[0.319s] ERROR: ld.so: object '/usr/lib/x86_64-linux-gnu/libgomp.so.1' from LD_PRELOAD cannot be preloaded (cannot open shared object file): ignored.
[0.336s] ERROR: ld.so: object '/usr/lib/x86_64-linux-gnu/libgomp.so.1' from LD_PRELOAD cannot be preloaded (cannot open shared object file): ignored.
[0.353s] ERROR: ld.so: object '/usr/lib/x86_64-linux-gnu/libgomp.so.1' from LD_PRELOAD cannot be preloaded (cannot open shared object file): ignored.
[0.405s] ERROR: ld.so: object '/usr/lib/x86_64-linux-gnu/libgomp.so.1' from LD_PRELOAD cannot be preloaded (cannot open shared object file): ignored.
[0.501s] ERROR: ld.so: object '/usr/lib/x86_64-linux-gnu/libgomp.so.1' from LD_PRELOAD cannot be preloaded (cannot open shared object file): ignored.
[0.662s] ERROR: ld.so: object '/usr/lib/x86_64-linux-gnu/libgomp.so.1' from LD_PRELOAD cannot be preloaded (cannot open shared object file): ignored.
[0.684s] ERROR: ld.so: object '/usr/lib/x86_64-linux-gnu/libgomp.so.1' from LD_PRELOAD cannot be preloaded (cannot open shared object file): ignored.
[0.776s] [100%] Built target xtlidar_driver2_node
[0.798s] ERROR: ld.so: object '/usr/lib/x86_64-linux-gnu/libgomp.so.1' from LD_PRELOAD cannot be preloaded (cannot open shared object file): ignored.
[0.906s] Invoked command in '/home/xtark/tarkbot/ros2_ws/build/xtlidar_ros' returned '0': CMAKE_PREFIX_PATH=${CMAKE_PREFIX_PATH}:/opt/ros/foxy /usr/bin/cmake --build /home/xtark/tarkbot/ros2_ws/build/xtlidar_ros -- -j4 -l4
[1.424s] Invoking command in '/home/xtark/tarkbot/ros2_ws/build/xtlidar_ros': CMAKE_PREFIX_PATH=${CMAKE_PREFIX_PATH}:/opt/ros/foxy /usr/bin/cmake --build /home/xtark/tarkbot/ros2_ws/build/xtlidar_ros --target install -- -j4 -l4
[1.447s] ERROR: ld.so: object '/usr/lib/x86_64-linux-gnu/libgomp.so.1' from LD_PRELOAD cannot be preloaded (cannot open shared object file): ignored.
[1.467s] ERROR: ld.so: object '/usr/lib/x86_64-linux-gnu/libgomp.so.1' from LD_PRELOAD cannot be preloaded (cannot open shared object file): ignored.
[1.476s] ERROR: ld.so: object '/usr/lib/x86_64-linux-gnu/libgomp.so.1' from LD_PRELOAD cannot be preloaded (cannot open shared object file): ignored.
[1.537s] ERROR: ld.so: object '/usr/lib/x86_64-linux-gnu/libgomp.so.1' from LD_PRELOAD cannot be preloaded (cannot open shared object file): ignored.
[1.605s] ERROR: ld.so: object '/usr/lib/x86_64-linux-gnu/libgomp.so.1' from LD_PRELOAD cannot be preloaded (cannot open shared object file): ignored.
[1.618s] ERROR: ld.so: object '/usr/lib/x86_64-linux-gnu/libgomp.so.1' from LD_PRELOAD cannot be preloaded (cannot open shared object file): ignored.
[1.651s] ERROR: ld.so: object '/usr/lib/x86_64-linux-gnu/libgomp.so.1' from LD_PRELOAD cannot be preloaded (cannot open shared object file): ignored.
[1.666s] ERROR: ld.so: object '/usr/lib/x86_64-linux-gnu/libgomp.so.1' from LD_PRELOAD cannot be preloaded (cannot open shared object file): ignored.
[1.724s] ERROR: ld.so: object '/usr/lib/x86_64-linux-gnu/libgomp.so.1' from LD_PRELOAD cannot be preloaded (cannot open shared object file): ignored.
[1.820s] ERROR: ld.so: object '/usr/lib/x86_64-linux-gnu/libgomp.so.1' from LD_PRELOAD cannot be preloaded (cannot open shared object file): ignored.
[1.825s] ERROR: ld.so: object '/usr/lib/x86_64-linux-gnu/libgomp.so.1' from LD_PRELOAD cannot be preloaded (cannot open shared object file): ignored.
[1.856s] [100%] Built target xtlidar_driver2_node
[1.863s] ERROR: ld.so: object '/usr/lib/x86_64-linux-gnu/libgomp.so.1' from LD_PRELOAD cannot be preloaded (cannot open shared object file): ignored.
[1.906s] ERROR: ld.so: object '/usr/lib/x86_64-linux-gnu/libgomp.so.1' from LD_PRELOAD cannot be preloaded (cannot open shared object file): ignored.
[1.917s] ERROR: ld.so: object '/usr/lib/x86_64-linux-gnu/libgomp.so.1' from LD_PRELOAD cannot be preloaded (cannot open shared object file): ignored.
[1.924s] ERROR: ld.so: object '/usr/lib/x86_64-linux-gnu/libgomp.so.1' from LD_PRELOAD cannot be preloaded (cannot open shared object file): ignored.
[1.956s] [36mInstall the project...[0m
[1.962s] ERROR: ld.so: object '/usr/lib/x86_64-linux-gnu/libgomp.so.1' from LD_PRELOAD cannot be preloaded (cannot open shared object file): ignored.
[2.000s] -- Install configuration: "Release"
[2.001s] -- Execute custom install script
[2.003s] -- Up-to-date symlink: /home/xtark/tarkbot/ros2_ws/install/xtlidar_ros/lib/xtlidar_ros/xtlidar_driver2_node
[2.006s] -- Up-to-date symlink: /home/xtark/tarkbot/ros2_ws/install/xtlidar_ros/share/xtlidar_ros/launch/tarkbot_xtlidar_e300.launch.py
[2.008s] -- Up-to-date symlink: /home/xtark/tarkbot/ros2_ws/install/xtlidar_ros/share/xtlidar_ros/params/XTLIDAR_E300.yaml
[2.010s] -- Up-to-date symlink: /home/xtark/tarkbot/ros2_ws/install/xtlidar_ros/share/ament_index/resource_index/package_run_dependencies/xtlidar_ros
[2.011s] -- Up-to-date symlink: /home/xtark/tarkbot/ros2_ws/install/xtlidar_ros/share/ament_index/resource_index/parent_prefix_path/xtlidar_ros
[2.012s] -- Up-to-date symlink: /home/xtark/tarkbot/ros2_ws/install/xtlidar_ros/share/xtlidar_ros/environment/ament_prefix_path.sh
[2.014s] -- Up-to-date symlink: /home/xtark/tarkbot/ros2_ws/install/xtlidar_ros/share/xtlidar_ros/environment/ament_prefix_path.dsv
[2.016s] -- Up-to-date symlink: /home/xtark/tarkbot/ros2_ws/install/xtlidar_ros/share/xtlidar_ros/environment/path.sh
[2.017s] -- Up-to-date symlink: /home/xtark/tarkbot/ros2_ws/install/xtlidar_ros/share/xtlidar_ros/environment/path.dsv
[2.018s] -- Up-to-date symlink: /home/xtark/tarkbot/ros2_ws/install/xtlidar_ros/share/xtlidar_ros/local_setup.bash
[2.020s] -- Up-to-date symlink: /home/xtark/tarkbot/ros2_ws/install/xtlidar_ros/share/xtlidar_ros/local_setup.sh
[2.021s] -- Up-to-date symlink: /home/xtark/tarkbot/ros2_ws/install/xtlidar_ros/share/xtlidar_ros/local_setup.zsh
[2.023s] -- Up-to-date symlink: /home/xtark/tarkbot/ros2_ws/install/xtlidar_ros/share/xtlidar_ros/local_setup.dsv
[2.024s] -- Symlinking: /home/xtark/tarkbot/ros2_ws/install/xtlidar_ros/share/xtlidar_ros/package.dsv
[2.033s] ERROR: ld.so: object '/usr/lib/x86_64-linux-gnu/libgomp.so.1' from LD_PRELOAD cannot be preloaded (cannot open shared object file): ignored.
[2.073s] -- Up-to-date symlink: /home/xtark/tarkbot/ros2_ws/install/xtlidar_ros/share/ament_index/resource_index/packages/xtlidar_ros
[2.074s] -- Up-to-date symlink: /home/xtark/tarkbot/ros2_ws/install/xtlidar_ros/share/xtlidar_ros/cmake/xtlidar_rosConfig.cmake
[2.078s] -- Up-to-date symlink: /home/xtark/tarkbot/ros2_ws/install/xtlidar_ros/share/xtlidar_ros/cmake/xtlidar_rosConfig-version.cmake
[2.081s] -- Up-to-date symlink: /home/xtark/tarkbot/ros2_ws/install/xtlidar_ros/share/xtlidar_ros/package.xml
[2.106s] Invoked command in '/home/xtark/tarkbot/ros2_ws/build/xtlidar_ros' returned '0': CMAKE_PREFIX_PATH=${CMAKE_PREFIX_PATH}:/opt/ros/foxy /usr/bin/cmake --build /home/xtark/tarkbot/ros2_ws/build/xtlidar_ros --target install -- -j4 -l4
