[2.979s] Invoking command in '/home/xtark/tarkbot/ros2_ws/build/orbbec_description': CMAKE_PREFIX_PATH=${CMAKE_PREFIX_PATH}:/opt/ros/foxy /usr/bin/cmake --build /home/xtark/tarkbot/ros2_ws/build/orbbec_description -- -j4 -l4
[4.840s] Invoked command in '/home/xtark/tarkbot/ros2_ws/build/orbbec_description' returned '0': CMAKE_PREFIX_PATH=${CMAKE_PREFIX_PATH}:/opt/ros/foxy /usr/bin/cmake --build /home/xtark/tarkbot/ros2_ws/build/orbbec_description -- -j4 -l4
[5.993s] Invoking command in '/home/xtark/tarkbot/ros2_ws/build/orbbec_description': CMAKE_PREFIX_PATH=${CMAKE_PREFIX_PATH}:/opt/ros/foxy /usr/bin/cmake --install /home/xtark/tarkbot/ros2_ws/build/orbbec_description
[6.035s] -- Install configuration: ""
[6.040s] -- Up-to-date: /home/xtark/tarkbot/ros2_ws/install/orbbec_description/share/ament_index/resource_index/package_run_dependencies/orbbec_description
[6.042s] -- Up-to-date: /home/xtark/tarkbot/ros2_ws/install/orbbec_description/share/ament_index/resource_index/parent_prefix_path/orbbec_description
[6.043s] -- Up-to-date: /home/xtark/tarkbot/ros2_ws/install/orbbec_description/share/orbbec_description/environment/ament_prefix_path.sh
[6.043s] -- Up-to-date: /home/xtark/tarkbot/ros2_ws/install/orbbec_description/share/orbbec_description/environment/ament_prefix_path.dsv
[6.044s] -- Up-to-date: /home/xtark/tarkbot/ros2_ws/install/orbbec_description/share/orbbec_description/environment/path.sh
[6.045s] -- Up-to-date: /home/xtark/tarkbot/ros2_ws/install/orbbec_description/share/orbbec_description/environment/path.dsv
[6.046s] -- Up-to-date: /home/xtark/tarkbot/ros2_ws/install/orbbec_description/share/orbbec_description/local_setup.bash
[6.047s] -- Up-to-date: /home/xtark/tarkbot/ros2_ws/install/orbbec_description/share/orbbec_description/local_setup.sh
[6.048s] -- Up-to-date: /home/xtark/tarkbot/ros2_ws/install/orbbec_description/share/orbbec_description/local_setup.zsh
[6.049s] -- Up-to-date: /home/xtark/tarkbot/ros2_ws/install/orbbec_description/share/orbbec_description/local_setup.dsv
[6.050s] -- Installing: /home/xtark/tarkbot/ros2_ws/install/orbbec_description/share/orbbec_description/package.dsv
[6.051s] -- Up-to-date: /home/xtark/tarkbot/ros2_ws/install/orbbec_description/share/ament_index/resource_index/packages/orbbec_description
[6.052s] -- Up-to-date: /home/xtark/tarkbot/ros2_ws/install/orbbec_description/share/orbbec_description/cmake/orbbec_descriptionConfig.cmake
[6.057s] -- Up-to-date: /home/xtark/tarkbot/ros2_ws/install/orbbec_description/share/orbbec_description/cmake/orbbec_descriptionConfig-version.cmake
[6.059s] -- Up-to-date: /home/xtark/tarkbot/ros2_ws/install/orbbec_description/share/orbbec_description/package.xml
[6.059s] Invoked command in '/home/xtark/tarkbot/ros2_ws/build/orbbec_description' returned '0': CMAKE_PREFIX_PATH=${CMAKE_PREFIX_PATH}:/opt/ros/foxy /usr/bin/cmake --install /home/xtark/tarkbot/ros2_ws/build/orbbec_description
