[3.328s] Invoking command in '/home/xtark/tarkbot/ros2_ws/build/orbbec_description': CMAKE_PREFIX_PATH=${CMAKE_PREFIX_PATH}:/opt/ros/foxy /usr/bin/cmake --build /home/xtark/tarkbot/ros2_ws/build/orbbec_description -- -j4 -l4
[6.004s] Invoked command in '/home/xtark/tarkbot/ros2_ws/build/orbbec_description' returned '0': CMAKE_PREFIX_PATH=${CMAKE_PREFIX_PATH}:/opt/ros/foxy /usr/bin/cmake --build /home/xtark/tarkbot/ros2_ws/build/orbbec_description -- -j4 -l4
[6.168s] Invoking command in '/home/xtark/tarkbot/ros2_ws/build/orbbec_description': CMAKE_PREFIX_PATH=${CMAKE_PREFIX_PATH}:/opt/ros/foxy /usr/bin/cmake --install /home/xtark/tarkbot/ros2_ws/build/orbbec_description
[6.228s] -- Install configuration: ""
[6.230s] -- Up-to-date: /home/xtark/tarkbot/ros2_ws/install/orbbec_description/share/ament_index/resource_index/package_run_dependencies/orbbec_description
[6.231s] -- Up-to-date: /home/xtark/tarkbot/ros2_ws/install/orbbec_description/share/ament_index/resource_index/parent_prefix_path/orbbec_description
[6.232s] -- Up-to-date: /home/xtark/tarkbot/ros2_ws/install/orbbec_description/share/orbbec_description/environment/ament_prefix_path.sh
[6.234s] -- Up-to-date: /home/xtark/tarkbot/ros2_ws/install/orbbec_description/share/orbbec_description/environment/ament_prefix_path.dsv
[6.236s] -- Up-to-date: /home/xtark/tarkbot/ros2_ws/install/orbbec_description/share/orbbec_description/environment/path.sh
[6.243s] -- Up-to-date: /home/xtark/tarkbot/ros2_ws/install/orbbec_description/share/orbbec_description/environment/path.dsv
[6.243s] -- Up-to-date: /home/xtark/tarkbot/ros2_ws/install/orbbec_description/share/orbbec_description/local_setup.bash
[6.244s] -- Up-to-date: /home/xtark/tarkbot/ros2_ws/install/orbbec_description/share/orbbec_description/local_setup.sh
[6.244s] -- Up-to-date: /home/xtark/tarkbot/ros2_ws/install/orbbec_description/share/orbbec_description/local_setup.zsh
[6.245s] -- Up-to-date: /home/xtark/tarkbot/ros2_ws/install/orbbec_description/share/orbbec_description/local_setup.dsv
[6.248s] -- Installing: /home/xtark/tarkbot/ros2_ws/install/orbbec_description/share/orbbec_description/package.dsv
[6.250s] -- Up-to-date: /home/xtark/tarkbot/ros2_ws/install/orbbec_description/share/ament_index/resource_index/packages/orbbec_description
[6.251s] -- Up-to-date: /home/xtark/tarkbot/ros2_ws/install/orbbec_description/share/orbbec_description/cmake/orbbec_descriptionConfig.cmake
[6.253s] -- Up-to-date: /home/xtark/tarkbot/ros2_ws/install/orbbec_description/share/orbbec_description/cmake/orbbec_descriptionConfig-version.cmake
[6.255s] -- Up-to-date: /home/xtark/tarkbot/ros2_ws/install/orbbec_description/share/orbbec_description/package.xml
[6.267s] Invoked command in '/home/xtark/tarkbot/ros2_ws/build/orbbec_description' returned '0': CMAKE_PREFIX_PATH=${CMAKE_PREFIX_PATH}:/opt/ros/foxy /usr/bin/cmake --install /home/xtark/tarkbot/ros2_ws/build/orbbec_description
