[2.936s] Invoking command in '/home/xtark/tarkbot/ros2_ws/build/astra_camera_msgs': CMAKE_PREFIX_PATH=${CMAKE_PREFIX_PATH}:/opt/ros/foxy /usr/bin/cmake --build /home/xtark/tarkbot/ros2_ws/build/astra_camera_msgs -- -j4 -l4
[3.413s] [  1%] Built target astra_camera_msgs__cpp
[3.516s] [ 12%] Built target astra_camera_msgs__rosidl_generator_c
[3.726s] [ 24%] Built target astra_camera_msgs__rosidl_typesupport_cpp
[3.756s] [ 35%] Built target astra_camera_msgs__rosidl_typesupport_introspection_cpp
[3.808s] [ 47%] Built target astra_camera_msgs__rosidl_typesupport_introspection_c
[3.892s] [ 58%] Built target astra_camera_msgs__rosidl_typesupport_fastrtps_cpp
[3.939s] [ 70%] Built target astra_camera_msgs__rosidl_typesupport_c
[4.202s] [ 82%] Built target astra_camera_msgs__rosidl_typesupport_fastrtps_c
[4.314s] [ 82%] Built target astra_camera_msgs
[4.437s] [ 83%] Built target astra_camera_msgs__py
[4.628s] [ 93%] Built target astra_camera_msgs__python
[4.831s] [ 95%] Built target astra_camera_msgs__rosidl_typesupport_c__pyext
[4.854s] [ 97%] Built target astra_camera_msgs__rosidl_typesupport_fastrtps_c__pyext
[4.863s] [100%] Built target astra_camera_msgs__rosidl_typesupport_introspection_c__pyext
[6.286s] Invoked command in '/home/xtark/tarkbot/ros2_ws/build/astra_camera_msgs' returned '0': CMAKE_PREFIX_PATH=${CMAKE_PREFIX_PATH}:/opt/ros/foxy /usr/bin/cmake --build /home/xtark/tarkbot/ros2_ws/build/astra_camera_msgs -- -j4 -l4
[11.021s] Invoking command in '/home/xtark/tarkbot/ros2_ws/build/astra_camera_msgs': CMAKE_PREFIX_PATH=${CMAKE_PREFIX_PATH}:/opt/ros/foxy /usr/bin/cmake --install /home/xtark/tarkbot/ros2_ws/build/astra_camera_msgs
[11.070s] -- Install configuration: "Release"
[11.070s] -- Up-to-date: /home/xtark/tarkbot/ros2_ws/install/astra_camera_msgs/share/ament_index/resource_index/rosidl_interfaces/astra_camera_msgs
[11.098s] -- Up-to-date: /home/xtark/tarkbot/ros2_ws/install/astra_camera_msgs/include/astra_camera_msgs
[11.099s] -- Up-to-date: /home/xtark/tarkbot/ros2_ws/install/astra_camera_msgs/include/astra_camera_msgs/msg
[11.099s] -- Up-to-date: /home/xtark/tarkbot/ros2_ws/install/astra_camera_msgs/include/astra_camera_msgs/msg/rosidl_generator_c__visibility_control.h
[11.100s] -- Up-to-date: /home/xtark/tarkbot/ros2_ws/install/astra_camera_msgs/include/astra_camera_msgs/msg/detail
[11.100s] -- Up-to-date: /home/xtark/tarkbot/ros2_ws/install/astra_camera_msgs/include/astra_camera_msgs/msg/detail/extrinsics__functions.h
[11.112s] -- Up-to-date: /home/xtark/tarkbot/ros2_ws/install/astra_camera_msgs/include/astra_camera_msgs/msg/detail/extrinsics__functions.c
[11.119s] -- Up-to-date: /home/xtark/tarkbot/ros2_ws/install/astra_camera_msgs/include/astra_camera_msgs/msg/detail/metadata__functions.c
[11.120s] -- Up-to-date: /home/xtark/tarkbot/ros2_ws/install/astra_camera_msgs/include/astra_camera_msgs/msg/detail/extrinsics__struct.h
[11.121s] -- Up-to-date: /home/xtark/tarkbot/ros2_ws/install/astra_camera_msgs/include/astra_camera_msgs/msg/detail/metadata__struct.h
[11.123s] -- Up-to-date: /home/xtark/tarkbot/ros2_ws/install/astra_camera_msgs/include/astra_camera_msgs/msg/detail/device_info__functions.h
[11.124s] -- Up-to-date: /home/xtark/tarkbot/ros2_ws/install/astra_camera_msgs/include/astra_camera_msgs/msg/detail/extrinsics__type_support.h
[11.124s] -- Up-to-date: /home/xtark/tarkbot/ros2_ws/install/astra_camera_msgs/include/astra_camera_msgs/msg/detail/metadata__functions.h
[11.125s] -- Up-to-date: /home/xtark/tarkbot/ros2_ws/install/astra_camera_msgs/include/astra_camera_msgs/msg/detail/metadata__type_support.h
[11.126s] -- Up-to-date: /home/xtark/tarkbot/ros2_ws/install/astra_camera_msgs/include/astra_camera_msgs/msg/detail/device_info__struct.h
[11.126s] -- Up-to-date: /home/xtark/tarkbot/ros2_ws/install/astra_camera_msgs/include/astra_camera_msgs/msg/detail/device_info__functions.c
[11.127s] -- Up-to-date: /home/xtark/tarkbot/ros2_ws/install/astra_camera_msgs/include/astra_camera_msgs/msg/detail/device_info__type_support.h
[11.127s] -- Up-to-date: /home/xtark/tarkbot/ros2_ws/install/astra_camera_msgs/include/astra_camera_msgs/msg/metadata.h
[11.128s] -- Up-to-date: /home/xtark/tarkbot/ros2_ws/install/astra_camera_msgs/include/astra_camera_msgs/msg/device_info.h
[11.130s] -- Up-to-date: /home/xtark/tarkbot/ros2_ws/install/astra_camera_msgs/include/astra_camera_msgs/msg/extrinsics.h
[11.131s] -- Up-to-date: /home/xtark/tarkbot/ros2_ws/install/astra_camera_msgs/include/astra_camera_msgs/srv
[11.132s] -- Up-to-date: /home/xtark/tarkbot/ros2_ws/install/astra_camera_msgs/include/astra_camera_msgs/srv/get_camera_info.h
[11.134s] -- Up-to-date: /home/xtark/tarkbot/ros2_ws/install/astra_camera_msgs/include/astra_camera_msgs/srv/get_int32.h
[11.135s] -- Up-to-date: /home/xtark/tarkbot/ros2_ws/install/astra_camera_msgs/include/astra_camera_msgs/srv/detail
[11.145s] -- Up-to-date: /home/xtark/tarkbot/ros2_ws/install/astra_camera_msgs/include/astra_camera_msgs/srv/detail/get_string__functions.h
[11.150s] -- Up-to-date: /home/xtark/tarkbot/ros2_ws/install/astra_camera_msgs/include/astra_camera_msgs/srv/detail/get_string__struct.h
[11.152s] -- Up-to-date: /home/xtark/tarkbot/ros2_ws/install/astra_camera_msgs/include/astra_camera_msgs/srv/detail/get_camera_params__functions.c
[11.153s] -- Up-to-date: /home/xtark/tarkbot/ros2_ws/install/astra_camera_msgs/include/astra_camera_msgs/srv/detail/get_camera_params__struct.h
[11.160s] -- Up-to-date: /home/xtark/tarkbot/ros2_ws/install/astra_camera_msgs/include/astra_camera_msgs/srv/detail/get_string__functions.c
[11.171s] -- Up-to-date: /home/xtark/tarkbot/ros2_ws/install/astra_camera_msgs/include/astra_camera_msgs/srv/detail/get_device_info__functions.c
[11.172s] -- Up-to-date: /home/xtark/tarkbot/ros2_ws/install/astra_camera_msgs/include/astra_camera_msgs/srv/detail/get_camera_info__type_support.h
[11.172s] -- Up-to-date: /home/xtark/tarkbot/ros2_ws/install/astra_camera_msgs/include/astra_camera_msgs/srv/detail/get_camera_info__functions.c
[11.173s] -- Up-to-date: /home/xtark/tarkbot/ros2_ws/install/astra_camera_msgs/include/astra_camera_msgs/srv/detail/get_camera_info__functions.h
[11.173s] -- Up-to-date: /home/xtark/tarkbot/ros2_ws/install/astra_camera_msgs/include/astra_camera_msgs/srv/detail/get_device_info__struct.h
[11.174s] -- Up-to-date: /home/xtark/tarkbot/ros2_ws/install/astra_camera_msgs/include/astra_camera_msgs/srv/detail/get_camera_info__struct.h
[11.174s] -- Up-to-date: /home/xtark/tarkbot/ros2_ws/install/astra_camera_msgs/include/astra_camera_msgs/srv/detail/set_int32__struct.h
[11.174s] -- Up-to-date: /home/xtark/tarkbot/ros2_ws/install/astra_camera_msgs/include/astra_camera_msgs/srv/detail/get_int32__type_support.h
[11.175s] -- Up-to-date: /home/xtark/tarkbot/ros2_ws/install/astra_camera_msgs/include/astra_camera_msgs/srv/detail/get_string__type_support.h
[11.175s] -- Up-to-date: /home/xtark/tarkbot/ros2_ws/install/astra_camera_msgs/include/astra_camera_msgs/srv/detail/get_device_info__type_support.h
[11.176s] -- Up-to-date: /home/xtark/tarkbot/ros2_ws/install/astra_camera_msgs/include/astra_camera_msgs/srv/detail/get_device_info__functions.h
[11.178s] -- Up-to-date: /home/xtark/tarkbot/ros2_ws/install/astra_camera_msgs/include/astra_camera_msgs/srv/detail/get_int32__functions.c
[11.179s] -- Up-to-date: /home/xtark/tarkbot/ros2_ws/install/astra_camera_msgs/include/astra_camera_msgs/srv/detail/get_camera_params__functions.h
[11.180s] -- Up-to-date: /home/xtark/tarkbot/ros2_ws/install/astra_camera_msgs/include/astra_camera_msgs/srv/detail/get_camera_params__type_support.h
[11.181s] -- Up-to-date: /home/xtark/tarkbot/ros2_ws/install/astra_camera_msgs/include/astra_camera_msgs/srv/detail/set_int32__functions.c
[11.181s] -- Up-to-date: /home/xtark/tarkbot/ros2_ws/install/astra_camera_msgs/include/astra_camera_msgs/srv/detail/get_int32__struct.h
[11.182s] -- Up-to-date: /home/xtark/tarkbot/ros2_ws/install/astra_camera_msgs/include/astra_camera_msgs/srv/detail/set_int32__type_support.h
[11.182s] -- Up-to-date: /home/xtark/tarkbot/ros2_ws/install/astra_camera_msgs/include/astra_camera_msgs/srv/detail/get_int32__functions.h
[11.182s] -- Up-to-date: /home/xtark/tarkbot/ros2_ws/install/astra_camera_msgs/include/astra_camera_msgs/srv/detail/set_int32__functions.h
[11.183s] -- Up-to-date: /home/xtark/tarkbot/ros2_ws/install/astra_camera_msgs/include/astra_camera_msgs/srv/set_int32.h
[11.183s] -- Up-to-date: /home/xtark/tarkbot/ros2_ws/install/astra_camera_msgs/include/astra_camera_msgs/srv/get_device_info.h
[11.184s] -- Up-to-date: /home/xtark/tarkbot/ros2_ws/install/astra_camera_msgs/include/astra_camera_msgs/srv/get_string.h
[11.184s] -- Up-to-date: /home/xtark/tarkbot/ros2_ws/install/astra_camera_msgs/include/astra_camera_msgs/srv/get_camera_params.h
[11.184s] -- Up-to-date: /home/xtark/tarkbot/ros2_ws/install/astra_camera_msgs/share/astra_camera_msgs/environment/library_path.sh
[11.185s] -- Up-to-date: /home/xtark/tarkbot/ros2_ws/install/astra_camera_msgs/share/astra_camera_msgs/environment/library_path.dsv
[11.185s] -- Up-to-date: /home/xtark/tarkbot/ros2_ws/install/astra_camera_msgs/lib/libastra_camera_msgs__rosidl_generator_c.so
[11.185s] -- Up-to-date: /home/xtark/tarkbot/ros2_ws/install/astra_camera_msgs/include/astra_camera_msgs
[11.186s] -- Up-to-date: /home/xtark/tarkbot/ros2_ws/install/astra_camera_msgs/include/astra_camera_msgs/msg
[11.187s] -- Up-to-date: /home/xtark/tarkbot/ros2_ws/install/astra_camera_msgs/include/astra_camera_msgs/msg/detail
[11.187s] -- Up-to-date: /home/xtark/tarkbot/ros2_ws/install/astra_camera_msgs/include/astra_camera_msgs/msg/detail/extrinsics__rosidl_typesupport_fastrtps_c.h
[11.188s] -- Up-to-date: /home/xtark/tarkbot/ros2_ws/install/astra_camera_msgs/include/astra_camera_msgs/msg/detail/device_info__rosidl_typesupport_fastrtps_c.h
[11.188s] -- Up-to-date: /home/xtark/tarkbot/ros2_ws/install/astra_camera_msgs/include/astra_camera_msgs/msg/detail/metadata__rosidl_typesupport_fastrtps_c.h
[11.188s] -- Up-to-date: /home/xtark/tarkbot/ros2_ws/install/astra_camera_msgs/include/astra_camera_msgs/msg/rosidl_typesupport_fastrtps_c__visibility_control.h
[11.192s] -- Up-to-date: /home/xtark/tarkbot/ros2_ws/install/astra_camera_msgs/include/astra_camera_msgs/srv
[11.201s] -- Up-to-date: /home/xtark/tarkbot/ros2_ws/install/astra_camera_msgs/include/astra_camera_msgs/srv/detail
[11.202s] -- Up-to-date: /home/xtark/tarkbot/ros2_ws/install/astra_camera_msgs/include/astra_camera_msgs/srv/detail/get_device_info__rosidl_typesupport_fastrtps_c.h
[11.203s] -- Up-to-date: /home/xtark/tarkbot/ros2_ws/install/astra_camera_msgs/include/astra_camera_msgs/srv/detail/get_camera_params__rosidl_typesupport_fastrtps_c.h
[11.204s] -- Up-to-date: /home/xtark/tarkbot/ros2_ws/install/astra_camera_msgs/include/astra_camera_msgs/srv/detail/set_int32__rosidl_typesupport_fastrtps_c.h
[11.205s] -- Up-to-date: /home/xtark/tarkbot/ros2_ws/install/astra_camera_msgs/include/astra_camera_msgs/srv/detail/get_camera_info__rosidl_typesupport_fastrtps_c.h
[11.205s] -- Up-to-date: /home/xtark/tarkbot/ros2_ws/install/astra_camera_msgs/include/astra_camera_msgs/srv/detail/get_string__rosidl_typesupport_fastrtps_c.h
[11.206s] -- Up-to-date: /home/xtark/tarkbot/ros2_ws/install/astra_camera_msgs/include/astra_camera_msgs/srv/detail/get_int32__rosidl_typesupport_fastrtps_c.h
[11.207s] -- Up-to-date: /home/xtark/tarkbot/ros2_ws/install/astra_camera_msgs/lib/libastra_camera_msgs__rosidl_typesupport_fastrtps_c.so
[11.208s] -- Up-to-date: /home/xtark/tarkbot/ros2_ws/install/astra_camera_msgs/include/astra_camera_msgs
[11.208s] -- Up-to-date: /home/xtark/tarkbot/ros2_ws/install/astra_camera_msgs/include/astra_camera_msgs/msg
[11.209s] -- Up-to-date: /home/xtark/tarkbot/ros2_ws/install/astra_camera_msgs/include/astra_camera_msgs/msg/detail
[11.210s] -- Up-to-date: /home/xtark/tarkbot/ros2_ws/install/astra_camera_msgs/include/astra_camera_msgs/msg/detail/extrinsics__rosidl_typesupport_fastrtps_cpp.hpp
[11.210s] -- Up-to-date: /home/xtark/tarkbot/ros2_ws/install/astra_camera_msgs/include/astra_camera_msgs/msg/detail/dds_fastrtps
[11.211s] -- Up-to-date: /home/xtark/tarkbot/ros2_ws/install/astra_camera_msgs/include/astra_camera_msgs/msg/detail/metadata__rosidl_typesupport_fastrtps_cpp.hpp
[11.211s] -- Up-to-date: /home/xtark/tarkbot/ros2_ws/install/astra_camera_msgs/include/astra_camera_msgs/msg/detail/device_info__rosidl_typesupport_fastrtps_cpp.hpp
[11.212s] -- Up-to-date: /home/xtark/tarkbot/ros2_ws/install/astra_camera_msgs/include/astra_camera_msgs/msg/rosidl_typesupport_fastrtps_cpp__visibility_control.h
[11.213s] -- Up-to-date: /home/xtark/tarkbot/ros2_ws/install/astra_camera_msgs/include/astra_camera_msgs/srv
[11.214s] -- Up-to-date: /home/xtark/tarkbot/ros2_ws/install/astra_camera_msgs/include/astra_camera_msgs/srv/detail
[11.214s] -- Up-to-date: /home/xtark/tarkbot/ros2_ws/install/astra_camera_msgs/include/astra_camera_msgs/srv/detail/get_int32__rosidl_typesupport_fastrtps_cpp.hpp
[11.215s] -- Up-to-date: /home/xtark/tarkbot/ros2_ws/install/astra_camera_msgs/include/astra_camera_msgs/srv/detail/dds_fastrtps
[11.216s] -- Up-to-date: /home/xtark/tarkbot/ros2_ws/install/astra_camera_msgs/include/astra_camera_msgs/srv/detail/get_string__rosidl_typesupport_fastrtps_cpp.hpp
[11.216s] -- Up-to-date: /home/xtark/tarkbot/ros2_ws/install/astra_camera_msgs/include/astra_camera_msgs/srv/detail/get_camera_params__rosidl_typesupport_fastrtps_cpp.hpp
[11.229s] -- Up-to-date: /home/xtark/tarkbot/ros2_ws/install/astra_camera_msgs/include/astra_camera_msgs/srv/detail/get_device_info__rosidl_typesupport_fastrtps_cpp.hpp
[11.230s] -- Up-to-date: /home/xtark/tarkbot/ros2_ws/install/astra_camera_msgs/include/astra_camera_msgs/srv/detail/set_int32__rosidl_typesupport_fastrtps_cpp.hpp
[11.230s] -- Up-to-date: /home/xtark/tarkbot/ros2_ws/install/astra_camera_msgs/include/astra_camera_msgs/srv/detail/get_camera_info__rosidl_typesupport_fastrtps_cpp.hpp
[11.231s] -- Up-to-date: /home/xtark/tarkbot/ros2_ws/install/astra_camera_msgs/lib/libastra_camera_msgs__rosidl_typesupport_fastrtps_cpp.so
[11.232s] -- Up-to-date: /home/xtark/tarkbot/ros2_ws/install/astra_camera_msgs/include/astra_camera_msgs
[11.232s] -- Up-to-date: /home/xtark/tarkbot/ros2_ws/install/astra_camera_msgs/include/astra_camera_msgs/msg
[11.246s] -- Up-to-date: /home/xtark/tarkbot/ros2_ws/install/astra_camera_msgs/include/astra_camera_msgs/msg/rosidl_typesupport_introspection_c__visibility_control.h
[11.246s] -- Up-to-date: /home/xtark/tarkbot/ros2_ws/install/astra_camera_msgs/include/astra_camera_msgs/msg/detail
[11.247s] -- Up-to-date: /home/xtark/tarkbot/ros2_ws/install/astra_camera_msgs/include/astra_camera_msgs/msg/detail/metadata__rosidl_typesupport_introspection_c.h
[11.247s] -- Up-to-date: /home/xtark/tarkbot/ros2_ws/install/astra_camera_msgs/include/astra_camera_msgs/msg/detail/extrinsics__type_support.c
[11.248s] -- Up-to-date: /home/xtark/tarkbot/ros2_ws/install/astra_camera_msgs/include/astra_camera_msgs/msg/detail/metadata__type_support.c
[11.248s] -- Up-to-date: /home/xtark/tarkbot/ros2_ws/install/astra_camera_msgs/include/astra_camera_msgs/msg/detail/extrinsics__rosidl_typesupport_introspection_c.h
[11.249s] -- Up-to-date: /home/xtark/tarkbot/ros2_ws/install/astra_camera_msgs/include/astra_camera_msgs/msg/detail/device_info__rosidl_typesupport_introspection_c.h
[11.250s] -- Up-to-date: /home/xtark/tarkbot/ros2_ws/install/astra_camera_msgs/include/astra_camera_msgs/msg/detail/device_info__type_support.c
[11.250s] -- Up-to-date: /home/xtark/tarkbot/ros2_ws/install/astra_camera_msgs/include/astra_camera_msgs/srv
[11.251s] -- Up-to-date: /home/xtark/tarkbot/ros2_ws/install/astra_camera_msgs/include/astra_camera_msgs/srv/detail
[11.252s] -- Up-to-date: /home/xtark/tarkbot/ros2_ws/install/astra_camera_msgs/include/astra_camera_msgs/srv/detail/get_camera_params__rosidl_typesupport_introspection_c.h
[11.253s] -- Up-to-date: /home/xtark/tarkbot/ros2_ws/install/astra_camera_msgs/include/astra_camera_msgs/srv/detail/get_device_info__rosidl_typesupport_introspection_c.h
[11.261s] -- Up-to-date: /home/xtark/tarkbot/ros2_ws/install/astra_camera_msgs/include/astra_camera_msgs/srv/detail/get_string__rosidl_typesupport_introspection_c.h
[11.262s] -- Up-to-date: /home/xtark/tarkbot/ros2_ws/install/astra_camera_msgs/include/astra_camera_msgs/srv/detail/get_string__type_support.c
[11.262s] -- Up-to-date: /home/xtark/tarkbot/ros2_ws/install/astra_camera_msgs/include/astra_camera_msgs/srv/detail/set_int32__rosidl_typesupport_introspection_c.h
[11.263s] -- Up-to-date: /home/xtark/tarkbot/ros2_ws/install/astra_camera_msgs/include/astra_camera_msgs/srv/detail/get_int32__type_support.c
[11.264s] -- Up-to-date: /home/xtark/tarkbot/ros2_ws/install/astra_camera_msgs/include/astra_camera_msgs/srv/detail/get_int32__rosidl_typesupport_introspection_c.h
[11.265s] -- Up-to-date: /home/xtark/tarkbot/ros2_ws/install/astra_camera_msgs/include/astra_camera_msgs/srv/detail/get_device_info__type_support.c
[11.265s] -- Up-to-date: /home/xtark/tarkbot/ros2_ws/install/astra_camera_msgs/include/astra_camera_msgs/srv/detail/get_camera_params__type_support.c
[11.266s] -- Up-to-date: /home/xtark/tarkbot/ros2_ws/install/astra_camera_msgs/include/astra_camera_msgs/srv/detail/get_camera_info__rosidl_typesupport_introspection_c.h
[11.266s] -- Up-to-date: /home/xtark/tarkbot/ros2_ws/install/astra_camera_msgs/include/astra_camera_msgs/srv/detail/get_camera_info__type_support.c
[11.267s] -- Up-to-date: /home/xtark/tarkbot/ros2_ws/install/astra_camera_msgs/include/astra_camera_msgs/srv/detail/set_int32__type_support.c
[11.267s] -- Up-to-date: /home/xtark/tarkbot/ros2_ws/install/astra_camera_msgs/lib/libastra_camera_msgs__rosidl_typesupport_introspection_c.so
[11.268s] -- Up-to-date: /home/xtark/tarkbot/ros2_ws/install/astra_camera_msgs/lib/libastra_camera_msgs__rosidl_typesupport_c.so
[11.269s] -- Up-to-date: /home/xtark/tarkbot/ros2_ws/install/astra_camera_msgs/include/astra_camera_msgs
[11.269s] -- Up-to-date: /home/xtark/tarkbot/ros2_ws/install/astra_camera_msgs/include/astra_camera_msgs/msg
[11.270s] -- Up-to-date: /home/xtark/tarkbot/ros2_ws/install/astra_camera_msgs/include/astra_camera_msgs/msg/metadata.hpp
[11.278s] -- Up-to-date: /home/xtark/tarkbot/ros2_ws/install/astra_camera_msgs/include/astra_camera_msgs/msg/device_info.hpp
[11.279s] -- Up-to-date: /home/xtark/tarkbot/ros2_ws/install/astra_camera_msgs/include/astra_camera_msgs/msg/detail
[11.280s] -- Up-to-date: /home/xtark/tarkbot/ros2_ws/install/astra_camera_msgs/include/astra_camera_msgs/msg/detail/device_info__struct.hpp
[11.280s] -- Up-to-date: /home/xtark/tarkbot/ros2_ws/install/astra_camera_msgs/include/astra_camera_msgs/msg/detail/metadata__builder.hpp
[11.281s] -- Up-to-date: /home/xtark/tarkbot/ros2_ws/install/astra_camera_msgs/include/astra_camera_msgs/msg/detail/extrinsics__type_support.hpp
[11.281s] -- Up-to-date: /home/xtark/tarkbot/ros2_ws/install/astra_camera_msgs/include/astra_camera_msgs/msg/detail/extrinsics__builder.hpp
[11.282s] -- Up-to-date: /home/xtark/tarkbot/ros2_ws/install/astra_camera_msgs/include/astra_camera_msgs/msg/detail/device_info__builder.hpp
[11.282s] -- Up-to-date: /home/xtark/tarkbot/ros2_ws/install/astra_camera_msgs/include/astra_camera_msgs/msg/detail/metadata__type_support.hpp
[11.283s] -- Up-to-date: /home/xtark/tarkbot/ros2_ws/install/astra_camera_msgs/include/astra_camera_msgs/msg/detail/metadata__struct.hpp
[11.283s] -- Up-to-date: /home/xtark/tarkbot/ros2_ws/install/astra_camera_msgs/include/astra_camera_msgs/msg/detail/extrinsics__traits.hpp
[11.284s] -- Up-to-date: /home/xtark/tarkbot/ros2_ws/install/astra_camera_msgs/include/astra_camera_msgs/msg/detail/metadata__traits.hpp
[11.284s] -- Up-to-date: /home/xtark/tarkbot/ros2_ws/install/astra_camera_msgs/include/astra_camera_msgs/msg/detail/device_info__type_support.hpp
[11.285s] -- Up-to-date: /home/xtark/tarkbot/ros2_ws/install/astra_camera_msgs/include/astra_camera_msgs/msg/detail/device_info__traits.hpp
[11.285s] -- Up-to-date: /home/xtark/tarkbot/ros2_ws/install/astra_camera_msgs/include/astra_camera_msgs/msg/detail/extrinsics__struct.hpp
[11.286s] -- Up-to-date: /home/xtark/tarkbot/ros2_ws/install/astra_camera_msgs/include/astra_camera_msgs/msg/extrinsics.hpp
[11.287s] -- Up-to-date: /home/xtark/tarkbot/ros2_ws/install/astra_camera_msgs/include/astra_camera_msgs/msg/rosidl_generator_cpp__visibility_control.hpp
[11.288s] -- Up-to-date: /home/xtark/tarkbot/ros2_ws/install/astra_camera_msgs/include/astra_camera_msgs/srv
[11.288s] -- Up-to-date: /home/xtark/tarkbot/ros2_ws/install/astra_camera_msgs/include/astra_camera_msgs/srv/detail
[11.300s] -- Up-to-date: /home/xtark/tarkbot/ros2_ws/install/astra_camera_msgs/include/astra_camera_msgs/srv/detail/get_camera_info__struct.hpp
[11.301s] -- Up-to-date: /home/xtark/tarkbot/ros2_ws/install/astra_camera_msgs/include/astra_camera_msgs/srv/detail/get_int32__traits.hpp
[11.302s] -- Up-to-date: /home/xtark/tarkbot/ros2_ws/install/astra_camera_msgs/include/astra_camera_msgs/srv/detail/get_device_info__builder.hpp
[11.303s] -- Up-to-date: /home/xtark/tarkbot/ros2_ws/install/astra_camera_msgs/include/astra_camera_msgs/srv/detail/get_camera_params__struct.hpp
[11.304s] -- Up-to-date: /home/xtark/tarkbot/ros2_ws/install/astra_camera_msgs/include/astra_camera_msgs/srv/detail/set_int32__type_support.hpp
[11.304s] -- Up-to-date: /home/xtark/tarkbot/ros2_ws/install/astra_camera_msgs/include/astra_camera_msgs/srv/detail/get_camera_params__type_support.hpp
[11.305s] -- Up-to-date: /home/xtark/tarkbot/ros2_ws/install/astra_camera_msgs/include/astra_camera_msgs/srv/detail/set_int32__builder.hpp
[11.306s] -- Up-to-date: /home/xtark/tarkbot/ros2_ws/install/astra_camera_msgs/include/astra_camera_msgs/srv/detail/get_string__struct.hpp
[11.307s] -- Up-to-date: /home/xtark/tarkbot/ros2_ws/install/astra_camera_msgs/include/astra_camera_msgs/srv/detail/get_int32__struct.hpp
[11.308s] -- Up-to-date: /home/xtark/tarkbot/ros2_ws/install/astra_camera_msgs/include/astra_camera_msgs/srv/detail/get_device_info__struct.hpp
[11.308s] -- Up-to-date: /home/xtark/tarkbot/ros2_ws/install/astra_camera_msgs/include/astra_camera_msgs/srv/detail/get_camera_info__builder.hpp
[11.309s] -- Up-to-date: /home/xtark/tarkbot/ros2_ws/install/astra_camera_msgs/include/astra_camera_msgs/srv/detail/get_string__type_support.hpp
[11.310s] -- Up-to-date: /home/xtark/tarkbot/ros2_ws/install/astra_camera_msgs/include/astra_camera_msgs/srv/detail/get_int32__builder.hpp
[11.310s] -- Up-to-date: /home/xtark/tarkbot/ros2_ws/install/astra_camera_msgs/include/astra_camera_msgs/srv/detail/get_device_info__traits.hpp
[11.311s] -- Up-to-date: /home/xtark/tarkbot/ros2_ws/install/astra_camera_msgs/include/astra_camera_msgs/srv/detail/set_int32__struct.hpp
[11.312s] -- Up-to-date: /home/xtark/tarkbot/ros2_ws/install/astra_camera_msgs/include/astra_camera_msgs/srv/detail/get_camera_info__traits.hpp
[11.313s] -- Up-to-date: /home/xtark/tarkbot/ros2_ws/install/astra_camera_msgs/include/astra_camera_msgs/srv/detail/get_int32__type_support.hpp
[11.314s] -- Up-to-date: /home/xtark/tarkbot/ros2_ws/install/astra_camera_msgs/include/astra_camera_msgs/srv/detail/set_int32__traits.hpp
[11.315s] -- Up-to-date: /home/xtark/tarkbot/ros2_ws/install/astra_camera_msgs/include/astra_camera_msgs/srv/detail/get_string__builder.hpp
[11.316s] -- Up-to-date: /home/xtark/tarkbot/ros2_ws/install/astra_camera_msgs/include/astra_camera_msgs/srv/detail/get_device_info__type_support.hpp
[11.317s] -- Up-to-date: /home/xtark/tarkbot/ros2_ws/install/astra_camera_msgs/include/astra_camera_msgs/srv/detail/get_camera_info__type_support.hpp
[11.318s] -- Up-to-date: /home/xtark/tarkbot/ros2_ws/install/astra_camera_msgs/include/astra_camera_msgs/srv/detail/get_camera_params__traits.hpp
[11.319s] -- Up-to-date: /home/xtark/tarkbot/ros2_ws/install/astra_camera_msgs/include/astra_camera_msgs/srv/detail/get_camera_params__builder.hpp
[11.319s] -- Up-to-date: /home/xtark/tarkbot/ros2_ws/install/astra_camera_msgs/include/astra_camera_msgs/srv/detail/get_string__traits.hpp
[11.320s] -- Up-to-date: /home/xtark/tarkbot/ros2_ws/install/astra_camera_msgs/include/astra_camera_msgs/srv/get_camera_params.hpp
[11.320s] -- Up-to-date: /home/xtark/tarkbot/ros2_ws/install/astra_camera_msgs/include/astra_camera_msgs/srv/get_string.hpp
[11.321s] -- Up-to-date: /home/xtark/tarkbot/ros2_ws/install/astra_camera_msgs/include/astra_camera_msgs/srv/get_device_info.hpp
[11.321s] -- Up-to-date: /home/xtark/tarkbot/ros2_ws/install/astra_camera_msgs/include/astra_camera_msgs/srv/get_camera_info.hpp
[11.322s] -- Up-to-date: /home/xtark/tarkbot/ros2_ws/install/astra_camera_msgs/include/astra_camera_msgs/srv/set_int32.hpp
[11.323s] -- Up-to-date: /home/xtark/tarkbot/ros2_ws/install/astra_camera_msgs/include/astra_camera_msgs/srv/get_int32.hpp
[11.323s] -- Up-to-date: /home/xtark/tarkbot/ros2_ws/install/astra_camera_msgs/include/astra_camera_msgs
[11.324s] -- Up-to-date: /home/xtark/tarkbot/ros2_ws/install/astra_camera_msgs/include/astra_camera_msgs/msg
[11.325s] -- Up-to-date: /home/xtark/tarkbot/ros2_ws/install/astra_camera_msgs/include/astra_camera_msgs/msg/detail
[11.326s] -- Up-to-date: /home/xtark/tarkbot/ros2_ws/install/astra_camera_msgs/include/astra_camera_msgs/msg/detail/metadata__type_support.cpp
[11.326s] -- Up-to-date: /home/xtark/tarkbot/ros2_ws/install/astra_camera_msgs/include/astra_camera_msgs/msg/detail/extrinsics__rosidl_typesupport_introspection_cpp.hpp
[11.327s] -- Up-to-date: /home/xtark/tarkbot/ros2_ws/install/astra_camera_msgs/include/astra_camera_msgs/msg/detail/metadata__rosidl_typesupport_introspection_cpp.hpp
[11.328s] -- Up-to-date: /home/xtark/tarkbot/ros2_ws/install/astra_camera_msgs/include/astra_camera_msgs/msg/detail/device_info__rosidl_typesupport_introspection_cpp.hpp
[11.328s] -- Up-to-date: /home/xtark/tarkbot/ros2_ws/install/astra_camera_msgs/include/astra_camera_msgs/msg/detail/device_info__type_support.cpp
[11.329s] -- Up-to-date: /home/xtark/tarkbot/ros2_ws/install/astra_camera_msgs/include/astra_camera_msgs/msg/detail/extrinsics__type_support.cpp
[11.330s] -- Up-to-date: /home/xtark/tarkbot/ros2_ws/install/astra_camera_msgs/include/astra_camera_msgs/srv
[11.330s] -- Up-to-date: /home/xtark/tarkbot/ros2_ws/install/astra_camera_msgs/include/astra_camera_msgs/srv/detail
[11.331s] -- Up-to-date: /home/xtark/tarkbot/ros2_ws/install/astra_camera_msgs/include/astra_camera_msgs/srv/detail/set_int32__type_support.cpp
[11.331s] -- Up-to-date: /home/xtark/tarkbot/ros2_ws/install/astra_camera_msgs/include/astra_camera_msgs/srv/detail/get_camera_info__type_support.cpp
[11.332s] -- Up-to-date: /home/xtark/tarkbot/ros2_ws/install/astra_camera_msgs/include/astra_camera_msgs/srv/detail/get_int32__rosidl_typesupport_introspection_cpp.hpp
[11.333s] -- Up-to-date: /home/xtark/tarkbot/ros2_ws/install/astra_camera_msgs/include/astra_camera_msgs/srv/detail/get_device_info__type_support.cpp
[11.334s] -- Up-to-date: /home/xtark/tarkbot/ros2_ws/install/astra_camera_msgs/include/astra_camera_msgs/srv/detail/get_camera_info__rosidl_typesupport_introspection_cpp.hpp
[11.334s] -- Up-to-date: /home/xtark/tarkbot/ros2_ws/install/astra_camera_msgs/include/astra_camera_msgs/srv/detail/get_camera_params__type_support.cpp
[11.335s] -- Up-to-date: /home/xtark/tarkbot/ros2_ws/install/astra_camera_msgs/include/astra_camera_msgs/srv/detail/get_camera_params__rosidl_typesupport_introspection_cpp.hpp
[11.336s] -- Up-to-date: /home/xtark/tarkbot/ros2_ws/install/astra_camera_msgs/include/astra_camera_msgs/srv/detail/set_int32__rosidl_typesupport_introspection_cpp.hpp
[11.336s] -- Up-to-date: /home/xtark/tarkbot/ros2_ws/install/astra_camera_msgs/include/astra_camera_msgs/srv/detail/get_device_info__rosidl_typesupport_introspection_cpp.hpp
[11.337s] -- Up-to-date: /home/xtark/tarkbot/ros2_ws/install/astra_camera_msgs/include/astra_camera_msgs/srv/detail/get_string__rosidl_typesupport_introspection_cpp.hpp
[11.339s] -- Up-to-date: /home/xtark/tarkbot/ros2_ws/install/astra_camera_msgs/include/astra_camera_msgs/srv/detail/get_int32__type_support.cpp
[11.340s] -- Up-to-date: /home/xtark/tarkbot/ros2_ws/install/astra_camera_msgs/include/astra_camera_msgs/srv/detail/get_string__type_support.cpp
[11.349s] -- Up-to-date: /home/xtark/tarkbot/ros2_ws/install/astra_camera_msgs/lib/libastra_camera_msgs__rosidl_typesupport_introspection_cpp.so
[11.350s] -- Up-to-date: /home/xtark/tarkbot/ros2_ws/install/astra_camera_msgs/lib/libastra_camera_msgs__rosidl_typesupport_cpp.so
[11.350s] -- Up-to-date: /home/xtark/tarkbot/ros2_ws/install/astra_camera_msgs/share/astra_camera_msgs/environment/pythonpath.sh
[11.351s] -- Up-to-date: /home/xtark/tarkbot/ros2_ws/install/astra_camera_msgs/share/astra_camera_msgs/environment/pythonpath.dsv
[11.352s] -- Up-to-date: /home/xtark/tarkbot/ros2_ws/install/astra_camera_msgs/lib/python3.8/site-packages/astra_camera_msgs/__init__.py
[11.520s] -- Up-to-date: /home/xtark/tarkbot/ros2_ws/install/astra_camera_msgs/lib/python3.8/site-packages/astra_camera_msgs/msg
[11.521s] -- Up-to-date: /home/xtark/tarkbot/ros2_ws/install/astra_camera_msgs/lib/python3.8/site-packages/astra_camera_msgs/msg/_device_info.py
[11.521s] -- Up-to-date: /home/xtark/tarkbot/ros2_ws/install/astra_camera_msgs/lib/python3.8/site-packages/astra_camera_msgs/msg/_metadata.py
[11.522s] -- Up-to-date: /home/xtark/tarkbot/ros2_ws/install/astra_camera_msgs/lib/python3.8/site-packages/astra_camera_msgs/msg/__init__.py
[11.522s] -- Up-to-date: /home/xtark/tarkbot/ros2_ws/install/astra_camera_msgs/lib/python3.8/site-packages/astra_camera_msgs/msg/_device_info_s.c
[11.523s] -- Up-to-date: /home/xtark/tarkbot/ros2_ws/install/astra_camera_msgs/lib/python3.8/site-packages/astra_camera_msgs/msg/_extrinsics.py
[11.523s] -- Up-to-date: /home/xtark/tarkbot/ros2_ws/install/astra_camera_msgs/lib/python3.8/site-packages/astra_camera_msgs/msg/_extrinsics_s.c
[11.524s] -- Up-to-date: /home/xtark/tarkbot/ros2_ws/install/astra_camera_msgs/lib/python3.8/site-packages/astra_camera_msgs/msg/_metadata_s.c
[11.524s] -- Up-to-date: /home/xtark/tarkbot/ros2_ws/install/astra_camera_msgs/lib/python3.8/site-packages/astra_camera_msgs/srv
[11.524s] -- Up-to-date: /home/xtark/tarkbot/ros2_ws/install/astra_camera_msgs/lib/python3.8/site-packages/astra_camera_msgs/srv/_get_camera_info_s.c
[11.525s] -- Up-to-date: /home/xtark/tarkbot/ros2_ws/install/astra_camera_msgs/lib/python3.8/site-packages/astra_camera_msgs/srv/_get_device_info_s.c
[11.525s] -- Up-to-date: /home/xtark/tarkbot/ros2_ws/install/astra_camera_msgs/lib/python3.8/site-packages/astra_camera_msgs/srv/_get_device_info.py
[11.526s] -- Up-to-date: /home/xtark/tarkbot/ros2_ws/install/astra_camera_msgs/lib/python3.8/site-packages/astra_camera_msgs/srv/__init__.py
[11.526s] -- Up-to-date: /home/xtark/tarkbot/ros2_ws/install/astra_camera_msgs/lib/python3.8/site-packages/astra_camera_msgs/srv/_set_int32.py
[11.527s] -- Up-to-date: /home/xtark/tarkbot/ros2_ws/install/astra_camera_msgs/lib/python3.8/site-packages/astra_camera_msgs/srv/_get_int32.py
[11.527s] -- Up-to-date: /home/xtark/tarkbot/ros2_ws/install/astra_camera_msgs/lib/python3.8/site-packages/astra_camera_msgs/srv/_get_camera_info.py
[11.527s] -- Up-to-date: /home/xtark/tarkbot/ros2_ws/install/astra_camera_msgs/lib/python3.8/site-packages/astra_camera_msgs/srv/_get_camera_params.py
[11.528s] -- Up-to-date: /home/xtark/tarkbot/ros2_ws/install/astra_camera_msgs/lib/python3.8/site-packages/astra_camera_msgs/srv/_get_string.py
[11.528s] -- Up-to-date: /home/xtark/tarkbot/ros2_ws/install/astra_camera_msgs/lib/python3.8/site-packages/astra_camera_msgs/srv/_get_string_s.c
[11.529s] -- Up-to-date: /home/xtark/tarkbot/ros2_ws/install/astra_camera_msgs/lib/python3.8/site-packages/astra_camera_msgs/srv/_set_int32_s.c
[11.530s] -- Up-to-date: /home/xtark/tarkbot/ros2_ws/install/astra_camera_msgs/lib/python3.8/site-packages/astra_camera_msgs/srv/_get_camera_params_s.c
[11.530s] -- Up-to-date: /home/xtark/tarkbot/ros2_ws/install/astra_camera_msgs/lib/python3.8/site-packages/astra_camera_msgs/srv/_get_int32_s.c
[11.538s] -- Up-to-date: /home/xtark/tarkbot/ros2_ws/install/astra_camera_msgs/lib/python3.8/site-packages/astra_camera_msgs/astra_camera_msgs_s__rosidl_typesupport_fastrtps_c.cpython-38-aarch64-linux-gnu.so
[11.549s] -- Up-to-date: /home/xtark/tarkbot/ros2_ws/install/astra_camera_msgs/lib/python3.8/site-packages/astra_camera_msgs/astra_camera_msgs_s__rosidl_typesupport_introspection_c.cpython-38-aarch64-linux-gnu.so
[11.556s] -- Up-to-date: /home/xtark/tarkbot/ros2_ws/install/astra_camera_msgs/lib/python3.8/site-packages/astra_camera_msgs/astra_camera_msgs_s__rosidl_typesupport_c.cpython-38-aarch64-linux-gnu.so
[11.564s] -- Up-to-date: /home/xtark/tarkbot/ros2_ws/install/astra_camera_msgs/lib/libastra_camera_msgs__python.so
[11.566s] -- Up-to-date: /home/xtark/tarkbot/ros2_ws/install/astra_camera_msgs/share/astra_camera_msgs/msg/DeviceInfo.idl
[11.567s] -- Up-to-date: /home/xtark/tarkbot/ros2_ws/install/astra_camera_msgs/share/astra_camera_msgs/msg/Extrinsics.idl
[11.568s] -- Up-to-date: /home/xtark/tarkbot/ros2_ws/install/astra_camera_msgs/share/astra_camera_msgs/msg/Metadata.idl
[11.569s] -- Up-to-date: /home/xtark/tarkbot/ros2_ws/install/astra_camera_msgs/share/astra_camera_msgs/srv/GetDeviceInfo.idl
[11.570s] -- Up-to-date: /home/xtark/tarkbot/ros2_ws/install/astra_camera_msgs/share/astra_camera_msgs/srv/GetCameraInfo.idl
[11.570s] -- Up-to-date: /home/xtark/tarkbot/ros2_ws/install/astra_camera_msgs/share/astra_camera_msgs/srv/GetCameraParams.idl
[11.571s] -- Up-to-date: /home/xtark/tarkbot/ros2_ws/install/astra_camera_msgs/share/astra_camera_msgs/srv/GetInt32.idl
[11.572s] -- Up-to-date: /home/xtark/tarkbot/ros2_ws/install/astra_camera_msgs/share/astra_camera_msgs/srv/GetString.idl
[11.573s] -- Up-to-date: /home/xtark/tarkbot/ros2_ws/install/astra_camera_msgs/share/astra_camera_msgs/srv/SetInt32.idl
[11.574s] -- Up-to-date: /home/xtark/tarkbot/ros2_ws/install/astra_camera_msgs/share/astra_camera_msgs/msg/DeviceInfo.msg
[11.578s] -- Up-to-date: /home/xtark/tarkbot/ros2_ws/install/astra_camera_msgs/share/astra_camera_msgs/msg/Extrinsics.msg
[11.579s] -- Up-to-date: /home/xtark/tarkbot/ros2_ws/install/astra_camera_msgs/share/astra_camera_msgs/msg/Metadata.msg
[11.579s] -- Up-to-date: /home/xtark/tarkbot/ros2_ws/install/astra_camera_msgs/share/astra_camera_msgs/srv/GetDeviceInfo.srv
[11.580s] -- Up-to-date: /home/xtark/tarkbot/ros2_ws/install/astra_camera_msgs/share/astra_camera_msgs/srv/GetDeviceInfo_Request.msg
[11.581s] -- Up-to-date: /home/xtark/tarkbot/ros2_ws/install/astra_camera_msgs/share/astra_camera_msgs/srv/GetDeviceInfo_Response.msg
[11.581s] -- Up-to-date: /home/xtark/tarkbot/ros2_ws/install/astra_camera_msgs/share/astra_camera_msgs/srv/GetCameraInfo.srv
[11.582s] -- Up-to-date: /home/xtark/tarkbot/ros2_ws/install/astra_camera_msgs/share/astra_camera_msgs/srv/GetCameraInfo_Request.msg
[11.585s] -- Up-to-date: /home/xtark/tarkbot/ros2_ws/install/astra_camera_msgs/share/astra_camera_msgs/srv/GetCameraInfo_Response.msg
[11.586s] -- Up-to-date: /home/xtark/tarkbot/ros2_ws/install/astra_camera_msgs/share/astra_camera_msgs/srv/GetCameraParams.srv
[11.587s] -- Up-to-date: /home/xtark/tarkbot/ros2_ws/install/astra_camera_msgs/share/astra_camera_msgs/srv/GetCameraParams_Request.msg
[11.588s] -- Up-to-date: /home/xtark/tarkbot/ros2_ws/install/astra_camera_msgs/share/astra_camera_msgs/srv/GetCameraParams_Response.msg
[11.589s] -- Up-to-date: /home/xtark/tarkbot/ros2_ws/install/astra_camera_msgs/share/astra_camera_msgs/srv/GetInt32.srv
[11.589s] -- Up-to-date: /home/xtark/tarkbot/ros2_ws/install/astra_camera_msgs/share/astra_camera_msgs/srv/GetInt32_Request.msg
[11.590s] -- Up-to-date: /home/xtark/tarkbot/ros2_ws/install/astra_camera_msgs/share/astra_camera_msgs/srv/GetInt32_Response.msg
[11.590s] -- Up-to-date: /home/xtark/tarkbot/ros2_ws/install/astra_camera_msgs/share/astra_camera_msgs/srv/GetString.srv
[11.592s] -- Up-to-date: /home/xtark/tarkbot/ros2_ws/install/astra_camera_msgs/share/astra_camera_msgs/srv/GetString_Request.msg
[11.593s] -- Up-to-date: /home/xtark/tarkbot/ros2_ws/install/astra_camera_msgs/share/astra_camera_msgs/srv/GetString_Response.msg
[11.595s] -- Up-to-date: /home/xtark/tarkbot/ros2_ws/install/astra_camera_msgs/share/astra_camera_msgs/srv/SetInt32.srv
[11.596s] -- Up-to-date: /home/xtark/tarkbot/ros2_ws/install/astra_camera_msgs/share/astra_camera_msgs/srv/SetInt32_Request.msg
[11.598s] -- Up-to-date: /home/xtark/tarkbot/ros2_ws/install/astra_camera_msgs/share/astra_camera_msgs/srv/SetInt32_Response.msg
[11.599s] -- Up-to-date: /home/xtark/tarkbot/ros2_ws/install/astra_camera_msgs/share/ament_index/resource_index/package_run_dependencies/astra_camera_msgs
[11.601s] -- Up-to-date: /home/xtark/tarkbot/ros2_ws/install/astra_camera_msgs/share/ament_index/resource_index/parent_prefix_path/astra_camera_msgs
[11.606s] -- Up-to-date: /home/xtark/tarkbot/ros2_ws/install/astra_camera_msgs/share/astra_camera_msgs/environment/ament_prefix_path.sh
[11.607s] -- Up-to-date: /home/xtark/tarkbot/ros2_ws/install/astra_camera_msgs/share/astra_camera_msgs/environment/ament_prefix_path.dsv
[11.608s] -- Up-to-date: /home/xtark/tarkbot/ros2_ws/install/astra_camera_msgs/share/astra_camera_msgs/environment/path.sh
[11.609s] -- Up-to-date: /home/xtark/tarkbot/ros2_ws/install/astra_camera_msgs/share/astra_camera_msgs/environment/path.dsv
[11.610s] -- Up-to-date: /home/xtark/tarkbot/ros2_ws/install/astra_camera_msgs/share/astra_camera_msgs/local_setup.bash
[11.610s] -- Up-to-date: /home/xtark/tarkbot/ros2_ws/install/astra_camera_msgs/share/astra_camera_msgs/local_setup.sh
[11.611s] -- Up-to-date: /home/xtark/tarkbot/ros2_ws/install/astra_camera_msgs/share/astra_camera_msgs/local_setup.zsh
[11.611s] -- Up-to-date: /home/xtark/tarkbot/ros2_ws/install/astra_camera_msgs/share/astra_camera_msgs/local_setup.dsv
[11.612s] -- Installing: /home/xtark/tarkbot/ros2_ws/install/astra_camera_msgs/share/astra_camera_msgs/package.dsv
[11.613s] -- Up-to-date: /home/xtark/tarkbot/ros2_ws/install/astra_camera_msgs/share/ament_index/resource_index/packages/astra_camera_msgs
[11.614s] -- Up-to-date: /home/xtark/tarkbot/ros2_ws/install/astra_camera_msgs/share/astra_camera_msgs/cmake/astra_camera_msgs__rosidl_generator_cExport.cmake
[11.615s] -- Up-to-date: /home/xtark/tarkbot/ros2_ws/install/astra_camera_msgs/share/astra_camera_msgs/cmake/astra_camera_msgs__rosidl_generator_cExport-release.cmake
[11.618s] -- Up-to-date: /home/xtark/tarkbot/ros2_ws/install/astra_camera_msgs/share/astra_camera_msgs/cmake/astra_camera_msgs__rosidl_typesupport_introspection_cExport.cmake
[11.620s] -- Up-to-date: /home/xtark/tarkbot/ros2_ws/install/astra_camera_msgs/share/astra_camera_msgs/cmake/astra_camera_msgs__rosidl_typesupport_introspection_cExport-release.cmake
[11.621s] -- Up-to-date: /home/xtark/tarkbot/ros2_ws/install/astra_camera_msgs/share/astra_camera_msgs/cmake/astra_camera_msgs__rosidl_typesupport_cExport.cmake
[11.622s] -- Up-to-date: /home/xtark/tarkbot/ros2_ws/install/astra_camera_msgs/share/astra_camera_msgs/cmake/astra_camera_msgs__rosidl_typesupport_cExport-release.cmake
[11.627s] -- Up-to-date: /home/xtark/tarkbot/ros2_ws/install/astra_camera_msgs/share/astra_camera_msgs/cmake/astra_camera_msgs__rosidl_generator_cppExport.cmake
[11.632s] -- Up-to-date: /home/xtark/tarkbot/ros2_ws/install/astra_camera_msgs/share/astra_camera_msgs/cmake/astra_camera_msgs__rosidl_typesupport_introspection_cppExport.cmake
[11.640s] -- Up-to-date: /home/xtark/tarkbot/ros2_ws/install/astra_camera_msgs/share/astra_camera_msgs/cmake/astra_camera_msgs__rosidl_typesupport_introspection_cppExport-release.cmake
[11.642s] -- Up-to-date: /home/xtark/tarkbot/ros2_ws/install/astra_camera_msgs/share/astra_camera_msgs/cmake/astra_camera_msgs__rosidl_typesupport_cppExport.cmake
[11.643s] -- Up-to-date: /home/xtark/tarkbot/ros2_ws/install/astra_camera_msgs/share/astra_camera_msgs/cmake/astra_camera_msgs__rosidl_typesupport_cppExport-release.cmake
[11.653s] -- Up-to-date: /home/xtark/tarkbot/ros2_ws/install/astra_camera_msgs/share/astra_camera_msgs/cmake/rosidl_cmake-extras.cmake
[11.657s] -- Up-to-date: /home/xtark/tarkbot/ros2_ws/install/astra_camera_msgs/share/astra_camera_msgs/cmake/ament_cmake_export_dependencies-extras.cmake
[11.658s] -- Up-to-date: /home/xtark/tarkbot/ros2_ws/install/astra_camera_msgs/share/astra_camera_msgs/cmake/ament_cmake_export_libraries-extras.cmake
[11.659s] -- Up-to-date: /home/xtark/tarkbot/ros2_ws/install/astra_camera_msgs/share/astra_camera_msgs/cmake/ament_cmake_export_targets-extras.cmake
[11.660s] -- Up-to-date: /home/xtark/tarkbot/ros2_ws/install/astra_camera_msgs/share/astra_camera_msgs/cmake/ament_cmake_export_include_directories-extras.cmake
[11.660s] -- Up-to-date: /home/xtark/tarkbot/ros2_ws/install/astra_camera_msgs/share/astra_camera_msgs/cmake/rosidl_cmake_export_typesupport_libraries-extras.cmake
[11.664s] -- Up-to-date: /home/xtark/tarkbot/ros2_ws/install/astra_camera_msgs/share/astra_camera_msgs/cmake/rosidl_cmake_export_typesupport_targets-extras.cmake
[11.665s] -- Up-to-date: /home/xtark/tarkbot/ros2_ws/install/astra_camera_msgs/share/astra_camera_msgs/cmake/astra_camera_msgsConfig.cmake
[11.665s] -- Up-to-date: /home/xtark/tarkbot/ros2_ws/install/astra_camera_msgs/share/astra_camera_msgs/cmake/astra_camera_msgsConfig-version.cmake
[11.666s] -- Up-to-date: /home/xtark/tarkbot/ros2_ws/install/astra_camera_msgs/share/astra_camera_msgs/package.xml
[11.675s] Invoked command in '/home/xtark/tarkbot/ros2_ws/build/astra_camera_msgs' returned '0': CMAKE_PREFIX_PATH=${CMAKE_PREFIX_PATH}:/opt/ros/foxy /usr/bin/cmake --install /home/xtark/tarkbot/ros2_ws/build/astra_camera_msgs
