[2.399s] Invoking command in '/home/xtark/tarkbot/ros2_ws/build/m1ct_d2': CMAKE_PREFIX_PATH=${CMAKE_PREFIX_PATH}:/opt/ros/foxy /usr/bin/cmake --build /home/xtark/tarkbot/ros2_ws/build/m1ct_d2 -- -j4 -l4
[2.913s] [100%] Built target m1ct_d2
[4.960s] Invoked command in '/home/xtark/tarkbot/ros2_ws/build/m1ct_d2' returned '0': CMAKE_PREFIX_PATH=${CMAKE_PREFIX_PATH}:/opt/ros/foxy /usr/bin/cmake --build /home/xtark/tarkbot/ros2_ws/build/m1ct_d2 -- -j4 -l4
[5.366s] Invoking command in '/home/xtark/tarkbot/ros2_ws/build/m1ct_d2': CMAKE_PREFIX_PATH=${CMAKE_PREFIX_PATH}:/opt/ros/foxy /usr/bin/cmake --install /home/xtark/tarkbot/ros2_ws/build/m1ct_d2
[5.418s] -- Install configuration: "Release"
[5.422s] -- Execute custom install script
[5.434s] -- Up-to-date symlink: /home/xtark/tarkbot/ros2_ws/install/m1ct_d2/lib/m1ct_d2/m1ct_d2
[5.436s] -- Up-to-date symlink: /home/xtark/tarkbot/ros2_ws/install/m1ct_d2/share/m1ct_d2//launch/tarkbot_m1ct.launch.py
[5.437s] -- Up-to-date symlink: /home/xtark/tarkbot/ros2_ws/install/m1ct_d2/share/ament_index/resource_index/package_run_dependencies/m1ct_d2
[5.437s] -- Up-to-date symlink: /home/xtark/tarkbot/ros2_ws/install/m1ct_d2/share/ament_index/resource_index/parent_prefix_path/m1ct_d2
[5.447s] -- Up-to-date symlink: /home/xtark/tarkbot/ros2_ws/install/m1ct_d2/share/m1ct_d2/environment/ament_prefix_path.sh
[5.449s] -- Up-to-date symlink: /home/xtark/tarkbot/ros2_ws/install/m1ct_d2/share/m1ct_d2/environment/ament_prefix_path.dsv
[5.450s] -- Up-to-date symlink: /home/xtark/tarkbot/ros2_ws/install/m1ct_d2/share/m1ct_d2/environment/path.sh
[5.450s] -- Up-to-date symlink: /home/xtark/tarkbot/ros2_ws/install/m1ct_d2/share/m1ct_d2/environment/path.dsv
[5.451s] -- Up-to-date symlink: /home/xtark/tarkbot/ros2_ws/install/m1ct_d2/share/m1ct_d2/local_setup.bash
[5.452s] -- Up-to-date symlink: /home/xtark/tarkbot/ros2_ws/install/m1ct_d2/share/m1ct_d2/local_setup.sh
[5.452s] -- Up-to-date symlink: /home/xtark/tarkbot/ros2_ws/install/m1ct_d2/share/m1ct_d2/local_setup.zsh
[5.454s] -- Up-to-date symlink: /home/xtark/tarkbot/ros2_ws/install/m1ct_d2/share/m1ct_d2/local_setup.dsv
[5.456s] -- Symlinking: /home/xtark/tarkbot/ros2_ws/install/m1ct_d2/share/m1ct_d2/package.dsv
[5.501s] -- Up-to-date symlink: /home/xtark/tarkbot/ros2_ws/install/m1ct_d2/share/ament_index/resource_index/packages/m1ct_d2
[5.502s] -- Up-to-date symlink: /home/xtark/tarkbot/ros2_ws/install/m1ct_d2/share/m1ct_d2/cmake/m1ct_d2Config.cmake
[5.503s] -- Up-to-date symlink: /home/xtark/tarkbot/ros2_ws/install/m1ct_d2/share/m1ct_d2/cmake/m1ct_d2Config-version.cmake
[5.507s] -- Up-to-date symlink: /home/xtark/tarkbot/ros2_ws/install/m1ct_d2/share/m1ct_d2/package.xml
[8.703s] Invoked command in '/home/xtark/tarkbot/ros2_ws/build/m1ct_d2' returned '0': CMAKE_PREFIX_PATH=${CMAKE_PREFIX_PATH}:/opt/ros/foxy /usr/bin/cmake --install /home/xtark/tarkbot/ros2_ws/build/m1ct_d2
