[0.916s] Invoking command in '/home/xtark/tarkbot/ros2_ws/build/tarkbot_description': CMAKE_PREFIX_PATH=${CMAKE_PREFIX_PATH}:/opt/ros/foxy /usr/bin/cmake --build /home/xtark/tarkbot/ros2_ws/build/tarkbot_description -- -j4 -l4
[1.149s] Invoked command in '/home/xtark/tarkbot/ros2_ws/build/tarkbot_description' returned '0': CMAKE_PREFIX_PATH=${CMAKE_PREFIX_PATH}:/opt/ros/foxy /usr/bin/cmake --build /home/xtark/tarkbot/ros2_ws/build/tarkbot_description -- -j4 -l4
[2.877s] Invoking command in '/home/xtark/tarkbot/ros2_ws/build/tarkbot_description': CMAKE_PREFIX_PATH=${CMAKE_PREFIX_PATH}:/opt/ros/foxy /usr/bin/cmake --install /home/xtark/tarkbot/ros2_ws/build/tarkbot_description
[3.846s] -- Install configuration: ""
[3.847s] -- Up-to-date: /home/xtark/tarkbot/ros2_ws/install/tarkbot_description/share/tarkbot_description/launch
[3.847s] -- Up-to-date: /home/xtark/tarkbot/ros2_ws/install/tarkbot_description/share/tarkbot_description/launch/model.launch.py
[3.847s] -- Up-to-date: /home/xtark/tarkbot/ros2_ws/install/tarkbot_description/share/tarkbot_description/urdf
[3.848s] -- Up-to-date: /home/xtark/tarkbot/ros2_ws/install/tarkbot_description/share/tarkbot_description/urdf/tarkbot_r10_twd.urdf
[3.848s] -- Up-to-date: /home/xtark/tarkbot/ros2_ws/install/tarkbot_description/share/tarkbot_description/urdf/tarkbot_r20_akm.urdf
[3.848s] -- Up-to-date: /home/xtark/tarkbot/ros2_ws/install/tarkbot_description/share/tarkbot_description/urdf/tarkbot_r20_fwd.urdf
[3.849s] -- Up-to-date: /home/xtark/tarkbot/ros2_ws/install/tarkbot_description/share/tarkbot_description/urdf/tarkbot_r10_akm.urdf
[3.849s] -- Up-to-date: /home/xtark/tarkbot/ros2_ws/install/tarkbot_description/share/tarkbot_description/urdf/tarkbot_r20_mec.urdf
[3.850s] -- Up-to-date: /home/xtark/tarkbot/ros2_ws/install/tarkbot_description/share/tarkbot_description/urdf/tarkbot_r10_mec.urdf
[3.850s] -- Up-to-date: /home/xtark/tarkbot/ros2_ws/install/tarkbot_description/share/tarkbot_description/urdf/tarkbot_r10_fwd.urdf
[3.850s] -- Up-to-date: /home/xtark/tarkbot/ros2_ws/install/tarkbot_description/share/tarkbot_description/urdf/tarkbot_r10_omni.urdf
[3.850s] -- Up-to-date: /home/xtark/tarkbot/ros2_ws/install/tarkbot_description/share/tarkbot_description/meshes
[3.851s] -- Up-to-date: /home/xtark/tarkbot/ros2_ws/install/tarkbot_description/share/tarkbot_description/meshes/base_r10_omni.stl
[3.851s] -- Up-to-date: /home/xtark/tarkbot/ros2_ws/install/tarkbot_description/share/tarkbot_description/meshes/base_r20_mec.stl
[3.851s] -- Up-to-date: /home/xtark/tarkbot/ros2_ws/install/tarkbot_description/share/tarkbot_description/meshes/base_r10_fwd.stl
[3.852s] -- Up-to-date: /home/xtark/tarkbot/ros2_ws/install/tarkbot_description/share/tarkbot_description/meshes/depthcamera.stl
[3.852s] -- Up-to-date: /home/xtark/tarkbot/ros2_ws/install/tarkbot_description/share/tarkbot_description/meshes/laser.stl
[3.853s] -- Up-to-date: /home/xtark/tarkbot/ros2_ws/install/tarkbot_description/share/tarkbot_description/meshes/base_r10_mec.stl
[3.854s] -- Up-to-date: /home/xtark/tarkbot/ros2_ws/install/tarkbot_description/share/tarkbot_description/meshes/base_r20_akm.stl
[3.854s] -- Up-to-date: /home/xtark/tarkbot/ros2_ws/install/tarkbot_description/share/tarkbot_description/meshes/base_r10_twd.stl
[3.855s] -- Up-to-date: /home/xtark/tarkbot/ros2_ws/install/tarkbot_description/share/tarkbot_description/meshes/base_r10_akm.stl
[3.855s] -- Up-to-date: /home/xtark/tarkbot/ros2_ws/install/tarkbot_description/share/tarkbot_description/meshes/base_r20_fwd.stl
[3.856s] -- Up-to-date: /home/xtark/tarkbot/ros2_ws/install/tarkbot_description/share/ament_index/resource_index/package_run_dependencies/tarkbot_description
[3.857s] -- Up-to-date: /home/xtark/tarkbot/ros2_ws/install/tarkbot_description/share/ament_index/resource_index/parent_prefix_path/tarkbot_description
[3.857s] -- Up-to-date: /home/xtark/tarkbot/ros2_ws/install/tarkbot_description/share/tarkbot_description/environment/ament_prefix_path.sh
[3.858s] -- Up-to-date: /home/xtark/tarkbot/ros2_ws/install/tarkbot_description/share/tarkbot_description/environment/ament_prefix_path.dsv
[3.858s] -- Up-to-date: /home/xtark/tarkbot/ros2_ws/install/tarkbot_description/share/tarkbot_description/environment/path.sh
[3.859s] -- Up-to-date: /home/xtark/tarkbot/ros2_ws/install/tarkbot_description/share/tarkbot_description/environment/path.dsv
[3.859s] -- Up-to-date: /home/xtark/tarkbot/ros2_ws/install/tarkbot_description/share/tarkbot_description/local_setup.bash
[3.860s] -- Up-to-date: /home/xtark/tarkbot/ros2_ws/install/tarkbot_description/share/tarkbot_description/local_setup.sh
[3.860s] -- Up-to-date: /home/xtark/tarkbot/ros2_ws/install/tarkbot_description/share/tarkbot_description/local_setup.zsh
[3.861s] -- Up-to-date: /home/xtark/tarkbot/ros2_ws/install/tarkbot_description/share/tarkbot_description/local_setup.dsv
[3.861s] -- Installing: /home/xtark/tarkbot/ros2_ws/install/tarkbot_description/share/tarkbot_description/package.dsv
[3.861s] -- Up-to-date: /home/xtark/tarkbot/ros2_ws/install/tarkbot_description/share/ament_index/resource_index/packages/tarkbot_description
[3.862s] -- Up-to-date: /home/xtark/tarkbot/ros2_ws/install/tarkbot_description/share/tarkbot_description/cmake/tarkbot_descriptionConfig.cmake
[3.862s] -- Up-to-date: /home/xtark/tarkbot/ros2_ws/install/tarkbot_description/share/tarkbot_description/cmake/tarkbot_descriptionConfig-version.cmake
[3.862s] -- Up-to-date: /home/xtark/tarkbot/ros2_ws/install/tarkbot_description/share/tarkbot_description/package.xml
[4.649s] Invoked command in '/home/xtark/tarkbot/ros2_ws/build/tarkbot_description' returned '0': CMAKE_PREFIX_PATH=${CMAKE_PREFIX_PATH}:/opt/ros/foxy /usr/bin/cmake --install /home/xtark/tarkbot/ros2_ws/build/tarkbot_description
