[3.616s] Invoking command in '/home/xtark/tarkbot/ros2_ws/build/tarkbot_nav': CMAKE_PREFIX_PATH=${CMAKE_PREFIX_PATH}:/opt/ros/foxy /usr/bin/cmake --build /home/xtark/tarkbot/ros2_ws/build/tarkbot_nav -- -j4 -l4
[5.386s] Invoked command in '/home/xtark/tarkbot/ros2_ws/build/tarkbot_nav' returned '0': CMAKE_PREFIX_PATH=${CMAKE_PREFIX_PATH}:/opt/ros/foxy /usr/bin/cmake --build /home/xtark/tarkbot/ros2_ws/build/tarkbot_nav -- -j4 -l4
[5.550s] Invoking command in '/home/xtark/tarkbot/ros2_ws/build/tarkbot_nav': CMAKE_PREFIX_PATH=${CMAKE_PREFIX_PATH}:/opt/ros/foxy /usr/bin/cmake --install /home/xtark/tarkbot/ros2_ws/build/tarkbot_nav
[5.650s] -- Install configuration: ""
[5.654s] -- Up-to-date: /home/xtark/tarkbot/ros2_ws/install/tarkbot_nav/share/tarkbot_nav/launch
[5.657s] -- Up-to-date: /home/xtark/tarkbot/ros2_ws/install/tarkbot_nav/share/tarkbot_nav/launch/navigation.launch.py
[5.665s] -- Up-to-date: /home/xtark/tarkbot/ros2_ws/install/tarkbot_nav/share/tarkbot_nav/launch/include
[5.671s] -- Up-to-date: /home/xtark/tarkbot/ros2_ws/install/tarkbot_nav/share/tarkbot_nav/launch/include/localization_launch.py
[5.674s] -- Up-to-date: /home/xtark/tarkbot/ros2_ws/install/tarkbot_nav/share/tarkbot_nav/launch/include/bringup_nav_launch.py
[5.675s] -- Up-to-date: /home/xtark/tarkbot/ros2_ws/install/tarkbot_nav/share/tarkbot_nav/launch/include/navigation_core_launch.py
[5.676s] -- Up-to-date: /home/xtark/tarkbot/ros2_ws/install/tarkbot_nav/share/tarkbot_nav/config
[5.677s] -- Up-to-date: /home/xtark/tarkbot/ros2_ws/install/tarkbot_nav/share/tarkbot_nav/config/navigation
[5.677s] -- Up-to-date: /home/xtark/tarkbot/ros2_ws/install/tarkbot_nav/share/tarkbot_nav/config/navigation/nav2_params.yaml
[5.678s] -- Up-to-date: /home/xtark/tarkbot/ros2_ws/install/tarkbot_nav/share/tarkbot_nav/maps
[5.679s] -- Up-to-date: /home/xtark/tarkbot/ros2_ws/install/tarkbot_nav/share/tarkbot_nav/maps/test.yaml
[5.680s] -- Up-to-date: /home/xtark/tarkbot/ros2_ws/install/tarkbot_nav/share/tarkbot_nav/maps/atom_test1.yaml
[5.680s] -- Up-to-date: /home/xtark/tarkbot/ros2_ws/install/tarkbot_nav/share/tarkbot_nav/maps/atom_test.pgm
[5.681s] -- Up-to-date: /home/xtark/tarkbot/ros2_ws/install/tarkbot_nav/share/tarkbot_nav/maps/atom_test.yaml
[5.682s] -- Up-to-date: /home/xtark/tarkbot/ros2_ws/install/tarkbot_nav/share/tarkbot_nav/maps/web_test.pgm
[5.683s] -- Up-to-date: /home/xtark/tarkbot/ros2_ws/install/tarkbot_nav/share/tarkbot_nav/maps/atom_test1.pgm
[5.683s] -- Up-to-date: /home/xtark/tarkbot/ros2_ws/install/tarkbot_nav/share/tarkbot_nav/maps/test.pgm
[5.684s] -- Up-to-date: /home/xtark/tarkbot/ros2_ws/install/tarkbot_nav/share/tarkbot_nav/maps/web_test.yaml
[5.684s] -- Up-to-date: /home/xtark/tarkbot/ros2_ws/install/tarkbot_nav/share/tarkbot_nav/behavior_trees
[5.685s] -- Up-to-date: /home/xtark/tarkbot/ros2_ws/install/tarkbot_nav/share/tarkbot_nav/behavior_trees/navigate_w_replanning_distance.xml
[5.685s] -- Up-to-date: /home/xtark/tarkbot/ros2_ws/install/tarkbot_nav/share/tarkbot_nav/behavior_trees/navigate_w_replanning_time.xml
[5.686s] -- Up-to-date: /home/xtark/tarkbot/ros2_ws/install/tarkbot_nav/share/tarkbot_nav/behavior_trees/navigate_w_replanning_and_round_robin_recovery.xml
[5.686s] -- Up-to-date: /home/xtark/tarkbot/ros2_ws/install/tarkbot_nav/share/tarkbot_nav/behavior_trees/navigate_w_replanning_and_recovery.xml
[5.687s] -- Up-to-date: /home/xtark/tarkbot/ros2_ws/install/tarkbot_nav/share/tarkbot_nav/behavior_trees/follow_point.xml
[5.687s] -- Up-to-date: /home/xtark/tarkbot/ros2_ws/install/tarkbot_nav/share/tarkbot_nav/behavior_trees/navigate_w_replanning_speed.xml
[5.688s] -- Up-to-date: /home/xtark/tarkbot/ros2_ws/install/tarkbot_nav/share/ament_index/resource_index/package_run_dependencies/tarkbot_nav
[5.688s] -- Up-to-date: /home/xtark/tarkbot/ros2_ws/install/tarkbot_nav/share/ament_index/resource_index/parent_prefix_path/tarkbot_nav
[5.688s] -- Up-to-date: /home/xtark/tarkbot/ros2_ws/install/tarkbot_nav/share/tarkbot_nav/environment/ament_prefix_path.sh
[5.689s] -- Up-to-date: /home/xtark/tarkbot/ros2_ws/install/tarkbot_nav/share/tarkbot_nav/environment/ament_prefix_path.dsv
[5.689s] -- Up-to-date: /home/xtark/tarkbot/ros2_ws/install/tarkbot_nav/share/tarkbot_nav/environment/path.sh
[5.700s] -- Up-to-date: /home/xtark/tarkbot/ros2_ws/install/tarkbot_nav/share/tarkbot_nav/environment/path.dsv
[5.702s] -- Up-to-date: /home/xtark/tarkbot/ros2_ws/install/tarkbot_nav/share/tarkbot_nav/local_setup.bash
[5.703s] -- Up-to-date: /home/xtark/tarkbot/ros2_ws/install/tarkbot_nav/share/tarkbot_nav/local_setup.sh
[5.704s] -- Up-to-date: /home/xtark/tarkbot/ros2_ws/install/tarkbot_nav/share/tarkbot_nav/local_setup.zsh
[5.706s] -- Up-to-date: /home/xtark/tarkbot/ros2_ws/install/tarkbot_nav/share/tarkbot_nav/local_setup.dsv
[5.707s] -- Installing: /home/xtark/tarkbot/ros2_ws/install/tarkbot_nav/share/tarkbot_nav/package.dsv
[5.709s] -- Up-to-date: /home/xtark/tarkbot/ros2_ws/install/tarkbot_nav/share/ament_index/resource_index/packages/tarkbot_nav
[5.711s] -- Up-to-date: /home/xtark/tarkbot/ros2_ws/install/tarkbot_nav/share/tarkbot_nav/cmake/tarkbot_navConfig.cmake
[5.714s] -- Up-to-date: /home/xtark/tarkbot/ros2_ws/install/tarkbot_nav/share/tarkbot_nav/cmake/tarkbot_navConfig-version.cmake
[5.717s] -- Up-to-date: /home/xtark/tarkbot/ros2_ws/install/tarkbot_nav/share/tarkbot_nav/package.xml
[5.752s] Invoked command in '/home/xtark/tarkbot/ros2_ws/build/tarkbot_nav' returned '0': CMAKE_PREFIX_PATH=${CMAKE_PREFIX_PATH}:/opt/ros/foxy /usr/bin/cmake --install /home/xtark/tarkbot/ros2_ws/build/tarkbot_nav
