[0.066s] Invoking command in '/home/xtark/tarkbot/ros2_ws/build/tarkbot_description': CMAKE_PREFIX_PATH=${CMAKE_PREFIX_PATH}:/opt/ros/foxy /usr/bin/cmake --build /home/xtark/tarkbot/ros2_ws/build/tarkbot_description -- -j4 -l4
[0.311s] Invoked command in '/home/xtark/tarkbot/ros2_ws/build/tarkbot_description' returned '0': CMAKE_PREFIX_PATH=${CMAKE_PREFIX_PATH}:/opt/ros/foxy /usr/bin/cmake --build /home/xtark/tarkbot/ros2_ws/build/tarkbot_description -- -j4 -l4
[0.480s] Invoking command in '/home/xtark/tarkbot/ros2_ws/build/tarkbot_description': CMAKE_PREFIX_PATH=${CMAKE_PREFIX_PATH}:/opt/ros/foxy /usr/bin/cmake --install /home/xtark/tarkbot/ros2_ws/build/tarkbot_description
[0.519s] -- Install configuration: "Release"
[0.522s] -- Execute custom install script
[0.527s] -- Up-to-date symlink: /home/xtark/tarkbot/ros2_ws/install/tarkbot_description/share/tarkbot_description/launch/model.launch.py
[0.530s] -- Up-to-date symlink: /home/xtark/tarkbot/ros2_ws/install/tarkbot_description/share/tarkbot_description/urdf/tarkbot_r10_akm.urdf
[0.540s] -- Up-to-date symlink: /home/xtark/tarkbot/ros2_ws/install/tarkbot_description/share/tarkbot_description/urdf/tarkbot_r10_fwd.urdf
[0.552s] -- Up-to-date symlink: /home/xtark/tarkbot/ros2_ws/install/tarkbot_description/share/tarkbot_description/urdf/tarkbot_r10_mec.urdf
[0.579s] -- Up-to-date symlink: /home/xtark/tarkbot/ros2_ws/install/tarkbot_description/share/tarkbot_description/urdf/tarkbot_r10_omni.urdf
[0.583s] -- Up-to-date symlink: /home/xtark/tarkbot/ros2_ws/install/tarkbot_description/share/tarkbot_description/urdf/tarkbot_r10_twd.urdf
[0.584s] -- Up-to-date symlink: /home/xtark/tarkbot/ros2_ws/install/tarkbot_description/share/tarkbot_description/urdf/tarkbot_r20_akm.urdf
[0.584s] -- Up-to-date symlink: /home/xtark/tarkbot/ros2_ws/install/tarkbot_description/share/tarkbot_description/urdf/tarkbot_r20_fwd.urdf
[0.600s] -- Up-to-date symlink: /home/xtark/tarkbot/ros2_ws/install/tarkbot_description/share/tarkbot_description/urdf/tarkbot_r20_mec.urdf
[0.600s] -- Up-to-date symlink: /home/xtark/tarkbot/ros2_ws/install/tarkbot_description/share/tarkbot_description/meshes/base_r10_akm.stl
[0.601s] -- Up-to-date symlink: /home/xtark/tarkbot/ros2_ws/install/tarkbot_description/share/tarkbot_description/meshes/base_r10_fwd.stl
[0.602s] -- Up-to-date symlink: /home/xtark/tarkbot/ros2_ws/install/tarkbot_description/share/tarkbot_description/meshes/base_r10_mec.stl
[0.602s] -- Up-to-date symlink: /home/xtark/tarkbot/ros2_ws/install/tarkbot_description/share/tarkbot_description/meshes/base_r10_omni.stl
[0.605s] -- Up-to-date symlink: /home/xtark/tarkbot/ros2_ws/install/tarkbot_description/share/tarkbot_description/meshes/base_r10_twd.stl
[0.606s] -- Up-to-date symlink: /home/xtark/tarkbot/ros2_ws/install/tarkbot_description/share/tarkbot_description/meshes/base_r20_akm.stl
[0.606s] -- Up-to-date symlink: /home/xtark/tarkbot/ros2_ws/install/tarkbot_description/share/tarkbot_description/meshes/base_r20_fwd.stl
[0.615s] -- Up-to-date symlink: /home/xtark/tarkbot/ros2_ws/install/tarkbot_description/share/tarkbot_description/meshes/base_r20_mec.stl
[0.616s] -- Up-to-date symlink: /home/xtark/tarkbot/ros2_ws/install/tarkbot_description/share/tarkbot_description/meshes/depthcamera.stl
[0.619s] -- Up-to-date symlink: /home/xtark/tarkbot/ros2_ws/install/tarkbot_description/share/tarkbot_description/meshes/laser.stl
[0.621s] -- Up-to-date symlink: /home/xtark/tarkbot/ros2_ws/install/tarkbot_description/share/ament_index/resource_index/package_run_dependencies/tarkbot_description
[0.621s] -- Up-to-date symlink: /home/xtark/tarkbot/ros2_ws/install/tarkbot_description/share/ament_index/resource_index/parent_prefix_path/tarkbot_description
[0.622s] -- Up-to-date symlink: /home/xtark/tarkbot/ros2_ws/install/tarkbot_description/share/tarkbot_description/environment/ament_prefix_path.sh
[0.622s] -- Up-to-date symlink: /home/xtark/tarkbot/ros2_ws/install/tarkbot_description/share/tarkbot_description/environment/ament_prefix_path.dsv
[0.623s] -- Up-to-date symlink: /home/xtark/tarkbot/ros2_ws/install/tarkbot_description/share/tarkbot_description/environment/path.sh
[0.623s] -- Up-to-date symlink: /home/xtark/tarkbot/ros2_ws/install/tarkbot_description/share/tarkbot_description/environment/path.dsv
[0.626s] -- Up-to-date symlink: /home/xtark/tarkbot/ros2_ws/install/tarkbot_description/share/tarkbot_description/local_setup.bash
[0.627s] -- Up-to-date symlink: /home/xtark/tarkbot/ros2_ws/install/tarkbot_description/share/tarkbot_description/local_setup.sh
[0.628s] -- Up-to-date symlink: /home/xtark/tarkbot/ros2_ws/install/tarkbot_description/share/tarkbot_description/local_setup.zsh
[0.628s] -- Up-to-date symlink: /home/xtark/tarkbot/ros2_ws/install/tarkbot_description/share/tarkbot_description/local_setup.dsv
[0.629s] -- Symlinking: /home/xtark/tarkbot/ros2_ws/install/tarkbot_description/share/tarkbot_description/package.dsv
[0.630s] -- Up-to-date symlink: /home/xtark/tarkbot/ros2_ws/install/tarkbot_description/share/ament_index/resource_index/packages/tarkbot_description
[0.630s] -- Up-to-date symlink: /home/xtark/tarkbot/ros2_ws/install/tarkbot_description/share/tarkbot_description/cmake/tarkbot_descriptionConfig.cmake
[0.631s] -- Up-to-date symlink: /home/xtark/tarkbot/ros2_ws/install/tarkbot_description/share/tarkbot_description/cmake/tarkbot_descriptionConfig-version.cmake
[0.632s] -- Up-to-date symlink: /home/xtark/tarkbot/ros2_ws/install/tarkbot_description/share/tarkbot_description/package.xml
[0.640s] Invoked command in '/home/xtark/tarkbot/ros2_ws/build/tarkbot_description' returned '0': CMAKE_PREFIX_PATH=${CMAKE_PREFIX_PATH}:/opt/ros/foxy /usr/bin/cmake --install /home/xtark/tarkbot/ros2_ws/build/tarkbot_description
