-- Found ament_cmake: 0.9.12 (/opt/ros/foxy/share/ament_cmake/cmake)
-- Using PYTHON_EXECUTABLE: /usr/bin/python3
-- Found rclcpp: 2.4.3 (/opt/ros/foxy/share/rclcpp/cmake)
-- Using all available rosidl_typesupport_c: rosidl_typesupport_fastrtps_c;rosidl_typesupport_introspection_c
-- Found rosidl_adapter: 1.3.1 (/opt/ros/foxy/share/rosidl_adapter/cmake)
-- Using all available rosidl_typesupport_cpp: rosidl_typesupport_fastrtps_cpp;rosidl_typesupport_introspection_cpp
-- Found rmw_implementation_cmake: 1.0.4 (/opt/ros/foxy/share/rmw_implementation_cmake/cmake)
-- Using RMW implementation 'rmw_fastrtps_cpp' as default
-- Found sensor_msgs: 2.0.5 (/opt/ros/foxy/share/sensor_msgs/cmake)
-- Found visualization_msgs: 2.0.5 (/opt/ros/foxy/share/visualization_msgs/cmake)
-- Found ament_lint_auto: 0.9.8 (/opt/ros/foxy/share/ament_lint_auto/cmake)
-- Added test 'copyright' to check source files copyright and LICENSE
-- Added test 'cppcheck' to perform static code analysis on C / C++ code
-- Configured cppcheck include dirs: $<BUILD_INTERFACE:/home/xtark/tarkbot/ros2_ws/src/tarkbot_package/tarkbot_lidar/xtlidar_ros/include>
-- Configured cppcheck exclude dirs and/or files: 
-- Added test 'cpplint' to check C / C++ code against the Google style
-- Configured cpplint exclude dirs and/or files: 
-- Added test 'flake8' to check Python code syntax and style conventions
-- Added test 'lint_cmake' to check CMake code style
-- Added test 'pep257' to check Python code against some of the style conventions in PEP 257
-- Added test 'uncrustify' to check C / C++ code style
-- Configured uncrustify additional arguments: 
-- Added test 'xmllint' to check XML markup files
-- Configuring done
-- Generating done
-- Build files have been written to: /home/xtark/tarkbot/ros2_ws/build/xtlidar_ros
[ 14%] [32mBuilding CXX object CMakeFiles/xtlidar_driver2_node.dir/src/xtlidar_node.cpp.o[0m
[ 28%] [32mBuilding CXX object CMakeFiles/xtlidar_driver2_node.dir/src/udp_reader.cpp.o[0m
[01m[K/home/xtark/tarkbot/ros2_ws/src/tarkbot_package/tarkbot_lidar/xtlidar_ros/src/udp_reader.cpp:[m[K In function ‘[01m[Kbool send_cmd_udp_f(int, const char*, int, int, int, int, const void*, bool)[m[K’:
[01m[K/home/xtark/tarkbot/ros2_ws/src/tarkbot_package/tarkbot_lidar/xtlidar_ros/src/udp_reader.cpp:104:6:[m[K [01;35m[Kwarning: [m[Kunused variable ‘[01m[Kn[m[K’ [[01;35m[K-Wunused-variable[m[K]
  104 |  int [01;35m[Kn[m[K = sizeof(CmdHeader);
      |      [01;35m[K^[m[K
[01m[K/home/xtark/tarkbot/ros2_ws/src/tarkbot_package/tarkbot_lidar/xtlidar_ros/src/udp_reader.cpp:[m[K In function ‘[01m[Kbool udp_talk(void*, int, const char*, int, const char*, int, char*)[m[K’:
[01m[K/home/xtark/tarkbot/ros2_ws/src/tarkbot_package/tarkbot_lidar/xtlidar_ros/src/udp_reader.cpp:147:6:[m[K [01;35m[Kwarning: [m[Kunused variable ‘[01m[Krt[m[K’ [[01;35m[K-Wunused-variable[m[K]
  147 |  int [01;35m[Krt[m[K = send_cmd_udp(fd_udp, info->lidar_ip, info->lidar_port, 0x0043, sn, n, cmd);
      |      [01;35m[K^~[m[K
[01m[K/home/xtark/tarkbot/ros2_ws/src/tarkbot_package/tarkbot_lidar/xtlidar_ros/src/udp_reader.cpp:[m[K In function ‘[01m[Kvoid* UdpThreadProc(void*)[m[K’:
[01m[K/home/xtark/tarkbot/ros2_ws/src/tarkbot_package/tarkbot_lidar/xtlidar_ros/src/udp_reader.cpp:209:6:[m[K [01;35m[Kwarning: [m[Kunused variable ‘[01m[Krt[m[K’ [[01;35m[K-Wunused-variable[m[K]
  209 |  int [01;35m[Krt[m[K = send_cmd_udp(fd_udp, info->lidar_ip, info->lidar_port, 0x0043, rand(), 6, cmd);
      |      [01;35m[K^~[m[K
[ 42%] [32mBuilding CXX object CMakeFiles/xtlidar_driver2_node.dir/src/tcp_reader.cpp.o[0m
[ 57%] [32mBuilding C object CMakeFiles/xtlidar_driver2_node.dir/src/uart.c.o[0m
[ 71%] [32mBuilding CXX object CMakeFiles/xtlidar_driver2_node.dir/src/uart_reader.cpp.o[0m
[01m[K/home/xtark/tarkbot/ros2_ws/src/tarkbot_package/tarkbot_lidar/xtlidar_ros/src/uart_reader.cpp:[m[K In function ‘[01m[Kbool quirk_talk(void*, int, const char*, int, const char*, int, char*)[m[K’:
[01m[K/home/xtark/tarkbot/ros2_ws/src/tarkbot_package/tarkbot_lidar/xtlidar_ros/src/uart_reader.cpp:166:7:[m[K [01;35m[Kwarning: [m[Kignoring return value of ‘[01m[Kssize_t write(int, const void*, size_t)[m[K’, declared with attribute warn_unused_result [[01;35m[K-Wunused-result[m[K]
  166 |  [01;35m[Kwrite(fd, cmd, n)[m[K;
      |  [01;35m[K~~~~~^~~~~~~~~~~~[m[K
[01m[K/home/xtark/tarkbot/ros2_ws/src/tarkbot_package/tarkbot_lidar/xtlidar_ros/src/uart_reader.cpp:[m[K In function ‘[01m[Kbool SendUartCmd(HReader, int, char*)[m[K’:
[01m[K/home/xtark/tarkbot/ros2_ws/src/tarkbot_package/tarkbot_lidar/xtlidar_ros/src/uart_reader.cpp:385:15:[m[K [01;35m[Kwarning: [m[Kignoring return value of ‘[01m[Kssize_t write(int, const void*, size_t)[m[K’, declared with attribute warn_unused_result [[01;35m[K-Wunused-result[m[K]
  385 |          [01;35m[Kwrite(info->fd_uart, cmd, len)[m[K;
      |          [01;35m[K~~~~~^~~~~~~~~~~~~~~~~~~~~~~~~[m[K
[ 85%] [32mBuilding CXX object CMakeFiles/xtlidar_driver2_node.dir/src/parser.cpp.o[0m
[01m[K/home/xtark/tarkbot/ros2_ws/src/tarkbot_package/tarkbot_lidar/xtlidar_ros/src/parser.cpp:[m[K In function ‘[01m[KFanSegment* GetFanSegment(const RawDataHdr7&, uint8_t*, bool)[m[K’:
[01m[K/home/xtark/tarkbot/ros2_ws/src/tarkbot_package/tarkbot_lidar/xtlidar_ros/src/parser.cpp:237:78:[m[K [01;35m[Kwarning: [m[Kunused parameter ‘[01m[Kwith_chk[m[K’ [[01;35m[K-Wunused-parameter[m[K]
  237 | static FanSegment* GetFanSegment(const RawDataHdr7& hdr, uint8_t* pdat, [01;35m[Kbool with_chk[m[K)
      |                                                                         [01;35m[K~~~~~^~~~~~~~[m[K
[01m[K/home/xtark/tarkbot/ros2_ws/src/tarkbot_package/tarkbot_lidar/xtlidar_ros/src/parser.cpp:[m[K In function ‘[01m[KRawData* GetData0xC7(Parser*, const RawDataHdr7&, uint8_t*)[m[K’:
[01m[K/home/xtark/tarkbot/ros2_ws/src/tarkbot_package/tarkbot_lidar/xtlidar_ros/src/parser.cpp:347:21:[m[K [01;35m[Kwarning: [m[Kcomparison of integer expressions of different signedness: ‘[01m[Kuint32_t[m[K’ {aka ‘[01m[Kunsigned int[m[K’} and ‘[01m[Kint[m[K’ [[01;35m[K-Wsign-compare[m[K]
  347 |  if (parser->dev_id != ANYONE && hdr.dev_id != parser->dev_id) {
[01m[K/home/xtark/tarkbot/ros2_ws/src/tarkbot_package/tarkbot_lidar/xtlidar_ros/src/parser.cpp:410:10:[m[K [01;35m[Kwarning: [m[Kcomparison of integer expressions of different signedness: ‘[01m[Kint[m[K’ and ‘[01m[Klong unsigned int[m[K’ [[01;35m[K-Wsign-compare[m[K]
  410 |    if ([01;35m[KN > sizeof(dat->points)/sizeof(dat->points[0])[m[K )
      |        [01;35m[K~~^~~~~~~~~~~~~~~~~~~~~~~~~~~~~~~~~~~~~~~~~~~~[m[K
[01m[K/home/xtark/tarkbot/ros2_ws/src/tarkbot_package/tarkbot_lidar/xtlidar_ros/src/parser.cpp:[m[K In function ‘[01m[Kint ParserRun(HParser, int, unsigned char*, RawData**)[m[K’:
[01m[K/home/xtark/tarkbot/ros2_ws/src/tarkbot_package/tarkbot_lidar/xtlidar_ros/src/parser.cpp:841:11:[m[K [01;35m[Kwarning: [m[Kcomparison of integer expressions of different signedness: ‘[01m[Kint[m[K’ and ‘[01m[Klong unsigned int[m[K’ [[01;35m[K-Wsign-compare[m[K]
  841 |   if ([01;35m[Klen >= hdr.len + sizeof(PacketUart)[m[K )
      |       [01;35m[K~~~~^~~~~~~~~~~~~~~~~~~~~~~~~~~~~~~[m[K
[01m[K/home/xtark/tarkbot/ros2_ws/src/tarkbot_package/tarkbot_lidar/xtlidar_ros/src/parser.cpp:843:23:[m[K [01;35m[Kwarning: [m[Kcomparison of integer expressions of different signedness: ‘[01m[Kuint32_t[m[K’ {aka ‘[01m[Kunsigned int[m[K’} and ‘[01m[Kint[m[K’ [[01;35m[K-Wsign-compare[m[K]
  843 |    if (parser->dev_id != ANYONE && hdr.dev_id != parser->dev_id) {
[100%] [32m[1mLinking CXX executable xtlidar_driver2_node[0m
[100%] Built target xtlidar_driver2_node
-- Install configuration: "Release"
-- Installing: /home/xtark/tarkbot/ros2_ws/install/xtlidar_ros/lib/xtlidar_ros/xtlidar_driver2_node
-- Set runtime path of "/home/xtark/tarkbot/ros2_ws/install/xtlidar_ros/lib/xtlidar_ros/xtlidar_driver2_node" to ""
-- Up-to-date: /home/xtark/tarkbot/ros2_ws/install/xtlidar_ros/share/xtlidar_ros/launch
-- Up-to-date: /home/xtark/tarkbot/ros2_ws/install/xtlidar_ros/share/xtlidar_ros/launch/tarkbot_xtlidar_e300.launch.py
-- Up-to-date: /home/xtark/tarkbot/ros2_ws/install/xtlidar_ros/share/xtlidar_ros/params
-- Up-to-date: /home/xtark/tarkbot/ros2_ws/install/xtlidar_ros/share/xtlidar_ros/params/XTLIDAR_E300.yaml
-- Up-to-date: /home/xtark/tarkbot/ros2_ws/install/xtlidar_ros/share/ament_index/resource_index/package_run_dependencies/xtlidar_ros
-- Installing: /home/xtark/tarkbot/ros2_ws/install/xtlidar_ros/share/ament_index/resource_index/parent_prefix_path/xtlidar_ros
-- Up-to-date: /home/xtark/tarkbot/ros2_ws/install/xtlidar_ros/share/xtlidar_ros/environment/ament_prefix_path.sh
-- Installing: /home/xtark/tarkbot/ros2_ws/install/xtlidar_ros/share/xtlidar_ros/environment/ament_prefix_path.dsv
-- Up-to-date: /home/xtark/tarkbot/ros2_ws/install/xtlidar_ros/share/xtlidar_ros/environment/path.sh
-- Installing: /home/xtark/tarkbot/ros2_ws/install/xtlidar_ros/share/xtlidar_ros/environment/path.dsv
-- Up-to-date: /home/xtark/tarkbot/ros2_ws/install/xtlidar_ros/share/xtlidar_ros/local_setup.bash
-- Up-to-date: /home/xtark/tarkbot/ros2_ws/install/xtlidar_ros/share/xtlidar_ros/local_setup.sh
-- Up-to-date: /home/xtark/tarkbot/ros2_ws/install/xtlidar_ros/share/xtlidar_ros/local_setup.zsh
-- Installing: /home/xtark/tarkbot/ros2_ws/install/xtlidar_ros/share/xtlidar_ros/local_setup.dsv
-- Installing: /home/xtark/tarkbot/ros2_ws/install/xtlidar_ros/share/xtlidar_ros/package.dsv
-- Up-to-date: /home/xtark/tarkbot/ros2_ws/install/xtlidar_ros/share/ament_index/resource_index/packages/xtlidar_ros
-- Up-to-date: /home/xtark/tarkbot/ros2_ws/install/xtlidar_ros/share/xtlidar_ros/cmake/xtlidar_rosConfig.cmake
-- Up-to-date: /home/xtark/tarkbot/ros2_ws/install/xtlidar_ros/share/xtlidar_ros/cmake/xtlidar_rosConfig-version.cmake
-- Up-to-date: /home/xtark/tarkbot/ros2_ws/install/xtlidar_ros/share/xtlidar_ros/package.xml
