[2.410s] Invoking command in '/home/xtark/tarkbot/ros2_ws/build/lakibeam1': CMAKE_PREFIX_PATH=${CMAKE_PREFIX_PATH}:/opt/ros/foxy /usr/bin/cmake --build /home/xtark/tarkbot/ros2_ws/build/lakibeam1 -- -j4 -l4
[2.985s] [100%] Built target lakibeam1_scan_node
[3.050s] Invoked command in '/home/xtark/tarkbot/ros2_ws/build/lakibeam1' returned '0': CMAKE_PREFIX_PATH=${CMAKE_PREFIX_PATH}:/opt/ros/foxy /usr/bin/cmake --build /home/xtark/tarkbot/ros2_ws/build/lakibeam1 -- -j4 -l4
[3.512s] Invoking command in '/home/xtark/tarkbot/ros2_ws/build/lakibeam1': CMAKE_PREFIX_PATH=${CMAKE_PREFIX_PATH}:/opt/ros/foxy /usr/bin/cmake --install /home/xtark/tarkbot/ros2_ws/build/lakibeam1
[3.603s] -- Install configuration: "Release"
[3.605s] -- Up-to-date: /home/xtark/tarkbot/ros2_ws/install/lakibeam1/share/ament_index/resource_index/package_run_dependencies/lakibeam1
[3.613s] -- Up-to-date: /home/xtark/tarkbot/ros2_ws/install/lakibeam1/share/ament_index/resource_index/parent_prefix_path/lakibeam1
[3.614s] -- Up-to-date: /home/xtark/tarkbot/ros2_ws/install/lakibeam1/share/lakibeam1/environment/ament_prefix_path.sh
[3.614s] -- Up-to-date: /home/xtark/tarkbot/ros2_ws/install/lakibeam1/share/lakibeam1/environment/ament_prefix_path.dsv
[3.616s] -- Up-to-date: /home/xtark/tarkbot/ros2_ws/install/lakibeam1/share/lakibeam1/environment/path.sh
[3.617s] -- Up-to-date: /home/xtark/tarkbot/ros2_ws/install/lakibeam1/share/lakibeam1/environment/path.dsv
[3.618s] -- Up-to-date: /home/xtark/tarkbot/ros2_ws/install/lakibeam1/share/lakibeam1/local_setup.bash
[3.621s] -- Up-to-date: /home/xtark/tarkbot/ros2_ws/install/lakibeam1/share/lakibeam1/local_setup.sh
[3.633s] -- Up-to-date: /home/xtark/tarkbot/ros2_ws/install/lakibeam1/share/lakibeam1/local_setup.zsh
[3.634s] -- Up-to-date: /home/xtark/tarkbot/ros2_ws/install/lakibeam1/share/lakibeam1/local_setup.dsv
[3.634s] -- Installing: /home/xtark/tarkbot/ros2_ws/install/lakibeam1/share/lakibeam1/package.dsv
[3.636s] -- Up-to-date: /home/xtark/tarkbot/ros2_ws/install/lakibeam1/share/ament_index/resource_index/packages/lakibeam1
[3.637s] -- Up-to-date: /home/xtark/tarkbot/ros2_ws/install/lakibeam1/share/lakibeam1/cmake/lakibeam1Config.cmake
[3.639s] -- Up-to-date: /home/xtark/tarkbot/ros2_ws/install/lakibeam1/share/lakibeam1/cmake/lakibeam1Config-version.cmake
[3.640s] -- Up-to-date: /home/xtark/tarkbot/ros2_ws/install/lakibeam1/share/lakibeam1/package.xml
[3.643s] -- Up-to-date: /home/xtark/tarkbot/ros2_ws/install/lakibeam1/lib/lakibeam1/lakibeam1_scan_node
[3.645s] -- Up-to-date: /home/xtark/tarkbot/ros2_ws/install/lakibeam1/share/lakibeam1/launch
[3.645s] -- Up-to-date: /home/xtark/tarkbot/ros2_ws/install/lakibeam1/share/lakibeam1/launch/tarkbot_lakibeam1_scan.launch.py
[3.646s] -- Up-to-date: /home/xtark/tarkbot/ros2_ws/install/lakibeam1/share/lakibeam1/launch/lakibeam1_scan.launch.py
[3.646s] -- Up-to-date: /home/xtark/tarkbot/ros2_ws/install/lakibeam1/share/lakibeam1/launch/lakibeam1_scan_dual_lidar.launch.py
[3.646s] -- Up-to-date: /home/xtark/tarkbot/ros2_ws/install/lakibeam1/share/lakibeam1/launch/lakibeam1_scan_view.launch.py
[3.647s] -- Up-to-date: /home/xtark/tarkbot/ros2_ws/install/lakibeam1/share/lakibeam1/launch/lakibeam1_scan_dual_lidar_view.launch.py
[3.647s] -- Up-to-date: /home/xtark/tarkbot/ros2_ws/install/lakibeam1/share/lakibeam1/rviz
[3.647s] -- Up-to-date: /home/xtark/tarkbot/ros2_ws/install/lakibeam1/share/lakibeam1/rviz/rviz_scan.rviz
[3.648s] -- Up-to-date: /home/xtark/tarkbot/ros2_ws/install/lakibeam1/share/lakibeam1/rviz/lakibeam1_scan.rviz
[3.648s] -- Up-to-date: /home/xtark/tarkbot/ros2_ws/install/lakibeam1/share/lakibeam1/rviz/lakibeam1_scan_dual.rviz
[3.650s] Invoked command in '/home/xtark/tarkbot/ros2_ws/build/lakibeam1' returned '0': CMAKE_PREFIX_PATH=${CMAKE_PREFIX_PATH}:/opt/ros/foxy /usr/bin/cmake --install /home/xtark/tarkbot/ros2_ws/build/lakibeam1
