[8.289s] Invoking command in '/home/xtark/tarkbot/ros2_ws/build/astra_camera_msgs': CMAKE_PREFIX_PATH=${CMAKE_PREFIX_PATH}:/opt/ros/foxy /usr/bin/cmake --build /home/xtark/tarkbot/ros2_ws/build/astra_camera_msgs -- -j4 -l4
[8.823s] [  1%] Built target astra_camera_msgs__cpp
[8.928s] [ 12%] Built target astra_camera_msgs__rosidl_generator_c
[9.149s] [ 24%] Built target astra_camera_msgs__rosidl_typesupport_cpp
[9.230s] [ 40%] Built target astra_camera_msgs__rosidl_typesupport_fastrtps_cpp
[9.263s] [ 47%] Built target astra_camera_msgs__rosidl_typesupport_introspection_cpp
[9.404s] [ 58%] Built target astra_camera_msgs__rosidl_typesupport_introspection_c
[9.503s] [ 70%] Built target astra_camera_msgs__rosidl_typesupport_c
[9.514s] [ 82%] Built target astra_camera_msgs__rosidl_typesupport_fastrtps_c
[9.700s] [ 82%] Built target astra_camera_msgs
[9.889s] [ 83%] Built target astra_camera_msgs__py
[10.101s] [ 93%] Built target astra_camera_msgs__python
[10.300s] [ 95%] Built target astra_camera_msgs__rosidl_typesupport_c__pyext
[10.352s] [ 98%] Built target astra_camera_msgs__rosidl_typesupport_introspection_c__pyext
[10.354s] [100%] Built target astra_camera_msgs__rosidl_typesupport_fastrtps_c__pyext
[15.944s] Invoked command in '/home/xtark/tarkbot/ros2_ws/build/astra_camera_msgs' returned '0': CMAKE_PREFIX_PATH=${CMAKE_PREFIX_PATH}:/opt/ros/foxy /usr/bin/cmake --build /home/xtark/tarkbot/ros2_ws/build/astra_camera_msgs -- -j4 -l4
[33.027s] Invoking command in '/home/xtark/tarkbot/ros2_ws/build/astra_camera_msgs': CMAKE_PREFIX_PATH=${CMAKE_PREFIX_PATH}:/opt/ros/foxy /usr/bin/cmake --install /home/xtark/tarkbot/ros2_ws/build/astra_camera_msgs
[35.971s] -- Install configuration: "Release"
[35.972s] -- Up-to-date: /home/xtark/tarkbot/ros2_ws/install/astra_camera_msgs/share/ament_index/resource_index/rosidl_interfaces/astra_camera_msgs
[35.975s] -- Up-to-date: /home/xtark/tarkbot/ros2_ws/install/astra_camera_msgs/include/astra_camera_msgs
[35.975s] -- Up-to-date: /home/xtark/tarkbot/ros2_ws/install/astra_camera_msgs/include/astra_camera_msgs/msg
[35.976s] -- Up-to-date: /home/xtark/tarkbot/ros2_ws/install/astra_camera_msgs/include/astra_camera_msgs/msg/rosidl_generator_c__visibility_control.h
[35.976s] -- Up-to-date: /home/xtark/tarkbot/ros2_ws/install/astra_camera_msgs/include/astra_camera_msgs/msg/detail
[35.977s] -- Up-to-date: /home/xtark/tarkbot/ros2_ws/install/astra_camera_msgs/include/astra_camera_msgs/msg/detail/extrinsics__functions.h
[35.977s] -- Up-to-date: /home/xtark/tarkbot/ros2_ws/install/astra_camera_msgs/include/astra_camera_msgs/msg/detail/extrinsics__functions.c
[35.978s] -- Up-to-date: /home/xtark/tarkbot/ros2_ws/install/astra_camera_msgs/include/astra_camera_msgs/msg/detail/metadata__functions.c
[35.978s] -- Up-to-date: /home/xtark/tarkbot/ros2_ws/install/astra_camera_msgs/include/astra_camera_msgs/msg/detail/extrinsics__struct.h
[35.979s] -- Up-to-date: /home/xtark/tarkbot/ros2_ws/install/astra_camera_msgs/include/astra_camera_msgs/msg/detail/metadata__struct.h
[35.980s] -- Up-to-date: /home/xtark/tarkbot/ros2_ws/install/astra_camera_msgs/include/astra_camera_msgs/msg/detail/device_info__functions.h
[35.980s] -- Up-to-date: /home/xtark/tarkbot/ros2_ws/install/astra_camera_msgs/include/astra_camera_msgs/msg/detail/extrinsics__type_support.h
[35.981s] -- Up-to-date: /home/xtark/tarkbot/ros2_ws/install/astra_camera_msgs/include/astra_camera_msgs/msg/detail/metadata__functions.h
[35.981s] -- Up-to-date: /home/xtark/tarkbot/ros2_ws/install/astra_camera_msgs/include/astra_camera_msgs/msg/detail/metadata__type_support.h
[35.982s] -- Up-to-date: /home/xtark/tarkbot/ros2_ws/install/astra_camera_msgs/include/astra_camera_msgs/msg/detail/device_info__struct.h
[35.983s] -- Up-to-date: /home/xtark/tarkbot/ros2_ws/install/astra_camera_msgs/include/astra_camera_msgs/msg/detail/device_info__functions.c
[35.983s] -- Up-to-date: /home/xtark/tarkbot/ros2_ws/install/astra_camera_msgs/include/astra_camera_msgs/msg/detail/device_info__type_support.h
[35.984s] -- Up-to-date: /home/xtark/tarkbot/ros2_ws/install/astra_camera_msgs/include/astra_camera_msgs/msg/metadata.h
[35.984s] -- Up-to-date: /home/xtark/tarkbot/ros2_ws/install/astra_camera_msgs/include/astra_camera_msgs/msg/device_info.h
[35.985s] -- Up-to-date: /home/xtark/tarkbot/ros2_ws/install/astra_camera_msgs/include/astra_camera_msgs/msg/extrinsics.h
[35.987s] -- Up-to-date: /home/xtark/tarkbot/ros2_ws/install/astra_camera_msgs/include/astra_camera_msgs/srv
[35.988s] -- Up-to-date: /home/xtark/tarkbot/ros2_ws/install/astra_camera_msgs/include/astra_camera_msgs/srv/get_camera_info.h
[35.990s] -- Up-to-date: /home/xtark/tarkbot/ros2_ws/install/astra_camera_msgs/include/astra_camera_msgs/srv/get_int32.h
[36.004s] -- Up-to-date: /home/xtark/tarkbot/ros2_ws/install/astra_camera_msgs/include/astra_camera_msgs/srv/detail
[36.010s] -- Up-to-date: /home/xtark/tarkbot/ros2_ws/install/astra_camera_msgs/include/astra_camera_msgs/srv/detail/get_string__functions.h
[36.013s] -- Up-to-date: /home/xtark/tarkbot/ros2_ws/install/astra_camera_msgs/include/astra_camera_msgs/srv/detail/get_string__struct.h
[36.014s] -- Up-to-date: /home/xtark/tarkbot/ros2_ws/install/astra_camera_msgs/include/astra_camera_msgs/srv/detail/get_camera_params__functions.c
[36.017s] -- Up-to-date: /home/xtark/tarkbot/ros2_ws/install/astra_camera_msgs/include/astra_camera_msgs/srv/detail/get_camera_params__struct.h
[36.018s] -- Up-to-date: /home/xtark/tarkbot/ros2_ws/install/astra_camera_msgs/include/astra_camera_msgs/srv/detail/get_string__functions.c
[36.019s] -- Up-to-date: /home/xtark/tarkbot/ros2_ws/install/astra_camera_msgs/include/astra_camera_msgs/srv/detail/get_device_info__functions.c
[36.019s] -- Up-to-date: /home/xtark/tarkbot/ros2_ws/install/astra_camera_msgs/include/astra_camera_msgs/srv/detail/get_camera_info__type_support.h
[36.020s] -- Up-to-date: /home/xtark/tarkbot/ros2_ws/install/astra_camera_msgs/include/astra_camera_msgs/srv/detail/get_camera_info__functions.c
[36.020s] -- Up-to-date: /home/xtark/tarkbot/ros2_ws/install/astra_camera_msgs/include/astra_camera_msgs/srv/detail/get_camera_info__functions.h
[36.020s] -- Up-to-date: /home/xtark/tarkbot/ros2_ws/install/astra_camera_msgs/include/astra_camera_msgs/srv/detail/get_device_info__struct.h
[36.021s] -- Up-to-date: /home/xtark/tarkbot/ros2_ws/install/astra_camera_msgs/include/astra_camera_msgs/srv/detail/get_camera_info__struct.h
[36.021s] -- Up-to-date: /home/xtark/tarkbot/ros2_ws/install/astra_camera_msgs/include/astra_camera_msgs/srv/detail/set_int32__struct.h
[36.023s] -- Up-to-date: /home/xtark/tarkbot/ros2_ws/install/astra_camera_msgs/include/astra_camera_msgs/srv/detail/get_int32__type_support.h
[36.023s] -- Up-to-date: /home/xtark/tarkbot/ros2_ws/install/astra_camera_msgs/include/astra_camera_msgs/srv/detail/get_string__type_support.h
[36.024s] -- Up-to-date: /home/xtark/tarkbot/ros2_ws/install/astra_camera_msgs/include/astra_camera_msgs/srv/detail/get_device_info__type_support.h
[36.024s] -- Up-to-date: /home/xtark/tarkbot/ros2_ws/install/astra_camera_msgs/include/astra_camera_msgs/srv/detail/get_device_info__functions.h
[36.024s] -- Up-to-date: /home/xtark/tarkbot/ros2_ws/install/astra_camera_msgs/include/astra_camera_msgs/srv/detail/get_int32__functions.c
[36.025s] -- Up-to-date: /home/xtark/tarkbot/ros2_ws/install/astra_camera_msgs/include/astra_camera_msgs/srv/detail/get_camera_params__functions.h
[36.025s] -- Up-to-date: /home/xtark/tarkbot/ros2_ws/install/astra_camera_msgs/include/astra_camera_msgs/srv/detail/get_camera_params__type_support.h
[36.026s] -- Up-to-date: /home/xtark/tarkbot/ros2_ws/install/astra_camera_msgs/include/astra_camera_msgs/srv/detail/set_int32__functions.c
[36.035s] -- Up-to-date: /home/xtark/tarkbot/ros2_ws/install/astra_camera_msgs/include/astra_camera_msgs/srv/detail/get_int32__struct.h
[36.040s] -- Up-to-date: /home/xtark/tarkbot/ros2_ws/install/astra_camera_msgs/include/astra_camera_msgs/srv/detail/set_int32__type_support.h
[36.047s] -- Up-to-date: /home/xtark/tarkbot/ros2_ws/install/astra_camera_msgs/include/astra_camera_msgs/srv/detail/get_int32__functions.h
[36.054s] -- Up-to-date: /home/xtark/tarkbot/ros2_ws/install/astra_camera_msgs/include/astra_camera_msgs/srv/detail/set_int32__functions.h
[36.055s] -- Up-to-date: /home/xtark/tarkbot/ros2_ws/install/astra_camera_msgs/include/astra_camera_msgs/srv/set_int32.h
[36.055s] -- Up-to-date: /home/xtark/tarkbot/ros2_ws/install/astra_camera_msgs/include/astra_camera_msgs/srv/get_device_info.h
[36.056s] -- Up-to-date: /home/xtark/tarkbot/ros2_ws/install/astra_camera_msgs/include/astra_camera_msgs/srv/get_string.h
[36.061s] -- Up-to-date: /home/xtark/tarkbot/ros2_ws/install/astra_camera_msgs/include/astra_camera_msgs/srv/get_camera_params.h
[36.065s] -- Up-to-date: /home/xtark/tarkbot/ros2_ws/install/astra_camera_msgs/share/astra_camera_msgs/environment/library_path.sh
[36.067s] -- Up-to-date: /home/xtark/tarkbot/ros2_ws/install/astra_camera_msgs/share/astra_camera_msgs/environment/library_path.dsv
[36.070s] -- Up-to-date: /home/xtark/tarkbot/ros2_ws/install/astra_camera_msgs/lib/libastra_camera_msgs__rosidl_generator_c.so
[36.073s] -- Up-to-date: /home/xtark/tarkbot/ros2_ws/install/astra_camera_msgs/include/astra_camera_msgs
[36.075s] -- Up-to-date: /home/xtark/tarkbot/ros2_ws/install/astra_camera_msgs/include/astra_camera_msgs/msg
[36.078s] -- Up-to-date: /home/xtark/tarkbot/ros2_ws/install/astra_camera_msgs/include/astra_camera_msgs/msg/detail
[36.090s] -- Up-to-date: /home/xtark/tarkbot/ros2_ws/install/astra_camera_msgs/include/astra_camera_msgs/msg/detail/extrinsics__rosidl_typesupport_fastrtps_c.h
[36.093s] -- Up-to-date: /home/xtark/tarkbot/ros2_ws/install/astra_camera_msgs/include/astra_camera_msgs/msg/detail/device_info__rosidl_typesupport_fastrtps_c.h
[36.093s] -- Up-to-date: /home/xtark/tarkbot/ros2_ws/install/astra_camera_msgs/include/astra_camera_msgs/msg/detail/metadata__rosidl_typesupport_fastrtps_c.h
[36.094s] -- Up-to-date: /home/xtark/tarkbot/ros2_ws/install/astra_camera_msgs/include/astra_camera_msgs/msg/rosidl_typesupport_fastrtps_c__visibility_control.h
[36.095s] -- Up-to-date: /home/xtark/tarkbot/ros2_ws/install/astra_camera_msgs/include/astra_camera_msgs/srv
[36.095s] -- Up-to-date: /home/xtark/tarkbot/ros2_ws/install/astra_camera_msgs/include/astra_camera_msgs/srv/detail
[36.095s] -- Up-to-date: /home/xtark/tarkbot/ros2_ws/install/astra_camera_msgs/include/astra_camera_msgs/srv/detail/get_device_info__rosidl_typesupport_fastrtps_c.h
[36.096s] -- Up-to-date: /home/xtark/tarkbot/ros2_ws/install/astra_camera_msgs/include/astra_camera_msgs/srv/detail/get_camera_params__rosidl_typesupport_fastrtps_c.h
[36.096s] -- Up-to-date: /home/xtark/tarkbot/ros2_ws/install/astra_camera_msgs/include/astra_camera_msgs/srv/detail/set_int32__rosidl_typesupport_fastrtps_c.h
[36.097s] -- Up-to-date: /home/xtark/tarkbot/ros2_ws/install/astra_camera_msgs/include/astra_camera_msgs/srv/detail/get_camera_info__rosidl_typesupport_fastrtps_c.h
[36.097s] -- Up-to-date: /home/xtark/tarkbot/ros2_ws/install/astra_camera_msgs/include/astra_camera_msgs/srv/detail/get_string__rosidl_typesupport_fastrtps_c.h
[36.098s] -- Up-to-date: /home/xtark/tarkbot/ros2_ws/install/astra_camera_msgs/include/astra_camera_msgs/srv/detail/get_int32__rosidl_typesupport_fastrtps_c.h
[36.099s] -- Up-to-date: /home/xtark/tarkbot/ros2_ws/install/astra_camera_msgs/lib/libastra_camera_msgs__rosidl_typesupport_fastrtps_c.so
[36.099s] -- Up-to-date: /home/xtark/tarkbot/ros2_ws/install/astra_camera_msgs/include/astra_camera_msgs
[36.099s] -- Up-to-date: /home/xtark/tarkbot/ros2_ws/install/astra_camera_msgs/include/astra_camera_msgs/msg
[36.100s] -- Up-to-date: /home/xtark/tarkbot/ros2_ws/install/astra_camera_msgs/include/astra_camera_msgs/msg/detail
[36.101s] -- Up-to-date: /home/xtark/tarkbot/ros2_ws/install/astra_camera_msgs/include/astra_camera_msgs/msg/detail/extrinsics__rosidl_typesupport_fastrtps_cpp.hpp
[36.101s] -- Up-to-date: /home/xtark/tarkbot/ros2_ws/install/astra_camera_msgs/include/astra_camera_msgs/msg/detail/dds_fastrtps
[36.102s] -- Up-to-date: /home/xtark/tarkbot/ros2_ws/install/astra_camera_msgs/include/astra_camera_msgs/msg/detail/metadata__rosidl_typesupport_fastrtps_cpp.hpp
[36.104s] -- Up-to-date: /home/xtark/tarkbot/ros2_ws/install/astra_camera_msgs/include/astra_camera_msgs/msg/detail/device_info__rosidl_typesupport_fastrtps_cpp.hpp
[36.105s] -- Up-to-date: /home/xtark/tarkbot/ros2_ws/install/astra_camera_msgs/include/astra_camera_msgs/msg/rosidl_typesupport_fastrtps_cpp__visibility_control.h
[36.106s] -- Up-to-date: /home/xtark/tarkbot/ros2_ws/install/astra_camera_msgs/include/astra_camera_msgs/srv
[36.107s] -- Up-to-date: /home/xtark/tarkbot/ros2_ws/install/astra_camera_msgs/include/astra_camera_msgs/srv/detail
[36.108s] -- Up-to-date: /home/xtark/tarkbot/ros2_ws/install/astra_camera_msgs/include/astra_camera_msgs/srv/detail/get_int32__rosidl_typesupport_fastrtps_cpp.hpp
[36.109s] -- Up-to-date: /home/xtark/tarkbot/ros2_ws/install/astra_camera_msgs/include/astra_camera_msgs/srv/detail/dds_fastrtps
[36.109s] -- Up-to-date: /home/xtark/tarkbot/ros2_ws/install/astra_camera_msgs/include/astra_camera_msgs/srv/detail/get_string__rosidl_typesupport_fastrtps_cpp.hpp
[36.112s] -- Up-to-date: /home/xtark/tarkbot/ros2_ws/install/astra_camera_msgs/include/astra_camera_msgs/srv/detail/get_camera_params__rosidl_typesupport_fastrtps_cpp.hpp
[36.113s] -- Up-to-date: /home/xtark/tarkbot/ros2_ws/install/astra_camera_msgs/include/astra_camera_msgs/srv/detail/get_device_info__rosidl_typesupport_fastrtps_cpp.hpp
[36.114s] -- Up-to-date: /home/xtark/tarkbot/ros2_ws/install/astra_camera_msgs/include/astra_camera_msgs/srv/detail/set_int32__rosidl_typesupport_fastrtps_cpp.hpp
[36.127s] -- Up-to-date: /home/xtark/tarkbot/ros2_ws/install/astra_camera_msgs/include/astra_camera_msgs/srv/detail/get_camera_info__rosidl_typesupport_fastrtps_cpp.hpp
[36.142s] -- Up-to-date: /home/xtark/tarkbot/ros2_ws/install/astra_camera_msgs/lib/libastra_camera_msgs__rosidl_typesupport_fastrtps_cpp.so
[36.142s] -- Up-to-date: /home/xtark/tarkbot/ros2_ws/install/astra_camera_msgs/include/astra_camera_msgs
[36.144s] -- Up-to-date: /home/xtark/tarkbot/ros2_ws/install/astra_camera_msgs/include/astra_camera_msgs/msg
[36.144s] -- Up-to-date: /home/xtark/tarkbot/ros2_ws/install/astra_camera_msgs/include/astra_camera_msgs/msg/rosidl_typesupport_introspection_c__visibility_control.h
[36.145s] -- Up-to-date: /home/xtark/tarkbot/ros2_ws/install/astra_camera_msgs/include/astra_camera_msgs/msg/detail
[36.145s] -- Up-to-date: /home/xtark/tarkbot/ros2_ws/install/astra_camera_msgs/include/astra_camera_msgs/msg/detail/metadata__rosidl_typesupport_introspection_c.h
[36.145s] -- Up-to-date: /home/xtark/tarkbot/ros2_ws/install/astra_camera_msgs/include/astra_camera_msgs/msg/detail/extrinsics__type_support.c
[36.146s] -- Up-to-date: /home/xtark/tarkbot/ros2_ws/install/astra_camera_msgs/include/astra_camera_msgs/msg/detail/metadata__type_support.c
[36.146s] -- Up-to-date: /home/xtark/tarkbot/ros2_ws/install/astra_camera_msgs/include/astra_camera_msgs/msg/detail/extrinsics__rosidl_typesupport_introspection_c.h
[36.147s] -- Up-to-date: /home/xtark/tarkbot/ros2_ws/install/astra_camera_msgs/include/astra_camera_msgs/msg/detail/device_info__rosidl_typesupport_introspection_c.h
[36.147s] -- Up-to-date: /home/xtark/tarkbot/ros2_ws/install/astra_camera_msgs/include/astra_camera_msgs/msg/detail/device_info__type_support.c
[36.147s] -- Up-to-date: /home/xtark/tarkbot/ros2_ws/install/astra_camera_msgs/include/astra_camera_msgs/srv
[36.148s] -- Up-to-date: /home/xtark/tarkbot/ros2_ws/install/astra_camera_msgs/include/astra_camera_msgs/srv/detail
[36.148s] -- Up-to-date: /home/xtark/tarkbot/ros2_ws/install/astra_camera_msgs/include/astra_camera_msgs/srv/detail/get_camera_params__rosidl_typesupport_introspection_c.h
[36.148s] -- Up-to-date: /home/xtark/tarkbot/ros2_ws/install/astra_camera_msgs/include/astra_camera_msgs/srv/detail/get_device_info__rosidl_typesupport_introspection_c.h
[36.149s] -- Up-to-date: /home/xtark/tarkbot/ros2_ws/install/astra_camera_msgs/include/astra_camera_msgs/srv/detail/get_string__rosidl_typesupport_introspection_c.h
[36.149s] -- Up-to-date: /home/xtark/tarkbot/ros2_ws/install/astra_camera_msgs/include/astra_camera_msgs/srv/detail/get_string__type_support.c
[36.149s] -- Up-to-date: /home/xtark/tarkbot/ros2_ws/install/astra_camera_msgs/include/astra_camera_msgs/srv/detail/set_int32__rosidl_typesupport_introspection_c.h
[36.150s] -- Up-to-date: /home/xtark/tarkbot/ros2_ws/install/astra_camera_msgs/include/astra_camera_msgs/srv/detail/get_int32__type_support.c
[36.150s] -- Up-to-date: /home/xtark/tarkbot/ros2_ws/install/astra_camera_msgs/include/astra_camera_msgs/srv/detail/get_int32__rosidl_typesupport_introspection_c.h
[36.151s] -- Up-to-date: /home/xtark/tarkbot/ros2_ws/install/astra_camera_msgs/include/astra_camera_msgs/srv/detail/get_device_info__type_support.c
[36.152s] -- Up-to-date: /home/xtark/tarkbot/ros2_ws/install/astra_camera_msgs/include/astra_camera_msgs/srv/detail/get_camera_params__type_support.c
[36.155s] -- Up-to-date: /home/xtark/tarkbot/ros2_ws/install/astra_camera_msgs/include/astra_camera_msgs/srv/detail/get_camera_info__rosidl_typesupport_introspection_c.h
[36.155s] -- Up-to-date: /home/xtark/tarkbot/ros2_ws/install/astra_camera_msgs/include/astra_camera_msgs/srv/detail/get_camera_info__type_support.c
[36.156s] -- Up-to-date: /home/xtark/tarkbot/ros2_ws/install/astra_camera_msgs/include/astra_camera_msgs/srv/detail/set_int32__type_support.c
[36.156s] -- Up-to-date: /home/xtark/tarkbot/ros2_ws/install/astra_camera_msgs/lib/libastra_camera_msgs__rosidl_typesupport_introspection_c.so
[36.156s] -- Up-to-date: /home/xtark/tarkbot/ros2_ws/install/astra_camera_msgs/lib/libastra_camera_msgs__rosidl_typesupport_c.so
[36.157s] -- Up-to-date: /home/xtark/tarkbot/ros2_ws/install/astra_camera_msgs/include/astra_camera_msgs
[36.157s] -- Up-to-date: /home/xtark/tarkbot/ros2_ws/install/astra_camera_msgs/include/astra_camera_msgs/msg
[36.157s] -- Up-to-date: /home/xtark/tarkbot/ros2_ws/install/astra_camera_msgs/include/astra_camera_msgs/msg/metadata.hpp
[36.158s] -- Up-to-date: /home/xtark/tarkbot/ros2_ws/install/astra_camera_msgs/include/astra_camera_msgs/msg/device_info.hpp
[36.159s] -- Up-to-date: /home/xtark/tarkbot/ros2_ws/install/astra_camera_msgs/include/astra_camera_msgs/msg/detail
[36.160s] -- Up-to-date: /home/xtark/tarkbot/ros2_ws/install/astra_camera_msgs/include/astra_camera_msgs/msg/detail/device_info__struct.hpp
[36.160s] -- Up-to-date: /home/xtark/tarkbot/ros2_ws/install/astra_camera_msgs/include/astra_camera_msgs/msg/detail/metadata__builder.hpp
[36.160s] -- Up-to-date: /home/xtark/tarkbot/ros2_ws/install/astra_camera_msgs/include/astra_camera_msgs/msg/detail/extrinsics__type_support.hpp
[36.161s] -- Up-to-date: /home/xtark/tarkbot/ros2_ws/install/astra_camera_msgs/include/astra_camera_msgs/msg/detail/extrinsics__builder.hpp
[36.161s] -- Up-to-date: /home/xtark/tarkbot/ros2_ws/install/astra_camera_msgs/include/astra_camera_msgs/msg/detail/device_info__builder.hpp
[36.162s] -- Up-to-date: /home/xtark/tarkbot/ros2_ws/install/astra_camera_msgs/include/astra_camera_msgs/msg/detail/metadata__type_support.hpp
[36.162s] -- Up-to-date: /home/xtark/tarkbot/ros2_ws/install/astra_camera_msgs/include/astra_camera_msgs/msg/detail/metadata__struct.hpp
[36.163s] -- Up-to-date: /home/xtark/tarkbot/ros2_ws/install/astra_camera_msgs/include/astra_camera_msgs/msg/detail/extrinsics__traits.hpp
[36.163s] -- Up-to-date: /home/xtark/tarkbot/ros2_ws/install/astra_camera_msgs/include/astra_camera_msgs/msg/detail/metadata__traits.hpp
[36.163s] -- Up-to-date: /home/xtark/tarkbot/ros2_ws/install/astra_camera_msgs/include/astra_camera_msgs/msg/detail/device_info__type_support.hpp
[36.163s] -- Up-to-date: /home/xtark/tarkbot/ros2_ws/install/astra_camera_msgs/include/astra_camera_msgs/msg/detail/device_info__traits.hpp
[36.164s] -- Up-to-date: /home/xtark/tarkbot/ros2_ws/install/astra_camera_msgs/include/astra_camera_msgs/msg/detail/extrinsics__struct.hpp
[36.164s] -- Up-to-date: /home/xtark/tarkbot/ros2_ws/install/astra_camera_msgs/include/astra_camera_msgs/msg/extrinsics.hpp
[36.165s] -- Up-to-date: /home/xtark/tarkbot/ros2_ws/install/astra_camera_msgs/include/astra_camera_msgs/msg/rosidl_generator_cpp__visibility_control.hpp
[36.165s] -- Up-to-date: /home/xtark/tarkbot/ros2_ws/install/astra_camera_msgs/include/astra_camera_msgs/srv
[36.166s] -- Up-to-date: /home/xtark/tarkbot/ros2_ws/install/astra_camera_msgs/include/astra_camera_msgs/srv/detail
[36.167s] -- Up-to-date: /home/xtark/tarkbot/ros2_ws/install/astra_camera_msgs/include/astra_camera_msgs/srv/detail/get_camera_info__struct.hpp
[36.167s] -- Up-to-date: /home/xtark/tarkbot/ros2_ws/install/astra_camera_msgs/include/astra_camera_msgs/srv/detail/get_int32__traits.hpp
[36.167s] -- Up-to-date: /home/xtark/tarkbot/ros2_ws/install/astra_camera_msgs/include/astra_camera_msgs/srv/detail/get_device_info__builder.hpp
[36.168s] -- Up-to-date: /home/xtark/tarkbot/ros2_ws/install/astra_camera_msgs/include/astra_camera_msgs/srv/detail/get_camera_params__struct.hpp
[36.168s] -- Up-to-date: /home/xtark/tarkbot/ros2_ws/install/astra_camera_msgs/include/astra_camera_msgs/srv/detail/set_int32__type_support.hpp
[36.169s] -- Up-to-date: /home/xtark/tarkbot/ros2_ws/install/astra_camera_msgs/include/astra_camera_msgs/srv/detail/get_camera_params__type_support.hpp
[36.169s] -- Up-to-date: /home/xtark/tarkbot/ros2_ws/install/astra_camera_msgs/include/astra_camera_msgs/srv/detail/set_int32__builder.hpp
[36.170s] -- Up-to-date: /home/xtark/tarkbot/ros2_ws/install/astra_camera_msgs/include/astra_camera_msgs/srv/detail/get_string__struct.hpp
[36.170s] -- Up-to-date: /home/xtark/tarkbot/ros2_ws/install/astra_camera_msgs/include/astra_camera_msgs/srv/detail/get_int32__struct.hpp
[36.171s] -- Up-to-date: /home/xtark/tarkbot/ros2_ws/install/astra_camera_msgs/include/astra_camera_msgs/srv/detail/get_device_info__struct.hpp
[36.171s] -- Up-to-date: /home/xtark/tarkbot/ros2_ws/install/astra_camera_msgs/include/astra_camera_msgs/srv/detail/get_camera_info__builder.hpp
[36.172s] -- Up-to-date: /home/xtark/tarkbot/ros2_ws/install/astra_camera_msgs/include/astra_camera_msgs/srv/detail/get_string__type_support.hpp
[36.172s] -- Up-to-date: /home/xtark/tarkbot/ros2_ws/install/astra_camera_msgs/include/astra_camera_msgs/srv/detail/get_int32__builder.hpp
[36.172s] -- Up-to-date: /home/xtark/tarkbot/ros2_ws/install/astra_camera_msgs/include/astra_camera_msgs/srv/detail/get_device_info__traits.hpp
[36.173s] -- Up-to-date: /home/xtark/tarkbot/ros2_ws/install/astra_camera_msgs/include/astra_camera_msgs/srv/detail/set_int32__struct.hpp
[36.173s] -- Up-to-date: /home/xtark/tarkbot/ros2_ws/install/astra_camera_msgs/include/astra_camera_msgs/srv/detail/get_camera_info__traits.hpp
[36.174s] -- Up-to-date: /home/xtark/tarkbot/ros2_ws/install/astra_camera_msgs/include/astra_camera_msgs/srv/detail/get_int32__type_support.hpp
[36.174s] -- Up-to-date: /home/xtark/tarkbot/ros2_ws/install/astra_camera_msgs/include/astra_camera_msgs/srv/detail/set_int32__traits.hpp
[36.175s] -- Up-to-date: /home/xtark/tarkbot/ros2_ws/install/astra_camera_msgs/include/astra_camera_msgs/srv/detail/get_string__builder.hpp
[36.175s] -- Up-to-date: /home/xtark/tarkbot/ros2_ws/install/astra_camera_msgs/include/astra_camera_msgs/srv/detail/get_device_info__type_support.hpp
[36.176s] -- Up-to-date: /home/xtark/tarkbot/ros2_ws/install/astra_camera_msgs/include/astra_camera_msgs/srv/detail/get_camera_info__type_support.hpp
[36.176s] -- Up-to-date: /home/xtark/tarkbot/ros2_ws/install/astra_camera_msgs/include/astra_camera_msgs/srv/detail/get_camera_params__traits.hpp
[36.177s] -- Up-to-date: /home/xtark/tarkbot/ros2_ws/install/astra_camera_msgs/include/astra_camera_msgs/srv/detail/get_camera_params__builder.hpp
[36.178s] -- Up-to-date: /home/xtark/tarkbot/ros2_ws/install/astra_camera_msgs/include/astra_camera_msgs/srv/detail/get_string__traits.hpp
[36.179s] -- Up-to-date: /home/xtark/tarkbot/ros2_ws/install/astra_camera_msgs/include/astra_camera_msgs/srv/get_camera_params.hpp
[36.180s] -- Up-to-date: /home/xtark/tarkbot/ros2_ws/install/astra_camera_msgs/include/astra_camera_msgs/srv/get_string.hpp
[36.181s] -- Up-to-date: /home/xtark/tarkbot/ros2_ws/install/astra_camera_msgs/include/astra_camera_msgs/srv/get_device_info.hpp
[36.181s] -- Up-to-date: /home/xtark/tarkbot/ros2_ws/install/astra_camera_msgs/include/astra_camera_msgs/srv/get_camera_info.hpp
[36.182s] -- Up-to-date: /home/xtark/tarkbot/ros2_ws/install/astra_camera_msgs/include/astra_camera_msgs/srv/set_int32.hpp
[36.182s] -- Up-to-date: /home/xtark/tarkbot/ros2_ws/install/astra_camera_msgs/include/astra_camera_msgs/srv/get_int32.hpp
[36.183s] -- Up-to-date: /home/xtark/tarkbot/ros2_ws/install/astra_camera_msgs/include/astra_camera_msgs
[36.184s] -- Up-to-date: /home/xtark/tarkbot/ros2_ws/install/astra_camera_msgs/include/astra_camera_msgs/msg
[36.184s] -- Up-to-date: /home/xtark/tarkbot/ros2_ws/install/astra_camera_msgs/include/astra_camera_msgs/msg/detail
[36.184s] -- Up-to-date: /home/xtark/tarkbot/ros2_ws/install/astra_camera_msgs/include/astra_camera_msgs/msg/detail/metadata__type_support.cpp
[36.185s] -- Up-to-date: /home/xtark/tarkbot/ros2_ws/install/astra_camera_msgs/include/astra_camera_msgs/msg/detail/extrinsics__rosidl_typesupport_introspection_cpp.hpp
[36.188s] -- Up-to-date: /home/xtark/tarkbot/ros2_ws/install/astra_camera_msgs/include/astra_camera_msgs/msg/detail/metadata__rosidl_typesupport_introspection_cpp.hpp
[36.189s] -- Up-to-date: /home/xtark/tarkbot/ros2_ws/install/astra_camera_msgs/include/astra_camera_msgs/msg/detail/device_info__rosidl_typesupport_introspection_cpp.hpp
[36.189s] -- Up-to-date: /home/xtark/tarkbot/ros2_ws/install/astra_camera_msgs/include/astra_camera_msgs/msg/detail/device_info__type_support.cpp
[36.190s] -- Up-to-date: /home/xtark/tarkbot/ros2_ws/install/astra_camera_msgs/include/astra_camera_msgs/msg/detail/extrinsics__type_support.cpp
[36.193s] -- Up-to-date: /home/xtark/tarkbot/ros2_ws/install/astra_camera_msgs/include/astra_camera_msgs/srv
[36.193s] -- Up-to-date: /home/xtark/tarkbot/ros2_ws/install/astra_camera_msgs/include/astra_camera_msgs/srv/detail
[36.194s] -- Up-to-date: /home/xtark/tarkbot/ros2_ws/install/astra_camera_msgs/include/astra_camera_msgs/srv/detail/set_int32__type_support.cpp
[36.195s] -- Up-to-date: /home/xtark/tarkbot/ros2_ws/install/astra_camera_msgs/include/astra_camera_msgs/srv/detail/get_camera_info__type_support.cpp
[36.196s] -- Up-to-date: /home/xtark/tarkbot/ros2_ws/install/astra_camera_msgs/include/astra_camera_msgs/srv/detail/get_int32__rosidl_typesupport_introspection_cpp.hpp
[36.197s] -- Up-to-date: /home/xtark/tarkbot/ros2_ws/install/astra_camera_msgs/include/astra_camera_msgs/srv/detail/get_device_info__type_support.cpp
[36.197s] -- Up-to-date: /home/xtark/tarkbot/ros2_ws/install/astra_camera_msgs/include/astra_camera_msgs/srv/detail/get_camera_info__rosidl_typesupport_introspection_cpp.hpp
[36.198s] -- Up-to-date: /home/xtark/tarkbot/ros2_ws/install/astra_camera_msgs/include/astra_camera_msgs/srv/detail/get_camera_params__type_support.cpp
[36.199s] -- Up-to-date: /home/xtark/tarkbot/ros2_ws/install/astra_camera_msgs/include/astra_camera_msgs/srv/detail/get_camera_params__rosidl_typesupport_introspection_cpp.hpp
[36.199s] -- Up-to-date: /home/xtark/tarkbot/ros2_ws/install/astra_camera_msgs/include/astra_camera_msgs/srv/detail/set_int32__rosidl_typesupport_introspection_cpp.hpp
[36.200s] -- Up-to-date: /home/xtark/tarkbot/ros2_ws/install/astra_camera_msgs/include/astra_camera_msgs/srv/detail/get_device_info__rosidl_typesupport_introspection_cpp.hpp
[36.200s] -- Up-to-date: /home/xtark/tarkbot/ros2_ws/install/astra_camera_msgs/include/astra_camera_msgs/srv/detail/get_string__rosidl_typesupport_introspection_cpp.hpp
[36.201s] -- Up-to-date: /home/xtark/tarkbot/ros2_ws/install/astra_camera_msgs/include/astra_camera_msgs/srv/detail/get_int32__type_support.cpp
[36.201s] -- Up-to-date: /home/xtark/tarkbot/ros2_ws/install/astra_camera_msgs/include/astra_camera_msgs/srv/detail/get_string__type_support.cpp
[36.202s] -- Up-to-date: /home/xtark/tarkbot/ros2_ws/install/astra_camera_msgs/lib/libastra_camera_msgs__rosidl_typesupport_introspection_cpp.so
[36.206s] -- Up-to-date: /home/xtark/tarkbot/ros2_ws/install/astra_camera_msgs/lib/libastra_camera_msgs__rosidl_typesupport_cpp.so
[36.207s] -- Up-to-date: /home/xtark/tarkbot/ros2_ws/install/astra_camera_msgs/share/astra_camera_msgs/environment/pythonpath.sh
[36.207s] -- Up-to-date: /home/xtark/tarkbot/ros2_ws/install/astra_camera_msgs/share/astra_camera_msgs/environment/pythonpath.dsv
[36.208s] -- Up-to-date: /home/xtark/tarkbot/ros2_ws/install/astra_camera_msgs/lib/python3.8/site-packages/astra_camera_msgs/__init__.py
[36.286s] -- Up-to-date: /home/xtark/tarkbot/ros2_ws/install/astra_camera_msgs/lib/python3.8/site-packages/astra_camera_msgs/msg
[36.287s] -- Up-to-date: /home/xtark/tarkbot/ros2_ws/install/astra_camera_msgs/lib/python3.8/site-packages/astra_camera_msgs/msg/_device_info.py
[36.287s] -- Up-to-date: /home/xtark/tarkbot/ros2_ws/install/astra_camera_msgs/lib/python3.8/site-packages/astra_camera_msgs/msg/_metadata.py
[36.288s] -- Up-to-date: /home/xtark/tarkbot/ros2_ws/install/astra_camera_msgs/lib/python3.8/site-packages/astra_camera_msgs/msg/__init__.py
[36.288s] -- Up-to-date: /home/xtark/tarkbot/ros2_ws/install/astra_camera_msgs/lib/python3.8/site-packages/astra_camera_msgs/msg/_device_info_s.c
[36.288s] -- Up-to-date: /home/xtark/tarkbot/ros2_ws/install/astra_camera_msgs/lib/python3.8/site-packages/astra_camera_msgs/msg/_extrinsics.py
[36.289s] -- Up-to-date: /home/xtark/tarkbot/ros2_ws/install/astra_camera_msgs/lib/python3.8/site-packages/astra_camera_msgs/msg/_extrinsics_s.c
[36.289s] -- Up-to-date: /home/xtark/tarkbot/ros2_ws/install/astra_camera_msgs/lib/python3.8/site-packages/astra_camera_msgs/msg/_metadata_s.c
[36.290s] -- Up-to-date: /home/xtark/tarkbot/ros2_ws/install/astra_camera_msgs/lib/python3.8/site-packages/astra_camera_msgs/srv
[36.290s] -- Up-to-date: /home/xtark/tarkbot/ros2_ws/install/astra_camera_msgs/lib/python3.8/site-packages/astra_camera_msgs/srv/_get_camera_info_s.c
[36.291s] -- Up-to-date: /home/xtark/tarkbot/ros2_ws/install/astra_camera_msgs/lib/python3.8/site-packages/astra_camera_msgs/srv/_get_device_info_s.c
[36.291s] -- Up-to-date: /home/xtark/tarkbot/ros2_ws/install/astra_camera_msgs/lib/python3.8/site-packages/astra_camera_msgs/srv/_get_device_info.py
[36.292s] -- Up-to-date: /home/xtark/tarkbot/ros2_ws/install/astra_camera_msgs/lib/python3.8/site-packages/astra_camera_msgs/srv/__init__.py
[36.292s] -- Up-to-date: /home/xtark/tarkbot/ros2_ws/install/astra_camera_msgs/lib/python3.8/site-packages/astra_camera_msgs/srv/_set_int32.py
[36.293s] -- Up-to-date: /home/xtark/tarkbot/ros2_ws/install/astra_camera_msgs/lib/python3.8/site-packages/astra_camera_msgs/srv/_get_int32.py
[36.293s] -- Up-to-date: /home/xtark/tarkbot/ros2_ws/install/astra_camera_msgs/lib/python3.8/site-packages/astra_camera_msgs/srv/_get_camera_info.py
[36.293s] -- Up-to-date: /home/xtark/tarkbot/ros2_ws/install/astra_camera_msgs/lib/python3.8/site-packages/astra_camera_msgs/srv/_get_camera_params.py
[36.294s] -- Up-to-date: /home/xtark/tarkbot/ros2_ws/install/astra_camera_msgs/lib/python3.8/site-packages/astra_camera_msgs/srv/_get_string.py
[36.294s] -- Up-to-date: /home/xtark/tarkbot/ros2_ws/install/astra_camera_msgs/lib/python3.8/site-packages/astra_camera_msgs/srv/_get_string_s.c
[36.295s] -- Up-to-date: /home/xtark/tarkbot/ros2_ws/install/astra_camera_msgs/lib/python3.8/site-packages/astra_camera_msgs/srv/_set_int32_s.c
[36.295s] -- Up-to-date: /home/xtark/tarkbot/ros2_ws/install/astra_camera_msgs/lib/python3.8/site-packages/astra_camera_msgs/srv/_get_camera_params_s.c
[36.296s] -- Up-to-date: /home/xtark/tarkbot/ros2_ws/install/astra_camera_msgs/lib/python3.8/site-packages/astra_camera_msgs/srv/_get_int32_s.c
[36.305s] -- Up-to-date: /home/xtark/tarkbot/ros2_ws/install/astra_camera_msgs/lib/python3.8/site-packages/astra_camera_msgs/astra_camera_msgs_s__rosidl_typesupport_fastrtps_c.cpython-38-aarch64-linux-gnu.so
[36.317s] -- Up-to-date: /home/xtark/tarkbot/ros2_ws/install/astra_camera_msgs/lib/python3.8/site-packages/astra_camera_msgs/astra_camera_msgs_s__rosidl_typesupport_introspection_c.cpython-38-aarch64-linux-gnu.so
[36.329s] -- Up-to-date: /home/xtark/tarkbot/ros2_ws/install/astra_camera_msgs/lib/python3.8/site-packages/astra_camera_msgs/astra_camera_msgs_s__rosidl_typesupport_c.cpython-38-aarch64-linux-gnu.so
[36.337s] -- Up-to-date: /home/xtark/tarkbot/ros2_ws/install/astra_camera_msgs/lib/libastra_camera_msgs__python.so
[36.340s] -- Up-to-date: /home/xtark/tarkbot/ros2_ws/install/astra_camera_msgs/share/astra_camera_msgs/msg/DeviceInfo.idl
[36.342s] -- Up-to-date: /home/xtark/tarkbot/ros2_ws/install/astra_camera_msgs/share/astra_camera_msgs/msg/Extrinsics.idl
[36.343s] -- Up-to-date: /home/xtark/tarkbot/ros2_ws/install/astra_camera_msgs/share/astra_camera_msgs/msg/Metadata.idl
[36.343s] -- Up-to-date: /home/xtark/tarkbot/ros2_ws/install/astra_camera_msgs/share/astra_camera_msgs/srv/GetDeviceInfo.idl
[36.344s] -- Up-to-date: /home/xtark/tarkbot/ros2_ws/install/astra_camera_msgs/share/astra_camera_msgs/srv/GetCameraInfo.idl
[36.345s] -- Up-to-date: /home/xtark/tarkbot/ros2_ws/install/astra_camera_msgs/share/astra_camera_msgs/srv/GetCameraParams.idl
[36.345s] -- Up-to-date: /home/xtark/tarkbot/ros2_ws/install/astra_camera_msgs/share/astra_camera_msgs/srv/GetInt32.idl
[36.346s] -- Up-to-date: /home/xtark/tarkbot/ros2_ws/install/astra_camera_msgs/share/astra_camera_msgs/srv/GetString.idl
[36.346s] -- Up-to-date: /home/xtark/tarkbot/ros2_ws/install/astra_camera_msgs/share/astra_camera_msgs/srv/SetInt32.idl
[36.347s] -- Up-to-date: /home/xtark/tarkbot/ros2_ws/install/astra_camera_msgs/share/astra_camera_msgs/msg/DeviceInfo.msg
[36.367s] -- Up-to-date: /home/xtark/tarkbot/ros2_ws/install/astra_camera_msgs/share/astra_camera_msgs/msg/Extrinsics.msg
[36.368s] -- Up-to-date: /home/xtark/tarkbot/ros2_ws/install/astra_camera_msgs/share/astra_camera_msgs/msg/Metadata.msg
[36.368s] -- Up-to-date: /home/xtark/tarkbot/ros2_ws/install/astra_camera_msgs/share/astra_camera_msgs/srv/GetDeviceInfo.srv
[36.369s] -- Up-to-date: /home/xtark/tarkbot/ros2_ws/install/astra_camera_msgs/share/astra_camera_msgs/srv/GetDeviceInfo_Request.msg
[36.369s] -- Up-to-date: /home/xtark/tarkbot/ros2_ws/install/astra_camera_msgs/share/astra_camera_msgs/srv/GetDeviceInfo_Response.msg
[36.370s] -- Up-to-date: /home/xtark/tarkbot/ros2_ws/install/astra_camera_msgs/share/astra_camera_msgs/srv/GetCameraInfo.srv
[36.371s] -- Up-to-date: /home/xtark/tarkbot/ros2_ws/install/astra_camera_msgs/share/astra_camera_msgs/srv/GetCameraInfo_Request.msg
[36.371s] -- Up-to-date: /home/xtark/tarkbot/ros2_ws/install/astra_camera_msgs/share/astra_camera_msgs/srv/GetCameraInfo_Response.msg
[36.379s] -- Up-to-date: /home/xtark/tarkbot/ros2_ws/install/astra_camera_msgs/share/astra_camera_msgs/srv/GetCameraParams.srv
[36.385s] -- Up-to-date: /home/xtark/tarkbot/ros2_ws/install/astra_camera_msgs/share/astra_camera_msgs/srv/GetCameraParams_Request.msg
[36.386s] -- Up-to-date: /home/xtark/tarkbot/ros2_ws/install/astra_camera_msgs/share/astra_camera_msgs/srv/GetCameraParams_Response.msg
[36.387s] -- Up-to-date: /home/xtark/tarkbot/ros2_ws/install/astra_camera_msgs/share/astra_camera_msgs/srv/GetInt32.srv
[36.388s] -- Up-to-date: /home/xtark/tarkbot/ros2_ws/install/astra_camera_msgs/share/astra_camera_msgs/srv/GetInt32_Request.msg
[36.389s] -- Up-to-date: /home/xtark/tarkbot/ros2_ws/install/astra_camera_msgs/share/astra_camera_msgs/srv/GetInt32_Response.msg
[36.389s] -- Up-to-date: /home/xtark/tarkbot/ros2_ws/install/astra_camera_msgs/share/astra_camera_msgs/srv/GetString.srv
[36.390s] -- Up-to-date: /home/xtark/tarkbot/ros2_ws/install/astra_camera_msgs/share/astra_camera_msgs/srv/GetString_Request.msg
[36.391s] -- Up-to-date: /home/xtark/tarkbot/ros2_ws/install/astra_camera_msgs/share/astra_camera_msgs/srv/GetString_Response.msg
[36.393s] -- Up-to-date: /home/xtark/tarkbot/ros2_ws/install/astra_camera_msgs/share/astra_camera_msgs/srv/SetInt32.srv
[36.394s] -- Up-to-date: /home/xtark/tarkbot/ros2_ws/install/astra_camera_msgs/share/astra_camera_msgs/srv/SetInt32_Request.msg
[36.394s] -- Up-to-date: /home/xtark/tarkbot/ros2_ws/install/astra_camera_msgs/share/astra_camera_msgs/srv/SetInt32_Response.msg
[36.395s] -- Up-to-date: /home/xtark/tarkbot/ros2_ws/install/astra_camera_msgs/share/ament_index/resource_index/package_run_dependencies/astra_camera_msgs
[36.395s] -- Up-to-date: /home/xtark/tarkbot/ros2_ws/install/astra_camera_msgs/share/ament_index/resource_index/parent_prefix_path/astra_camera_msgs
[36.396s] -- Up-to-date: /home/xtark/tarkbot/ros2_ws/install/astra_camera_msgs/share/astra_camera_msgs/environment/ament_prefix_path.sh
[36.396s] -- Up-to-date: /home/xtark/tarkbot/ros2_ws/install/astra_camera_msgs/share/astra_camera_msgs/environment/ament_prefix_path.dsv
[36.396s] -- Up-to-date: /home/xtark/tarkbot/ros2_ws/install/astra_camera_msgs/share/astra_camera_msgs/environment/path.sh
[36.397s] -- Up-to-date: /home/xtark/tarkbot/ros2_ws/install/astra_camera_msgs/share/astra_camera_msgs/environment/path.dsv
[36.397s] -- Up-to-date: /home/xtark/tarkbot/ros2_ws/install/astra_camera_msgs/share/astra_camera_msgs/local_setup.bash
[36.401s] -- Up-to-date: /home/xtark/tarkbot/ros2_ws/install/astra_camera_msgs/share/astra_camera_msgs/local_setup.sh
[36.403s] -- Up-to-date: /home/xtark/tarkbot/ros2_ws/install/astra_camera_msgs/share/astra_camera_msgs/local_setup.zsh
[36.404s] -- Up-to-date: /home/xtark/tarkbot/ros2_ws/install/astra_camera_msgs/share/astra_camera_msgs/local_setup.dsv
[36.405s] -- Installing: /home/xtark/tarkbot/ros2_ws/install/astra_camera_msgs/share/astra_camera_msgs/package.dsv
[36.411s] -- Up-to-date: /home/xtark/tarkbot/ros2_ws/install/astra_camera_msgs/share/ament_index/resource_index/packages/astra_camera_msgs
[36.414s] -- Up-to-date: /home/xtark/tarkbot/ros2_ws/install/astra_camera_msgs/share/astra_camera_msgs/cmake/astra_camera_msgs__rosidl_generator_cExport.cmake
[36.414s] -- Up-to-date: /home/xtark/tarkbot/ros2_ws/install/astra_camera_msgs/share/astra_camera_msgs/cmake/astra_camera_msgs__rosidl_generator_cExport-release.cmake
[36.418s] -- Up-to-date: /home/xtark/tarkbot/ros2_ws/install/astra_camera_msgs/share/astra_camera_msgs/cmake/astra_camera_msgs__rosidl_typesupport_introspection_cExport.cmake
[36.419s] -- Up-to-date: /home/xtark/tarkbot/ros2_ws/install/astra_camera_msgs/share/astra_camera_msgs/cmake/astra_camera_msgs__rosidl_typesupport_introspection_cExport-release.cmake
[36.424s] -- Up-to-date: /home/xtark/tarkbot/ros2_ws/install/astra_camera_msgs/share/astra_camera_msgs/cmake/astra_camera_msgs__rosidl_typesupport_cExport.cmake
[36.425s] -- Up-to-date: /home/xtark/tarkbot/ros2_ws/install/astra_camera_msgs/share/astra_camera_msgs/cmake/astra_camera_msgs__rosidl_typesupport_cExport-release.cmake
[36.429s] -- Up-to-date: /home/xtark/tarkbot/ros2_ws/install/astra_camera_msgs/share/astra_camera_msgs/cmake/astra_camera_msgs__rosidl_generator_cppExport.cmake
[36.432s] -- Up-to-date: /home/xtark/tarkbot/ros2_ws/install/astra_camera_msgs/share/astra_camera_msgs/cmake/astra_camera_msgs__rosidl_typesupport_introspection_cppExport.cmake
[36.433s] -- Up-to-date: /home/xtark/tarkbot/ros2_ws/install/astra_camera_msgs/share/astra_camera_msgs/cmake/astra_camera_msgs__rosidl_typesupport_introspection_cppExport-release.cmake
[36.437s] -- Up-to-date: /home/xtark/tarkbot/ros2_ws/install/astra_camera_msgs/share/astra_camera_msgs/cmake/astra_camera_msgs__rosidl_typesupport_cppExport.cmake
[36.441s] -- Up-to-date: /home/xtark/tarkbot/ros2_ws/install/astra_camera_msgs/share/astra_camera_msgs/cmake/astra_camera_msgs__rosidl_typesupport_cppExport-release.cmake
[36.442s] -- Up-to-date: /home/xtark/tarkbot/ros2_ws/install/astra_camera_msgs/share/astra_camera_msgs/cmake/rosidl_cmake-extras.cmake
[36.442s] -- Up-to-date: /home/xtark/tarkbot/ros2_ws/install/astra_camera_msgs/share/astra_camera_msgs/cmake/ament_cmake_export_dependencies-extras.cmake
[36.443s] -- Up-to-date: /home/xtark/tarkbot/ros2_ws/install/astra_camera_msgs/share/astra_camera_msgs/cmake/ament_cmake_export_libraries-extras.cmake
[36.444s] -- Up-to-date: /home/xtark/tarkbot/ros2_ws/install/astra_camera_msgs/share/astra_camera_msgs/cmake/ament_cmake_export_targets-extras.cmake
[36.445s] -- Up-to-date: /home/xtark/tarkbot/ros2_ws/install/astra_camera_msgs/share/astra_camera_msgs/cmake/ament_cmake_export_include_directories-extras.cmake
[36.445s] -- Up-to-date: /home/xtark/tarkbot/ros2_ws/install/astra_camera_msgs/share/astra_camera_msgs/cmake/rosidl_cmake_export_typesupport_libraries-extras.cmake
[36.446s] -- Up-to-date: /home/xtark/tarkbot/ros2_ws/install/astra_camera_msgs/share/astra_camera_msgs/cmake/rosidl_cmake_export_typesupport_targets-extras.cmake
[36.447s] -- Up-to-date: /home/xtark/tarkbot/ros2_ws/install/astra_camera_msgs/share/astra_camera_msgs/cmake/astra_camera_msgsConfig.cmake
[36.447s] -- Up-to-date: /home/xtark/tarkbot/ros2_ws/install/astra_camera_msgs/share/astra_camera_msgs/cmake/astra_camera_msgsConfig-version.cmake
[36.448s] -- Up-to-date: /home/xtark/tarkbot/ros2_ws/install/astra_camera_msgs/share/astra_camera_msgs/package.xml
[36.468s] Invoked command in '/home/xtark/tarkbot/ros2_ws/build/astra_camera_msgs' returned '0': CMAKE_PREFIX_PATH=${CMAKE_PREFIX_PATH}:/opt/ros/foxy /usr/bin/cmake --install /home/xtark/tarkbot/ros2_ws/build/astra_camera_msgs
