[0.080s] Invoking command in '/home/xtark/tarkbot/ros2_ws/build/xtlidar_ros': CMAKE_PREFIX_PATH=${CMAKE_PREFIX_PATH}:/opt/ros/foxy /usr/bin/cmake --build /home/xtark/tarkbot/ros2_ws/build/xtlidar_ros -- -j4 -l4
[0.517s] [100%] Built target xtlidar_driver2_node
[0.598s] Invoked command in '/home/xtark/tarkbot/ros2_ws/build/xtlidar_ros' returned '0': CMAKE_PREFIX_PATH=${CMAKE_PREFIX_PATH}:/opt/ros/foxy /usr/bin/cmake --build /home/xtark/tarkbot/ros2_ws/build/xtlidar_ros -- -j4 -l4
[0.940s] Invoking command in '/home/xtark/tarkbot/ros2_ws/build/xtlidar_ros': CMAKE_PREFIX_PATH=${CMAKE_PREFIX_PATH}:/opt/ros/foxy /usr/bin/cmake --install /home/xtark/tarkbot/ros2_ws/build/xtlidar_ros
[0.996s] -- Install configuration: "Release"
[1.000s] -- Execute custom install script
[1.003s] -- Up-to-date symlink: /home/xtark/tarkbot/ros2_ws/install/xtlidar_ros/lib/xtlidar_ros/xtlidar_driver2_node
[1.009s] -- Up-to-date symlink: /home/xtark/tarkbot/ros2_ws/install/xtlidar_ros/share/xtlidar_ros/launch/tarkbot_xtlidar_e300.launch.py
[1.012s] -- Up-to-date symlink: /home/xtark/tarkbot/ros2_ws/install/xtlidar_ros/share/xtlidar_ros/params/XTLIDAR_E300.yaml
[1.018s] -- Up-to-date symlink: /home/xtark/tarkbot/ros2_ws/install/xtlidar_ros/share/ament_index/resource_index/package_run_dependencies/xtlidar_ros
[1.021s] -- Up-to-date symlink: /home/xtark/tarkbot/ros2_ws/install/xtlidar_ros/share/ament_index/resource_index/parent_prefix_path/xtlidar_ros
[1.023s] -- Up-to-date symlink: /home/xtark/tarkbot/ros2_ws/install/xtlidar_ros/share/xtlidar_ros/environment/ament_prefix_path.sh
[1.026s] -- Up-to-date symlink: /home/xtark/tarkbot/ros2_ws/install/xtlidar_ros/share/xtlidar_ros/environment/ament_prefix_path.dsv
[1.027s] -- Up-to-date symlink: /home/xtark/tarkbot/ros2_ws/install/xtlidar_ros/share/xtlidar_ros/environment/path.sh
[1.028s] -- Up-to-date symlink: /home/xtark/tarkbot/ros2_ws/install/xtlidar_ros/share/xtlidar_ros/environment/path.dsv
[1.030s] -- Up-to-date symlink: /home/xtark/tarkbot/ros2_ws/install/xtlidar_ros/share/xtlidar_ros/local_setup.bash
[1.031s] -- Up-to-date symlink: /home/xtark/tarkbot/ros2_ws/install/xtlidar_ros/share/xtlidar_ros/local_setup.sh
[1.032s] -- Up-to-date symlink: /home/xtark/tarkbot/ros2_ws/install/xtlidar_ros/share/xtlidar_ros/local_setup.zsh
[1.033s] -- Up-to-date symlink: /home/xtark/tarkbot/ros2_ws/install/xtlidar_ros/share/xtlidar_ros/local_setup.dsv
[1.069s] -- Symlinking: /home/xtark/tarkbot/ros2_ws/install/xtlidar_ros/share/xtlidar_ros/package.dsv
[1.100s] -- Up-to-date symlink: /home/xtark/tarkbot/ros2_ws/install/xtlidar_ros/share/ament_index/resource_index/packages/xtlidar_ros
[1.101s] -- Up-to-date symlink: /home/xtark/tarkbot/ros2_ws/install/xtlidar_ros/share/xtlidar_ros/cmake/xtlidar_rosConfig.cmake
[1.102s] -- Up-to-date symlink: /home/xtark/tarkbot/ros2_ws/install/xtlidar_ros/share/xtlidar_ros/cmake/xtlidar_rosConfig-version.cmake
[1.102s] -- Up-to-date symlink: /home/xtark/tarkbot/ros2_ws/install/xtlidar_ros/share/xtlidar_ros/package.xml
[1.103s] Invoked command in '/home/xtark/tarkbot/ros2_ws/build/xtlidar_ros' returned '0': CMAKE_PREFIX_PATH=${CMAKE_PREFIX_PATH}:/opt/ros/foxy /usr/bin/cmake --install /home/xtark/tarkbot/ros2_ws/build/xtlidar_ros
