[0.156s] Invoking command in '/home/xtark/tarkbot/ros2_ws/build/m1ct_d2': CMAKE_PREFIX_PATH=${CMAKE_PREFIX_PATH}:/opt/ros/foxy /usr/bin/cmake --build /home/xtark/tarkbot/ros2_ws/build/m1ct_d2 -- -j4 -l4
[0.227s] ERROR: ld.so: object '/usr/lib/x86_64-linux-gnu/libgomp.so.1' from LD_PRELOAD cannot be preloaded (cannot open shared object file): ignored.
[0.228s] ERROR: ld.so: object '/usr/lib/x86_64-linux-gnu/libgomp.so.1' from LD_PRELOAD cannot be preloaded (cannot open shared object file): ignored.
[0.264s] ERROR: ld.so: object '/usr/lib/x86_64-linux-gnu/libgomp.so.1' from LD_PRELOAD cannot be preloaded (cannot open shared object file): ignored.
[0.342s] ERROR: ld.so: object '/usr/lib/x86_64-linux-gnu/libgomp.so.1' from LD_PRELOAD cannot be preloaded (cannot open shared object file): ignored.
[0.404s] ERROR: ld.so: object '/usr/lib/x86_64-linux-gnu/libgomp.so.1' from LD_PRELOAD cannot be preloaded (cannot open shared object file): ignored.
[0.409s] ERROR: ld.so: object '/usr/lib/x86_64-linux-gnu/libgomp.so.1' from LD_PRELOAD cannot be preloaded (cannot open shared object file): ignored.
[0.435s] ERROR: ld.so: object '/usr/lib/x86_64-linux-gnu/libgomp.so.1' from LD_PRELOAD cannot be preloaded (cannot open shared object file): ignored.
[0.460s] ERROR: ld.so: object '/usr/lib/x86_64-linux-gnu/libgomp.so.1' from LD_PRELOAD cannot be preloaded (cannot open shared object file): ignored.
[0.541s] ERROR: ld.so: object '/usr/lib/x86_64-linux-gnu/libgomp.so.1' from LD_PRELOAD cannot be preloaded (cannot open shared object file): ignored.
[0.679s] ERROR: ld.so: object '/usr/lib/x86_64-linux-gnu/libgomp.so.1' from LD_PRELOAD cannot be preloaded (cannot open shared object file): ignored.
[0.717s] ERROR: ld.so: object '/usr/lib/x86_64-linux-gnu/libgomp.so.1' from LD_PRELOAD cannot be preloaded (cannot open shared object file): ignored.
[0.785s] [100%] Built target m1ct_d2
[0.806s] ERROR: ld.so: object '/usr/lib/x86_64-linux-gnu/libgomp.so.1' from LD_PRELOAD cannot be preloaded (cannot open shared object file): ignored.
[0.874s] Invoked command in '/home/xtark/tarkbot/ros2_ws/build/m1ct_d2' returned '0': CMAKE_PREFIX_PATH=${CMAKE_PREFIX_PATH}:/opt/ros/foxy /usr/bin/cmake --build /home/xtark/tarkbot/ros2_ws/build/m1ct_d2 -- -j4 -l4
[1.389s] Invoking command in '/home/xtark/tarkbot/ros2_ws/build/m1ct_d2': CMAKE_PREFIX_PATH=${CMAKE_PREFIX_PATH}:/opt/ros/foxy /usr/bin/cmake --build /home/xtark/tarkbot/ros2_ws/build/m1ct_d2 --target install -- -j4 -l4
[1.418s] ERROR: ld.so: object '/usr/lib/x86_64-linux-gnu/libgomp.so.1' from LD_PRELOAD cannot be preloaded (cannot open shared object file): ignored.
[1.469s] ERROR: ld.so: object '/usr/lib/x86_64-linux-gnu/libgomp.so.1' from LD_PRELOAD cannot be preloaded (cannot open shared object file): ignored.
[1.476s] ERROR: ld.so: object '/usr/lib/x86_64-linux-gnu/libgomp.so.1' from LD_PRELOAD cannot be preloaded (cannot open shared object file): ignored.
[1.576s] ERROR: ld.so: object '/usr/lib/x86_64-linux-gnu/libgomp.so.1' from LD_PRELOAD cannot be preloaded (cannot open shared object file): ignored.
[1.627s] ERROR: ld.so: object '/usr/lib/x86_64-linux-gnu/libgomp.so.1' from LD_PRELOAD cannot be preloaded (cannot open shared object file): ignored.
[1.633s] ERROR: ld.so: object '/usr/lib/x86_64-linux-gnu/libgomp.so.1' from LD_PRELOAD cannot be preloaded (cannot open shared object file): ignored.
[1.660s] ERROR: ld.so: object '/usr/lib/x86_64-linux-gnu/libgomp.so.1' from LD_PRELOAD cannot be preloaded (cannot open shared object file): ignored.
[1.665s] ERROR: ld.so: object '/usr/lib/x86_64-linux-gnu/libgomp.so.1' from LD_PRELOAD cannot be preloaded (cannot open shared object file): ignored.
[1.712s] ERROR: ld.so: object '/usr/lib/x86_64-linux-gnu/libgomp.so.1' from LD_PRELOAD cannot be preloaded (cannot open shared object file): ignored.
[1.863s] ERROR: ld.so: object '/usr/lib/x86_64-linux-gnu/libgomp.so.1' from LD_PRELOAD cannot be preloaded (cannot open shared object file): ignored.
[1.880s] ERROR: ld.so: object '/usr/lib/x86_64-linux-gnu/libgomp.so.1' from LD_PRELOAD cannot be preloaded (cannot open shared object file): ignored.
[1.932s] [100%] Built target m1ct_d2
[1.962s] ERROR: ld.so: object '/usr/lib/x86_64-linux-gnu/libgomp.so.1' from LD_PRELOAD cannot be preloaded (cannot open shared object file): ignored.
[2.082s] ERROR: ld.so: object '/usr/lib/x86_64-linux-gnu/libgomp.so.1' from LD_PRELOAD cannot be preloaded (cannot open shared object file): ignored.
[2.105s] ERROR: ld.so: object '/usr/lib/x86_64-linux-gnu/libgomp.so.1' from LD_PRELOAD cannot be preloaded (cannot open shared object file): ignored.
[2.133s] ERROR: ld.so: object '/usr/lib/x86_64-linux-gnu/libgomp.so.1' from LD_PRELOAD cannot be preloaded (cannot open shared object file): ignored.
[2.226s] [36mInstall the project...[0m
[2.227s] ERROR: ld.so: object '/usr/lib/x86_64-linux-gnu/libgomp.so.1' from LD_PRELOAD cannot be preloaded (cannot open shared object file): ignored.
[2.270s] -- Install configuration: "Release"
[2.275s] -- Execute custom install script
[2.276s] -- Up-to-date symlink: /home/xtark/tarkbot/ros2_ws/install/m1ct_d2/lib/m1ct_d2/m1ct_d2
[2.301s] -- Up-to-date symlink: /home/xtark/tarkbot/ros2_ws/install/m1ct_d2/share/m1ct_d2//launch/tarkbot_m1ct.launch.py
[2.302s] -- Up-to-date symlink: /home/xtark/tarkbot/ros2_ws/install/m1ct_d2/share/ament_index/resource_index/package_run_dependencies/m1ct_d2
[2.302s] -- Up-to-date symlink: /home/xtark/tarkbot/ros2_ws/install/m1ct_d2/share/ament_index/resource_index/parent_prefix_path/m1ct_d2
[2.303s] -- Up-to-date symlink: /home/xtark/tarkbot/ros2_ws/install/m1ct_d2/share/m1ct_d2/environment/ament_prefix_path.sh
[2.303s] -- Up-to-date symlink: /home/xtark/tarkbot/ros2_ws/install/m1ct_d2/share/m1ct_d2/environment/ament_prefix_path.dsv
[2.305s] -- Up-to-date symlink: /home/xtark/tarkbot/ros2_ws/install/m1ct_d2/share/m1ct_d2/environment/path.sh
[2.306s] -- Up-to-date symlink: /home/xtark/tarkbot/ros2_ws/install/m1ct_d2/share/m1ct_d2/environment/path.dsv
[2.306s] -- Up-to-date symlink: /home/xtark/tarkbot/ros2_ws/install/m1ct_d2/share/m1ct_d2/local_setup.bash
[2.307s] -- Up-to-date symlink: /home/xtark/tarkbot/ros2_ws/install/m1ct_d2/share/m1ct_d2/local_setup.sh
[2.307s] -- Up-to-date symlink: /home/xtark/tarkbot/ros2_ws/install/m1ct_d2/share/m1ct_d2/local_setup.zsh
[2.307s] -- Up-to-date symlink: /home/xtark/tarkbot/ros2_ws/install/m1ct_d2/share/m1ct_d2/local_setup.dsv
[2.308s] -- Symlinking: /home/xtark/tarkbot/ros2_ws/install/m1ct_d2/share/m1ct_d2/package.dsv
[2.318s] ERROR: ld.so: object '/usr/lib/x86_64-linux-gnu/libgomp.so.1' from LD_PRELOAD cannot be preloaded (cannot open shared object file): ignored.
[2.360s] -- Up-to-date symlink: /home/xtark/tarkbot/ros2_ws/install/m1ct_d2/share/ament_index/resource_index/packages/m1ct_d2
[2.362s] -- Up-to-date symlink: /home/xtark/tarkbot/ros2_ws/install/m1ct_d2/share/m1ct_d2/cmake/m1ct_d2Config.cmake
[2.363s] -- Up-to-date symlink: /home/xtark/tarkbot/ros2_ws/install/m1ct_d2/share/m1ct_d2/cmake/m1ct_d2Config-version.cmake
[2.364s] -- Up-to-date symlink: /home/xtark/tarkbot/ros2_ws/install/m1ct_d2/share/m1ct_d2/package.xml
[2.423s] Invoked command in '/home/xtark/tarkbot/ros2_ws/build/m1ct_d2' returned '0': CMAKE_PREFIX_PATH=${CMAKE_PREFIX_PATH}:/opt/ros/foxy /usr/bin/cmake --build /home/xtark/tarkbot/ros2_ws/build/m1ct_d2 --target install -- -j4 -l4
