[0.910s] Invoking command in '/home/xtark/tarkbot/ros2_ws/build/m1ct_d2': CMAKE_PREFIX_PATH=${CMAKE_PREFIX_PATH}:/opt/ros/foxy /usr/bin/cmake --build /home/xtark/tarkbot/ros2_ws/build/m1ct_d2 -- -j4 -l4
[1.399s] [100%] Built target m1ct_d2
[1.516s] Invoked command in '/home/xtark/tarkbot/ros2_ws/build/m1ct_d2' returned '0': CMAKE_PREFIX_PATH=${CMAKE_PREFIX_PATH}:/opt/ros/foxy /usr/bin/cmake --build /home/xtark/tarkbot/ros2_ws/build/m1ct_d2 -- -j4 -l4
[2.733s] Invoking command in '/home/xtark/tarkbot/ros2_ws/build/m1ct_d2': CMAKE_PREFIX_PATH=${CMAKE_PREFIX_PATH}:/opt/ros/foxy /usr/bin/cmake --install /home/xtark/tarkbot/ros2_ws/build/m1ct_d2
[2.803s] -- Install configuration: ""
[2.805s] -- Up-to-date: /home/xtark/tarkbot/ros2_ws/install/m1ct_d2/lib/m1ct_d2/m1ct_d2
[2.806s] -- Up-to-date: /home/xtark/tarkbot/ros2_ws/install/m1ct_d2/share/m1ct_d2//launch
[2.807s] -- Up-to-date: /home/xtark/tarkbot/ros2_ws/install/m1ct_d2/share/m1ct_d2//launch/tarkbot_m1ct.launch.py
[2.808s] -- Up-to-date: /home/xtark/tarkbot/ros2_ws/install/m1ct_d2/share/ament_index/resource_index/package_run_dependencies/m1ct_d2
[2.808s] -- Up-to-date: /home/xtark/tarkbot/ros2_ws/install/m1ct_d2/share/ament_index/resource_index/parent_prefix_path/m1ct_d2
[2.809s] -- Up-to-date: /home/xtark/tarkbot/ros2_ws/install/m1ct_d2/share/m1ct_d2/environment/ament_prefix_path.sh
[2.810s] -- Up-to-date: /home/xtark/tarkbot/ros2_ws/install/m1ct_d2/share/m1ct_d2/environment/ament_prefix_path.dsv
[2.812s] -- Up-to-date: /home/xtark/tarkbot/ros2_ws/install/m1ct_d2/share/m1ct_d2/environment/path.sh
[2.813s] -- Up-to-date: /home/xtark/tarkbot/ros2_ws/install/m1ct_d2/share/m1ct_d2/environment/path.dsv
[2.814s] -- Up-to-date: /home/xtark/tarkbot/ros2_ws/install/m1ct_d2/share/m1ct_d2/local_setup.bash
[2.815s] -- Up-to-date: /home/xtark/tarkbot/ros2_ws/install/m1ct_d2/share/m1ct_d2/local_setup.sh
[2.816s] -- Up-to-date: /home/xtark/tarkbot/ros2_ws/install/m1ct_d2/share/m1ct_d2/local_setup.zsh
[2.817s] -- Up-to-date: /home/xtark/tarkbot/ros2_ws/install/m1ct_d2/share/m1ct_d2/local_setup.dsv
[2.818s] -- Installing: /home/xtark/tarkbot/ros2_ws/install/m1ct_d2/share/m1ct_d2/package.dsv
[2.818s] -- Up-to-date: /home/xtark/tarkbot/ros2_ws/install/m1ct_d2/share/ament_index/resource_index/packages/m1ct_d2
[2.819s] -- Up-to-date: /home/xtark/tarkbot/ros2_ws/install/m1ct_d2/share/m1ct_d2/cmake/m1ct_d2Config.cmake
[2.819s] -- Up-to-date: /home/xtark/tarkbot/ros2_ws/install/m1ct_d2/share/m1ct_d2/cmake/m1ct_d2Config-version.cmake
[2.819s] -- Up-to-date: /home/xtark/tarkbot/ros2_ws/install/m1ct_d2/share/m1ct_d2/package.xml
[3.546s] Invoked command in '/home/xtark/tarkbot/ros2_ws/build/m1ct_d2' returned '0': CMAKE_PREFIX_PATH=${CMAKE_PREFIX_PATH}:/opt/ros/foxy /usr/bin/cmake --install /home/xtark/tarkbot/ros2_ws/build/m1ct_d2
