[2.437s] Invoking command in '/home/xtark/tarkbot/ros2_ws/build/tarkbot_slam': CMAKE_PREFIX_PATH=${CMAKE_PREFIX_PATH}:/opt/ros/foxy /usr/bin/cmake --build /home/xtark/tarkbot/ros2_ws/build/tarkbot_slam -- -j4 -l4
[3.778s] Invoked command in '/home/xtark/tarkbot/ros2_ws/build/tarkbot_slam' returned '0': CMAKE_PREFIX_PATH=${CMAKE_PREFIX_PATH}:/opt/ros/foxy /usr/bin/cmake --build /home/xtark/tarkbot/ros2_ws/build/tarkbot_slam -- -j4 -l4
[6.244s] Invoking command in '/home/xtark/tarkbot/ros2_ws/build/tarkbot_slam': CMAKE_PREFIX_PATH=${CMAKE_PREFIX_PATH}:/opt/ros/foxy /usr/bin/cmake --install /home/xtark/tarkbot/ros2_ws/build/tarkbot_slam
[6.298s] -- Install configuration: ""
[6.299s] -- Up-to-date: /home/xtark/tarkbot/ros2_ws/install/tarkbot_slam/share/tarkbot_slam/launch
[6.300s] -- Up-to-date: /home/xtark/tarkbot/ros2_ws/install/tarkbot_slam/share/tarkbot_slam/launch/mapping.launch.py
[6.301s] -- Up-to-date: /home/xtark/tarkbot/ros2_ws/install/tarkbot_slam/share/tarkbot_slam/launch/include
[6.302s] -- Up-to-date: /home/xtark/tarkbot/ros2_ws/install/tarkbot_slam/share/tarkbot_slam/launch/include/online_async_launch.py
[6.303s] -- Up-to-date: /home/xtark/tarkbot/ros2_ws/install/tarkbot_slam/share/tarkbot_slam/config
[6.305s] -- Up-to-date: /home/xtark/tarkbot/ros2_ws/install/tarkbot_slam/share/tarkbot_slam/config/mapping
[6.317s] -- Up-to-date: /home/xtark/tarkbot/ros2_ws/install/tarkbot_slam/share/tarkbot_slam/config/mapping/mapper_params_online_async.yaml
[6.320s] -- Up-to-date: /home/xtark/tarkbot/ros2_ws/install/tarkbot_slam/share/tarkbot_slam/config/mapping/map_saver_params.yaml
[6.320s] -- Up-to-date: /home/xtark/tarkbot/ros2_ws/install/tarkbot_slam/share/tarkbot_slam/maps
[6.321s] -- Up-to-date: /home/xtark/tarkbot/ros2_ws/install/tarkbot_slam/share/tarkbot_slam/maps/test.yaml
[6.322s] -- Up-to-date: /home/xtark/tarkbot/ros2_ws/install/tarkbot_slam/share/tarkbot_slam/maps/my_map.yaml
[6.323s] -- Up-to-date: /home/xtark/tarkbot/ros2_ws/install/tarkbot_slam/share/tarkbot_slam/maps/my_map.pgm
[6.323s] -- Up-to-date: /home/xtark/tarkbot/ros2_ws/install/tarkbot_slam/share/tarkbot_slam/maps/test.pgm
[6.324s] -- Up-to-date: /home/xtark/tarkbot/ros2_ws/install/tarkbot_slam/share/ament_index/resource_index/package_run_dependencies/tarkbot_slam
[6.324s] -- Up-to-date: /home/xtark/tarkbot/ros2_ws/install/tarkbot_slam/share/ament_index/resource_index/parent_prefix_path/tarkbot_slam
[6.325s] -- Up-to-date: /home/xtark/tarkbot/ros2_ws/install/tarkbot_slam/share/tarkbot_slam/environment/ament_prefix_path.sh
[6.325s] -- Up-to-date: /home/xtark/tarkbot/ros2_ws/install/tarkbot_slam/share/tarkbot_slam/environment/ament_prefix_path.dsv
[6.325s] -- Up-to-date: /home/xtark/tarkbot/ros2_ws/install/tarkbot_slam/share/tarkbot_slam/environment/path.sh
[6.326s] -- Up-to-date: /home/xtark/tarkbot/ros2_ws/install/tarkbot_slam/share/tarkbot_slam/environment/path.dsv
[6.326s] -- Up-to-date: /home/xtark/tarkbot/ros2_ws/install/tarkbot_slam/share/tarkbot_slam/local_setup.bash
[6.327s] -- Up-to-date: /home/xtark/tarkbot/ros2_ws/install/tarkbot_slam/share/tarkbot_slam/local_setup.sh
[6.328s] -- Up-to-date: /home/xtark/tarkbot/ros2_ws/install/tarkbot_slam/share/tarkbot_slam/local_setup.zsh
[6.329s] -- Up-to-date: /home/xtark/tarkbot/ros2_ws/install/tarkbot_slam/share/tarkbot_slam/local_setup.dsv
[6.329s] -- Installing: /home/xtark/tarkbot/ros2_ws/install/tarkbot_slam/share/tarkbot_slam/package.dsv
[6.330s] -- Up-to-date: /home/xtark/tarkbot/ros2_ws/install/tarkbot_slam/share/ament_index/resource_index/packages/tarkbot_slam
[6.331s] -- Up-to-date: /home/xtark/tarkbot/ros2_ws/install/tarkbot_slam/share/tarkbot_slam/cmake/tarkbot_slamConfig.cmake
[6.331s] -- Up-to-date: /home/xtark/tarkbot/ros2_ws/install/tarkbot_slam/share/tarkbot_slam/cmake/tarkbot_slamConfig-version.cmake
[6.332s] -- Up-to-date: /home/xtark/tarkbot/ros2_ws/install/tarkbot_slam/share/tarkbot_slam/package.xml
[6.344s] Invoked command in '/home/xtark/tarkbot/ros2_ws/build/tarkbot_slam' returned '0': CMAKE_PREFIX_PATH=${CMAKE_PREFIX_PATH}:/opt/ros/foxy /usr/bin/cmake --install /home/xtark/tarkbot/ros2_ws/build/tarkbot_slam
