[4.297s] Invoking command in '/home/xtark/tarkbot/ros2_ws/build/ldlidar_stl_ros2': CMAKE_PREFIX_PATH=${CMAKE_PREFIX_PATH}:/opt/ros/foxy /usr/bin/cmake --build /home/xtark/tarkbot/ros2_ws/build/ldlidar_stl_ros2 -- -j4 -l4
[4.875s] [100%] Built target ldlidar_stl_ros2_node
[5.043s] Invoked command in '/home/xtark/tarkbot/ros2_ws/build/ldlidar_stl_ros2' returned '0': CMAKE_PREFIX_PATH=${CMAKE_PREFIX_PATH}:/opt/ros/foxy /usr/bin/cmake --build /home/xtark/tarkbot/ros2_ws/build/ldlidar_stl_ros2 -- -j4 -l4
[5.407s] Invoking command in '/home/xtark/tarkbot/ros2_ws/build/ldlidar_stl_ros2': CMAKE_PREFIX_PATH=${CMAKE_PREFIX_PATH}:/opt/ros/foxy /usr/bin/cmake --install /home/xtark/tarkbot/ros2_ws/build/ldlidar_stl_ros2
[5.459s] -- Install configuration: "Release"
[5.465s] -- Execute custom install script
[5.472s] -- Up-to-date symlink: /home/xtark/tarkbot/ros2_ws/install/ldlidar_stl_ros2/share/ldlidar_stl_ros2/launch/__pycache__/ld06.launch.cpython-38.pyc
[5.475s] -- Up-to-date symlink: /home/xtark/tarkbot/ros2_ws/install/ldlidar_stl_ros2/share/ldlidar_stl_ros2/launch/ld06.launch.py
[5.477s] -- Up-to-date symlink: /home/xtark/tarkbot/ros2_ws/install/ldlidar_stl_ros2/share/ldlidar_stl_ros2/launch/ld19.launch.py
[5.478s] -- Up-to-date symlink: /home/xtark/tarkbot/ros2_ws/install/ldlidar_stl_ros2/share/ldlidar_stl_ros2/launch/tarkbot_ld19.launch.py
[5.480s] -- Up-to-date symlink: /home/xtark/tarkbot/ros2_ws/install/ldlidar_stl_ros2/share/ldlidar_stl_ros2/launch/viewer_ld06.launch.py
[5.482s] -- Up-to-date symlink: /home/xtark/tarkbot/ros2_ws/install/ldlidar_stl_ros2/share/ldlidar_stl_ros2/launch/viewer_ld19.launch.py
[5.490s] -- Up-to-date symlink: /home/xtark/tarkbot/ros2_ws/install/ldlidar_stl_ros2/share/ldlidar_stl_ros2/params/LD19.yaml
[5.509s] -- Up-to-date symlink: /home/xtark/tarkbot/ros2_ws/install/ldlidar_stl_ros2/lib/ldlidar_stl_ros2/ldlidar_stl_ros2_node
[5.513s] -- Up-to-date symlink: /home/xtark/tarkbot/ros2_ws/install/ldlidar_stl_ros2/share/ldlidar_stl_ros2//launch/__pycache__/ld06.launch.cpython-38.pyc
[5.518s] -- Up-to-date symlink: /home/xtark/tarkbot/ros2_ws/install/ldlidar_stl_ros2/share/ldlidar_stl_ros2//launch/ld06.launch.py
[5.528s] -- Up-to-date symlink: /home/xtark/tarkbot/ros2_ws/install/ldlidar_stl_ros2/share/ldlidar_stl_ros2//launch/ld19.launch.py
[5.532s] -- Up-to-date symlink: /home/xtark/tarkbot/ros2_ws/install/ldlidar_stl_ros2/share/ldlidar_stl_ros2//launch/tarkbot_ld19.launch.py
[5.533s] -- Up-to-date symlink: /home/xtark/tarkbot/ros2_ws/install/ldlidar_stl_ros2/share/ldlidar_stl_ros2//launch/viewer_ld06.launch.py
[5.533s] -- Up-to-date symlink: /home/xtark/tarkbot/ros2_ws/install/ldlidar_stl_ros2/share/ldlidar_stl_ros2//launch/viewer_ld19.launch.py
[5.534s] -- Up-to-date symlink: /home/xtark/tarkbot/ros2_ws/install/ldlidar_stl_ros2/share/ldlidar_stl_ros2//rviz2/ldlidar.rviz
[5.535s] -- Up-to-date symlink: /home/xtark/tarkbot/ros2_ws/install/ldlidar_stl_ros2/share/ament_index/resource_index/package_run_dependencies/ldlidar_stl_ros2
[5.536s] -- Up-to-date symlink: /home/xtark/tarkbot/ros2_ws/install/ldlidar_stl_ros2/share/ament_index/resource_index/parent_prefix_path/ldlidar_stl_ros2
[5.538s] -- Up-to-date symlink: /home/xtark/tarkbot/ros2_ws/install/ldlidar_stl_ros2/share/ldlidar_stl_ros2/environment/ament_prefix_path.sh
[5.540s] -- Up-to-date symlink: /home/xtark/tarkbot/ros2_ws/install/ldlidar_stl_ros2/share/ldlidar_stl_ros2/environment/ament_prefix_path.dsv
[5.540s] -- Up-to-date symlink: /home/xtark/tarkbot/ros2_ws/install/ldlidar_stl_ros2/share/ldlidar_stl_ros2/environment/path.sh
[5.541s] -- Up-to-date symlink: /home/xtark/tarkbot/ros2_ws/install/ldlidar_stl_ros2/share/ldlidar_stl_ros2/environment/path.dsv
[5.543s] -- Up-to-date symlink: /home/xtark/tarkbot/ros2_ws/install/ldlidar_stl_ros2/share/ldlidar_stl_ros2/local_setup.bash
[5.547s] -- Up-to-date symlink: /home/xtark/tarkbot/ros2_ws/install/ldlidar_stl_ros2/share/ldlidar_stl_ros2/local_setup.sh
[5.548s] -- Up-to-date symlink: /home/xtark/tarkbot/ros2_ws/install/ldlidar_stl_ros2/share/ldlidar_stl_ros2/local_setup.zsh
[5.549s] -- Up-to-date symlink: /home/xtark/tarkbot/ros2_ws/install/ldlidar_stl_ros2/share/ldlidar_stl_ros2/local_setup.dsv
[5.550s] -- Symlinking: /home/xtark/tarkbot/ros2_ws/install/ldlidar_stl_ros2/share/ldlidar_stl_ros2/package.dsv
[5.605s] -- Up-to-date symlink: /home/xtark/tarkbot/ros2_ws/install/ldlidar_stl_ros2/share/ament_index/resource_index/packages/ldlidar_stl_ros2
[5.606s] -- Up-to-date symlink: /home/xtark/tarkbot/ros2_ws/install/ldlidar_stl_ros2/share/ldlidar_stl_ros2/cmake/ldlidar_stl_ros2Config.cmake
[5.609s] -- Up-to-date symlink: /home/xtark/tarkbot/ros2_ws/install/ldlidar_stl_ros2/share/ldlidar_stl_ros2/cmake/ldlidar_stl_ros2Config-version.cmake
[5.610s] -- Up-to-date symlink: /home/xtark/tarkbot/ros2_ws/install/ldlidar_stl_ros2/share/ldlidar_stl_ros2/package.xml
[7.309s] Invoked command in '/home/xtark/tarkbot/ros2_ws/build/ldlidar_stl_ros2' returned '0': CMAKE_PREFIX_PATH=${CMAKE_PREFIX_PATH}:/opt/ros/foxy /usr/bin/cmake --install /home/xtark/tarkbot/ros2_ws/build/ldlidar_stl_ros2
