[3.662s] Invoking command in '/home/xtark/tarkbot/ros2_ws/build/orbbec_description': CMAKE_PREFIX_PATH=/opt/ros/foxy /usr/bin/cmake /home/xtark/tarkbot/ros2_ws/src/OrbbecSDK_ROS2/orbbec_description -DCMAKE_INSTALL_PREFIX=/home/xtark/tarkbot/ros2_ws/install/orbbec_description
[4.137s] -- The C compiler identification is GNU 9.4.0
[4.526s] -- The CXX compiler identification is GNU 9.4.0
[4.556s] -- Check for working C compiler: /usr/bin/cc
[5.150s] -- Check for working C compiler: /usr/bin/cc -- works
[5.158s] -- Detecting C compiler ABI info
[5.838s] -- Detecting C compiler ABI info - done
[5.935s] -- Detecting C compile features
[5.939s] -- Detecting C compile features - done
[5.979s] -- Check for working CXX compiler: /usr/bin/c++
[6.596s] -- Check for working CXX compiler: /usr/bin/c++ -- works
[6.601s] -- Detecting CXX compiler ABI info
[7.313s] -- Detecting CXX compiler ABI info - done
[7.371s] -- Detecting CXX compile features
[7.374s] -- Detecting CXX compile features - done
[7.411s] -- Found ament_cmake: 0.9.12 (/opt/ros/foxy/share/ament_cmake/cmake)
[7.644s] -- Found PythonInterp: /usr/bin/python3 (found suitable version "3.8.10", minimum required is "3") 
[7.646s] -- Using PYTHON_EXECUTABLE: /usr/bin/python3
[9.677s] -- Found ament_lint_auto: 0.9.8 (/opt/ros/foxy/share/ament_lint_auto/cmake)
[10.270s] -- Added test 'copyright' to check source files copyright and LICENSE
[10.289s] -- Added test 'lint_cmake' to check CMake code style
[10.300s] -- Added test 'xmllint' to check XML markup files
[10.329s] -- Configuring done
[10.363s] -- Generating done
[10.380s] -- Build files have been written to: /home/xtark/tarkbot/ros2_ws/build/orbbec_description
[10.408s] Invoked command in '/home/xtark/tarkbot/ros2_ws/build/orbbec_description' returned '0': CMAKE_PREFIX_PATH=/opt/ros/foxy /usr/bin/cmake /home/xtark/tarkbot/ros2_ws/src/OrbbecSDK_ROS2/orbbec_description -DCMAKE_INSTALL_PREFIX=/home/xtark/tarkbot/ros2_ws/install/orbbec_description
[10.419s] Invoking command in '/home/xtark/tarkbot/ros2_ws/build/orbbec_description': CMAKE_PREFIX_PATH=/opt/ros/foxy /usr/bin/cmake --build /home/xtark/tarkbot/ros2_ws/build/orbbec_description -- -j4 -l4
[10.777s] Invoked command in '/home/xtark/tarkbot/ros2_ws/build/orbbec_description' returned '0': CMAKE_PREFIX_PATH=/opt/ros/foxy /usr/bin/cmake --build /home/xtark/tarkbot/ros2_ws/build/orbbec_description -- -j4 -l4
[11.037s] Invoking command in '/home/xtark/tarkbot/ros2_ws/build/orbbec_description': CMAKE_PREFIX_PATH=/opt/ros/foxy /usr/bin/cmake --install /home/xtark/tarkbot/ros2_ws/build/orbbec_description
[11.108s] -- Install configuration: ""
[11.111s] -- Installing: /home/xtark/tarkbot/ros2_ws/install/orbbec_description/share/ament_index/resource_index/package_run_dependencies/orbbec_description
[11.118s] -- Installing: /home/xtark/tarkbot/ros2_ws/install/orbbec_description/share/ament_index/resource_index/parent_prefix_path/orbbec_description
[11.125s] -- Installing: /home/xtark/tarkbot/ros2_ws/install/orbbec_description/share/orbbec_description/environment/ament_prefix_path.sh
[11.131s] -- Installing: /home/xtark/tarkbot/ros2_ws/install/orbbec_description/share/orbbec_description/environment/ament_prefix_path.dsv
[11.138s] -- Installing: /home/xtark/tarkbot/ros2_ws/install/orbbec_description/share/orbbec_description/environment/path.sh
[11.142s] -- Installing: /home/xtark/tarkbot/ros2_ws/install/orbbec_description/share/orbbec_description/environment/path.dsv
[11.147s] -- Installing: /home/xtark/tarkbot/ros2_ws/install/orbbec_description/share/orbbec_description/local_setup.bash
[11.152s] -- Installing: /home/xtark/tarkbot/ros2_ws/install/orbbec_description/share/orbbec_description/local_setup.sh
[11.157s] -- Installing: /home/xtark/tarkbot/ros2_ws/install/orbbec_description/share/orbbec_description/local_setup.zsh
[11.163s] -- Installing: /home/xtark/tarkbot/ros2_ws/install/orbbec_description/share/orbbec_description/local_setup.dsv
[11.172s] -- Installing: /home/xtark/tarkbot/ros2_ws/install/orbbec_description/share/orbbec_description/package.dsv
[11.177s] -- Installing: /home/xtark/tarkbot/ros2_ws/install/orbbec_description/share/ament_index/resource_index/packages/orbbec_description
[11.183s] -- Installing: /home/xtark/tarkbot/ros2_ws/install/orbbec_description/share/orbbec_description/cmake/orbbec_descriptionConfig.cmake
[11.188s] -- Installing: /home/xtark/tarkbot/ros2_ws/install/orbbec_description/share/orbbec_description/cmake/orbbec_descriptionConfig-version.cmake
[11.191s] -- Installing: /home/xtark/tarkbot/ros2_ws/install/orbbec_description/share/orbbec_description/package.xml
[11.210s] Invoked command in '/home/xtark/tarkbot/ros2_ws/build/orbbec_description' returned '0': CMAKE_PREFIX_PATH=/opt/ros/foxy /usr/bin/cmake --install /home/xtark/tarkbot/ros2_ws/build/orbbec_description
