[0.074s] Invoking command in '/home/xtark/tarkbot/ros2_ws/build/tarkbot_nav': CMAKE_PREFIX_PATH=${CMAKE_PREFIX_PATH}:/opt/ros/foxy /usr/bin/cmake --build /home/xtark/tarkbot/ros2_ws/build/tarkbot_nav -- -j4 -l4
[0.443s] Invoked command in '/home/xtark/tarkbot/ros2_ws/build/tarkbot_nav' returned '0': CMAKE_PREFIX_PATH=${CMAKE_PREFIX_PATH}:/opt/ros/foxy /usr/bin/cmake --build /home/xtark/tarkbot/ros2_ws/build/tarkbot_nav -- -j4 -l4
[0.709s] Invoking command in '/home/xtark/tarkbot/ros2_ws/build/tarkbot_nav': CMAKE_PREFIX_PATH=${CMAKE_PREFIX_PATH}:/opt/ros/foxy /usr/bin/cmake --install /home/xtark/tarkbot/ros2_ws/build/tarkbot_nav
[0.758s] -- Install configuration: "Release"
[0.762s] -- Execute custom install script
[0.765s] -- Up-to-date symlink: /home/xtark/tarkbot/ros2_ws/install/tarkbot_nav/share/tarkbot_nav/launch/include/bringup_nav_launch.py
[0.769s] -- Up-to-date symlink: /home/xtark/tarkbot/ros2_ws/install/tarkbot_nav/share/tarkbot_nav/launch/include/localization_launch.py
[0.769s] -- Up-to-date symlink: /home/xtark/tarkbot/ros2_ws/install/tarkbot_nav/share/tarkbot_nav/launch/include/navigation_core_launch.py
[0.770s] -- Up-to-date symlink: /home/xtark/tarkbot/ros2_ws/install/tarkbot_nav/share/tarkbot_nav/launch/navigation.launch.py
[0.775s] -- Up-to-date symlink: /home/xtark/tarkbot/ros2_ws/install/tarkbot_nav/share/tarkbot_nav/config/navigation/nav2_params.yaml
[0.777s] -- Up-to-date symlink: /home/xtark/tarkbot/ros2_ws/install/tarkbot_nav/share/tarkbot_nav/maps/atom_test.pgm
[0.777s] -- Up-to-date symlink: /home/xtark/tarkbot/ros2_ws/install/tarkbot_nav/share/tarkbot_nav/maps/atom_test.yaml
[0.778s] -- Up-to-date symlink: /home/xtark/tarkbot/ros2_ws/install/tarkbot_nav/share/tarkbot_nav/maps/atom_test1.pgm
[0.779s] -- Up-to-date symlink: /home/xtark/tarkbot/ros2_ws/install/tarkbot_nav/share/tarkbot_nav/maps/atom_test1.yaml
[0.779s] -- Up-to-date symlink: /home/xtark/tarkbot/ros2_ws/install/tarkbot_nav/share/tarkbot_nav/maps/test.pgm
[0.786s] -- Up-to-date symlink: /home/xtark/tarkbot/ros2_ws/install/tarkbot_nav/share/tarkbot_nav/maps/test.yaml
[0.788s] -- Up-to-date symlink: /home/xtark/tarkbot/ros2_ws/install/tarkbot_nav/share/tarkbot_nav/maps/web_test.pgm
[0.789s] -- Up-to-date symlink: /home/xtark/tarkbot/ros2_ws/install/tarkbot_nav/share/tarkbot_nav/maps/web_test.yaml
[0.791s] -- Up-to-date symlink: /home/xtark/tarkbot/ros2_ws/install/tarkbot_nav/share/tarkbot_nav/behavior_trees/follow_point.xml
[0.799s] -- Up-to-date symlink: /home/xtark/tarkbot/ros2_ws/install/tarkbot_nav/share/tarkbot_nav/behavior_trees/navigate_w_replanning_and_recovery.xml
[0.806s] -- Up-to-date symlink: /home/xtark/tarkbot/ros2_ws/install/tarkbot_nav/share/tarkbot_nav/behavior_trees/navigate_w_replanning_and_round_robin_recovery.xml
[0.807s] -- Up-to-date symlink: /home/xtark/tarkbot/ros2_ws/install/tarkbot_nav/share/tarkbot_nav/behavior_trees/navigate_w_replanning_distance.xml
[0.810s] -- Up-to-date symlink: /home/xtark/tarkbot/ros2_ws/install/tarkbot_nav/share/tarkbot_nav/behavior_trees/navigate_w_replanning_speed.xml
[0.810s] -- Up-to-date symlink: /home/xtark/tarkbot/ros2_ws/install/tarkbot_nav/share/tarkbot_nav/behavior_trees/navigate_w_replanning_time.xml
[0.811s] -- Up-to-date symlink: /home/xtark/tarkbot/ros2_ws/install/tarkbot_nav/share/ament_index/resource_index/package_run_dependencies/tarkbot_nav
[0.811s] -- Up-to-date symlink: /home/xtark/tarkbot/ros2_ws/install/tarkbot_nav/share/ament_index/resource_index/parent_prefix_path/tarkbot_nav
[0.811s] -- Up-to-date symlink: /home/xtark/tarkbot/ros2_ws/install/tarkbot_nav/share/tarkbot_nav/environment/ament_prefix_path.sh
[0.815s] -- Up-to-date symlink: /home/xtark/tarkbot/ros2_ws/install/tarkbot_nav/share/tarkbot_nav/environment/ament_prefix_path.dsv
[0.816s] -- Up-to-date symlink: /home/xtark/tarkbot/ros2_ws/install/tarkbot_nav/share/tarkbot_nav/environment/path.sh
[0.816s] -- Up-to-date symlink: /home/xtark/tarkbot/ros2_ws/install/tarkbot_nav/share/tarkbot_nav/environment/path.dsv
[0.817s] -- Up-to-date symlink: /home/xtark/tarkbot/ros2_ws/install/tarkbot_nav/share/tarkbot_nav/local_setup.bash
[0.817s] -- Up-to-date symlink: /home/xtark/tarkbot/ros2_ws/install/tarkbot_nav/share/tarkbot_nav/local_setup.sh
[0.818s] -- Up-to-date symlink: /home/xtark/tarkbot/ros2_ws/install/tarkbot_nav/share/tarkbot_nav/local_setup.zsh
[0.818s] -- Up-to-date symlink: /home/xtark/tarkbot/ros2_ws/install/tarkbot_nav/share/tarkbot_nav/local_setup.dsv
[0.818s] -- Symlinking: /home/xtark/tarkbot/ros2_ws/install/tarkbot_nav/share/tarkbot_nav/package.dsv
[0.861s] -- Up-to-date symlink: /home/xtark/tarkbot/ros2_ws/install/tarkbot_nav/share/ament_index/resource_index/packages/tarkbot_nav
[0.862s] -- Up-to-date symlink: /home/xtark/tarkbot/ros2_ws/install/tarkbot_nav/share/tarkbot_nav/cmake/tarkbot_navConfig.cmake
[0.863s] -- Up-to-date symlink: /home/xtark/tarkbot/ros2_ws/install/tarkbot_nav/share/tarkbot_nav/cmake/tarkbot_navConfig-version.cmake
[0.864s] -- Up-to-date symlink: /home/xtark/tarkbot/ros2_ws/install/tarkbot_nav/share/tarkbot_nav/package.xml
[1.019s] Invoked command in '/home/xtark/tarkbot/ros2_ws/build/tarkbot_nav' returned '0': CMAKE_PREFIX_PATH=${CMAKE_PREFIX_PATH}:/opt/ros/foxy /usr/bin/cmake --install /home/xtark/tarkbot/ros2_ws/build/tarkbot_nav
