[2.981s] Invoking command in '/home/xtark/tarkbot/ros2_ws/build/orbbec_description': CMAKE_PREFIX_PATH=${CMAKE_PREFIX_PATH}:/opt/ros/foxy /usr/bin/cmake --build /home/xtark/tarkbot/ros2_ws/build/orbbec_description -- -j4 -l4
[3.317s] Invoked command in '/home/xtark/tarkbot/ros2_ws/build/orbbec_description' returned '0': CMAKE_PREFIX_PATH=${CMAKE_PREFIX_PATH}:/opt/ros/foxy /usr/bin/cmake --build /home/xtark/tarkbot/ros2_ws/build/orbbec_description -- -j4 -l4
[3.622s] Invoking command in '/home/xtark/tarkbot/ros2_ws/build/orbbec_description': CMAKE_PREFIX_PATH=${CMAKE_PREFIX_PATH}:/opt/ros/foxy /usr/bin/cmake --install /home/xtark/tarkbot/ros2_ws/build/orbbec_description
[3.651s] -- Install configuration: ""
[3.652s] -- Up-to-date: /home/xtark/tarkbot/ros2_ws/install/orbbec_description/share/ament_index/resource_index/package_run_dependencies/orbbec_description
[3.653s] -- Up-to-date: /home/xtark/tarkbot/ros2_ws/install/orbbec_description/share/ament_index/resource_index/parent_prefix_path/orbbec_description
[3.654s] -- Up-to-date: /home/xtark/tarkbot/ros2_ws/install/orbbec_description/share/orbbec_description/environment/ament_prefix_path.sh
[3.655s] -- Up-to-date: /home/xtark/tarkbot/ros2_ws/install/orbbec_description/share/orbbec_description/environment/ament_prefix_path.dsv
[3.656s] -- Up-to-date: /home/xtark/tarkbot/ros2_ws/install/orbbec_description/share/orbbec_description/environment/path.sh
[3.657s] -- Up-to-date: /home/xtark/tarkbot/ros2_ws/install/orbbec_description/share/orbbec_description/environment/path.dsv
[3.657s] -- Up-to-date: /home/xtark/tarkbot/ros2_ws/install/orbbec_description/share/orbbec_description/local_setup.bash
[3.658s] -- Up-to-date: /home/xtark/tarkbot/ros2_ws/install/orbbec_description/share/orbbec_description/local_setup.sh
[3.660s] -- Up-to-date: /home/xtark/tarkbot/ros2_ws/install/orbbec_description/share/orbbec_description/local_setup.zsh
[3.661s] -- Up-to-date: /home/xtark/tarkbot/ros2_ws/install/orbbec_description/share/orbbec_description/local_setup.dsv
[3.661s] -- Installing: /home/xtark/tarkbot/ros2_ws/install/orbbec_description/share/orbbec_description/package.dsv
[3.662s] -- Up-to-date: /home/xtark/tarkbot/ros2_ws/install/orbbec_description/share/ament_index/resource_index/packages/orbbec_description
[3.663s] -- Up-to-date: /home/xtark/tarkbot/ros2_ws/install/orbbec_description/share/orbbec_description/cmake/orbbec_descriptionConfig.cmake
[3.665s] -- Up-to-date: /home/xtark/tarkbot/ros2_ws/install/orbbec_description/share/orbbec_description/cmake/orbbec_descriptionConfig-version.cmake
[3.667s] -- Up-to-date: /home/xtark/tarkbot/ros2_ws/install/orbbec_description/share/orbbec_description/package.xml
[4.566s] Invoked command in '/home/xtark/tarkbot/ros2_ws/build/orbbec_description' returned '0': CMAKE_PREFIX_PATH=${CMAKE_PREFIX_PATH}:/opt/ros/foxy /usr/bin/cmake --install /home/xtark/tarkbot/ros2_ws/build/orbbec_description
